CRITICAL - 2022-08-02 11:25:51 --> Undefined variable $auth
in APPPATH/Views/layout/sidebar.php on line 88.
 1 APPPATH/Views/layout/sidebar.php(88): CodeIgniter\Debug\Exceptions->errorHandler()
 2 SYSTEMPATH/View/View.php(213): include('APPPATH/Views/layout/sidebar.php')
 3 SYSTEMPATH/View/View.php(216): CodeIgniter\View\View->CodeIgniter\View\{closure}()
 4 SYSTEMPATH/View/View.php(429): CodeIgniter\View\View->render()
 5 APPPATH/Views/layout/template.php(82): CodeIgniter\View\View->include()
 6 SYSTEMPATH/View/View.php(213): include('APPPATH/Views/layout/template.php')
 7 SYSTEMPATH/View/View.php(216): CodeIgniter\View\View->CodeIgniter\View\{closure}()
 8 SYSTEMPATH/View/View.php(229): CodeIgniter\View\View->render()
 9 SYSTEMPATH/Common.php(1135): CodeIgniter\View\View->render()
10 APPPATH/Controllers/Admin.php(27): view()
11 SYSTEMPATH/CodeIgniter.php(898): App\Controllers\Admin->karyawan()
12 SYSTEMPATH/CodeIgniter.php(468): CodeIgniter\CodeIgniter->runController()
13 SYSTEMPATH/CodeIgniter.php(351): CodeIgniter\CodeIgniter->handleRequest()
14 FCPATH/index.php(55): CodeIgniter\CodeIgniter->run()
15 SYSTEMPATH/Commands/Server/rewrite.php(43): require_once('FCPATH/index.php')
CRITICAL - 2022-08-02 14:08:42 --> Invalid file: user_dashboard.php
in SYSTEMPATH/Exceptions/FrameworkException.php on line 33.
 1 SYSTEMPATH/View/View.php(201): CodeIgniter\Exceptions\FrameworkException::forInvalidFile()
 2 SYSTEMPATH/View/View.php(429): CodeIgniter\View\View->render()
 3 APPPATH/Views/dashboard.php(5): CodeIgniter\View\View->include()
 4 SYSTEMPATH/View/View.php(213): include('APPPATH/Views/dashboard.php')
 5 SYSTEMPATH/View/View.php(216): CodeIgniter\View\View->CodeIgniter\View\{closure}()
 6 SYSTEMPATH/Common.php(1135): CodeIgniter\View\View->render()
 7 APPPATH/Controllers/Dashboard.php(23): view()
 8 SYSTEMPATH/CodeIgniter.php(898): App\Controllers\Dashboard->index()
 9 SYSTEMPATH/CodeIgniter.php(468): CodeIgniter\CodeIgniter->runController()
10 SYSTEMPATH/CodeIgniter.php(351): CodeIgniter\CodeIgniter->handleRequest()
11 FCPATH/index.php(55): CodeIgniter\CodeIgniter->run()
12 SYSTEMPATH/Commands/Server/rewrite.php(43): require_once('FCPATH/index.php')
CRITICAL - 2022-08-02 14:09:27 --> Invalid file: user_dashboard.php
in SYSTEMPATH/Exceptions/FrameworkException.php on line 33.
 1 SYSTEMPATH/View/View.php(201): CodeIgniter\Exceptions\FrameworkException::forInvalidFile()
 2 SYSTEMPATH/View/View.php(429): CodeIgniter\View\View->render()
 3 APPPATH/Views/dashboard.php(5): CodeIgniter\View\View->include()
 4 SYSTEMPATH/View/View.php(213): include('APPPATH/Views/dashboard.php')
 5 SYSTEMPATH/View/View.php(216): CodeIgniter\View\View->CodeIgniter\View\{closure}()
 6 SYSTEMPATH/Common.php(1135): CodeIgniter\View\View->render()
 7 APPPATH/Controllers/Dashboard.php(23): view()
 8 SYSTEMPATH/CodeIgniter.php(898): App\Controllers\Dashboard->index()
 9 SYSTEMPATH/CodeIgniter.php(468): CodeIgniter\CodeIgniter->runController()
10 SYSTEMPATH/CodeIgniter.php(351): CodeIgniter\CodeIgniter->handleRequest()
11 FCPATH/index.php(55): CodeIgniter\CodeIgniter->run()
12 SYSTEMPATH/Commands/Server/rewrite.php(43): require_once('FCPATH/index.php')
CRITICAL - 2022-08-02 14:09:28 --> Invalid file: user_dashboard.php
in SYSTEMPATH/Exceptions/FrameworkException.php on line 33.
 1 SYSTEMPATH/View/View.php(201): CodeIgniter\Exceptions\FrameworkException::forInvalidFile()
 2 SYSTEMPATH/View/View.php(429): CodeIgniter\View\View->render()
 3 APPPATH/Views/dashboard.php(5): CodeIgniter\View\View->include()
 4 SYSTEMPATH/View/View.php(213): include('APPPATH/Views/dashboard.php')
 5 SYSTEMPATH/View/View.php(216): CodeIgniter\View\View->CodeIgniter\View\{closure}()
 6 SYSTEMPATH/Common.php(1135): CodeIgniter\View\View->render()
 7 APPPATH/Controllers/Dashboard.php(23): view()
 8 SYSTEMPATH/CodeIgniter.php(898): App\Controllers\Dashboard->index()
 9 SYSTEMPATH/CodeIgniter.php(468): CodeIgniter\CodeIgniter->runController()
10 SYSTEMPATH/CodeIgniter.php(351): CodeIgniter\CodeIgniter->handleRequest()
11 FCPATH/index.php(55): CodeIgniter\CodeIgniter->run()
12 SYSTEMPATH/Commands/Server/rewrite.php(43): require_once('FCPATH/index.php')
ERROR - 2022-08-02 14:25:38 --> Column 'status' in field list is ambiguous
CRITICAL - 2022-08-02 14:25:38 --> Column 'status' in field list is ambiguous
in SYSTEMPATH/Database/MySQLi/Connection.php on line 292.
 1 SYSTEMPATH/Database/MySQLi/Connection.php(292): mysqli->query()
 2 SYSTEMPATH/Database/BaseConnection.php(678): CodeIgniter\Database\MySQLi\Connection->execute()
 3 SYSTEMPATH/Database/BaseConnection.php(606): CodeIgniter\Database\BaseConnection->simpleQuery()
 4 SYSTEMPATH/Database/BaseBuilder.php(1585): CodeIgniter\Database\BaseConnection->query()
 5 APPPATH/Models/ModelAbsensi.php(18): CodeIgniter\Database\BaseBuilder->get()
 6 APPPATH/Controllers/Dashboard.php(18): App\Models\ModelAbsensi->getAll()
 7 SYSTEMPATH/CodeIgniter.php(898): App\Controllers\Dashboard->index()
 8 SYSTEMPATH/CodeIgniter.php(468): CodeIgniter\CodeIgniter->runController()
 9 SYSTEMPATH/CodeIgniter.php(351): CodeIgniter\CodeIgniter->handleRequest()
10 FCPATH/index.php(55): CodeIgniter\CodeIgniter->run()
11 SYSTEMPATH/Commands/Server/rewrite.php(43): require_once('FCPATH/index.php')
ERROR - 2022-08-02 14:26:00 --> Unknown column 'd' in 'field list'
CRITICAL - 2022-08-02 14:26:00 --> Unknown column 'd' in 'field list'
in SYSTEMPATH/Database/MySQLi/Connection.php on line 292.
 1 SYSTEMPATH/Database/MySQLi/Connection.php(292): mysqli->query()
 2 SYSTEMPATH/Database/BaseConnection.php(678): CodeIgniter\Database\MySQLi\Connection->execute()
 3 SYSTEMPATH/Database/BaseConnection.php(606): CodeIgniter\Database\BaseConnection->simpleQuery()
 4 SYSTEMPATH/Database/BaseBuilder.php(1585): CodeIgniter\Database\BaseConnection->query()
 5 APPPATH/Models/ModelAbsensi.php(18): CodeIgniter\Database\BaseBuilder->get()
 6 APPPATH/Controllers/Dashboard.php(18): App\Models\ModelAbsensi->getAll()
 7 SYSTEMPATH/CodeIgniter.php(898): App\Controllers\Dashboard->index()
 8 SYSTEMPATH/CodeIgniter.php(468): CodeIgniter\CodeIgniter->runController()
 9 SYSTEMPATH/CodeIgniter.php(351): CodeIgniter\CodeIgniter->handleRequest()
10 FCPATH/index.php(55): CodeIgniter\CodeIgniter->run()
11 SYSTEMPATH/Commands/Server/rewrite.php(43): require_once('FCPATH/index.php')
ERROR - 2022-08-02 14:26:04 --> Column 'status' in field list is ambiguous
CRITICAL - 2022-08-02 14:26:04 --> Column 'status' in field list is ambiguous
in SYSTEMPATH/Database/MySQLi/Connection.php on line 292.
 1 SYSTEMPATH/Database/MySQLi/Connection.php(292): mysqli->query()
 2 SYSTEMPATH/Database/BaseConnection.php(678): CodeIgniter\Database\MySQLi\Connection->execute()
 3 SYSTEMPATH/Database/BaseConnection.php(606): CodeIgniter\Database\BaseConnection->simpleQuery()
 4 SYSTEMPATH/Database/BaseBuilder.php(1585): CodeIgniter\Database\BaseConnection->query()
 5 APPPATH/Models/ModelAbsensi.php(18): CodeIgniter\Database\BaseBuilder->get()
 6 APPPATH/Controllers/Dashboard.php(18): App\Models\ModelAbsensi->getAll()
 7 SYSTEMPATH/CodeIgniter.php(898): App\Controllers\Dashboard->index()
 8 SYSTEMPATH/CodeIgniter.php(468): CodeIgniter\CodeIgniter->runController()
 9 SYSTEMPATH/CodeIgniter.php(351): CodeIgniter\CodeIgniter->handleRequest()
10 FCPATH/index.php(55): CodeIgniter\CodeIgniter->run()
11 SYSTEMPATH/Commands/Server/rewrite.php(43): require_once('FCPATH/index.php')
CRITICAL - 2022-08-02 14:28:22 --> Undefined property: stdClass::$nama
in APPPATH/Views/dashboard/staff.php on line 37.
 1 APPPATH/Views/dashboard/staff.php(37): CodeIgniter\Debug\Exceptions->errorHandler()
 2 SYSTEMPATH/View/View.php(213): include('APPPATH/Views/dashboard/staff.php')
 3 SYSTEMPATH/View/View.php(216): CodeIgniter\View\View->CodeIgniter\View\{closure}()
 4 SYSTEMPATH/View/View.php(429): CodeIgniter\View\View->render()
 5 APPPATH/Views/dashboard.php(5): CodeIgniter\View\View->include()
 6 SYSTEMPATH/View/View.php(213): include('APPPATH/Views/dashboard.php')
 7 SYSTEMPATH/View/View.php(216): CodeIgniter\View\View->CodeIgniter\View\{closure}()
 8 SYSTEMPATH/Common.php(1135): CodeIgniter\View\View->render()
 9 APPPATH/Controllers/Dashboard.php(23): view()
10 SYSTEMPATH/CodeIgniter.php(898): App\Controllers\Dashboard->index()
11 SYSTEMPATH/CodeIgniter.php(468): CodeIgniter\CodeIgniter->runController()
12 SYSTEMPATH/CodeIgniter.php(351): CodeIgniter\CodeIgniter->handleRequest()
13 FCPATH/index.php(55): CodeIgniter\CodeIgniter->run()
14 SYSTEMPATH/Commands/Server/rewrite.php(43): require_once('FCPATH/index.php')
CRITICAL - 2022-08-02 14:35:38 --> Undefined property: stdClass::$checkout
in APPPATH/Views/dashboard/staff.php on line 56.
 1 APPPATH/Views/dashboard/staff.php(56): CodeIgniter\Debug\Exceptions->errorHandler()
 2 SYSTEMPATH/View/View.php(213): include('APPPATH/Views/dashboard/staff.php')
 3 SYSTEMPATH/View/View.php(216): CodeIgniter\View\View->CodeIgniter\View\{closure}()
 4 SYSTEMPATH/View/View.php(429): CodeIgniter\View\View->render()
 5 APPPATH/Views/dashboard.php(5): CodeIgniter\View\View->include()
 6 SYSTEMPATH/View/View.php(213): include('APPPATH/Views/dashboard.php')
 7 SYSTEMPATH/View/View.php(216): CodeIgniter\View\View->CodeIgniter\View\{closure}()
 8 SYSTEMPATH/Common.php(1135): CodeIgniter\View\View->render()
 9 APPPATH/Controllers/Dashboard.php(23): view()
10 SYSTEMPATH/CodeIgniter.php(898): App\Controllers\Dashboard->index()
11 SYSTEMPATH/CodeIgniter.php(468): CodeIgniter\CodeIgniter->runController()
12 SYSTEMPATH/CodeIgniter.php(351): CodeIgniter\CodeIgniter->handleRequest()
13 FCPATH/index.php(55): CodeIgniter\CodeIgniter->run()
14 SYSTEMPATH/Commands/Server/rewrite.php(43): require_once('FCPATH/index.php')
ERROR - 2022-08-02 14:42:43 --> Unknown column 's' in 'order clause'
CRITICAL - 2022-08-02 14:42:43 --> Unknown column 's' in 'order clause'
in SYSTEMPATH/Database/MySQLi/Connection.php on line 292.
 1 SYSTEMPATH/Database/MySQLi/Connection.php(292): mysqli->query()
 2 SYSTEMPATH/Database/BaseConnection.php(678): CodeIgniter\Database\MySQLi\Connection->execute()
 3 SYSTEMPATH/Database/BaseConnection.php(606): CodeIgniter\Database\BaseConnection->simpleQuery()
 4 SYSTEMPATH/Database/BaseBuilder.php(1585): CodeIgniter\Database\BaseConnection->query()
 5 APPPATH/Models/ModelAbsensi.php(30): CodeIgniter\Database\BaseBuilder->get()
 6 APPPATH/Controllers/Dashboard.php(20): App\Models\ModelAbsensi->getLast()
 7 SYSTEMPATH/CodeIgniter.php(898): App\Controllers\Dashboard->index()
 8 SYSTEMPATH/CodeIgniter.php(468): CodeIgniter\CodeIgniter->runController()
 9 SYSTEMPATH/CodeIgniter.php(351): CodeIgniter\CodeIgniter->handleRequest()
10 FCPATH/index.php(55): CodeIgniter\CodeIgniter->run()
11 SYSTEMPATH/Commands/Server/rewrite.php(43): require_once('FCPATH/index.php')
CRITICAL - 2022-08-02 22:40:19 --> Undefined property: App\Controllers\Admin::$modelKaryawan
in APPPATH/Controllers/Admin.php on line 165.
 1 APPPATH/Controllers/Admin.php(165): CodeIgniter\Debug\Exceptions->errorHandler()
 2 SYSTEMPATH/CodeIgniter.php(898): App\Controllers\Admin->editKaryawan()
 3 SYSTEMPATH/CodeIgniter.php(468): CodeIgniter\CodeIgniter->runController()
 4 SYSTEMPATH/CodeIgniter.php(351): CodeIgniter\CodeIgniter->handleRequest()
 5 FCPATH/index.php(55): CodeIgniter\CodeIgniter->run()
 6 SYSTEMPATH/Commands/Server/rewrite.php(43): require_once('FCPATH/index.php')
CRITICAL - 2022-08-02 22:44:32 --> Myth\Auth\Models\UserModel::withGroup(): Argument #1 ($groupName) must be of type string, null given, called in /home/ashcii/Documents/Absensi/app/Controllers/Admin.php on line 167
in VENDORPATH/myth/auth/src/Models/UserModel.php on line 86.
 1 APPPATH/Controllers/Admin.php(167): Myth\Auth\Models\UserModel->withGroup()
 2 SYSTEMPATH/CodeIgniter.php(898): App\Controllers\Admin->editKaryawan()
 3 SYSTEMPATH/CodeIgniter.php(468): CodeIgniter\CodeIgniter->runController()
 4 SYSTEMPATH/CodeIgniter.php(351): CodeIgniter\CodeIgniter->handleRequest()
 5 FCPATH/index.php(55): CodeIgniter\CodeIgniter->run()
 6 SYSTEMPATH/Commands/Server/rewrite.php(43): require_once('FCPATH/index.php')
CRITICAL - 2022-08-02 22:44:51 --> Attempt to read property "id" on null
in VENDORPATH/myth/auth/src/Models/UserModel.php on line 90.
 1 VENDORPATH/myth/auth/src/Models/UserModel.php(90): CodeIgniter\Debug\Exceptions->errorHandler()
 2 APPPATH/Controllers/Admin.php(167): Myth\Auth\Models\UserModel->withGroup()
 3 SYSTEMPATH/CodeIgniter.php(898): App\Controllers\Admin->editKaryawan()
 4 SYSTEMPATH/CodeIgniter.php(468): CodeIgniter\CodeIgniter->runController()
 5 SYSTEMPATH/CodeIgniter.php(351): CodeIgniter\CodeIgniter->handleRequest()
 6 FCPATH/index.php(55): CodeIgniter\CodeIgniter->run()
 7 SYSTEMPATH/Commands/Server/rewrite.php(43): require_once('FCPATH/index.php')
CRITICAL - 2022-08-02 22:45:10 --> Myth\Auth\Models\UserModel::withGroup(): Argument #1 ($groupName) must be of type string, null given, called in /home/ashcii/Documents/Absensi/app/Controllers/Admin.php on line 167
in VENDORPATH/myth/auth/src/Models/UserModel.php on line 86.
 1 APPPATH/Controllers/Admin.php(167): Myth\Auth\Models\UserModel->withGroup()
 2 SYSTEMPATH/CodeIgniter.php(898): App\Controllers\Admin->editKaryawan()
 3 SYSTEMPATH/CodeIgniter.php(468): CodeIgniter\CodeIgniter->runController()
 4 SYSTEMPATH/CodeIgniter.php(351): CodeIgniter\CodeIgniter->handleRequest()
 5 FCPATH/index.php(55): CodeIgniter\CodeIgniter->run()
 6 SYSTEMPATH/Commands/Server/rewrite.php(43): require_once('FCPATH/index.php')
CRITICAL - 2022-08-02 22:45:18 --> Myth\Auth\Models\UserModel::withGroup(): Argument #1 ($groupName) must be of type string, null given, called in /home/ashcii/Documents/Absensi/app/Controllers/Admin.php on line 167
in VENDORPATH/myth/auth/src/Models/UserModel.php on line 86.
 1 APPPATH/Controllers/Admin.php(167): Myth\Auth\Models\UserModel->withGroup()
 2 SYSTEMPATH/CodeIgniter.php(898): App\Controllers\Admin->editKaryawan()
 3 SYSTEMPATH/CodeIgniter.php(468): CodeIgniter\CodeIgniter->runController()
 4 SYSTEMPATH/CodeIgniter.php(351): CodeIgniter\CodeIgniter->handleRequest()
 5 FCPATH/index.php(55): CodeIgniter\CodeIgniter->run()
 6 SYSTEMPATH/Commands/Server/rewrite.php(43): require_once('FCPATH/index.php')
CRITICAL - 2022-08-02 22:45:44 --> Myth\Auth\Models\UserModel::withGroup(): Argument #1 ($groupName) must be of type string, null given, called in /home/ashcii/Documents/Absensi/app/Controllers/Admin.php on line 167
in VENDORPATH/myth/auth/src/Models/UserModel.php on line 86.
 1 APPPATH/Controllers/Admin.php(167): Myth\Auth\Models\UserModel->withGroup()
 2 SYSTEMPATH/CodeIgniter.php(898): App\Controllers\Admin->editKaryawan()
 3 SYSTEMPATH/CodeIgniter.php(468): CodeIgniter\CodeIgniter->runController()
 4 SYSTEMPATH/CodeIgniter.php(351): CodeIgniter\CodeIgniter->handleRequest()
 5 FCPATH/index.php(55): CodeIgniter\CodeIgniter->run()
 6 SYSTEMPATH/Commands/Server/rewrite.php(43): require_once('FCPATH/index.php')
CRITICAL - 2022-08-02 22:46:53 --> CodeIgniter\BaseModel::transformDataToArray(): Return value must be of type array, string returned
in SYSTEMPATH/BaseModel.php on line 1598.
 1 SYSTEMPATH/BaseModel.php(704): CodeIgniter\BaseModel->transformDataToArray()
 2 SYSTEMPATH/Model.php(666): CodeIgniter\BaseModel->insert()
 3 SYSTEMPATH/BaseModel.php(658): CodeIgniter\Model->insert()
 4 APPPATH/Controllers/Admin.php(167): CodeIgniter\BaseModel->save()
 5 SYSTEMPATH/CodeIgniter.php(898): App\Controllers\Admin->editKaryawan()
 6 SYSTEMPATH/CodeIgniter.php(468): CodeIgniter\CodeIgniter->runController()
 7 SYSTEMPATH/CodeIgniter.php(351): CodeIgniter\CodeIgniter->handleRequest()
 8 FCPATH/index.php(55): CodeIgniter\CodeIgniter->run()
 9 SYSTEMPATH/Commands/Server/rewrite.php(43): require_once('FCPATH/index.php')
CRITICAL - 2022-08-02 22:47:06 --> Myth\Auth\Models\UserModel::withGroup(): Argument #1 ($groupName) must be of type string, null given, called in /home/ashcii/Documents/Absensi/app/Controllers/Admin.php on line 167
in VENDORPATH/myth/auth/src/Models/UserModel.php on line 86.
 1 APPPATH/Controllers/Admin.php(167): Myth\Auth\Models\UserModel->withGroup()
 2 SYSTEMPATH/CodeIgniter.php(898): App\Controllers\Admin->editKaryawan()
 3 SYSTEMPATH/CodeIgniter.php(468): CodeIgniter\CodeIgniter->runController()
 4 SYSTEMPATH/CodeIgniter.php(351): CodeIgniter\CodeIgniter->handleRequest()
 5 FCPATH/index.php(55): CodeIgniter\CodeIgniter->run()
 6 SYSTEMPATH/Commands/Server/rewrite.php(43): require_once('FCPATH/index.php')
CRITICAL - 2022-08-02 22:47:21 --> CodeIgniter\BaseModel::transformDataToArray(): Return value must be of type array, string returned
in SYSTEMPATH/BaseModel.php on line 1598.
 1 SYSTEMPATH/BaseModel.php(704): CodeIgniter\BaseModel->transformDataToArray()
 2 SYSTEMPATH/Model.php(666): CodeIgniter\BaseModel->insert()
 3 SYSTEMPATH/BaseModel.php(658): CodeIgniter\Model->insert()
 4 APPPATH/Controllers/Admin.php(167): CodeIgniter\BaseModel->save()
 5 SYSTEMPATH/CodeIgniter.php(898): App\Controllers\Admin->editKaryawan()
 6 SYSTEMPATH/CodeIgniter.php(468): CodeIgniter\CodeIgniter->runController()
 7 SYSTEMPATH/CodeIgniter.php(351): CodeIgniter\CodeIgniter->handleRequest()
 8 FCPATH/index.php(55): CodeIgniter\CodeIgniter->run()
 9 SYSTEMPATH/Commands/Server/rewrite.php(43): require_once('FCPATH/index.php')
CRITICAL - 2022-08-02 22:49:06 --> Myth\Auth\Models\UserModel::withGroup(): Argument #1 ($groupName) must be of type string, null given, called in /home/ashcii/Documents/Absensi/app/Controllers/Admin.php on line 168
in VENDORPATH/myth/auth/src/Models/UserModel.php on line 86.
 1 APPPATH/Controllers/Admin.php(168): Myth\Auth\Models\UserModel->withGroup()
 2 SYSTEMPATH/CodeIgniter.php(898): App\Controllers\Admin->editKaryawan()
 3 SYSTEMPATH/CodeIgniter.php(468): CodeIgniter\CodeIgniter->runController()
 4 SYSTEMPATH/CodeIgniter.php(351): CodeIgniter\CodeIgniter->handleRequest()
 5 FCPATH/index.php(55): CodeIgniter\CodeIgniter->run()
 6 SYSTEMPATH/Commands/Server/rewrite.php(43): require_once('FCPATH/index.php')
CRITICAL - 2022-08-02 22:49:18 --> Myth\Auth\Models\UserModel::withGroup(): Argument #1 ($groupName) must be of type string, null given, called in /home/ashcii/Documents/Absensi/app/Controllers/Admin.php on line 168
in VENDORPATH/myth/auth/src/Models/UserModel.php on line 86.
 1 APPPATH/Controllers/Admin.php(168): Myth\Auth\Models\UserModel->withGroup()
 2 SYSTEMPATH/CodeIgniter.php(898): App\Controllers\Admin->editKaryawan()
 3 SYSTEMPATH/CodeIgniter.php(468): CodeIgniter\CodeIgniter->runController()
 4 SYSTEMPATH/CodeIgniter.php(351): CodeIgniter\CodeIgniter->handleRequest()
 5 FCPATH/index.php(55): CodeIgniter\CodeIgniter->run()
 6 SYSTEMPATH/Commands/Server/rewrite.php(43): require_once('FCPATH/index.php')
CRITICAL - 2022-08-02 23:25:57 --> Call to undefined method Myth\Auth\Models\UserModel::generateResetHash
in SYSTEMPATH/Model.php on line 773.
 1 APPPATH/Controllers/Admin.php(168): CodeIgniter\Model->__call()
 2 SYSTEMPATH/CodeIgniter.php(898): App\Controllers\Admin->editKaryawan()
 3 SYSTEMPATH/CodeIgniter.php(468): CodeIgniter\CodeIgniter->runController()
 4 SYSTEMPATH/CodeIgniter.php(351): CodeIgniter\CodeIgniter->handleRequest()
 5 FCPATH/index.php(55): CodeIgniter\CodeIgniter->run()
 6 SYSTEMPATH/Commands/Server/rewrite.php(43): require_once('FCPATH/index.php')
