CRITICAL - 2022-08-20 09:45:22 --> CodeIgniter\Database\BaseBuilder::like(): Argument #2 ($match) must be of type string, null given, called in /home/ashcii/Documents/Absensi/vendor/myth/auth/src/Models/UserModel.php on line 53
in SYSTEMPATH/Database/BaseBuilder.php on line 954.
 1 VENDORPATH/myth/auth/src/Models/UserModel.php(53): CodeIgniter\Database\BaseBuilder->like()
 2 APPPATH/Controllers/Dashboard.php(114): Myth\Auth\Models\UserModel->getStaff()
 3 SYSTEMPATH/CodeIgniter.php(898): App\Controllers\Dashboard->alfa()
 4 SYSTEMPATH/CodeIgniter.php(468): CodeIgniter\CodeIgniter->runController()
 5 SYSTEMPATH/CodeIgniter.php(351): CodeIgniter\CodeIgniter->handleRequest()
 6 FCPATH/index.php(55): CodeIgniter\CodeIgniter->run()
 7 SYSTEMPATH/Commands/Server/rewrite.php(43): require_once('FCPATH/index.php')
CRITICAL - 2022-08-20 09:45:22 --> CodeIgniter\Database\BaseBuilder::like(): Argument #2 ($match) must be of type string, null given, called in /home/ashcii/Documents/Absensi/vendor/myth/auth/src/Models/UserModel.php on line 53
in SYSTEMPATH/Database/BaseBuilder.php on line 954.
 1 VENDORPATH/myth/auth/src/Models/UserModel.php(53): CodeIgniter\Database\BaseBuilder->like()
 2 APPPATH/Controllers/Dashboard.php(114): Myth\Auth\Models\UserModel->getStaff()
 3 SYSTEMPATH/CodeIgniter.php(898): App\Controllers\Dashboard->alfa()
 4 SYSTEMPATH/CodeIgniter.php(468): CodeIgniter\CodeIgniter->runController()
 5 SYSTEMPATH/CodeIgniter.php(351): CodeIgniter\CodeIgniter->handleRequest()
 6 FCPATH/index.php(55): CodeIgniter\CodeIgniter->run()
 7 SYSTEMPATH/Commands/Server/rewrite.php(43): require_once('FCPATH/index.php')
CRITICAL - 2022-08-20 09:46:16 --> CodeIgniter\Database\BaseBuilder::like(): Argument #2 ($match) must be of type string, null given, called in /home/ashcii/Documents/Absensi/vendor/myth/auth/src/Models/UserModel.php on line 53
in SYSTEMPATH/Database/BaseBuilder.php on line 954.
 1 VENDORPATH/myth/auth/src/Models/UserModel.php(53): CodeIgniter\Database\BaseBuilder->like()
 2 APPPATH/Controllers/Dashboard.php(114): Myth\Auth\Models\UserModel->getStaff()
 3 SYSTEMPATH/CodeIgniter.php(898): App\Controllers\Dashboard->alfa()
 4 SYSTEMPATH/CodeIgniter.php(468): CodeIgniter\CodeIgniter->runController()
 5 SYSTEMPATH/CodeIgniter.php(351): CodeIgniter\CodeIgniter->handleRequest()
 6 FCPATH/index.php(55): CodeIgniter\CodeIgniter->run()
 7 SYSTEMPATH/Commands/Server/rewrite.php(43): require_once('FCPATH/index.php')
CRITICAL - 2022-08-20 09:46:17 --> CodeIgniter\Database\BaseBuilder::like(): Argument #2 ($match) must be of type string, null given, called in /home/ashcii/Documents/Absensi/vendor/myth/auth/src/Models/UserModel.php on line 53
in SYSTEMPATH/Database/BaseBuilder.php on line 954.
 1 VENDORPATH/myth/auth/src/Models/UserModel.php(53): CodeIgniter\Database\BaseBuilder->like()
 2 APPPATH/Controllers/Dashboard.php(114): Myth\Auth\Models\UserModel->getStaff()
 3 SYSTEMPATH/CodeIgniter.php(898): App\Controllers\Dashboard->alfa()
 4 SYSTEMPATH/CodeIgniter.php(468): CodeIgniter\CodeIgniter->runController()
 5 SYSTEMPATH/CodeIgniter.php(351): CodeIgniter\CodeIgniter->handleRequest()
 6 FCPATH/index.php(55): CodeIgniter\CodeIgniter->run()
 7 SYSTEMPATH/Commands/Server/rewrite.php(43): require_once('FCPATH/index.php')
CRITICAL - 2022-08-20 10:04:05 --> whereNotIn() expects $values to be of type array or closure
in SYSTEMPATH/Database/BaseBuilder.php on line 907.
 1 SYSTEMPATH/Database/BaseBuilder.php(815): CodeIgniter\Database\BaseBuilder->_whereIn()
 2 VENDORPATH/myth/auth/src/Models/UserModel.php(52): CodeIgniter\Database\BaseBuilder->whereNotIn()
 3 APPPATH/Controllers/Dashboard.php(114): Myth\Auth\Models\UserModel->getStaff()
 4 SYSTEMPATH/CodeIgniter.php(898): App\Controllers\Dashboard->alfa()
 5 SYSTEMPATH/CodeIgniter.php(468): CodeIgniter\CodeIgniter->runController()
 6 SYSTEMPATH/CodeIgniter.php(351): CodeIgniter\CodeIgniter->handleRequest()
 7 FCPATH/index.php(55): CodeIgniter\CodeIgniter->run()
 8 SYSTEMPATH/Commands/Server/rewrite.php(43): require_once('FCPATH/index.php')
ERROR - 2022-08-20 10:08:13 --> Unknown column 'tanggal' in 'IN/ALL/ANY subquery'
CRITICAL - 2022-08-20 10:08:13 --> Unknown column 'tanggal' in 'IN/ALL/ANY subquery'
in SYSTEMPATH/Database/MySQLi/Connection.php on line 292.
 1 SYSTEMPATH/Database/MySQLi/Connection.php(292): mysqli->query()
 2 SYSTEMPATH/Database/BaseConnection.php(678): CodeIgniter\Database\MySQLi\Connection->execute()
 3 SYSTEMPATH/Database/BaseConnection.php(606): CodeIgniter\Database\BaseConnection->simpleQuery()
 4 SYSTEMPATH/Database/BaseBuilder.php(1585): CodeIgniter\Database\BaseConnection->query()
 5 VENDORPATH/myth/auth/src/Models/UserModel.php(54): CodeIgniter\Database\BaseBuilder->get()
 6 APPPATH/Controllers/Dashboard.php(114): Myth\Auth\Models\UserModel->getStaff()
 7 SYSTEMPATH/CodeIgniter.php(898): App\Controllers\Dashboard->alfa()
 8 SYSTEMPATH/CodeIgniter.php(468): CodeIgniter\CodeIgniter->runController()
 9 SYSTEMPATH/CodeIgniter.php(351): CodeIgniter\CodeIgniter->handleRequest()
10 FCPATH/index.php(55): CodeIgniter\CodeIgniter->run()
11 SYSTEMPATH/Commands/Server/rewrite.php(43): require_once('FCPATH/index.php')
ERROR - 2022-08-20 10:09:01 --> Column 'id' in IN/ALL/ANY subquery is ambiguous
CRITICAL - 2022-08-20 10:09:01 --> Column 'id' in IN/ALL/ANY subquery is ambiguous
in SYSTEMPATH/Database/MySQLi/Connection.php on line 292.
 1 SYSTEMPATH/Database/MySQLi/Connection.php(292): mysqli->query()
 2 SYSTEMPATH/Database/BaseConnection.php(678): CodeIgniter\Database\MySQLi\Connection->execute()
 3 SYSTEMPATH/Database/BaseConnection.php(606): CodeIgniter\Database\BaseConnection->simpleQuery()
 4 SYSTEMPATH/Database/BaseBuilder.php(1585): CodeIgniter\Database\BaseConnection->query()
 5 VENDORPATH/myth/auth/src/Models/UserModel.php(54): CodeIgniter\Database\BaseBuilder->get()
 6 APPPATH/Controllers/Dashboard.php(114): Myth\Auth\Models\UserModel->getStaff()
 7 SYSTEMPATH/CodeIgniter.php(898): App\Controllers\Dashboard->alfa()
 8 SYSTEMPATH/CodeIgniter.php(468): CodeIgniter\CodeIgniter->runController()
 9 SYSTEMPATH/CodeIgniter.php(351): CodeIgniter\CodeIgniter->handleRequest()
10 FCPATH/index.php(55): CodeIgniter\CodeIgniter->run()
11 SYSTEMPATH/Commands/Server/rewrite.php(43): require_once('FCPATH/index.php')
ERROR - 2022-08-20 10:09:02 --> Column 'id' in IN/ALL/ANY subquery is ambiguous
CRITICAL - 2022-08-20 10:09:02 --> Column 'id' in IN/ALL/ANY subquery is ambiguous
in SYSTEMPATH/Database/MySQLi/Connection.php on line 292.
 1 SYSTEMPATH/Database/MySQLi/Connection.php(292): mysqli->query()
 2 SYSTEMPATH/Database/BaseConnection.php(678): CodeIgniter\Database\MySQLi\Connection->execute()
 3 SYSTEMPATH/Database/BaseConnection.php(606): CodeIgniter\Database\BaseConnection->simpleQuery()
 4 SYSTEMPATH/Database/BaseBuilder.php(1585): CodeIgniter\Database\BaseConnection->query()
 5 VENDORPATH/myth/auth/src/Models/UserModel.php(54): CodeIgniter\Database\BaseBuilder->get()
 6 APPPATH/Controllers/Dashboard.php(114): Myth\Auth\Models\UserModel->getStaff()
 7 SYSTEMPATH/CodeIgniter.php(898): App\Controllers\Dashboard->alfa()
 8 SYSTEMPATH/CodeIgniter.php(468): CodeIgniter\CodeIgniter->runController()
 9 SYSTEMPATH/CodeIgniter.php(351): CodeIgniter\CodeIgniter->handleRequest()
10 FCPATH/index.php(55): CodeIgniter\CodeIgniter->run()
11 SYSTEMPATH/Commands/Server/rewrite.php(43): require_once('FCPATH/index.php')
ERROR - 2022-08-20 10:09:14 --> Unknown column 'usersid' in 'IN/ALL/ANY subquery'
CRITICAL - 2022-08-20 10:09:14 --> Unknown column 'usersid' in 'IN/ALL/ANY subquery'
in SYSTEMPATH/Database/MySQLi/Connection.php on line 292.
 1 SYSTEMPATH/Database/MySQLi/Connection.php(292): mysqli->query()
 2 SYSTEMPATH/Database/BaseConnection.php(678): CodeIgniter\Database\MySQLi\Connection->execute()
 3 SYSTEMPATH/Database/BaseConnection.php(606): CodeIgniter\Database\BaseConnection->simpleQuery()
 4 SYSTEMPATH/Database/BaseBuilder.php(1585): CodeIgniter\Database\BaseConnection->query()
 5 VENDORPATH/myth/auth/src/Models/UserModel.php(54): CodeIgniter\Database\BaseBuilder->get()
 6 APPPATH/Controllers/Dashboard.php(114): Myth\Auth\Models\UserModel->getStaff()
 7 SYSTEMPATH/CodeIgniter.php(898): App\Controllers\Dashboard->alfa()
 8 SYSTEMPATH/CodeIgniter.php(468): CodeIgniter\CodeIgniter->runController()
 9 SYSTEMPATH/CodeIgniter.php(351): CodeIgniter\CodeIgniter->handleRequest()
10 FCPATH/index.php(55): CodeIgniter\CodeIgniter->run()
11 SYSTEMPATH/Commands/Server/rewrite.php(43): require_once('FCPATH/index.php')
ERROR - 2022-08-20 10:09:25 --> Unknown column 'userid' in 'IN/ALL/ANY subquery'
CRITICAL - 2022-08-20 10:09:25 --> Unknown column 'userid' in 'IN/ALL/ANY subquery'
in SYSTEMPATH/Database/MySQLi/Connection.php on line 292.
 1 SYSTEMPATH/Database/MySQLi/Connection.php(292): mysqli->query()
 2 SYSTEMPATH/Database/BaseConnection.php(678): CodeIgniter\Database\MySQLi\Connection->execute()
 3 SYSTEMPATH/Database/BaseConnection.php(606): CodeIgniter\Database\BaseConnection->simpleQuery()
 4 SYSTEMPATH/Database/BaseBuilder.php(1585): CodeIgniter\Database\BaseConnection->query()
 5 VENDORPATH/myth/auth/src/Models/UserModel.php(54): CodeIgniter\Database\BaseBuilder->get()
 6 APPPATH/Controllers/Dashboard.php(114): Myth\Auth\Models\UserModel->getStaff()
 7 SYSTEMPATH/CodeIgniter.php(898): App\Controllers\Dashboard->alfa()
 8 SYSTEMPATH/CodeIgniter.php(468): CodeIgniter\CodeIgniter->runController()
 9 SYSTEMPATH/CodeIgniter.php(351): CodeIgniter\CodeIgniter->handleRequest()
10 FCPATH/index.php(55): CodeIgniter\CodeIgniter->run()
11 SYSTEMPATH/Commands/Server/rewrite.php(43): require_once('FCPATH/index.php')
CRITICAL - 2022-08-20 10:46:29 --> array_map() expects at least 2 arguments, 1 given
in APPPATH/Controllers/Dashboard.php on line 135.
 1 APPPATH/Controllers/Dashboard.php(135): array_map()
 2 SYSTEMPATH/CodeIgniter.php(898): App\Controllers\Dashboard->alfa()
 3 SYSTEMPATH/CodeIgniter.php(468): CodeIgniter\CodeIgniter->runController()
 4 SYSTEMPATH/CodeIgniter.php(351): CodeIgniter\CodeIgniter->handleRequest()
 5 FCPATH/index.php(55): CodeIgniter\CodeIgniter->run()
 6 SYSTEMPATH/Commands/Server/rewrite.php(43): require_once('FCPATH/index.php')
CRITICAL - 2022-08-20 12:22:37 --> Call to undefined method Myth\Auth\Models\UserModel::getStaffToday
in SYSTEMPATH/Model.php on line 773.
 1 APPPATH/Controllers/Dashboard.php(114): CodeIgniter\Model->__call()
 2 SYSTEMPATH/CodeIgniter.php(898): App\Controllers\Dashboard->alfa()
 3 SYSTEMPATH/CodeIgniter.php(468): CodeIgniter\CodeIgniter->runController()
 4 SYSTEMPATH/CodeIgniter.php(351): CodeIgniter\CodeIgniter->handleRequest()
 5 FCPATH/index.php(55): CodeIgniter\CodeIgniter->run()
 6 SYSTEMPATH/Commands/Server/rewrite.php(43): require_once('FCPATH/index.php')
CRITICAL - 2022-08-20 12:22:38 --> Call to undefined method Myth\Auth\Models\UserModel::getStaffToday
in SYSTEMPATH/Model.php on line 773.
 1 APPPATH/Controllers/Dashboard.php(114): CodeIgniter\Model->__call()
 2 SYSTEMPATH/CodeIgniter.php(898): App\Controllers\Dashboard->alfa()
 3 SYSTEMPATH/CodeIgniter.php(468): CodeIgniter\CodeIgniter->runController()
 4 SYSTEMPATH/CodeIgniter.php(351): CodeIgniter\CodeIgniter->handleRequest()
 5 FCPATH/index.php(55): CodeIgniter\CodeIgniter->run()
 6 SYSTEMPATH/Commands/Server/rewrite.php(43): require_once('FCPATH/index.php')
CRITICAL - 2022-08-20 12:26:43 --> Attempt to read property "num_rows" on string
in APPPATH/Controllers/Dashboard.php on line 137.
 1 APPPATH/Controllers/Dashboard.php(137): CodeIgniter\Debug\Exceptions->errorHandler()
 2 SYSTEMPATH/CodeIgniter.php(898): App\Controllers\Dashboard->alfa()
 3 SYSTEMPATH/CodeIgniter.php(468): CodeIgniter\CodeIgniter->runController()
 4 SYSTEMPATH/CodeIgniter.php(351): CodeIgniter\CodeIgniter->handleRequest()
 5 FCPATH/index.php(55): CodeIgniter\CodeIgniter->run()
 6 SYSTEMPATH/Commands/Server/rewrite.php(43): require_once('FCPATH/index.php')
CRITICAL - 2022-08-20 12:28:12 --> mysqli_num_rows(): Argument #1 ($result) must be of type mysqli_result, stdClass given
in APPPATH/Controllers/Dashboard.php on line 137.
 1 APPPATH/Controllers/Dashboard.php(137): mysqli_num_rows()
 2 SYSTEMPATH/CodeIgniter.php(898): App\Controllers\Dashboard->alfa()
 3 SYSTEMPATH/CodeIgniter.php(468): CodeIgniter\CodeIgniter->runController()
 4 SYSTEMPATH/CodeIgniter.php(351): CodeIgniter\CodeIgniter->handleRequest()
 5 FCPATH/index.php(55): CodeIgniter\CodeIgniter->run()
 6 SYSTEMPATH/Commands/Server/rewrite.php(43): require_once('FCPATH/index.php')
CRITICAL - 2022-08-20 12:48:50 --> Undefined property: App\Controllers\Dashboard::$usetModel
in APPPATH/Controllers/Dashboard.php on line 136.
 1 APPPATH/Controllers/Dashboard.php(136): CodeIgniter\Debug\Exceptions->errorHandler()
 2 SYSTEMPATH/CodeIgniter.php(898): App\Controllers\Dashboard->alfa()
 3 SYSTEMPATH/CodeIgniter.php(468): CodeIgniter\CodeIgniter->runController()
 4 SYSTEMPATH/CodeIgniter.php(351): CodeIgniter\CodeIgniter->handleRequest()
 5 FCPATH/index.php(55): CodeIgniter\CodeIgniter->run()
 6 SYSTEMPATH/Commands/Server/rewrite.php(43): require_once('FCPATH/index.php')
CRITICAL - 2022-08-20 13:02:02 --> Array to string conversion
in APPPATH/Controllers/Dashboard.php on line 117.
 1 APPPATH/Controllers/Dashboard.php(117): CodeIgniter\Debug\Exceptions->errorHandler()
 2 SYSTEMPATH/CodeIgniter.php(898): App\Controllers\Dashboard->alfa()
 3 SYSTEMPATH/CodeIgniter.php(468): CodeIgniter\CodeIgniter->runController()
 4 SYSTEMPATH/CodeIgniter.php(351): CodeIgniter\CodeIgniter->handleRequest()
 5 FCPATH/index.php(55): CodeIgniter\CodeIgniter->run()
 6 SYSTEMPATH/Commands/Server/rewrite.php(43): require_once('FCPATH/index.php')
CRITICAL - 2022-08-20 13:02:35 --> Call to undefined method App\Models\ModelAbsensi::getAllStaffToday
in SYSTEMPATH/Model.php on line 773.
 1 APPPATH/Controllers/Dashboard.php(116): CodeIgniter\Model->__call()
 2 SYSTEMPATH/CodeIgniter.php(898): App\Controllers\Dashboard->alfa()
 3 SYSTEMPATH/CodeIgniter.php(468): CodeIgniter\CodeIgniter->runController()
 4 SYSTEMPATH/CodeIgniter.php(351): CodeIgniter\CodeIgniter->handleRequest()
 5 FCPATH/index.php(55): CodeIgniter\CodeIgniter->run()
 6 SYSTEMPATH/Commands/Server/rewrite.php(43): require_once('FCPATH/index.php')
CRITICAL - 2022-08-20 13:02:45 --> Array to string conversion
in APPPATH/Controllers/Dashboard.php on line 116.
 1 APPPATH/Controllers/Dashboard.php(116): CodeIgniter\Debug\Exceptions->errorHandler()
 2 SYSTEMPATH/CodeIgniter.php(898): App\Controllers\Dashboard->alfa()
 3 SYSTEMPATH/CodeIgniter.php(468): CodeIgniter\CodeIgniter->runController()
 4 SYSTEMPATH/CodeIgniter.php(351): CodeIgniter\CodeIgniter->handleRequest()
 5 FCPATH/index.php(55): CodeIgniter\CodeIgniter->run()
 6 SYSTEMPATH/Commands/Server/rewrite.php(43): require_once('FCPATH/index.php')
CRITICAL - 2022-08-20 13:02:46 --> Array to string conversion
in APPPATH/Controllers/Dashboard.php on line 116.
 1 APPPATH/Controllers/Dashboard.php(116): CodeIgniter\Debug\Exceptions->errorHandler()
 2 SYSTEMPATH/CodeIgniter.php(898): App\Controllers\Dashboard->alfa()
 3 SYSTEMPATH/CodeIgniter.php(468): CodeIgniter\CodeIgniter->runController()
 4 SYSTEMPATH/CodeIgniter.php(351): CodeIgniter\CodeIgniter->handleRequest()
 5 FCPATH/index.php(55): CodeIgniter\CodeIgniter->run()
 6 SYSTEMPATH/Commands/Server/rewrite.php(43): require_once('FCPATH/index.php')
CRITICAL - 2022-08-20 13:23:50 --> Call to undefined method Myth\Auth\Models\UserModel::countStaff
in SYSTEMPATH/Model.php on line 773.
 1 APPPATH/Controllers/Dashboard.php(116): CodeIgniter\Model->__call()
 2 SYSTEMPATH/CodeIgniter.php(898): App\Controllers\Dashboard->alfa()
 3 SYSTEMPATH/CodeIgniter.php(468): CodeIgniter\CodeIgniter->runController()
 4 SYSTEMPATH/CodeIgniter.php(351): CodeIgniter\CodeIgniter->handleRequest()
 5 FCPATH/index.php(55): CodeIgniter\CodeIgniter->run()
 6 SYSTEMPATH/Commands/Server/rewrite.php(43): require_once('FCPATH/index.php')
CRITICAL - 2022-08-20 13:24:41 --> Too few arguments to function App\Models\ModelAbsensi::countStaff(), 0 passed in /home/ashcii/Documents/Absensi/app/Controllers/Dashboard.php on line 116 and exactly 1 expected
in APPPATH/Models/ModelAbsensi.php on line 106.
 1 APPPATH/Controllers/Dashboard.php(116): App\Models\ModelAbsensi->countStaff()
 2 SYSTEMPATH/CodeIgniter.php(898): App\Controllers\Dashboard->alfa()
 3 SYSTEMPATH/CodeIgniter.php(468): CodeIgniter\CodeIgniter->runController()
 4 SYSTEMPATH/CodeIgniter.php(351): CodeIgniter\CodeIgniter->handleRequest()
 5 FCPATH/index.php(55): CodeIgniter\CodeIgniter->run()
 6 SYSTEMPATH/Commands/Server/rewrite.php(43): require_once('FCPATH/index.php')
CRITICAL - 2022-08-20 13:29:42 --> Undefined property: stdClass::$userid
in APPPATH/Controllers/Dashboard.php on line 117.
 1 APPPATH/Controllers/Dashboard.php(117): CodeIgniter\Debug\Exceptions->errorHandler()
 2 SYSTEMPATH/CodeIgniter.php(898): App\Controllers\Dashboard->alfa()
 3 SYSTEMPATH/CodeIgniter.php(468): CodeIgniter\CodeIgniter->runController()
 4 SYSTEMPATH/CodeIgniter.php(351): CodeIgniter\CodeIgniter->handleRequest()
 5 FCPATH/index.php(55): CodeIgniter\CodeIgniter->run()
 6 SYSTEMPATH/Commands/Server/rewrite.php(43): require_once('FCPATH/index.php')
CRITICAL - 2022-08-20 15:58:13 --> Call to undefined method App\Models\ModelAbsensi::countSummary
in SYSTEMPATH/Model.php on line 773.
 1 APPPATH/Controllers/Admin.php(215): CodeIgniter\Model->__call()
 2 SYSTEMPATH/CodeIgniter.php(898): App\Controllers\Admin->absenpdf()
 3 SYSTEMPATH/CodeIgniter.php(468): CodeIgniter\CodeIgniter->runController()
 4 SYSTEMPATH/CodeIgniter.php(351): CodeIgniter\CodeIgniter->handleRequest()
 5 FCPATH/index.php(55): CodeIgniter\CodeIgniter->run()
 6 SYSTEMPATH/Commands/Server/rewrite.php(43): require_once('FCPATH/index.php')
CRITICAL - 2022-08-20 16:01:14 --> Array to string conversion
in APPPATH/Controllers/Admin.php on line 215.
 1 APPPATH/Controllers/Admin.php(215): CodeIgniter\Debug\Exceptions->errorHandler()
 2 SYSTEMPATH/CodeIgniter.php(898): App\Controllers\Admin->absenpdf()
 3 SYSTEMPATH/CodeIgniter.php(468): CodeIgniter\CodeIgniter->runController()
 4 SYSTEMPATH/CodeIgniter.php(351): CodeIgniter\CodeIgniter->handleRequest()
 5 FCPATH/index.php(55): CodeIgniter\CodeIgniter->run()
 6 SYSTEMPATH/Commands/Server/rewrite.php(43): require_once('FCPATH/index.php')
ERROR - 2022-08-20 16:02:00 --> Duplicate column name 'id'
CRITICAL - 2022-08-20 16:02:00 --> Duplicate column name 'id'
in SYSTEMPATH/Database/MySQLi/Connection.php on line 292.
 1 SYSTEMPATH/Database/MySQLi/Connection.php(292): mysqli->query()
 2 SYSTEMPATH/Database/BaseConnection.php(678): CodeIgniter\Database\MySQLi\Connection->execute()
 3 SYSTEMPATH/Database/BaseConnection.php(606): CodeIgniter\Database\BaseConnection->simpleQuery()
 4 SYSTEMPATH/Database/BaseBuilder.php(1585): CodeIgniter\Database\BaseConnection->query()
 5 APPPATH/Models/ModelAbsensi.php(45): CodeIgniter\Database\BaseBuilder->get()
 6 APPPATH/Controllers/Admin.php(215): App\Models\ModelAbsensi->countSumarry()
 7 SYSTEMPATH/CodeIgniter.php(898): App\Controllers\Admin->absenpdf()
 8 SYSTEMPATH/CodeIgniter.php(468): CodeIgniter\CodeIgniter->runController()
 9 SYSTEMPATH/CodeIgniter.php(351): CodeIgniter\CodeIgniter->handleRequest()
10 FCPATH/index.php(55): CodeIgniter\CodeIgniter->run()
11 SYSTEMPATH/Commands/Server/rewrite.php(43): require_once('FCPATH/index.php')
ERROR - 2022-08-20 16:02:15 --> Duplicate column name 'id'
CRITICAL - 2022-08-20 16:02:15 --> Duplicate column name 'id'
in SYSTEMPATH/Database/MySQLi/Connection.php on line 292.
 1 SYSTEMPATH/Database/MySQLi/Connection.php(292): mysqli->query()
 2 SYSTEMPATH/Database/BaseConnection.php(678): CodeIgniter\Database\MySQLi\Connection->execute()
 3 SYSTEMPATH/Database/BaseConnection.php(606): CodeIgniter\Database\BaseConnection->simpleQuery()
 4 SYSTEMPATH/Database/BaseBuilder.php(1585): CodeIgniter\Database\BaseConnection->query()
 5 APPPATH/Models/ModelAbsensi.php(45): CodeIgniter\Database\BaseBuilder->get()
 6 APPPATH/Controllers/Admin.php(215): App\Models\ModelAbsensi->countSumarry()
 7 SYSTEMPATH/CodeIgniter.php(898): App\Controllers\Admin->absenpdf()
 8 SYSTEMPATH/CodeIgniter.php(468): CodeIgniter\CodeIgniter->runController()
 9 SYSTEMPATH/CodeIgniter.php(351): CodeIgniter\CodeIgniter->handleRequest()
10 FCPATH/index.php(55): CodeIgniter\CodeIgniter->run()
11 SYSTEMPATH/Commands/Server/rewrite.php(43): require_once('FCPATH/index.php')
ERROR - 2022-08-20 16:02:15 --> Duplicate column name 'id'
CRITICAL - 2022-08-20 16:02:15 --> Duplicate column name 'id'
in SYSTEMPATH/Database/MySQLi/Connection.php on line 292.
 1 SYSTEMPATH/Database/MySQLi/Connection.php(292): mysqli->query()
 2 SYSTEMPATH/Database/BaseConnection.php(678): CodeIgniter\Database\MySQLi\Connection->execute()
 3 SYSTEMPATH/Database/BaseConnection.php(606): CodeIgniter\Database\BaseConnection->simpleQuery()
 4 SYSTEMPATH/Database/BaseBuilder.php(1585): CodeIgniter\Database\BaseConnection->query()
 5 APPPATH/Models/ModelAbsensi.php(45): CodeIgniter\Database\BaseBuilder->get()
 6 APPPATH/Controllers/Admin.php(215): App\Models\ModelAbsensi->countSumarry()
 7 SYSTEMPATH/CodeIgniter.php(898): App\Controllers\Admin->absenpdf()
 8 SYSTEMPATH/CodeIgniter.php(468): CodeIgniter\CodeIgniter->runController()
 9 SYSTEMPATH/CodeIgniter.php(351): CodeIgniter\CodeIgniter->handleRequest()
10 FCPATH/index.php(55): CodeIgniter\CodeIgniter->run()
11 SYSTEMPATH/Commands/Server/rewrite.php(43): require_once('FCPATH/index.php')
ERROR - 2022-08-20 16:02:34 --> Duplicate column name 'id'
CRITICAL - 2022-08-20 16:02:34 --> Duplicate column name 'id'
in SYSTEMPATH/Database/MySQLi/Connection.php on line 292.
 1 SYSTEMPATH/Database/MySQLi/Connection.php(292): mysqli->query()
 2 SYSTEMPATH/Database/BaseConnection.php(678): CodeIgniter\Database\MySQLi\Connection->execute()
 3 SYSTEMPATH/Database/BaseConnection.php(606): CodeIgniter\Database\BaseConnection->simpleQuery()
 4 SYSTEMPATH/Database/BaseBuilder.php(1585): CodeIgniter\Database\BaseConnection->query()
 5 APPPATH/Models/ModelAbsensi.php(45): CodeIgniter\Database\BaseBuilder->get()
 6 APPPATH/Controllers/Admin.php(215): App\Models\ModelAbsensi->countSumarry()
 7 SYSTEMPATH/CodeIgniter.php(898): App\Controllers\Admin->absenpdf()
 8 SYSTEMPATH/CodeIgniter.php(468): CodeIgniter\CodeIgniter->runController()
 9 SYSTEMPATH/CodeIgniter.php(351): CodeIgniter\CodeIgniter->handleRequest()
10 FCPATH/index.php(55): CodeIgniter\CodeIgniter->run()
11 SYSTEMPATH/Commands/Server/rewrite.php(43): require_once('FCPATH/index.php')
ERROR - 2022-08-20 16:02:50 --> The used SELECT statements have a different number of columns
CRITICAL - 2022-08-20 16:02:50 --> The used SELECT statements have a different number of columns
in SYSTEMPATH/Database/MySQLi/Connection.php on line 292.
 1 SYSTEMPATH/Database/MySQLi/Connection.php(292): mysqli->query()
 2 SYSTEMPATH/Database/BaseConnection.php(678): CodeIgniter\Database\MySQLi\Connection->execute()
 3 SYSTEMPATH/Database/BaseConnection.php(606): CodeIgniter\Database\BaseConnection->simpleQuery()
 4 SYSTEMPATH/Database/BaseBuilder.php(1585): CodeIgniter\Database\BaseConnection->query()
 5 APPPATH/Models/ModelAbsensi.php(45): CodeIgniter\Database\BaseBuilder->get()
 6 APPPATH/Controllers/Admin.php(215): App\Models\ModelAbsensi->countSumarry()
 7 SYSTEMPATH/CodeIgniter.php(898): App\Controllers\Admin->absenpdf()
 8 SYSTEMPATH/CodeIgniter.php(468): CodeIgniter\CodeIgniter->runController()
 9 SYSTEMPATH/CodeIgniter.php(351): CodeIgniter\CodeIgniter->handleRequest()
10 FCPATH/index.php(55): CodeIgniter\CodeIgniter->run()
11 SYSTEMPATH/Commands/Server/rewrite.php(43): require_once('FCPATH/index.php')
ERROR - 2022-08-20 16:03:00 --> Duplicate column name 'id'
CRITICAL - 2022-08-20 16:03:00 --> Duplicate column name 'id'
in SYSTEMPATH/Database/MySQLi/Connection.php on line 292.
 1 SYSTEMPATH/Database/MySQLi/Connection.php(292): mysqli->query()
 2 SYSTEMPATH/Database/BaseConnection.php(678): CodeIgniter\Database\MySQLi\Connection->execute()
 3 SYSTEMPATH/Database/BaseConnection.php(606): CodeIgniter\Database\BaseConnection->simpleQuery()
 4 SYSTEMPATH/Database/BaseBuilder.php(1585): CodeIgniter\Database\BaseConnection->query()
 5 APPPATH/Models/ModelAbsensi.php(45): CodeIgniter\Database\BaseBuilder->get()
 6 APPPATH/Controllers/Admin.php(215): App\Models\ModelAbsensi->countSumarry()
 7 SYSTEMPATH/CodeIgniter.php(898): App\Controllers\Admin->absenpdf()
 8 SYSTEMPATH/CodeIgniter.php(468): CodeIgniter\CodeIgniter->runController()
 9 SYSTEMPATH/CodeIgniter.php(351): CodeIgniter\CodeIgniter->handleRequest()
10 FCPATH/index.php(55): CodeIgniter\CodeIgniter->run()
11 SYSTEMPATH/Commands/Server/rewrite.php(43): require_once('FCPATH/index.php')
CRITICAL - 2022-08-20 16:27:09 --> Too few arguments to function App\Models\ModelAbsensi::countSumarry(), 0 passed in /home/ashcii/Documents/Absensi/app/Controllers/Admin.php on line 214 and exactly 1 expected
in APPPATH/Models/ModelAbsensi.php on line 37.
 1 APPPATH/Controllers/Admin.php(214): App\Models\ModelAbsensi->countSumarry()
 2 SYSTEMPATH/CodeIgniter.php(898): App\Controllers\Admin->absenpdf()
 3 SYSTEMPATH/CodeIgniter.php(468): CodeIgniter\CodeIgniter->runController()
 4 SYSTEMPATH/CodeIgniter.php(351): CodeIgniter\CodeIgniter->handleRequest()
 5 FCPATH/index.php(55): CodeIgniter\CodeIgniter->run()
 6 SYSTEMPATH/Commands/Server/rewrite.php(43): require_once('FCPATH/index.php')
CRITICAL - 2022-08-20 16:27:52 --> Too few arguments to function App\Models\ModelAbsensi::countSumarry(), 0 passed in /home/ashcii/Documents/Absensi/app/Controllers/Admin.php on line 214 and exactly 1 expected
in APPPATH/Models/ModelAbsensi.php on line 37.
 1 APPPATH/Controllers/Admin.php(214): App\Models\ModelAbsensi->countSumarry()
 2 SYSTEMPATH/CodeIgniter.php(898): App\Controllers\Admin->absenpdf()
 3 SYSTEMPATH/CodeIgniter.php(468): CodeIgniter\CodeIgniter->runController()
 4 SYSTEMPATH/CodeIgniter.php(351): CodeIgniter\CodeIgniter->handleRequest()
 5 FCPATH/index.php(55): CodeIgniter\CodeIgniter->run()
 6 SYSTEMPATH/Commands/Server/rewrite.php(43): require_once('FCPATH/index.php')
CRITICAL - 2022-08-20 16:27:53 --> Too few arguments to function App\Models\ModelAbsensi::countSumarry(), 0 passed in /home/ashcii/Documents/Absensi/app/Controllers/Admin.php on line 214 and exactly 1 expected
in APPPATH/Models/ModelAbsensi.php on line 37.
 1 APPPATH/Controllers/Admin.php(214): App\Models\ModelAbsensi->countSumarry()
 2 SYSTEMPATH/CodeIgniter.php(898): App\Controllers\Admin->absenpdf()
 3 SYSTEMPATH/CodeIgniter.php(468): CodeIgniter\CodeIgniter->runController()
 4 SYSTEMPATH/CodeIgniter.php(351): CodeIgniter\CodeIgniter->handleRequest()
 5 FCPATH/index.php(55): CodeIgniter\CodeIgniter->run()
 6 SYSTEMPATH/Commands/Server/rewrite.php(43): require_once('FCPATH/index.php')
CRITICAL - 2022-08-20 16:28:48 --> Object of class App\Models\ModelAbsensi could not be converted to string
in APPPATH/Views/pdf/absen.php on line 76.
 1 SYSTEMPATH/View/View.php(213): include()
 2 SYSTEMPATH/View/View.php(216): CodeIgniter\View\View->CodeIgniter\View\{closure}()
 3 SYSTEMPATH/Common.php(1135): CodeIgniter\View\View->render()
 4 APPPATH/Controllers/Admin.php(216): view()
 5 SYSTEMPATH/CodeIgniter.php(898): App\Controllers\Admin->absenpdf()
 6 SYSTEMPATH/CodeIgniter.php(468): CodeIgniter\CodeIgniter->runController()
 7 SYSTEMPATH/CodeIgniter.php(351): CodeIgniter\CodeIgniter->handleRequest()
 8 FCPATH/index.php(55): CodeIgniter\CodeIgniter->run()
 9 SYSTEMPATH/Commands/Server/rewrite.php(43): require_once('FCPATH/index.php')
CRITICAL - 2022-08-20 16:29:21 --> Too few arguments to function App\Models\ModelAbsensi::countSumarry(), 0 passed in /home/ashcii/Documents/Absensi/app/Views/pdf/absen.php on line 76 and exactly 1 expected
in APPPATH/Models/ModelAbsensi.php on line 37.
 1 APPPATH/Views/pdf/absen.php(76): App\Models\ModelAbsensi->countSumarry()
 2 SYSTEMPATH/View/View.php(213): include('APPPATH/Views/pdf/absen.php')
 3 SYSTEMPATH/View/View.php(216): CodeIgniter\View\View->CodeIgniter\View\{closure}()
 4 SYSTEMPATH/Common.php(1135): CodeIgniter\View\View->render()
 5 APPPATH/Controllers/Admin.php(216): view()
 6 SYSTEMPATH/CodeIgniter.php(898): App\Controllers\Admin->absenpdf()
 7 SYSTEMPATH/CodeIgniter.php(468): CodeIgniter\CodeIgniter->runController()
 8 SYSTEMPATH/CodeIgniter.php(351): CodeIgniter\CodeIgniter->handleRequest()
 9 FCPATH/index.php(55): CodeIgniter\CodeIgniter->run()
10 SYSTEMPATH/Commands/Server/rewrite.php(43): require_once('FCPATH/index.php')
CRITICAL - 2022-08-20 16:29:33 --> Undefined property: stdClass::$usersid
in APPPATH/Views/pdf/absen.php on line 76.
 1 APPPATH/Views/pdf/absen.php(76): CodeIgniter\Debug\Exceptions->errorHandler()
 2 SYSTEMPATH/View/View.php(213): include('APPPATH/Views/pdf/absen.php')
 3 SYSTEMPATH/View/View.php(216): CodeIgniter\View\View->CodeIgniter\View\{closure}()
 4 SYSTEMPATH/Common.php(1135): CodeIgniter\View\View->render()
 5 APPPATH/Controllers/Admin.php(216): view()
 6 SYSTEMPATH/CodeIgniter.php(898): App\Controllers\Admin->absenpdf()
 7 SYSTEMPATH/CodeIgniter.php(468): CodeIgniter\CodeIgniter->runController()
 8 SYSTEMPATH/CodeIgniter.php(351): CodeIgniter\CodeIgniter->handleRequest()
 9 FCPATH/index.php(55): CodeIgniter\CodeIgniter->run()
10 SYSTEMPATH/Commands/Server/rewrite.php(43): require_once('FCPATH/index.php')
CRITICAL - 2022-08-20 16:30:54 --> Undefined property: stdClass::$usersid
in APPPATH/Views/pdf/absen.php on line 74.
 1 APPPATH/Views/pdf/absen.php(74): CodeIgniter\Debug\Exceptions->errorHandler()
 2 SYSTEMPATH/View/View.php(213): include('APPPATH/Views/pdf/absen.php')
 3 SYSTEMPATH/View/View.php(216): CodeIgniter\View\View->CodeIgniter\View\{closure}()
 4 SYSTEMPATH/Common.php(1135): CodeIgniter\View\View->render()
 5 APPPATH/Controllers/Admin.php(216): view()
 6 SYSTEMPATH/CodeIgniter.php(898): App\Controllers\Admin->absenpdf()
 7 SYSTEMPATH/CodeIgniter.php(468): CodeIgniter\CodeIgniter->runController()
 8 SYSTEMPATH/CodeIgniter.php(351): CodeIgniter\CodeIgniter->handleRequest()
 9 FCPATH/index.php(55): CodeIgniter\CodeIgniter->run()
10 SYSTEMPATH/Commands/Server/rewrite.php(43): require_once('FCPATH/index.php')
CRITICAL - 2022-08-20 16:30:55 --> Undefined property: stdClass::$usersid
in APPPATH/Views/pdf/absen.php on line 74.
 1 APPPATH/Views/pdf/absen.php(74): CodeIgniter\Debug\Exceptions->errorHandler()
 2 SYSTEMPATH/View/View.php(213): include('APPPATH/Views/pdf/absen.php')
 3 SYSTEMPATH/View/View.php(216): CodeIgniter\View\View->CodeIgniter\View\{closure}()
 4 SYSTEMPATH/Common.php(1135): CodeIgniter\View\View->render()
 5 APPPATH/Controllers/Admin.php(216): view()
 6 SYSTEMPATH/CodeIgniter.php(898): App\Controllers\Admin->absenpdf()
 7 SYSTEMPATH/CodeIgniter.php(468): CodeIgniter\CodeIgniter->runController()
 8 SYSTEMPATH/CodeIgniter.php(351): CodeIgniter\CodeIgniter->handleRequest()
 9 FCPATH/index.php(55): CodeIgniter\CodeIgniter->run()
10 SYSTEMPATH/Commands/Server/rewrite.php(43): require_once('FCPATH/index.php')
CRITICAL - 2022-08-20 16:31:32 --> Undefined property: stdClass::$usersid
in APPPATH/Views/pdf/absen.php on line 76.
 1 APPPATH/Views/pdf/absen.php(76): CodeIgniter\Debug\Exceptions->errorHandler()
 2 SYSTEMPATH/View/View.php(213): include('APPPATH/Views/pdf/absen.php')
 3 SYSTEMPATH/View/View.php(216): CodeIgniter\View\View->CodeIgniter\View\{closure}()
 4 SYSTEMPATH/Common.php(1135): CodeIgniter\View\View->render()
 5 APPPATH/Controllers/Admin.php(216): view()
 6 SYSTEMPATH/CodeIgniter.php(898): App\Controllers\Admin->absenpdf()
 7 SYSTEMPATH/CodeIgniter.php(468): CodeIgniter\CodeIgniter->runController()
 8 SYSTEMPATH/CodeIgniter.php(351): CodeIgniter\CodeIgniter->handleRequest()
 9 FCPATH/index.php(55): CodeIgniter\CodeIgniter->run()
10 SYSTEMPATH/Commands/Server/rewrite.php(43): require_once('FCPATH/index.php')
CRITICAL - 2022-08-20 16:31:33 --> Undefined property: stdClass::$usersid
in APPPATH/Views/pdf/absen.php on line 76.
 1 APPPATH/Views/pdf/absen.php(76): CodeIgniter\Debug\Exceptions->errorHandler()
 2 SYSTEMPATH/View/View.php(213): include('APPPATH/Views/pdf/absen.php')
 3 SYSTEMPATH/View/View.php(216): CodeIgniter\View\View->CodeIgniter\View\{closure}()
 4 SYSTEMPATH/Common.php(1135): CodeIgniter\View\View->render()
 5 APPPATH/Controllers/Admin.php(216): view()
 6 SYSTEMPATH/CodeIgniter.php(898): App\Controllers\Admin->absenpdf()
 7 SYSTEMPATH/CodeIgniter.php(468): CodeIgniter\CodeIgniter->runController()
 8 SYSTEMPATH/CodeIgniter.php(351): CodeIgniter\CodeIgniter->handleRequest()
 9 FCPATH/index.php(55): CodeIgniter\CodeIgniter->run()
10 SYSTEMPATH/Commands/Server/rewrite.php(43): require_once('FCPATH/index.php')
CRITICAL - 2022-08-20 16:31:34 --> Undefined property: stdClass::$usersid
in APPPATH/Views/pdf/absen.php on line 76.
 1 APPPATH/Views/pdf/absen.php(76): CodeIgniter\Debug\Exceptions->errorHandler()
 2 SYSTEMPATH/View/View.php(213): include('APPPATH/Views/pdf/absen.php')
 3 SYSTEMPATH/View/View.php(216): CodeIgniter\View\View->CodeIgniter\View\{closure}()
 4 SYSTEMPATH/Common.php(1135): CodeIgniter\View\View->render()
 5 APPPATH/Controllers/Admin.php(216): view()
 6 SYSTEMPATH/CodeIgniter.php(898): App\Controllers\Admin->absenpdf()
 7 SYSTEMPATH/CodeIgniter.php(468): CodeIgniter\CodeIgniter->runController()
 8 SYSTEMPATH/CodeIgniter.php(351): CodeIgniter\CodeIgniter->handleRequest()
 9 FCPATH/index.php(55): CodeIgniter\CodeIgniter->run()
10 SYSTEMPATH/Commands/Server/rewrite.php(43): require_once('FCPATH/index.php')
CRITICAL - 2022-08-20 16:32:07 --> Undefined variable $usersid
in APPPATH/Views/pdf/absen.php on line 77.
 1 APPPATH/Views/pdf/absen.php(77): CodeIgniter\Debug\Exceptions->errorHandler()
 2 SYSTEMPATH/View/View.php(213): include('APPPATH/Views/pdf/absen.php')
 3 SYSTEMPATH/View/View.php(216): CodeIgniter\View\View->CodeIgniter\View\{closure}()
 4 SYSTEMPATH/Common.php(1135): CodeIgniter\View\View->render()
 5 APPPATH/Controllers/Admin.php(216): view()
 6 SYSTEMPATH/CodeIgniter.php(898): App\Controllers\Admin->absenpdf()
 7 SYSTEMPATH/CodeIgniter.php(468): CodeIgniter\CodeIgniter->runController()
 8 SYSTEMPATH/CodeIgniter.php(351): CodeIgniter\CodeIgniter->handleRequest()
 9 FCPATH/index.php(55): CodeIgniter\CodeIgniter->run()
10 SYSTEMPATH/Commands/Server/rewrite.php(43): require_once('FCPATH/index.php')
CRITICAL - 2022-08-20 16:32:27 --> Undefined variable $userid
in APPPATH/Views/pdf/absen.php on line 77.
 1 APPPATH/Views/pdf/absen.php(77): CodeIgniter\Debug\Exceptions->errorHandler()
 2 SYSTEMPATH/View/View.php(213): include('APPPATH/Views/pdf/absen.php')
 3 SYSTEMPATH/View/View.php(216): CodeIgniter\View\View->CodeIgniter\View\{closure}()
 4 SYSTEMPATH/Common.php(1135): CodeIgniter\View\View->render()
 5 APPPATH/Controllers/Admin.php(216): view()
 6 SYSTEMPATH/CodeIgniter.php(898): App\Controllers\Admin->absenpdf()
 7 SYSTEMPATH/CodeIgniter.php(468): CodeIgniter\CodeIgniter->runController()
 8 SYSTEMPATH/CodeIgniter.php(351): CodeIgniter\CodeIgniter->handleRequest()
 9 FCPATH/index.php(55): CodeIgniter\CodeIgniter->run()
10 SYSTEMPATH/Commands/Server/rewrite.php(43): require_once('FCPATH/index.php')
ERROR - 2022-08-20 16:32:32 --> Unknown column 'usersid' in 'where clause'
CRITICAL - 2022-08-20 16:32:32 --> Unknown column 'usersid' in 'where clause'
in SYSTEMPATH/Database/MySQLi/Connection.php on line 292.
 1 SYSTEMPATH/Database/MySQLi/Connection.php(292): mysqli->query()
 2 SYSTEMPATH/Database/BaseConnection.php(678): CodeIgniter\Database\MySQLi\Connection->execute()
 3 SYSTEMPATH/Database/BaseConnection.php(606): CodeIgniter\Database\BaseConnection->simpleQuery()
 4 SYSTEMPATH/Database/BaseBuilder.php(1669): CodeIgniter\Database\BaseConnection->query()
 5 APPPATH/Models/ModelAbsensi.php(45): CodeIgniter\Database\BaseBuilder->countAllResults()
 6 APPPATH/Views/pdf/absen.php(77): App\Models\ModelAbsensi->countSumarry()
 7 SYSTEMPATH/View/View.php(213): include('APPPATH/Views/pdf/absen.php')
 8 SYSTEMPATH/View/View.php(216): CodeIgniter\View\View->CodeIgniter\View\{closure}()
 9 SYSTEMPATH/Common.php(1135): CodeIgniter\View\View->render()
10 APPPATH/Controllers/Admin.php(216): view()
11 SYSTEMPATH/CodeIgniter.php(898): App\Controllers\Admin->absenpdf()
12 SYSTEMPATH/CodeIgniter.php(468): CodeIgniter\CodeIgniter->runController()
13 SYSTEMPATH/CodeIgniter.php(351): CodeIgniter\CodeIgniter->handleRequest()
14 FCPATH/index.php(55): CodeIgniter\CodeIgniter->run()
15 SYSTEMPATH/Commands/Server/rewrite.php(43): require_once('FCPATH/index.php')
CRITICAL - 2022-08-20 16:38:07 --> Undefined variable $sumarry
in APPPATH/Views/pdf/absen.php on line 77.
 1 APPPATH/Views/pdf/absen.php(77): CodeIgniter\Debug\Exceptions->errorHandler()
 2 SYSTEMPATH/View/View.php(213): include('APPPATH/Views/pdf/absen.php')
 3 SYSTEMPATH/View/View.php(216): CodeIgniter\View\View->CodeIgniter\View\{closure}()
 4 SYSTEMPATH/Common.php(1135): CodeIgniter\View\View->render()
 5 APPPATH/Controllers/Admin.php(215): view()
 6 SYSTEMPATH/CodeIgniter.php(898): App\Controllers\Admin->absenpdf()
 7 SYSTEMPATH/CodeIgniter.php(468): CodeIgniter\CodeIgniter->runController()
 8 SYSTEMPATH/CodeIgniter.php(351): CodeIgniter\CodeIgniter->handleRequest()
 9 FCPATH/index.php(55): CodeIgniter\CodeIgniter->run()
10 SYSTEMPATH/Commands/Server/rewrite.php(43): require_once('FCPATH/index.php')
CRITICAL - 2022-08-20 16:40:15 --> Undefined variable $sumarry
in APPPATH/Views/pdf/filter.php on line 77.
 1 APPPATH/Views/pdf/filter.php(77): CodeIgniter\Debug\Exceptions->errorHandler()
 2 SYSTEMPATH/View/View.php(213): include('APPPATH/Views/pdf/filter.php')
 3 SYSTEMPATH/View/View.php(216): CodeIgniter\View\View->CodeIgniter\View\{closure}()
 4 SYSTEMPATH/Common.php(1135): CodeIgniter\View\View->render()
 5 APPPATH/Controllers/Admin.php(257): view()
 6 SYSTEMPATH/CodeIgniter.php(898): App\Controllers\Admin->filterpdf()
 7 SYSTEMPATH/CodeIgniter.php(468): CodeIgniter\CodeIgniter->runController()
 8 SYSTEMPATH/CodeIgniter.php(351): CodeIgniter\CodeIgniter->handleRequest()
 9 FCPATH/index.php(55): CodeIgniter\CodeIgniter->run()
10 SYSTEMPATH/Commands/Server/rewrite.php(43): require_once('FCPATH/index.php')
CRITICAL - 2022-08-20 16:45:05 --> Undefined property: stdClass::$userid
in APPPATH/Views/pdf/filter.php on line 74.
 1 APPPATH/Views/pdf/filter.php(74): CodeIgniter\Debug\Exceptions->errorHandler()
 2 SYSTEMPATH/View/View.php(213): include('APPPATH/Views/pdf/filter.php')
 3 SYSTEMPATH/View/View.php(216): CodeIgniter\View\View->CodeIgniter\View\{closure}()
 4 SYSTEMPATH/Common.php(1135): CodeIgniter\View\View->render()
 5 APPPATH/Controllers/Admin.php(258): view()
 6 SYSTEMPATH/CodeIgniter.php(898): App\Controllers\Admin->filterpdf()
 7 SYSTEMPATH/CodeIgniter.php(468): CodeIgniter\CodeIgniter->runController()
 8 SYSTEMPATH/CodeIgniter.php(351): CodeIgniter\CodeIgniter->handleRequest()
 9 FCPATH/index.php(55): CodeIgniter\CodeIgniter->run()
10 SYSTEMPATH/Commands/Server/rewrite.php(43): require_once('FCPATH/index.php')
CRITICAL - 2022-08-20 16:50:52 --> Undefined property: stdClass::$userid
in APPPATH/Views/pdf/filter.php on line 74.
 1 APPPATH/Views/pdf/filter.php(74): CodeIgniter\Debug\Exceptions->errorHandler()
 2 SYSTEMPATH/View/View.php(213): include('APPPATH/Views/pdf/filter.php')
 3 SYSTEMPATH/View/View.php(216): CodeIgniter\View\View->CodeIgniter\View\{closure}()
 4 SYSTEMPATH/Common.php(1135): CodeIgniter\View\View->render()
 5 APPPATH/Controllers/Admin.php(258): view()
 6 SYSTEMPATH/CodeIgniter.php(898): App\Controllers\Admin->filterpdf()
 7 SYSTEMPATH/CodeIgniter.php(468): CodeIgniter\CodeIgniter->runController()
 8 SYSTEMPATH/CodeIgniter.php(351): CodeIgniter\CodeIgniter->handleRequest()
 9 FCPATH/index.php(55): CodeIgniter\CodeIgniter->run()
10 SYSTEMPATH/Commands/Server/rewrite.php(43): require_once('FCPATH/index.php')
CRITICAL - 2022-08-20 18:58:22 --> Call to undefined method CodeIgniter\Database\MySQLi\Builder::getResult()
in APPPATH/Models/ModelAbsensi.php on line 34.
 1 APPPATH/Controllers/User.php(103): App\Models\ModelAbsensi->getDate()
 2 SYSTEMPATH/CodeIgniter.php(898): App\Controllers\User->filterAbsen()
 3 SYSTEMPATH/CodeIgniter.php(468): CodeIgniter\CodeIgniter->runController()
 4 SYSTEMPATH/CodeIgniter.php(351): CodeIgniter\CodeIgniter->handleRequest()
 5 FCPATH/index.php(55): CodeIgniter\CodeIgniter->run()
 6 SYSTEMPATH/Commands/Server/rewrite.php(43): require_once('FCPATH/index.php')
CRITICAL - 2022-08-20 21:18:35 --> Undefined property: stdClass::$userid
in APPPATH/Views/pdf/filter.php on line 74.
 1 APPPATH/Views/pdf/filter.php(74): CodeIgniter\Debug\Exceptions->errorHandler()
 2 SYSTEMPATH/View/View.php(213): include('APPPATH/Views/pdf/filter.php')
 3 SYSTEMPATH/View/View.php(216): CodeIgniter\View\View->CodeIgniter\View\{closure}()
 4 SYSTEMPATH/Common.php(1135): CodeIgniter\View\View->render()
 5 APPPATH/Controllers/Admin.php(258): view()
 6 SYSTEMPATH/CodeIgniter.php(898): App\Controllers\Admin->filterpdf()
 7 SYSTEMPATH/CodeIgniter.php(468): CodeIgniter\CodeIgniter->runController()
 8 SYSTEMPATH/CodeIgniter.php(351): CodeIgniter\CodeIgniter->handleRequest()
 9 FCPATH/index.php(55): CodeIgniter\CodeIgniter->run()
10 SYSTEMPATH/Commands/Server/rewrite.php(43): require_once('FCPATH/index.php')
ERROR - 2022-08-20 21:25:01 --> Not unique table/alias: 'absensi'
CRITICAL - 2022-08-20 21:25:01 --> Not unique table/alias: 'absensi'
in SYSTEMPATH/Database/MySQLi/Connection.php on line 292.
 1 SYSTEMPATH/Database/MySQLi/Connection.php(292): mysqli->query()
 2 SYSTEMPATH/Database/BaseConnection.php(678): CodeIgniter\Database\MySQLi\Connection->execute()
 3 SYSTEMPATH/Database/BaseConnection.php(606): CodeIgniter\Database\BaseConnection->simpleQuery()
 4 SYSTEMPATH/Database/BaseBuilder.php(1669): CodeIgniter\Database\BaseConnection->query()
 5 VENDORPATH/myth/auth/src/Models/UserModel.php(65): CodeIgniter\Database\BaseBuilder->countAllResults()
 6 APPPATH/Views/pdf/filter.php(77): Myth\Auth\Models\UserModel->countSumarry()
 7 SYSTEMPATH/View/View.php(213): include('APPPATH/Views/pdf/filter.php')
 8 SYSTEMPATH/View/View.php(216): CodeIgniter\View\View->CodeIgniter\View\{closure}()
 9 SYSTEMPATH/Common.php(1135): CodeIgniter\View\View->render()
10 APPPATH/Controllers/Admin.php(258): view()
11 SYSTEMPATH/CodeIgniter.php(898): App\Controllers\Admin->filterpdf()
12 SYSTEMPATH/CodeIgniter.php(468): CodeIgniter\CodeIgniter->runController()
13 SYSTEMPATH/CodeIgniter.php(351): CodeIgniter\CodeIgniter->handleRequest()
14 FCPATH/index.php(55): CodeIgniter\CodeIgniter->run()
15 SYSTEMPATH/Commands/Server/rewrite.php(43): require_once('FCPATH/index.php')
CRITICAL - 2022-08-20 21:31:32 --> Too few arguments to function App\Models\ModelAbsensi::countSumarry(), 1 passed in /home/ashcii/Documents/Absensi/app/Views/pdf/filter.php on line 77 and exactly 3 expected
in APPPATH/Models/ModelAbsensi.php on line 37.
 1 APPPATH/Views/pdf/filter.php(77): App\Models\ModelAbsensi->countSumarry()
 2 SYSTEMPATH/View/View.php(213): include('APPPATH/Views/pdf/filter.php')
 3 SYSTEMPATH/View/View.php(216): CodeIgniter\View\View->CodeIgniter\View\{closure}()
 4 SYSTEMPATH/Common.php(1135): CodeIgniter\View\View->render()
 5 APPPATH/Controllers/Admin.php(258): view()
 6 SYSTEMPATH/CodeIgniter.php(898): App\Controllers\Admin->filterpdf()
 7 SYSTEMPATH/CodeIgniter.php(468): CodeIgniter\CodeIgniter->runController()
 8 SYSTEMPATH/CodeIgniter.php(351): CodeIgniter\CodeIgniter->handleRequest()
 9 FCPATH/index.php(55): CodeIgniter\CodeIgniter->run()
10 SYSTEMPATH/Commands/Server/rewrite.php(43): require_once('FCPATH/index.php')
