ERROR - 2022-07-21 09:48:33 --> Error connecting to the database: Connection refused
CRITICAL - 2022-07-21 09:48:33 --> Unable to connect to the database.
Main connection [MySQLi]: Connection refused
in SYSTEMPATH/Database/BaseConnection.php on line 415.
 1 SYSTEMPATH/Database/BaseConnection.php(585): CodeIgniter\Database\BaseConnection->initialize()
 2 SYSTEMPATH/Database/BaseBuilder.php(1585): CodeIgniter\Database\BaseConnection->query()
 3 APPPATH/Models/ModelAbsensi.php(17): CodeIgniter\Database\BaseBuilder->get()
 4 APPPATH/Controllers/Home.php(18): App\Models\ModelAbsensi->getAll()
 5 SYSTEMPATH/CodeIgniter.php(898): App\Controllers\Home->index()
 6 SYSTEMPATH/CodeIgniter.php(468): CodeIgniter\CodeIgniter->runController()
 7 SYSTEMPATH/CodeIgniter.php(351): CodeIgniter\CodeIgniter->handleRequest()
 8 FCPATH/index.php(55): CodeIgniter\CodeIgniter->run()
 9 SYSTEMPATH/Commands/Server/rewrite.php(43): require_once('FCPATH/index.php')
ERROR - 2022-07-21 11:50:21 --> Cannot add or update a child row: a foreign key constraint fails (`centuryprima_absen`.`absensi`, CONSTRAINT `absensi_ibfk_1` FOREIGN KEY (`nik`) REFERENCES `karyawan` (`nik`))
CRITICAL - 2022-07-21 11:50:21 --> Cannot add or update a child row: a foreign key constraint fails (`centuryprima_absen`.`absensi`, CONSTRAINT `absensi_ibfk_1` FOREIGN KEY (`nik`) REFERENCES `karyawan` (`nik`))
in SYSTEMPATH/Database/MySQLi/Connection.php on line 292.
 1 SYSTEMPATH/Database/MySQLi/Connection.php(292): mysqli->query()
 2 SYSTEMPATH/Database/BaseConnection.php(678): CodeIgniter\Database\MySQLi\Connection->execute()
 3 SYSTEMPATH/Database/BaseConnection.php(606): CodeIgniter\Database\BaseConnection->simpleQuery()
 4 SYSTEMPATH/Database/BaseBuilder.php(1904): CodeIgniter\Database\BaseConnection->query()
 5 SYSTEMPATH/Model.php(278): CodeIgniter\Database\BaseBuilder->insert()
 6 SYSTEMPATH/BaseModel.php(738): CodeIgniter\Model->doInsert()
 7 SYSTEMPATH/Model.php(666): CodeIgniter\BaseModel->insert()
 8 APPPATH/Controllers/Home.php(27): CodeIgniter\Model->insert()
 9 SYSTEMPATH/CodeIgniter.php(898): App\Controllers\Home->checkin()
10 SYSTEMPATH/CodeIgniter.php(468): CodeIgniter\CodeIgniter->runController()
11 SYSTEMPATH/CodeIgniter.php(351): CodeIgniter\CodeIgniter->handleRequest()
12 FCPATH/index.php(55): CodeIgniter\CodeIgniter->run()
13 SYSTEMPATH/Commands/Server/rewrite.php(43): require_once('FCPATH/index.php')
ERROR - 2022-07-21 12:03:46 --> Cannot add or update a child row: a foreign key constraint fails (`centuryprima_absen`.`absensi`, CONSTRAINT `absensi_ibfk_1` FOREIGN KEY (`nik`) REFERENCES `karyawan` (`nik`))
CRITICAL - 2022-07-21 12:03:46 --> Cannot add or update a child row: a foreign key constraint fails (`centuryprima_absen`.`absensi`, CONSTRAINT `absensi_ibfk_1` FOREIGN KEY (`nik`) REFERENCES `karyawan` (`nik`))
in SYSTEMPATH/Database/MySQLi/Connection.php on line 292.
 1 SYSTEMPATH/Database/MySQLi/Connection.php(292): mysqli->query()
 2 SYSTEMPATH/Database/BaseConnection.php(678): CodeIgniter\Database\MySQLi\Connection->execute()
 3 SYSTEMPATH/Database/BaseConnection.php(606): CodeIgniter\Database\BaseConnection->simpleQuery()
 4 SYSTEMPATH/Database/BaseBuilder.php(1904): CodeIgniter\Database\BaseConnection->query()
 5 SYSTEMPATH/Model.php(278): CodeIgniter\Database\BaseBuilder->insert()
 6 SYSTEMPATH/BaseModel.php(738): CodeIgniter\Model->doInsert()
 7 SYSTEMPATH/Model.php(666): CodeIgniter\BaseModel->insert()
 8 APPPATH/Controllers/Home.php(28): CodeIgniter\Model->insert()
 9 SYSTEMPATH/CodeIgniter.php(898): App\Controllers\Home->checkin()
10 SYSTEMPATH/CodeIgniter.php(468): CodeIgniter\CodeIgniter->runController()
11 SYSTEMPATH/CodeIgniter.php(351): CodeIgniter\CodeIgniter->handleRequest()
12 FCPATH/index.php(55): CodeIgniter\CodeIgniter->run()
13 SYSTEMPATH/Commands/Server/rewrite.php(43): require_once('FCPATH/index.php')
ERROR - 2022-07-21 12:08:22 --> Cannot add or update a child row: a foreign key constraint fails (`centuryprima_absen`.`absensi`, CONSTRAINT `absensi_ibfk_1` FOREIGN KEY (`nik`) REFERENCES `karyawan` (`nik`))
CRITICAL - 2022-07-21 12:08:22 --> Cannot add or update a child row: a foreign key constraint fails (`centuryprima_absen`.`absensi`, CONSTRAINT `absensi_ibfk_1` FOREIGN KEY (`nik`) REFERENCES `karyawan` (`nik`))
in SYSTEMPATH/Database/MySQLi/Connection.php on line 292.
 1 SYSTEMPATH/Database/MySQLi/Connection.php(292): mysqli->query()
 2 SYSTEMPATH/Database/BaseConnection.php(678): CodeIgniter\Database\MySQLi\Connection->execute()
 3 SYSTEMPATH/Database/BaseConnection.php(606): CodeIgniter\Database\BaseConnection->simpleQuery()
 4 SYSTEMPATH/Database/BaseBuilder.php(1904): CodeIgniter\Database\BaseConnection->query()
 5 SYSTEMPATH/Model.php(278): CodeIgniter\Database\BaseBuilder->insert()
 6 SYSTEMPATH/BaseModel.php(738): CodeIgniter\Model->doInsert()
 7 SYSTEMPATH/Model.php(666): CodeIgniter\BaseModel->insert()
 8 APPPATH/Controllers/Home.php(31): CodeIgniter\Model->insert()
 9 SYSTEMPATH/CodeIgniter.php(898): App\Controllers\Home->checkin()
10 SYSTEMPATH/CodeIgniter.php(468): CodeIgniter\CodeIgniter->runController()
11 SYSTEMPATH/CodeIgniter.php(351): CodeIgniter\CodeIgniter->handleRequest()
12 FCPATH/index.php(55): CodeIgniter\CodeIgniter->run()
13 SYSTEMPATH/Commands/Server/rewrite.php(43): require_once('FCPATH/index.php')
