ERROR - 2022-07-20 18:47:29 --> Error connecting to the database: Connection refused
CRITICAL - 2022-07-20 18:47:29 --> Unable to connect to the database.
Main connection [MySQLi]: Connection refused
in SYSTEMPATH/Database/BaseConnection.php on line 415.
 1 SYSTEMPATH/Database/BaseConnection.php(585): CodeIgniter\Database\BaseConnection->initialize()
 2 SYSTEMPATH/Database/BaseBuilder.php(1585): CodeIgniter\Database\BaseConnection->query()
 3 SYSTEMPATH/Model.php(222): CodeIgniter\Database\BaseBuilder->get()
 4 SYSTEMPATH/BaseModel.php(584): CodeIgniter\Model->doFindAll()
 5 APPPATH/Controllers/Admin.php(20): CodeIgniter\BaseModel->findAll()
 6 SYSTEMPATH/CodeIgniter.php(898): App\Controllers\Admin->karyawan()
 7 SYSTEMPATH/CodeIgniter.php(468): CodeIgniter\CodeIgniter->runController()
 8 SYSTEMPATH/CodeIgniter.php(351): CodeIgniter\CodeIgniter->handleRequest()
 9 FCPATH/index.php(55): CodeIgniter\CodeIgniter->run()
10 SYSTEMPATH/Commands/Server/rewrite.php(43): require_once('FCPATH/index.php')
CRITICAL - 2022-07-20 18:48:49 --> Unable to generate image: check your GD installation
in VENDORPATH/endroid/qr-code/src/Writer/PngWriter.php on line 27.
 1 VENDORPATH/endroid/qr-code/src/Writer/AbstractWriter.php(77): Endroid\QrCode\Writer\PngWriter->writeString()
 2 VENDORPATH/endroid/qr-code/src/QrCode.php(412): Endroid\QrCode\Writer\AbstractWriter->writeFile()
 3 APPPATH/Views/layout/profile.php(14): Endroid\QrCode\QrCode->writeFile()
 4 SYSTEMPATH/View/View.php(213): include('APPPATH/Views/layout/profile.php')
 5 SYSTEMPATH/View/View.php(216): CodeIgniter\View\View->CodeIgniter\View\{closure}()
 6 SYSTEMPATH/Common.php(1135): CodeIgniter\View\View->render()
 7 APPPATH/Controllers/Profile.php(20): view()
 8 SYSTEMPATH/CodeIgniter.php(898): App\Controllers\Profile->index()
 9 SYSTEMPATH/CodeIgniter.php(468): CodeIgniter\CodeIgniter->runController()
10 SYSTEMPATH/CodeIgniter.php(351): CodeIgniter\CodeIgniter->handleRequest()
11 FCPATH/index.php(55): CodeIgniter\CodeIgniter->run()
12 SYSTEMPATH/Commands/Server/rewrite.php(43): require_once('FCPATH/index.php')
CRITICAL - 2022-07-20 22:18:49 --> Invalid file: layout/dashboard.php
in SYSTEMPATH/Exceptions/FrameworkException.php on line 33.
 1 SYSTEMPATH/View/View.php(201): CodeIgniter\Exceptions\FrameworkException::forInvalidFile()
 2 SYSTEMPATH/Common.php(1135): CodeIgniter\View\View->render()
 3 APPPATH/Controllers/Home.php(15): view()
 4 SYSTEMPATH/CodeIgniter.php(898): App\Controllers\Home->index()
 5 SYSTEMPATH/CodeIgniter.php(468): CodeIgniter\CodeIgniter->runController()
 6 SYSTEMPATH/CodeIgniter.php(351): CodeIgniter\CodeIgniter->handleRequest()
 7 FCPATH/index.php(55): CodeIgniter\CodeIgniter->run()
 8 SYSTEMPATH/Commands/Server/rewrite.php(43): require_once('FCPATH/index.php')
CRITICAL - 2022-07-20 22:21:32 --> Undefined variable $absen
in APPPATH/Views/dashboard.php on line 24.
 1 APPPATH/Views/dashboard.php(24): CodeIgniter\Debug\Exceptions->errorHandler()
 2 SYSTEMPATH/View/View.php(213): include('APPPATH/Views/dashboard.php')
 3 SYSTEMPATH/View/View.php(216): CodeIgniter\View\View->CodeIgniter\View\{closure}()
 4 SYSTEMPATH/Common.php(1135): CodeIgniter\View\View->render()
 5 APPPATH/Controllers/Home.php(15): view()
 6 SYSTEMPATH/CodeIgniter.php(898): App\Controllers\Home->index()
 7 SYSTEMPATH/CodeIgniter.php(468): CodeIgniter\CodeIgniter->runController()
 8 SYSTEMPATH/CodeIgniter.php(351): CodeIgniter\CodeIgniter->handleRequest()
 9 FCPATH/index.php(55): CodeIgniter\CodeIgniter->run()
10 SYSTEMPATH/Commands/Server/rewrite.php(43): require_once('FCPATH/index.php')
CRITICAL - 2022-07-20 22:23:47 --> Undefined property: App\Controllers\Home::$ModelAbsensi
in APPPATH/Controllers/Home.php on line 12.
 1 APPPATH/Controllers/Home.php(12): CodeIgniter\Debug\Exceptions->errorHandler()
 2 SYSTEMPATH/CodeIgniter.php(860): App\Controllers\Home->__construct()
 3 SYSTEMPATH/CodeIgniter.php(459): CodeIgniter\CodeIgniter->createController()
 4 SYSTEMPATH/CodeIgniter.php(351): CodeIgniter\CodeIgniter->handleRequest()
 5 FCPATH/index.php(55): CodeIgniter\CodeIgniter->run()
 6 SYSTEMPATH/Commands/Server/rewrite.php(43): require_once('FCPATH/index.php')
CRITICAL - 2022-07-20 22:23:48 --> Undefined property: App\Controllers\Home::$ModelAbsensi
in APPPATH/Controllers/Home.php on line 12.
 1 APPPATH/Controllers/Home.php(12): CodeIgniter\Debug\Exceptions->errorHandler()
 2 SYSTEMPATH/CodeIgniter.php(860): App\Controllers\Home->__construct()
 3 SYSTEMPATH/CodeIgniter.php(459): CodeIgniter\CodeIgniter->createController()
 4 SYSTEMPATH/CodeIgniter.php(351): CodeIgniter\CodeIgniter->handleRequest()
 5 FCPATH/index.php(55): CodeIgniter\CodeIgniter->run()
 6 SYSTEMPATH/Commands/Server/rewrite.php(43): require_once('FCPATH/index.php')
CRITICAL - 2022-07-20 22:24:14 --> Undefined property: App\Controllers\Home::$ModelAbsensi
in APPPATH/Controllers/Home.php on line 12.
 1 APPPATH/Controllers/Home.php(12): CodeIgniter\Debug\Exceptions->errorHandler()
 2 SYSTEMPATH/CodeIgniter.php(860): App\Controllers\Home->__construct()
 3 SYSTEMPATH/CodeIgniter.php(459): CodeIgniter\CodeIgniter->createController()
 4 SYSTEMPATH/CodeIgniter.php(351): CodeIgniter\CodeIgniter->handleRequest()
 5 FCPATH/index.php(55): CodeIgniter\CodeIgniter->run()
 6 SYSTEMPATH/Commands/Server/rewrite.php(43): require_once('FCPATH/index.php')
ERROR - 2022-07-20 22:24:30 --> Error connecting to the database: Connection refused
CRITICAL - 2022-07-20 22:24:30 --> Unable to connect to the database.
Main connection [MySQLi]: Connection refused
in SYSTEMPATH/Database/BaseConnection.php on line 415.
 1 SYSTEMPATH/Database/BaseConnection.php(585): CodeIgniter\Database\BaseConnection->initialize()
 2 SYSTEMPATH/Database/BaseBuilder.php(1585): CodeIgniter\Database\BaseConnection->query()
 3 APPPATH/Models/ModelAbsensi.php(17): CodeIgniter\Database\BaseBuilder->get()
 4 APPPATH/Controllers/Home.php(18): App\Models\ModelAbsensi->getAll()
 5 SYSTEMPATH/CodeIgniter.php(898): App\Controllers\Home->index()
 6 SYSTEMPATH/CodeIgniter.php(468): CodeIgniter\CodeIgniter->runController()
 7 SYSTEMPATH/CodeIgniter.php(351): CodeIgniter\CodeIgniter->handleRequest()
 8 FCPATH/index.php(55): CodeIgniter\CodeIgniter->run()
 9 SYSTEMPATH/Commands/Server/rewrite.php(43): require_once('FCPATH/index.php')
CRITICAL - 2022-07-20 22:25:48 --> Unable to generate image: check your GD installation
in VENDORPATH/endroid/qr-code/src/Writer/PngWriter.php on line 27.
 1 VENDORPATH/endroid/qr-code/src/Writer/AbstractWriter.php(77): Endroid\QrCode\Writer\PngWriter->writeString()
 2 VENDORPATH/endroid/qr-code/src/QrCode.php(412): Endroid\QrCode\Writer\AbstractWriter->writeFile()
 3 APPPATH/Views/layout/profile.php(14): Endroid\QrCode\QrCode->writeFile()
 4 SYSTEMPATH/View/View.php(213): include('APPPATH/Views/layout/profile.php')
 5 SYSTEMPATH/View/View.php(216): CodeIgniter\View\View->CodeIgniter\View\{closure}()
 6 SYSTEMPATH/Common.php(1135): CodeIgniter\View\View->render()
 7 APPPATH/Controllers/Profile.php(20): view()
 8 SYSTEMPATH/CodeIgniter.php(898): App\Controllers\Profile->index()
 9 SYSTEMPATH/CodeIgniter.php(468): CodeIgniter\CodeIgniter->runController()
10 SYSTEMPATH/CodeIgniter.php(351): CodeIgniter\CodeIgniter->handleRequest()
11 FCPATH/index.php(55): CodeIgniter\CodeIgniter->run()
12 SYSTEMPATH/Commands/Server/rewrite.php(43): require_once('FCPATH/index.php')
CRITICAL - 2022-07-20 22:30:19 --> Unable to generate image: check your GD installation
in VENDORPATH/endroid/qr-code/src/Writer/PngWriter.php on line 27.
 1 VENDORPATH/endroid/qr-code/src/Writer/AbstractWriter.php(77): Endroid\QrCode\Writer\PngWriter->writeString()
 2 VENDORPATH/endroid/qr-code/src/QrCode.php(412): Endroid\QrCode\Writer\AbstractWriter->writeFile()
 3 APPPATH/Views/layout/profile.php(14): Endroid\QrCode\QrCode->writeFile()
 4 SYSTEMPATH/View/View.php(213): include('APPPATH/Views/layout/profile.php')
 5 SYSTEMPATH/View/View.php(216): CodeIgniter\View\View->CodeIgniter\View\{closure}()
 6 SYSTEMPATH/Common.php(1135): CodeIgniter\View\View->render()
 7 APPPATH/Controllers/Profile.php(20): view()
 8 SYSTEMPATH/CodeIgniter.php(898): App\Controllers\Profile->index()
 9 SYSTEMPATH/CodeIgniter.php(468): CodeIgniter\CodeIgniter->runController()
10 SYSTEMPATH/CodeIgniter.php(351): CodeIgniter\CodeIgniter->handleRequest()
11 FCPATH/index.php(55): CodeIgniter\CodeIgniter->run()
12 SYSTEMPATH/Commands/Server/rewrite.php(43): require_once('FCPATH/index.php')
CRITICAL - 2022-07-20 22:34:21 --> Undefined property: CodeIgniter\View\View::$value
in APPPATH/Views/dashboard.php on line 44.
 1 APPPATH/Views/dashboard.php(44): CodeIgniter\Debug\Exceptions->errorHandler()
 2 SYSTEMPATH/View/View.php(213): include('APPPATH/Views/dashboard.php')
 3 SYSTEMPATH/View/View.php(216): CodeIgniter\View\View->CodeIgniter\View\{closure}()
 4 SYSTEMPATH/Common.php(1135): CodeIgniter\View\View->render()
 5 APPPATH/Controllers/Home.php(21): view()
 6 SYSTEMPATH/CodeIgniter.php(898): App\Controllers\Home->index()
 7 SYSTEMPATH/CodeIgniter.php(468): CodeIgniter\CodeIgniter->runController()
 8 SYSTEMPATH/CodeIgniter.php(351): CodeIgniter\CodeIgniter->handleRequest()
 9 FCPATH/index.php(55): CodeIgniter\CodeIgniter->run()
10 SYSTEMPATH/Commands/Server/rewrite.php(43): require_once('FCPATH/index.php')
CRITICAL - 2022-07-20 22:37:23 --> Unable to generate image: check your GD installation
in VENDORPATH/endroid/qr-code/src/Writer/PngWriter.php on line 27.
 1 VENDORPATH/endroid/qr-code/src/Writer/AbstractWriter.php(77): Endroid\QrCode\Writer\PngWriter->writeString()
 2 VENDORPATH/endroid/qr-code/src/QrCode.php(412): Endroid\QrCode\Writer\AbstractWriter->writeFile()
 3 APPPATH/Views/layout/profile.php(14): Endroid\QrCode\QrCode->writeFile()
 4 SYSTEMPATH/View/View.php(213): include('APPPATH/Views/layout/profile.php')
 5 SYSTEMPATH/View/View.php(216): CodeIgniter\View\View->CodeIgniter\View\{closure}()
 6 SYSTEMPATH/Common.php(1135): CodeIgniter\View\View->render()
 7 APPPATH/Controllers/Profile.php(20): view()
 8 SYSTEMPATH/CodeIgniter.php(898): App\Controllers\Profile->index()
 9 SYSTEMPATH/CodeIgniter.php(468): CodeIgniter\CodeIgniter->runController()
10 SYSTEMPATH/CodeIgniter.php(351): CodeIgniter\CodeIgniter->handleRequest()
11 FCPATH/index.php(55): CodeIgniter\CodeIgniter->run()
12 SYSTEMPATH/Commands/Server/rewrite.php(43): require_once('FCPATH/index.php')
CRITICAL - 2022-07-20 22:45:22 --> Unable to generate image: check your GD installation
in VENDORPATH/endroid/qr-code/src/Writer/PngWriter.php on line 27.
 1 VENDORPATH/endroid/qr-code/src/Writer/AbstractWriter.php(77): Endroid\QrCode\Writer\PngWriter->writeString()
 2 VENDORPATH/endroid/qr-code/src/QrCode.php(412): Endroid\QrCode\Writer\AbstractWriter->writeFile()
 3 APPPATH/Views/layout/profile.php(14): Endroid\QrCode\QrCode->writeFile()
 4 SYSTEMPATH/View/View.php(213): include('APPPATH/Views/layout/profile.php')
 5 SYSTEMPATH/View/View.php(216): CodeIgniter\View\View->CodeIgniter\View\{closure}()
 6 SYSTEMPATH/Common.php(1135): CodeIgniter\View\View->render()
 7 APPPATH/Controllers/Profile.php(20): view()
 8 SYSTEMPATH/CodeIgniter.php(898): App\Controllers\Profile->index()
 9 SYSTEMPATH/CodeIgniter.php(468): CodeIgniter\CodeIgniter->runController()
10 SYSTEMPATH/CodeIgniter.php(351): CodeIgniter\CodeIgniter->handleRequest()
11 FCPATH/index.php(55): CodeIgniter\CodeIgniter->run()
12 SYSTEMPATH/Commands/Server/rewrite.php(43): require_once('FCPATH/index.php')
CRITICAL - 2022-07-20 23:04:22 --> There is no data to insert.
in SYSTEMPATH/BaseModel.php on line 718.
 1 SYSTEMPATH/BaseModel.php(718): CodeIgniter\Database\Exceptions\DataException::forEmptyDataset()
 2 SYSTEMPATH/Model.php(666): CodeIgniter\BaseModel->insert()
 3 SYSTEMPATH/BaseModel.php(658): CodeIgniter\Model->insert()
 4 APPPATH/Controllers/Home.php(27): CodeIgniter\BaseModel->save()
 5 SYSTEMPATH/CodeIgniter.php(898): App\Controllers\Home->checkin()
 6 SYSTEMPATH/CodeIgniter.php(468): CodeIgniter\CodeIgniter->runController()
 7 SYSTEMPATH/CodeIgniter.php(351): CodeIgniter\CodeIgniter->handleRequest()
 8 FCPATH/index.php(55): CodeIgniter\CodeIgniter->run()
 9 SYSTEMPATH/Commands/Server/rewrite.php(43): require_once('FCPATH/index.php')
CRITICAL - 2022-07-20 23:04:50 --> There is no data to insert.
in SYSTEMPATH/BaseModel.php on line 718.
 1 SYSTEMPATH/BaseModel.php(718): CodeIgniter\Database\Exceptions\DataException::forEmptyDataset()
 2 SYSTEMPATH/Model.php(666): CodeIgniter\BaseModel->insert()
 3 SYSTEMPATH/BaseModel.php(658): CodeIgniter\Model->insert()
 4 APPPATH/Controllers/Home.php(27): CodeIgniter\BaseModel->save()
 5 SYSTEMPATH/CodeIgniter.php(898): App\Controllers\Home->checkin()
 6 SYSTEMPATH/CodeIgniter.php(468): CodeIgniter\CodeIgniter->runController()
 7 SYSTEMPATH/CodeIgniter.php(351): CodeIgniter\CodeIgniter->handleRequest()
 8 FCPATH/index.php(55): CodeIgniter\CodeIgniter->run()
 9 SYSTEMPATH/Commands/Server/rewrite.php(43): require_once('FCPATH/index.php')
CRITICAL - 2022-07-20 23:05:09 --> There is no data to insert.
in SYSTEMPATH/BaseModel.php on line 718.
 1 SYSTEMPATH/BaseModel.php(718): CodeIgniter\Database\Exceptions\DataException::forEmptyDataset()
 2 SYSTEMPATH/Model.php(666): CodeIgniter\BaseModel->insert()
 3 SYSTEMPATH/BaseModel.php(658): CodeIgniter\Model->insert()
 4 APPPATH/Controllers/Home.php(27): CodeIgniter\BaseModel->save()
 5 SYSTEMPATH/CodeIgniter.php(898): App\Controllers\Home->checkin()
 6 SYSTEMPATH/CodeIgniter.php(468): CodeIgniter\CodeIgniter->runController()
 7 SYSTEMPATH/CodeIgniter.php(351): CodeIgniter\CodeIgniter->handleRequest()
 8 FCPATH/index.php(55): CodeIgniter\CodeIgniter->run()
 9 SYSTEMPATH/Commands/Server/rewrite.php(43): require_once('FCPATH/index.php')
CRITICAL - 2022-07-20 23:05:54 --> There is no data to insert.
in SYSTEMPATH/BaseModel.php on line 718.
 1 SYSTEMPATH/BaseModel.php(718): CodeIgniter\Database\Exceptions\DataException::forEmptyDataset()
 2 SYSTEMPATH/Model.php(666): CodeIgniter\BaseModel->insert()
 3 SYSTEMPATH/BaseModel.php(658): CodeIgniter\Model->insert()
 4 APPPATH/Controllers/Home.php(27): CodeIgniter\BaseModel->save()
 5 SYSTEMPATH/CodeIgniter.php(898): App\Controllers\Home->checkin()
 6 SYSTEMPATH/CodeIgniter.php(468): CodeIgniter\CodeIgniter->runController()
 7 SYSTEMPATH/CodeIgniter.php(351): CodeIgniter\CodeIgniter->handleRequest()
 8 FCPATH/index.php(55): CodeIgniter\CodeIgniter->run()
 9 SYSTEMPATH/Commands/Server/rewrite.php(43): require_once('FCPATH/index.php')
CRITICAL - 2022-07-20 23:06:05 --> There is no data to insert.
in SYSTEMPATH/BaseModel.php on line 718.
 1 SYSTEMPATH/BaseModel.php(718): CodeIgniter\Database\Exceptions\DataException::forEmptyDataset()
 2 SYSTEMPATH/Model.php(666): CodeIgniter\BaseModel->insert()
 3 SYSTEMPATH/BaseModel.php(658): CodeIgniter\Model->insert()
 4 APPPATH/Controllers/Home.php(27): CodeIgniter\BaseModel->save()
 5 SYSTEMPATH/CodeIgniter.php(898): App\Controllers\Home->checkin()
 6 SYSTEMPATH/CodeIgniter.php(468): CodeIgniter\CodeIgniter->runController()
 7 SYSTEMPATH/CodeIgniter.php(351): CodeIgniter\CodeIgniter->handleRequest()
 8 FCPATH/index.php(55): CodeIgniter\CodeIgniter->run()
 9 SYSTEMPATH/Commands/Server/rewrite.php(43): require_once('FCPATH/index.php')
CRITICAL - 2022-07-20 23:06:09 --> There is no data to insert.
in SYSTEMPATH/BaseModel.php on line 718.
 1 SYSTEMPATH/BaseModel.php(718): CodeIgniter\Database\Exceptions\DataException::forEmptyDataset()
 2 SYSTEMPATH/Model.php(666): CodeIgniter\BaseModel->insert()
 3 SYSTEMPATH/BaseModel.php(658): CodeIgniter\Model->insert()
 4 APPPATH/Controllers/Home.php(27): CodeIgniter\BaseModel->save()
 5 SYSTEMPATH/CodeIgniter.php(898): App\Controllers\Home->checkin()
 6 SYSTEMPATH/CodeIgniter.php(468): CodeIgniter\CodeIgniter->runController()
 7 SYSTEMPATH/CodeIgniter.php(351): CodeIgniter\CodeIgniter->handleRequest()
 8 FCPATH/index.php(55): CodeIgniter\CodeIgniter->run()
 9 SYSTEMPATH/Commands/Server/rewrite.php(43): require_once('FCPATH/index.php')
CRITICAL - 2022-07-20 23:06:27 --> There is no data to insert.
in SYSTEMPATH/BaseModel.php on line 718.
 1 SYSTEMPATH/BaseModel.php(718): CodeIgniter\Database\Exceptions\DataException::forEmptyDataset()
 2 SYSTEMPATH/Model.php(666): CodeIgniter\BaseModel->insert()
 3 SYSTEMPATH/BaseModel.php(658): CodeIgniter\Model->insert()
 4 APPPATH/Controllers/Home.php(27): CodeIgniter\BaseModel->save()
 5 SYSTEMPATH/CodeIgniter.php(898): App\Controllers\Home->checkin()
 6 SYSTEMPATH/CodeIgniter.php(468): CodeIgniter\CodeIgniter->runController()
 7 SYSTEMPATH/CodeIgniter.php(351): CodeIgniter\CodeIgniter->handleRequest()
 8 FCPATH/index.php(55): CodeIgniter\CodeIgniter->run()
 9 SYSTEMPATH/Commands/Server/rewrite.php(43): require_once('FCPATH/index.php')
CRITICAL - 2022-07-20 23:07:22 --> Unable to generate image: check your GD installation
in VENDORPATH/endroid/qr-code/src/Writer/PngWriter.php on line 27.
 1 VENDORPATH/endroid/qr-code/src/Writer/AbstractWriter.php(77): Endroid\QrCode\Writer\PngWriter->writeString()
 2 VENDORPATH/endroid/qr-code/src/QrCode.php(412): Endroid\QrCode\Writer\AbstractWriter->writeFile()
 3 APPPATH/Views/layout/profile.php(14): Endroid\QrCode\QrCode->writeFile()
 4 SYSTEMPATH/View/View.php(213): include('APPPATH/Views/layout/profile.php')
 5 SYSTEMPATH/View/View.php(216): CodeIgniter\View\View->CodeIgniter\View\{closure}()
 6 SYSTEMPATH/Common.php(1135): CodeIgniter\View\View->render()
 7 APPPATH/Controllers/Profile.php(20): view()
 8 SYSTEMPATH/CodeIgniter.php(898): App\Controllers\Profile->index()
 9 SYSTEMPATH/CodeIgniter.php(468): CodeIgniter\CodeIgniter->runController()
10 SYSTEMPATH/CodeIgniter.php(351): CodeIgniter\CodeIgniter->handleRequest()
11 FCPATH/index.php(55): CodeIgniter\CodeIgniter->run()
12 SYSTEMPATH/Commands/Server/rewrite.php(43): require_once('FCPATH/index.php')
CRITICAL - 2022-07-20 23:07:30 --> There is no data to insert.
in SYSTEMPATH/BaseModel.php on line 718.
 1 SYSTEMPATH/BaseModel.php(718): CodeIgniter\Database\Exceptions\DataException::forEmptyDataset()
 2 SYSTEMPATH/Model.php(666): CodeIgniter\BaseModel->insert()
 3 SYSTEMPATH/BaseModel.php(658): CodeIgniter\Model->insert()
 4 APPPATH/Controllers/Home.php(27): CodeIgniter\BaseModel->save()
 5 SYSTEMPATH/CodeIgniter.php(898): App\Controllers\Home->checkin()
 6 SYSTEMPATH/CodeIgniter.php(468): CodeIgniter\CodeIgniter->runController()
 7 SYSTEMPATH/CodeIgniter.php(351): CodeIgniter\CodeIgniter->handleRequest()
 8 FCPATH/index.php(55): CodeIgniter\CodeIgniter->run()
 9 SYSTEMPATH/Commands/Server/rewrite.php(43): require_once('FCPATH/index.php')
CRITICAL - 2022-07-20 23:08:44 --> There is no data to insert.
in SYSTEMPATH/BaseModel.php on line 718.
 1 SYSTEMPATH/BaseModel.php(718): CodeIgniter\Database\Exceptions\DataException::forEmptyDataset()
 2 SYSTEMPATH/Model.php(666): CodeIgniter\BaseModel->insert()
 3 APPPATH/Controllers/Home.php(27): CodeIgniter\Model->insert()
 4 SYSTEMPATH/CodeIgniter.php(898): App\Controllers\Home->checkin()
 5 SYSTEMPATH/CodeIgniter.php(468): CodeIgniter\CodeIgniter->runController()
 6 SYSTEMPATH/CodeIgniter.php(351): CodeIgniter\CodeIgniter->handleRequest()
 7 FCPATH/index.php(55): CodeIgniter\CodeIgniter->run()
 8 SYSTEMPATH/Commands/Server/rewrite.php(43): require_once('FCPATH/index.php')
CRITICAL - 2022-07-20 23:08:46 --> There is no data to insert.
in SYSTEMPATH/BaseModel.php on line 718.
 1 SYSTEMPATH/BaseModel.php(718): CodeIgniter\Database\Exceptions\DataException::forEmptyDataset()
 2 SYSTEMPATH/Model.php(666): CodeIgniter\BaseModel->insert()
 3 APPPATH/Controllers/Home.php(27): CodeIgniter\Model->insert()
 4 SYSTEMPATH/CodeIgniter.php(898): App\Controllers\Home->checkin()
 5 SYSTEMPATH/CodeIgniter.php(468): CodeIgniter\CodeIgniter->runController()
 6 SYSTEMPATH/CodeIgniter.php(351): CodeIgniter\CodeIgniter->handleRequest()
 7 FCPATH/index.php(55): CodeIgniter\CodeIgniter->run()
 8 SYSTEMPATH/Commands/Server/rewrite.php(43): require_once('FCPATH/index.php')
ERROR - 2022-07-20 23:09:32 --> Column 'lokasi' cannot be null
CRITICAL - 2022-07-20 23:09:32 --> Column 'lokasi' cannot be null
in SYSTEMPATH/Database/MySQLi/Connection.php on line 292.
 1 SYSTEMPATH/Database/MySQLi/Connection.php(292): mysqli->query()
 2 SYSTEMPATH/Database/BaseConnection.php(678): CodeIgniter\Database\MySQLi\Connection->execute()
 3 SYSTEMPATH/Database/BaseConnection.php(606): CodeIgniter\Database\BaseConnection->simpleQuery()
 4 SYSTEMPATH/Database/BaseBuilder.php(1904): CodeIgniter\Database\BaseConnection->query()
 5 SYSTEMPATH/Model.php(278): CodeIgniter\Database\BaseBuilder->insert()
 6 SYSTEMPATH/BaseModel.php(738): CodeIgniter\Model->doInsert()
 7 SYSTEMPATH/Model.php(666): CodeIgniter\BaseModel->insert()
 8 APPPATH/Controllers/Home.php(27): CodeIgniter\Model->insert()
 9 SYSTEMPATH/CodeIgniter.php(898): App\Controllers\Home->checkin()
10 SYSTEMPATH/CodeIgniter.php(468): CodeIgniter\CodeIgniter->runController()
11 SYSTEMPATH/CodeIgniter.php(351): CodeIgniter\CodeIgniter->handleRequest()
12 FCPATH/index.php(55): CodeIgniter\CodeIgniter->run()
13 SYSTEMPATH/Commands/Server/rewrite.php(43): require_once('FCPATH/index.php')
ERROR - 2022-07-20 23:09:36 --> Column 'lokasi' cannot be null
CRITICAL - 2022-07-20 23:09:36 --> Column 'lokasi' cannot be null
in SYSTEMPATH/Database/MySQLi/Connection.php on line 292.
 1 SYSTEMPATH/Database/MySQLi/Connection.php(292): mysqli->query()
 2 SYSTEMPATH/Database/BaseConnection.php(678): CodeIgniter\Database\MySQLi\Connection->execute()
 3 SYSTEMPATH/Database/BaseConnection.php(606): CodeIgniter\Database\BaseConnection->simpleQuery()
 4 SYSTEMPATH/Database/BaseBuilder.php(1904): CodeIgniter\Database\BaseConnection->query()
 5 SYSTEMPATH/Model.php(278): CodeIgniter\Database\BaseBuilder->insert()
 6 SYSTEMPATH/BaseModel.php(738): CodeIgniter\Model->doInsert()
 7 SYSTEMPATH/Model.php(666): CodeIgniter\BaseModel->insert()
 8 APPPATH/Controllers/Home.php(27): CodeIgniter\Model->insert()
 9 SYSTEMPATH/CodeIgniter.php(898): App\Controllers\Home->checkin()
10 SYSTEMPATH/CodeIgniter.php(468): CodeIgniter\CodeIgniter->runController()
11 SYSTEMPATH/CodeIgniter.php(351): CodeIgniter\CodeIgniter->handleRequest()
12 FCPATH/index.php(55): CodeIgniter\CodeIgniter->run()
13 SYSTEMPATH/Commands/Server/rewrite.php(43): require_once('FCPATH/index.php')
ERROR - 2022-07-20 23:09:39 --> Column 'lokasi' cannot be null
CRITICAL - 2022-07-20 23:09:39 --> Column 'lokasi' cannot be null
in SYSTEMPATH/Database/MySQLi/Connection.php on line 292.
 1 SYSTEMPATH/Database/MySQLi/Connection.php(292): mysqli->query()
 2 SYSTEMPATH/Database/BaseConnection.php(678): CodeIgniter\Database\MySQLi\Connection->execute()
 3 SYSTEMPATH/Database/BaseConnection.php(606): CodeIgniter\Database\BaseConnection->simpleQuery()
 4 SYSTEMPATH/Database/BaseBuilder.php(1904): CodeIgniter\Database\BaseConnection->query()
 5 SYSTEMPATH/Model.php(278): CodeIgniter\Database\BaseBuilder->insert()
 6 SYSTEMPATH/BaseModel.php(738): CodeIgniter\Model->doInsert()
 7 SYSTEMPATH/Model.php(666): CodeIgniter\BaseModel->insert()
 8 APPPATH/Controllers/Home.php(27): CodeIgniter\Model->insert()
 9 SYSTEMPATH/CodeIgniter.php(898): App\Controllers\Home->checkin()
10 SYSTEMPATH/CodeIgniter.php(468): CodeIgniter\CodeIgniter->runController()
11 SYSTEMPATH/CodeIgniter.php(351): CodeIgniter\CodeIgniter->handleRequest()
12 FCPATH/index.php(55): CodeIgniter\CodeIgniter->run()
13 SYSTEMPATH/Commands/Server/rewrite.php(43): require_once('FCPATH/index.php')
CRITICAL - 2022-07-20 23:09:59 --> There is no data to insert.
in SYSTEMPATH/BaseModel.php on line 718.
 1 SYSTEMPATH/BaseModel.php(718): CodeIgniter\Database\Exceptions\DataException::forEmptyDataset()
 2 SYSTEMPATH/Model.php(666): CodeIgniter\BaseModel->insert()
 3 APPPATH/Controllers/Home.php(27): CodeIgniter\Model->insert()
 4 SYSTEMPATH/CodeIgniter.php(898): App\Controllers\Home->checkin()
 5 SYSTEMPATH/CodeIgniter.php(468): CodeIgniter\CodeIgniter->runController()
 6 SYSTEMPATH/CodeIgniter.php(351): CodeIgniter\CodeIgniter->handleRequest()
 7 FCPATH/index.php(55): CodeIgniter\CodeIgniter->run()
 8 SYSTEMPATH/Commands/Server/rewrite.php(43): require_once('FCPATH/index.php')
ERROR - 2022-07-20 23:10:05 --> Column 'lokasi' cannot be null
CRITICAL - 2022-07-20 23:10:05 --> Column 'lokasi' cannot be null
in SYSTEMPATH/Database/MySQLi/Connection.php on line 292.
 1 SYSTEMPATH/Database/MySQLi/Connection.php(292): mysqli->query()
 2 SYSTEMPATH/Database/BaseConnection.php(678): CodeIgniter\Database\MySQLi\Connection->execute()
 3 SYSTEMPATH/Database/BaseConnection.php(606): CodeIgniter\Database\BaseConnection->simpleQuery()
 4 SYSTEMPATH/Database/BaseBuilder.php(1904): CodeIgniter\Database\BaseConnection->query()
 5 SYSTEMPATH/Model.php(278): CodeIgniter\Database\BaseBuilder->insert()
 6 SYSTEMPATH/BaseModel.php(738): CodeIgniter\Model->doInsert()
 7 SYSTEMPATH/Model.php(666): CodeIgniter\BaseModel->insert()
 8 APPPATH/Controllers/Home.php(27): CodeIgniter\Model->insert()
 9 SYSTEMPATH/CodeIgniter.php(898): App\Controllers\Home->checkin()
10 SYSTEMPATH/CodeIgniter.php(468): CodeIgniter\CodeIgniter->runController()
11 SYSTEMPATH/CodeIgniter.php(351): CodeIgniter\CodeIgniter->handleRequest()
12 FCPATH/index.php(55): CodeIgniter\CodeIgniter->run()
13 SYSTEMPATH/Commands/Server/rewrite.php(43): require_once('FCPATH/index.php')
ERROR - 2022-07-20 23:10:54 --> Cannot add or update a child row: a foreign key constraint fails (`centuryprima_absen`.`absensi`, CONSTRAINT `absensi_ibfk_1` FOREIGN KEY (`nik`) REFERENCES `karyawan` (`nik`))
CRITICAL - 2022-07-20 23:10:54 --> Cannot add or update a child row: a foreign key constraint fails (`centuryprima_absen`.`absensi`, CONSTRAINT `absensi_ibfk_1` FOREIGN KEY (`nik`) REFERENCES `karyawan` (`nik`))
in SYSTEMPATH/Database/MySQLi/Connection.php on line 292.
 1 SYSTEMPATH/Database/MySQLi/Connection.php(292): mysqli->query()
 2 SYSTEMPATH/Database/BaseConnection.php(678): CodeIgniter\Database\MySQLi\Connection->execute()
 3 SYSTEMPATH/Database/BaseConnection.php(606): CodeIgniter\Database\BaseConnection->simpleQuery()
 4 SYSTEMPATH/Database/BaseBuilder.php(1904): CodeIgniter\Database\BaseConnection->query()
 5 SYSTEMPATH/Model.php(278): CodeIgniter\Database\BaseBuilder->insert()
 6 SYSTEMPATH/BaseModel.php(738): CodeIgniter\Model->doInsert()
 7 SYSTEMPATH/Model.php(666): CodeIgniter\BaseModel->insert()
 8 APPPATH/Controllers/Home.php(27): CodeIgniter\Model->insert()
 9 SYSTEMPATH/CodeIgniter.php(898): App\Controllers\Home->checkin()
10 SYSTEMPATH/CodeIgniter.php(468): CodeIgniter\CodeIgniter->runController()
11 SYSTEMPATH/CodeIgniter.php(351): CodeIgniter\CodeIgniter->handleRequest()
12 FCPATH/index.php(55): CodeIgniter\CodeIgniter->run()
13 SYSTEMPATH/Commands/Server/rewrite.php(43): require_once('FCPATH/index.php')
ERROR - 2022-07-20 23:11:16 --> Cannot add or update a child row: a foreign key constraint fails (`centuryprima_absen`.`absensi`, CONSTRAINT `absensi_ibfk_1` FOREIGN KEY (`nik`) REFERENCES `karyawan` (`nik`))
CRITICAL - 2022-07-20 23:11:16 --> Cannot add or update a child row: a foreign key constraint fails (`centuryprima_absen`.`absensi`, CONSTRAINT `absensi_ibfk_1` FOREIGN KEY (`nik`) REFERENCES `karyawan` (`nik`))
in SYSTEMPATH/Database/MySQLi/Connection.php on line 292.
 1 SYSTEMPATH/Database/MySQLi/Connection.php(292): mysqli->query()
 2 SYSTEMPATH/Database/BaseConnection.php(678): CodeIgniter\Database\MySQLi\Connection->execute()
 3 SYSTEMPATH/Database/BaseConnection.php(606): CodeIgniter\Database\BaseConnection->simpleQuery()
 4 SYSTEMPATH/Database/BaseBuilder.php(1904): CodeIgniter\Database\BaseConnection->query()
 5 SYSTEMPATH/Model.php(278): CodeIgniter\Database\BaseBuilder->insert()
 6 SYSTEMPATH/BaseModel.php(738): CodeIgniter\Model->doInsert()
 7 SYSTEMPATH/Model.php(666): CodeIgniter\BaseModel->insert()
 8 APPPATH/Controllers/Home.php(27): CodeIgniter\Model->insert()
 9 SYSTEMPATH/CodeIgniter.php(898): App\Controllers\Home->checkin()
10 SYSTEMPATH/CodeIgniter.php(468): CodeIgniter\CodeIgniter->runController()
11 SYSTEMPATH/CodeIgniter.php(351): CodeIgniter\CodeIgniter->handleRequest()
12 FCPATH/index.php(55): CodeIgniter\CodeIgniter->run()
13 SYSTEMPATH/Commands/Server/rewrite.php(43): require_once('FCPATH/index.php')
ERROR - 2022-07-20 23:12:01 --> Cannot add or update a child row: a foreign key constraint fails (`centuryprima_absen`.`absensi`, CONSTRAINT `absensi_ibfk_1` FOREIGN KEY (`nik`) REFERENCES `karyawan` (`nik`))
CRITICAL - 2022-07-20 23:12:01 --> Cannot add or update a child row: a foreign key constraint fails (`centuryprima_absen`.`absensi`, CONSTRAINT `absensi_ibfk_1` FOREIGN KEY (`nik`) REFERENCES `karyawan` (`nik`))
in SYSTEMPATH/Database/MySQLi/Connection.php on line 292.
 1 SYSTEMPATH/Database/MySQLi/Connection.php(292): mysqli->query()
 2 SYSTEMPATH/Database/BaseConnection.php(678): CodeIgniter\Database\MySQLi\Connection->execute()
 3 SYSTEMPATH/Database/BaseConnection.php(606): CodeIgniter\Database\BaseConnection->simpleQuery()
 4 SYSTEMPATH/Database/BaseBuilder.php(1904): CodeIgniter\Database\BaseConnection->query()
 5 SYSTEMPATH/Model.php(278): CodeIgniter\Database\BaseBuilder->insert()
 6 SYSTEMPATH/BaseModel.php(738): CodeIgniter\Model->doInsert()
 7 SYSTEMPATH/Model.php(666): CodeIgniter\BaseModel->insert()
 8 APPPATH/Controllers/Home.php(27): CodeIgniter\Model->insert()
 9 SYSTEMPATH/CodeIgniter.php(898): App\Controllers\Home->checkin()
10 SYSTEMPATH/CodeIgniter.php(468): CodeIgniter\CodeIgniter->runController()
11 SYSTEMPATH/CodeIgniter.php(351): CodeIgniter\CodeIgniter->handleRequest()
12 FCPATH/index.php(55): CodeIgniter\CodeIgniter->run()
13 SYSTEMPATH/Commands/Server/rewrite.php(43): require_once('FCPATH/index.php')
ERROR - 2022-07-20 23:12:03 --> Column 'lokasi' cannot be null
CRITICAL - 2022-07-20 23:12:03 --> Column 'lokasi' cannot be null
in SYSTEMPATH/Database/MySQLi/Connection.php on line 292.
 1 SYSTEMPATH/Database/MySQLi/Connection.php(292): mysqli->query()
 2 SYSTEMPATH/Database/BaseConnection.php(678): CodeIgniter\Database\MySQLi\Connection->execute()
 3 SYSTEMPATH/Database/BaseConnection.php(606): CodeIgniter\Database\BaseConnection->simpleQuery()
 4 SYSTEMPATH/Database/BaseBuilder.php(1904): CodeIgniter\Database\BaseConnection->query()
 5 SYSTEMPATH/Model.php(278): CodeIgniter\Database\BaseBuilder->insert()
 6 SYSTEMPATH/BaseModel.php(738): CodeIgniter\Model->doInsert()
 7 SYSTEMPATH/Model.php(666): CodeIgniter\BaseModel->insert()
 8 APPPATH/Controllers/Home.php(27): CodeIgniter\Model->insert()
 9 SYSTEMPATH/CodeIgniter.php(898): App\Controllers\Home->checkin()
10 SYSTEMPATH/CodeIgniter.php(468): CodeIgniter\CodeIgniter->runController()
11 SYSTEMPATH/CodeIgniter.php(351): CodeIgniter\CodeIgniter->handleRequest()
12 FCPATH/index.php(55): CodeIgniter\CodeIgniter->run()
13 SYSTEMPATH/Commands/Server/rewrite.php(43): require_once('FCPATH/index.php')
ERROR - 2022-07-20 23:12:13 --> Column 'lokasi' cannot be null
CRITICAL - 2022-07-20 23:12:13 --> Column 'lokasi' cannot be null
in SYSTEMPATH/Database/MySQLi/Connection.php on line 292.
 1 SYSTEMPATH/Database/MySQLi/Connection.php(292): mysqli->query()
 2 SYSTEMPATH/Database/BaseConnection.php(678): CodeIgniter\Database\MySQLi\Connection->execute()
 3 SYSTEMPATH/Database/BaseConnection.php(606): CodeIgniter\Database\BaseConnection->simpleQuery()
 4 SYSTEMPATH/Database/BaseBuilder.php(1904): CodeIgniter\Database\BaseConnection->query()
 5 SYSTEMPATH/Model.php(278): CodeIgniter\Database\BaseBuilder->insert()
 6 SYSTEMPATH/BaseModel.php(738): CodeIgniter\Model->doInsert()
 7 SYSTEMPATH/Model.php(666): CodeIgniter\BaseModel->insert()
 8 APPPATH/Controllers/Home.php(27): CodeIgniter\Model->insert()
 9 SYSTEMPATH/CodeIgniter.php(898): App\Controllers\Home->checkin()
10 SYSTEMPATH/CodeIgniter.php(468): CodeIgniter\CodeIgniter->runController()
11 SYSTEMPATH/CodeIgniter.php(351): CodeIgniter\CodeIgniter->handleRequest()
12 FCPATH/index.php(55): CodeIgniter\CodeIgniter->run()
13 SYSTEMPATH/Commands/Server/rewrite.php(43): require_once('FCPATH/index.php')
ERROR - 2022-07-20 23:15:03 --> Cannot add or update a child row: a foreign key constraint fails (`centuryprima_absen`.`absensi`, CONSTRAINT `absensi_ibfk_1` FOREIGN KEY (`nik`) REFERENCES `karyawan` (`nik`))
CRITICAL - 2022-07-20 23:15:03 --> Cannot add or update a child row: a foreign key constraint fails (`centuryprima_absen`.`absensi`, CONSTRAINT `absensi_ibfk_1` FOREIGN KEY (`nik`) REFERENCES `karyawan` (`nik`))
in SYSTEMPATH/Database/MySQLi/Connection.php on line 292.
 1 SYSTEMPATH/Database/MySQLi/Connection.php(292): mysqli->query()
 2 SYSTEMPATH/Database/BaseConnection.php(678): CodeIgniter\Database\MySQLi\Connection->execute()
 3 SYSTEMPATH/Database/BaseConnection.php(606): CodeIgniter\Database\BaseConnection->simpleQuery()
 4 SYSTEMPATH/Database/BaseBuilder.php(1904): CodeIgniter\Database\BaseConnection->query()
 5 SYSTEMPATH/Model.php(278): CodeIgniter\Database\BaseBuilder->insert()
 6 SYSTEMPATH/BaseModel.php(738): CodeIgniter\Model->doInsert()
 7 SYSTEMPATH/Model.php(666): CodeIgniter\BaseModel->insert()
 8 APPPATH/Controllers/Home.php(27): CodeIgniter\Model->insert()
 9 SYSTEMPATH/CodeIgniter.php(898): App\Controllers\Home->checkin()
10 SYSTEMPATH/CodeIgniter.php(468): CodeIgniter\CodeIgniter->runController()
11 SYSTEMPATH/CodeIgniter.php(351): CodeIgniter\CodeIgniter->handleRequest()
12 FCPATH/index.php(55): CodeIgniter\CodeIgniter->run()
13 SYSTEMPATH/Commands/Server/rewrite.php(43): require_once('FCPATH/index.php')
ERROR - 2022-07-20 23:15:55 --> Cannot add or update a child row: a foreign key constraint fails (`centuryprima_absen`.`absensi`, CONSTRAINT `absensi_ibfk_1` FOREIGN KEY (`nik`) REFERENCES `karyawan` (`nik`))
CRITICAL - 2022-07-20 23:15:55 --> Cannot add or update a child row: a foreign key constraint fails (`centuryprima_absen`.`absensi`, CONSTRAINT `absensi_ibfk_1` FOREIGN KEY (`nik`) REFERENCES `karyawan` (`nik`))
in SYSTEMPATH/Database/MySQLi/Connection.php on line 292.
 1 SYSTEMPATH/Database/MySQLi/Connection.php(292): mysqli->query()
 2 SYSTEMPATH/Database/BaseConnection.php(678): CodeIgniter\Database\MySQLi\Connection->execute()
 3 SYSTEMPATH/Database/BaseConnection.php(606): CodeIgniter\Database\BaseConnection->simpleQuery()
 4 SYSTEMPATH/Database/BaseBuilder.php(1904): CodeIgniter\Database\BaseConnection->query()
 5 SYSTEMPATH/Model.php(278): CodeIgniter\Database\BaseBuilder->insert()
 6 SYSTEMPATH/BaseModel.php(738): CodeIgniter\Model->doInsert()
 7 SYSTEMPATH/Model.php(666): CodeIgniter\BaseModel->insert()
 8 APPPATH/Controllers/Home.php(27): CodeIgniter\Model->insert()
 9 SYSTEMPATH/CodeIgniter.php(898): App\Controllers\Home->checkin()
10 SYSTEMPATH/CodeIgniter.php(468): CodeIgniter\CodeIgniter->runController()
11 SYSTEMPATH/CodeIgniter.php(351): CodeIgniter\CodeIgniter->handleRequest()
12 FCPATH/index.php(55): CodeIgniter\CodeIgniter->run()
13 SYSTEMPATH/Commands/Server/rewrite.php(43): require_once('FCPATH/index.php')
ERROR - 2022-07-20 23:16:03 --> Cannot add or update a child row: a foreign key constraint fails (`centuryprima_absen`.`absensi`, CONSTRAINT `absensi_ibfk_1` FOREIGN KEY (`nik`) REFERENCES `karyawan` (`nik`))
CRITICAL - 2022-07-20 23:16:03 --> Cannot add or update a child row: a foreign key constraint fails (`centuryprima_absen`.`absensi`, CONSTRAINT `absensi_ibfk_1` FOREIGN KEY (`nik`) REFERENCES `karyawan` (`nik`))
in SYSTEMPATH/Database/MySQLi/Connection.php on line 292.
 1 SYSTEMPATH/Database/MySQLi/Connection.php(292): mysqli->query()
 2 SYSTEMPATH/Database/BaseConnection.php(678): CodeIgniter\Database\MySQLi\Connection->execute()
 3 SYSTEMPATH/Database/BaseConnection.php(606): CodeIgniter\Database\BaseConnection->simpleQuery()
 4 SYSTEMPATH/Database/BaseBuilder.php(1904): CodeIgniter\Database\BaseConnection->query()
 5 SYSTEMPATH/Model.php(278): CodeIgniter\Database\BaseBuilder->insert()
 6 SYSTEMPATH/BaseModel.php(738): CodeIgniter\Model->doInsert()
 7 SYSTEMPATH/Model.php(666): CodeIgniter\BaseModel->insert()
 8 APPPATH/Controllers/Home.php(27): CodeIgniter\Model->insert()
 9 SYSTEMPATH/CodeIgniter.php(898): App\Controllers\Home->checkin()
10 SYSTEMPATH/CodeIgniter.php(468): CodeIgniter\CodeIgniter->runController()
11 SYSTEMPATH/CodeIgniter.php(351): CodeIgniter\CodeIgniter->handleRequest()
12 FCPATH/index.php(55): CodeIgniter\CodeIgniter->run()
13 SYSTEMPATH/Commands/Server/rewrite.php(43): require_once('FCPATH/index.php')
