CRITICAL - 2022-08-15 14:47:35 --> Too few arguments to function CodeIgniter\View\View::renderSection(), 0 passed in /home/ashcii/Documents/Absensi/app/Views/layout/template.php on line 100 and exactly 1 expected
in SYSTEMPATH/View/View.php on line 408.
 1 APPPATH/Views/layout/template.php(100): CodeIgniter\View\View->renderSection()
 2 SYSTEMPATH/View/View.php(213): include('APPPATH/Views/layout/template.php')
 3 SYSTEMPATH/View/View.php(216): CodeIgniter\View\View->CodeIgniter\View\{closure}()
 4 SYSTEMPATH/View/View.php(229): CodeIgniter\View\View->render()
 5 SYSTEMPATH/Common.php(1135): CodeIgniter\View\View->render()
 6 APPPATH/Controllers/Dashboard.php(26): view()
 7 SYSTEMPATH/CodeIgniter.php(898): App\Controllers\Dashboard->index()
 8 SYSTEMPATH/CodeIgniter.php(468): CodeIgniter\CodeIgniter->runController()
 9 SYSTEMPATH/CodeIgniter.php(351): CodeIgniter\CodeIgniter->handleRequest()
10 FCPATH/index.php(55): CodeIgniter\CodeIgniter->run()
11 SYSTEMPATH/Commands/Server/rewrite.php(43): require_once('FCPATH/index.php')
CRITICAL - 2022-08-15 14:47:59 --> Too few arguments to function CodeIgniter\View\View::renderSection(), 0 passed in /home/ashcii/Documents/Absensi/app/Views/layout/template.php on line 100 and exactly 1 expected
in SYSTEMPATH/View/View.php on line 408.
 1 APPPATH/Views/layout/template.php(100): CodeIgniter\View\View->renderSection()
 2 SYSTEMPATH/View/View.php(213): include('APPPATH/Views/layout/template.php')
 3 SYSTEMPATH/View/View.php(216): CodeIgniter\View\View->CodeIgniter\View\{closure}()
 4 SYSTEMPATH/View/View.php(229): CodeIgniter\View\View->render()
 5 SYSTEMPATH/Common.php(1135): CodeIgniter\View\View->render()
 6 APPPATH/Controllers/Dashboard.php(26): view()
 7 SYSTEMPATH/CodeIgniter.php(898): App\Controllers\Dashboard->index()
 8 SYSTEMPATH/CodeIgniter.php(468): CodeIgniter\CodeIgniter->runController()
 9 SYSTEMPATH/CodeIgniter.php(351): CodeIgniter\CodeIgniter->handleRequest()
10 FCPATH/index.php(55): CodeIgniter\CodeIgniter->run()
11 SYSTEMPATH/Commands/Server/rewrite.php(43): require_once('FCPATH/index.php')
CRITICAL - 2022-08-15 14:48:07 --> Too few arguments to function CodeIgniter\View\View::renderSection(), 0 passed in /home/ashcii/Documents/Absensi/app/Views/layout/template.php on line 100 and exactly 1 expected
in SYSTEMPATH/View/View.php on line 408.
 1 APPPATH/Views/layout/template.php(100): CodeIgniter\View\View->renderSection()
 2 SYSTEMPATH/View/View.php(213): include('APPPATH/Views/layout/template.php')
 3 SYSTEMPATH/View/View.php(216): CodeIgniter\View\View->CodeIgniter\View\{closure}()
 4 SYSTEMPATH/View/View.php(229): CodeIgniter\View\View->render()
 5 SYSTEMPATH/Common.php(1135): CodeIgniter\View\View->render()
 6 APPPATH/Controllers/Dashboard.php(26): view()
 7 SYSTEMPATH/CodeIgniter.php(898): App\Controllers\Dashboard->index()
 8 SYSTEMPATH/CodeIgniter.php(468): CodeIgniter\CodeIgniter->runController()
 9 SYSTEMPATH/CodeIgniter.php(351): CodeIgniter\CodeIgniter->handleRequest()
10 FCPATH/index.php(55): CodeIgniter\CodeIgniter->run()
11 SYSTEMPATH/Commands/Server/rewrite.php(43): require_once('FCPATH/index.php')
CRITICAL - 2022-08-15 14:48:08 --> Too few arguments to function CodeIgniter\View\View::renderSection(), 0 passed in /home/ashcii/Documents/Absensi/app/Views/layout/template.php on line 100 and exactly 1 expected
in SYSTEMPATH/View/View.php on line 408.
 1 APPPATH/Views/layout/template.php(100): CodeIgniter\View\View->renderSection()
 2 SYSTEMPATH/View/View.php(213): include('APPPATH/Views/layout/template.php')
 3 SYSTEMPATH/View/View.php(216): CodeIgniter\View\View->CodeIgniter\View\{closure}()
 4 SYSTEMPATH/View/View.php(229): CodeIgniter\View\View->render()
 5 SYSTEMPATH/Common.php(1135): CodeIgniter\View\View->render()
 6 APPPATH/Controllers/Dashboard.php(26): view()
 7 SYSTEMPATH/CodeIgniter.php(898): App\Controllers\Dashboard->index()
 8 SYSTEMPATH/CodeIgniter.php(468): CodeIgniter\CodeIgniter->runController()
 9 SYSTEMPATH/CodeIgniter.php(351): CodeIgniter\CodeIgniter->handleRequest()
10 FCPATH/index.php(55): CodeIgniter\CodeIgniter->run()
11 SYSTEMPATH/Commands/Server/rewrite.php(43): require_once('FCPATH/index.php')
CRITICAL - 2022-08-15 14:48:23 --> Too few arguments to function CodeIgniter\View\View::renderSection(), 0 passed in /home/ashcii/Documents/Absensi/app/Views/layout/template.php on line 100 and exactly 1 expected
in SYSTEMPATH/View/View.php on line 408.
 1 APPPATH/Views/layout/template.php(100): CodeIgniter\View\View->renderSection()
 2 SYSTEMPATH/View/View.php(213): include('APPPATH/Views/layout/template.php')
 3 SYSTEMPATH/View/View.php(216): CodeIgniter\View\View->CodeIgniter\View\{closure}()
 4 SYSTEMPATH/View/View.php(229): CodeIgniter\View\View->render()
 5 SYSTEMPATH/Common.php(1135): CodeIgniter\View\View->render()
 6 APPPATH/Controllers/Dashboard.php(26): view()
 7 SYSTEMPATH/CodeIgniter.php(898): App\Controllers\Dashboard->index()
 8 SYSTEMPATH/CodeIgniter.php(468): CodeIgniter\CodeIgniter->runController()
 9 SYSTEMPATH/CodeIgniter.php(351): CodeIgniter\CodeIgniter->handleRequest()
10 FCPATH/index.php(55): CodeIgniter\CodeIgniter->run()
11 SYSTEMPATH/Commands/Server/rewrite.php(43): require_once('FCPATH/index.php')
CRITICAL - 2022-08-15 14:48:31 --> Too few arguments to function CodeIgniter\View\View::renderSection(), 0 passed in /home/ashcii/Documents/Absensi/app/Views/layout/template.php on line 100 and exactly 1 expected
in SYSTEMPATH/View/View.php on line 408.
 1 APPPATH/Views/layout/template.php(100): CodeIgniter\View\View->renderSection()
 2 SYSTEMPATH/View/View.php(213): include('APPPATH/Views/layout/template.php')
 3 SYSTEMPATH/View/View.php(216): CodeIgniter\View\View->CodeIgniter\View\{closure}()
 4 SYSTEMPATH/View/View.php(229): CodeIgniter\View\View->render()
 5 SYSTEMPATH/Common.php(1135): CodeIgniter\View\View->render()
 6 APPPATH/Controllers/Dashboard.php(26): view()
 7 SYSTEMPATH/CodeIgniter.php(898): App\Controllers\Dashboard->index()
 8 SYSTEMPATH/CodeIgniter.php(468): CodeIgniter\CodeIgniter->runController()
 9 SYSTEMPATH/CodeIgniter.php(351): CodeIgniter\CodeIgniter->handleRequest()
10 FCPATH/index.php(55): CodeIgniter\CodeIgniter->run()
11 SYSTEMPATH/Commands/Server/rewrite.php(43): require_once('FCPATH/index.php')
CRITICAL - 2022-08-15 14:49:08 --> Too few arguments to function CodeIgniter\View\View::renderSection(), 0 passed in /home/ashcii/Documents/Absensi/app/Views/layout/template.php on line 100 and exactly 1 expected
in SYSTEMPATH/View/View.php on line 408.
 1 APPPATH/Views/layout/template.php(100): CodeIgniter\View\View->renderSection()
 2 SYSTEMPATH/View/View.php(213): include('APPPATH/Views/layout/template.php')
 3 SYSTEMPATH/View/View.php(216): CodeIgniter\View\View->CodeIgniter\View\{closure}()
 4 SYSTEMPATH/View/View.php(229): CodeIgniter\View\View->render()
 5 SYSTEMPATH/Common.php(1135): CodeIgniter\View\View->render()
 6 APPPATH/Controllers/Dashboard.php(26): view()
 7 SYSTEMPATH/CodeIgniter.php(898): App\Controllers\Dashboard->index()
 8 SYSTEMPATH/CodeIgniter.php(468): CodeIgniter\CodeIgniter->runController()
 9 SYSTEMPATH/CodeIgniter.php(351): CodeIgniter\CodeIgniter->handleRequest()
10 FCPATH/index.php(55): CodeIgniter\CodeIgniter->run()
11 SYSTEMPATH/Commands/Server/rewrite.php(43): require_once('FCPATH/index.php')
CRITICAL - 2022-08-15 14:49:09 --> Too few arguments to function CodeIgniter\View\View::renderSection(), 0 passed in /home/ashcii/Documents/Absensi/app/Views/layout/template.php on line 100 and exactly 1 expected
in SYSTEMPATH/View/View.php on line 408.
 1 APPPATH/Views/layout/template.php(100): CodeIgniter\View\View->renderSection()
 2 SYSTEMPATH/View/View.php(213): include('APPPATH/Views/layout/template.php')
 3 SYSTEMPATH/View/View.php(216): CodeIgniter\View\View->CodeIgniter\View\{closure}()
 4 SYSTEMPATH/View/View.php(229): CodeIgniter\View\View->render()
 5 SYSTEMPATH/Common.php(1135): CodeIgniter\View\View->render()
 6 APPPATH/Controllers/Dashboard.php(26): view()
 7 SYSTEMPATH/CodeIgniter.php(898): App\Controllers\Dashboard->index()
 8 SYSTEMPATH/CodeIgniter.php(468): CodeIgniter\CodeIgniter->runController()
 9 SYSTEMPATH/CodeIgniter.php(351): CodeIgniter\CodeIgniter->handleRequest()
10 FCPATH/index.php(55): CodeIgniter\CodeIgniter->run()
11 SYSTEMPATH/Commands/Server/rewrite.php(43): require_once('FCPATH/index.php')
CRITICAL - 2022-08-15 15:29:09 --> Array to string conversion
in APPPATH/Views/dashboard/staff.php on line 9.
 1 APPPATH/Views/dashboard/staff.php(9): CodeIgniter\Debug\Exceptions->errorHandler()
 2 SYSTEMPATH/View/View.php(213): include('APPPATH/Views/dashboard/staff.php')
 3 SYSTEMPATH/View/View.php(216): CodeIgniter\View\View->CodeIgniter\View\{closure}()
 4 SYSTEMPATH/View/View.php(429): CodeIgniter\View\View->render()
 5 APPPATH/Views/dashboard.php(15): CodeIgniter\View\View->include()
 6 SYSTEMPATH/View/View.php(213): include('APPPATH/Views/dashboard.php')
 7 SYSTEMPATH/View/View.php(216): CodeIgniter\View\View->CodeIgniter\View\{closure}()
 8 SYSTEMPATH/Common.php(1135): CodeIgniter\View\View->render()
 9 APPPATH/Controllers/Dashboard.php(26): view()
10 SYSTEMPATH/CodeIgniter.php(898): App\Controllers\Dashboard->index()
11 SYSTEMPATH/CodeIgniter.php(468): CodeIgniter\CodeIgniter->runController()
12 SYSTEMPATH/CodeIgniter.php(351): CodeIgniter\CodeIgniter->handleRequest()
13 FCPATH/index.php(55): CodeIgniter\CodeIgniter->run()
14 SYSTEMPATH/Commands/Server/rewrite.php(43): require_once('FCPATH/index.php')
CRITICAL - 2022-08-15 22:18:14 --> Undefined variable $validation
in APPPATH/Views/dashboard/staff.php on line 7.
 1 APPPATH/Views/dashboard/staff.php(7): CodeIgniter\Debug\Exceptions->errorHandler()
 2 SYSTEMPATH/View/View.php(213): include('APPPATH/Views/dashboard/staff.php')
 3 SYSTEMPATH/View/View.php(216): CodeIgniter\View\View->CodeIgniter\View\{closure}()
 4 SYSTEMPATH/View/View.php(429): CodeIgniter\View\View->render()
 5 APPPATH/Views/dashboard.php(15): CodeIgniter\View\View->include()
 6 SYSTEMPATH/View/View.php(213): include('APPPATH/Views/dashboard.php')
 7 SYSTEMPATH/View/View.php(216): CodeIgniter\View\View->CodeIgniter\View\{closure}()
 8 SYSTEMPATH/Common.php(1135): CodeIgniter\View\View->render()
 9 APPPATH/Controllers/Dashboard.php(26): view()
10 SYSTEMPATH/CodeIgniter.php(898): App\Controllers\Dashboard->index()
11 SYSTEMPATH/CodeIgniter.php(468): CodeIgniter\CodeIgniter->runController()
12 SYSTEMPATH/CodeIgniter.php(351): CodeIgniter\CodeIgniter->handleRequest()
13 FCPATH/index.php(55): CodeIgniter\CodeIgniter->run()
14 SYSTEMPATH/Commands/Server/rewrite.php(43): require_once('FCPATH/index.php')
CRITICAL - 2022-08-15 23:02:15 --> Class "Dompdf" not found
in APPPATH/Controllers/Admin.php on line 206.
 1 SYSTEMPATH/CodeIgniter.php(898): App\Controllers\Admin->absenpdf()
 2 SYSTEMPATH/CodeIgniter.php(468): CodeIgniter\CodeIgniter->runController()
 3 SYSTEMPATH/CodeIgniter.php(351): CodeIgniter\CodeIgniter->handleRequest()
 4 FCPATH/index.php(55): CodeIgniter\CodeIgniter->run()
 5 SYSTEMPATH/Commands/Server/rewrite.php(43): require_once('FCPATH/index.php')
CRITICAL - 2022-08-15 23:02:32 --> Invalid file: /pdf/absen.php
in SYSTEMPATH/Exceptions/FrameworkException.php on line 33.
 1 SYSTEMPATH/View/View.php(201): CodeIgniter\Exceptions\FrameworkException::forInvalidFile()
 2 SYSTEMPATH/Common.php(1135): CodeIgniter\View\View->render()
 3 APPPATH/Controllers/Admin.php(211): view()
 4 SYSTEMPATH/CodeIgniter.php(898): App\Controllers\Admin->absenpdf()
 5 SYSTEMPATH/CodeIgniter.php(468): CodeIgniter\CodeIgniter->runController()
 6 SYSTEMPATH/CodeIgniter.php(351): CodeIgniter\CodeIgniter->handleRequest()
 7 FCPATH/index.php(55): CodeIgniter\CodeIgniter->run()
 8 SYSTEMPATH/Commands/Server/rewrite.php(43): require_once('FCPATH/index.php')
CRITICAL - 2022-08-15 23:06:12 --> Undefined variable $absen
in APPPATH/Views/pdf/absen.php on line 26.
 1 APPPATH/Views/pdf/absen.php(26): CodeIgniter\Debug\Exceptions->errorHandler()
 2 SYSTEMPATH/View/View.php(213): include('APPPATH/Views/pdf/absen.php')
 3 SYSTEMPATH/View/View.php(216): CodeIgniter\View\View->CodeIgniter\View\{closure}()
 4 SYSTEMPATH/Common.php(1135): CodeIgniter\View\View->render()
 5 APPPATH/Controllers/Admin.php(211): view()
 6 SYSTEMPATH/CodeIgniter.php(898): App\Controllers\Admin->absenpdf()
 7 SYSTEMPATH/CodeIgniter.php(468): CodeIgniter\CodeIgniter->runController()
 8 SYSTEMPATH/CodeIgniter.php(351): CodeIgniter\CodeIgniter->handleRequest()
 9 FCPATH/index.php(55): CodeIgniter\CodeIgniter->run()
10 SYSTEMPATH/Commands/Server/rewrite.php(43): require_once('FCPATH/index.php')
