ERROR - 2022-08-23 06:50:02 --> Unknown column 'email' in 'where clause'
CRITICAL - 2022-08-23 06:50:02 --> Unknown column 'email' in 'where clause'
in SYSTEMPATH/Database/MySQLi/Connection.php on line 292.
 1 SYSTEMPATH/Database/MySQLi/Connection.php(292): mysqli->query()
 2 SYSTEMPATH/Database/BaseConnection.php(678): CodeIgniter\Database\MySQLi\Connection->execute()
 3 SYSTEMPATH/Database/BaseConnection.php(606): CodeIgniter\Database\BaseConnection->simpleQuery()
 4 SYSTEMPATH/Database/BaseBuilder.php(1585): CodeIgniter\Database\BaseConnection->query()
 5 SYSTEMPATH/Model.php(249): CodeIgniter\Database\BaseBuilder->get()
 6 SYSTEMPATH/BaseModel.php(622): CodeIgniter\Model->doFirst()
 7 VENDORPATH/myth/auth/src/Authentication/LocalAuthenticator.php(140): CodeIgniter\BaseModel->first()
 8 VENDORPATH/myth/auth/src/Authentication/LocalAuthenticator.php(19): Myth\Auth\Authentication\LocalAuthenticator->validate()
 9 VENDORPATH/myth/auth/src/Controllers/AuthController.php(97): Myth\Auth\Authentication\LocalAuthenticator->attempt()
10 SYSTEMPATH/CodeIgniter.php(898): Myth\Auth\Controllers\AuthController->attemptLogin()
11 SYSTEMPATH/CodeIgniter.php(468): CodeIgniter\CodeIgniter->runController()
12 SYSTEMPATH/CodeIgniter.php(351): CodeIgniter\CodeIgniter->handleRequest()
13 FCPATH/index.php(55): CodeIgniter\CodeIgniter->run()
14 SYSTEMPATH/Commands/Server/rewrite.php(43): require_once('FCPATH/index.php')
CRITICAL - 2022-08-23 06:50:58 --> The "email" field cannot be used to validate credentials.
in VENDORPATH/myth/auth/src/Exceptions/AuthException.php on line 34.
 1 VENDORPATH/myth/auth/src/Authentication/LocalAuthenticator.php(136): Myth\Auth\Exceptions\AuthException::forInvalidFields()
 2 VENDORPATH/myth/auth/src/Authentication/LocalAuthenticator.php(19): Myth\Auth\Authentication\LocalAuthenticator->validate()
 3 VENDORPATH/myth/auth/src/Controllers/AuthController.php(97): Myth\Auth\Authentication\LocalAuthenticator->attempt()
 4 SYSTEMPATH/CodeIgniter.php(898): Myth\Auth\Controllers\AuthController->attemptLogin()
 5 SYSTEMPATH/CodeIgniter.php(468): CodeIgniter\CodeIgniter->runController()
 6 SYSTEMPATH/CodeIgniter.php(351): CodeIgniter\CodeIgniter->handleRequest()
 7 FCPATH/index.php(55): CodeIgniter\CodeIgniter->run()
 8 SYSTEMPATH/Commands/Server/rewrite.php(43): require_once('FCPATH/index.php')
ERROR - 2022-08-23 06:51:09 --> Unknown column 'email' in 'where clause'
CRITICAL - 2022-08-23 06:51:09 --> Unknown column 'email' in 'where clause'
in SYSTEMPATH/Database/MySQLi/Connection.php on line 292.
 1 SYSTEMPATH/Database/MySQLi/Connection.php(292): mysqli->query()
 2 SYSTEMPATH/Database/BaseConnection.php(678): CodeIgniter\Database\MySQLi\Connection->execute()
 3 SYSTEMPATH/Database/BaseConnection.php(606): CodeIgniter\Database\BaseConnection->simpleQuery()
 4 SYSTEMPATH/Database/BaseBuilder.php(1585): CodeIgniter\Database\BaseConnection->query()
 5 SYSTEMPATH/Model.php(249): CodeIgniter\Database\BaseBuilder->get()
 6 SYSTEMPATH/BaseModel.php(622): CodeIgniter\Model->doFirst()
 7 VENDORPATH/myth/auth/src/Authentication/LocalAuthenticator.php(140): CodeIgniter\BaseModel->first()
 8 VENDORPATH/myth/auth/src/Authentication/LocalAuthenticator.php(19): Myth\Auth\Authentication\LocalAuthenticator->validate()
 9 VENDORPATH/myth/auth/src/Controllers/AuthController.php(97): Myth\Auth\Authentication\LocalAuthenticator->attempt()
10 SYSTEMPATH/CodeIgniter.php(898): Myth\Auth\Controllers\AuthController->attemptLogin()
11 SYSTEMPATH/CodeIgniter.php(468): CodeIgniter\CodeIgniter->runController()
12 SYSTEMPATH/CodeIgniter.php(351): CodeIgniter\CodeIgniter->handleRequest()
13 FCPATH/index.php(55): CodeIgniter\CodeIgniter->run()
14 SYSTEMPATH/Commands/Server/rewrite.php(43): require_once('FCPATH/index.php')
CRITICAL - 2022-08-23 09:17:15 --> Undefined variable $row
in APPPATH/Views/dashboard/admin.php on line 111.
 1 APPPATH/Views/dashboard/admin.php(111): CodeIgniter\Debug\Exceptions->errorHandler()
 2 SYSTEMPATH/View/View.php(213): include('APPPATH/Views/dashboard/admin.php')
 3 SYSTEMPATH/View/View.php(216): CodeIgniter\View\View->CodeIgniter\View\{closure}()
 4 SYSTEMPATH/View/View.php(429): CodeIgniter\View\View->render()
 5 APPPATH/Views/dashboard.php(5): CodeIgniter\View\View->include()
 6 SYSTEMPATH/View/View.php(213): include('APPPATH/Views/dashboard.php')
 7 SYSTEMPATH/View/View.php(216): CodeIgniter\View\View->CodeIgniter\View\{closure}()
 8 SYSTEMPATH/Common.php(1135): CodeIgniter\View\View->render()
 9 APPPATH/Controllers/Dashboard.php(35): view()
10 SYSTEMPATH/CodeIgniter.php(898): App\Controllers\Dashboard->index()
11 SYSTEMPATH/CodeIgniter.php(468): CodeIgniter\CodeIgniter->runController()
12 SYSTEMPATH/CodeIgniter.php(351): CodeIgniter\CodeIgniter->handleRequest()
13 FCPATH/index.php(55): CodeIgniter\CodeIgniter->run()
14 SYSTEMPATH/Commands/Server/rewrite.php(43): require_once('FCPATH/index.php')
CRITICAL - 2022-08-23 09:18:00 --> Undefined variable $row
in APPPATH/Views/dashboard/admin.php on line 111.
 1 APPPATH/Views/dashboard/admin.php(111): CodeIgniter\Debug\Exceptions->errorHandler()
 2 SYSTEMPATH/View/View.php(213): include('APPPATH/Views/dashboard/admin.php')
 3 SYSTEMPATH/View/View.php(216): CodeIgniter\View\View->CodeIgniter\View\{closure}()
 4 SYSTEMPATH/View/View.php(429): CodeIgniter\View\View->render()
 5 APPPATH/Views/dashboard.php(5): CodeIgniter\View\View->include()
 6 SYSTEMPATH/View/View.php(213): include('APPPATH/Views/dashboard.php')
 7 SYSTEMPATH/View/View.php(216): CodeIgniter\View\View->CodeIgniter\View\{closure}()
 8 SYSTEMPATH/Common.php(1135): CodeIgniter\View\View->render()
 9 APPPATH/Controllers/Dashboard.php(35): view()
10 SYSTEMPATH/CodeIgniter.php(898): App\Controllers\Dashboard->index()
11 SYSTEMPATH/CodeIgniter.php(468): CodeIgniter\CodeIgniter->runController()
12 SYSTEMPATH/CodeIgniter.php(351): CodeIgniter\CodeIgniter->handleRequest()
13 FCPATH/index.php(55): CodeIgniter\CodeIgniter->run()
14 SYSTEMPATH/Commands/Server/rewrite.php(43): require_once('FCPATH/index.php')
CRITICAL - 2022-08-23 09:18:01 --> Undefined variable $row
in APPPATH/Views/dashboard/admin.php on line 111.
 1 APPPATH/Views/dashboard/admin.php(111): CodeIgniter\Debug\Exceptions->errorHandler()
 2 SYSTEMPATH/View/View.php(213): include('APPPATH/Views/dashboard/admin.php')
 3 SYSTEMPATH/View/View.php(216): CodeIgniter\View\View->CodeIgniter\View\{closure}()
 4 SYSTEMPATH/View/View.php(429): CodeIgniter\View\View->render()
 5 APPPATH/Views/dashboard.php(5): CodeIgniter\View\View->include()
 6 SYSTEMPATH/View/View.php(213): include('APPPATH/Views/dashboard.php')
 7 SYSTEMPATH/View/View.php(216): CodeIgniter\View\View->CodeIgniter\View\{closure}()
 8 SYSTEMPATH/Common.php(1135): CodeIgniter\View\View->render()
 9 APPPATH/Controllers/Dashboard.php(35): view()
10 SYSTEMPATH/CodeIgniter.php(898): App\Controllers\Dashboard->index()
11 SYSTEMPATH/CodeIgniter.php(468): CodeIgniter\CodeIgniter->runController()
12 SYSTEMPATH/CodeIgniter.php(351): CodeIgniter\CodeIgniter->handleRequest()
13 FCPATH/index.php(55): CodeIgniter\CodeIgniter->run()
14 SYSTEMPATH/Commands/Server/rewrite.php(43): require_once('FCPATH/index.php')
CRITICAL - 2022-08-23 15:14:09 --> basename(): Argument #1 ($path) must be of type string, array given
in VENDORPATH/dompdf/dompdf/src/Adapter/CPDF.php on line 926.
 1 VENDORPATH/dompdf/dompdf/src/Adapter/CPDF.php(926): basename()
 2 VENDORPATH/dompdf/dompdf/src/Dompdf.php(874): Dompdf\Adapter\CPDF->stream()
 3 APPPATH/Controllers/Admin.php(265): Dompdf\Dompdf->stream()
 4 SYSTEMPATH/CodeIgniter.php(898): App\Controllers\Admin->laporan()
 5 SYSTEMPATH/CodeIgniter.php(468): CodeIgniter\CodeIgniter->runController()
 6 SYSTEMPATH/CodeIgniter.php(351): CodeIgniter\CodeIgniter->handleRequest()
 7 FCPATH/index.php(55): CodeIgniter\CodeIgniter->run()
 8 SYSTEMPATH/Commands/Server/rewrite.php(43): require_once('FCPATH/index.php')
CRITICAL - 2022-08-23 15:14:13 --> basename(): Argument #1 ($path) must be of type string, array given
in VENDORPATH/dompdf/dompdf/src/Adapter/CPDF.php on line 926.
 1 VENDORPATH/dompdf/dompdf/src/Adapter/CPDF.php(926): basename()
 2 VENDORPATH/dompdf/dompdf/src/Dompdf.php(874): Dompdf\Adapter\CPDF->stream()
 3 APPPATH/Controllers/Admin.php(265): Dompdf\Dompdf->stream()
 4 SYSTEMPATH/CodeIgniter.php(898): App\Controllers\Admin->laporan()
 5 SYSTEMPATH/CodeIgniter.php(468): CodeIgniter\CodeIgniter->runController()
 6 SYSTEMPATH/CodeIgniter.php(351): CodeIgniter\CodeIgniter->handleRequest()
 7 FCPATH/index.php(55): CodeIgniter\CodeIgniter->run()
 8 SYSTEMPATH/Commands/Server/rewrite.php(43): require_once('FCPATH/index.php')
CRITICAL - 2022-08-23 16:15:21 --> Undefined array key "register"
in VENDORPATH/myth/auth/src/Controllers/AuthController.php on line 143.
 1 VENDORPATH/myth/auth/src/Controllers/AuthController.php(143): CodeIgniter\Debug\Exceptions->errorHandler()
 2 SYSTEMPATH/CodeIgniter.php(898): Myth\Auth\Controllers\AuthController->register()
 3 SYSTEMPATH/CodeIgniter.php(468): CodeIgniter\CodeIgniter->runController()
 4 SYSTEMPATH/CodeIgniter.php(351): CodeIgniter\CodeIgniter->handleRequest()
 5 FCPATH/index.php(55): CodeIgniter\CodeIgniter->run()
 6 SYSTEMPATH/Commands/Server/rewrite.php(43): require_once('FCPATH/index.php')
CRITICAL - 2022-08-23 16:15:40 --> Undefined array key "register"
in VENDORPATH/myth/auth/src/Controllers/AuthController.php on line 143.
 1 VENDORPATH/myth/auth/src/Controllers/AuthController.php(143): CodeIgniter\Debug\Exceptions->errorHandler()
 2 SYSTEMPATH/CodeIgniter.php(898): Myth\Auth\Controllers\AuthController->register()
 3 SYSTEMPATH/CodeIgniter.php(468): CodeIgniter\CodeIgniter->runController()
 4 SYSTEMPATH/CodeIgniter.php(351): CodeIgniter\CodeIgniter->handleRequest()
 5 FCPATH/index.php(55): CodeIgniter\CodeIgniter->run()
 6 SYSTEMPATH/Commands/Server/rewrite.php(43): require_once('FCPATH/index.php')
CRITICAL - 2022-08-23 16:15:51 --> Undefined array key "reset"
in VENDORPATH/myth/auth/src/Controllers/AuthController.php on line 316.
 1 VENDORPATH/myth/auth/src/Controllers/AuthController.php(316): CodeIgniter\Debug\Exceptions->errorHandler()
 2 SYSTEMPATH/CodeIgniter.php(898): Myth\Auth\Controllers\AuthController->resetPassword()
 3 SYSTEMPATH/CodeIgniter.php(468): CodeIgniter\CodeIgniter->runController()
 4 SYSTEMPATH/CodeIgniter.php(351): CodeIgniter\CodeIgniter->handleRequest()
 5 FCPATH/index.php(55): CodeIgniter\CodeIgniter->run()
 6 SYSTEMPATH/Commands/Server/rewrite.php(43): require_once('FCPATH/index.php')
ERROR - 2022-08-23 16:33:42 --> Unknown column 'email' in 'where clause'
CRITICAL - 2022-08-23 16:33:42 --> Unknown column 'email' in 'where clause'
in SYSTEMPATH/Database/MySQLi/Connection.php on line 292.
 1 SYSTEMPATH/Database/MySQLi/Connection.php(292): mysqli->query()
 2 SYSTEMPATH/Database/BaseConnection.php(678): CodeIgniter\Database\MySQLi\Connection->execute()
 3 SYSTEMPATH/Database/BaseConnection.php(606): CodeIgniter\Database\BaseConnection->simpleQuery()
 4 SYSTEMPATH/Database/BaseBuilder.php(1585): CodeIgniter\Database\BaseConnection->query()
 5 SYSTEMPATH/Model.php(249): CodeIgniter\Database\BaseBuilder->get()
 6 SYSTEMPATH/BaseModel.php(622): CodeIgniter\Model->doFirst()
 7 VENDORPATH/myth/auth/src/Authentication/LocalAuthenticator.php(140): CodeIgniter\BaseModel->first()
 8 VENDORPATH/myth/auth/src/Authentication/LocalAuthenticator.php(19): Myth\Auth\Authentication\LocalAuthenticator->validate()
 9 VENDORPATH/myth/auth/src/Controllers/AuthController.php(97): Myth\Auth\Authentication\LocalAuthenticator->attempt()
10 SYSTEMPATH/CodeIgniter.php(898): Myth\Auth\Controllers\AuthController->attemptLogin()
11 SYSTEMPATH/CodeIgniter.php(468): CodeIgniter\CodeIgniter->runController()
12 SYSTEMPATH/CodeIgniter.php(351): CodeIgniter\CodeIgniter->handleRequest()
13 FCPATH/index.php(55): CodeIgniter\CodeIgniter->run()
14 SYSTEMPATH/Commands/Server/rewrite.php(43): require_once('FCPATH/index.php')
ERROR - 2022-08-23 16:34:02 --> Unknown column 'email' in 'where clause'
CRITICAL - 2022-08-23 16:34:02 --> Unknown column 'email' in 'where clause'
in SYSTEMPATH/Database/MySQLi/Connection.php on line 292.
 1 SYSTEMPATH/Database/MySQLi/Connection.php(292): mysqli->query()
 2 SYSTEMPATH/Database/BaseConnection.php(678): CodeIgniter\Database\MySQLi\Connection->execute()
 3 SYSTEMPATH/Database/BaseConnection.php(606): CodeIgniter\Database\BaseConnection->simpleQuery()
 4 SYSTEMPATH/Database/BaseBuilder.php(1585): CodeIgniter\Database\BaseConnection->query()
 5 SYSTEMPATH/Model.php(249): CodeIgniter\Database\BaseBuilder->get()
 6 SYSTEMPATH/BaseModel.php(622): CodeIgniter\Model->doFirst()
 7 VENDORPATH/myth/auth/src/Authentication/LocalAuthenticator.php(140): CodeIgniter\BaseModel->first()
 8 VENDORPATH/myth/auth/src/Authentication/LocalAuthenticator.php(19): Myth\Auth\Authentication\LocalAuthenticator->validate()
 9 VENDORPATH/myth/auth/src/Controllers/AuthController.php(97): Myth\Auth\Authentication\LocalAuthenticator->attempt()
10 SYSTEMPATH/CodeIgniter.php(898): Myth\Auth\Controllers\AuthController->attemptLogin()
11 SYSTEMPATH/CodeIgniter.php(468): CodeIgniter\CodeIgniter->runController()
12 SYSTEMPATH/CodeIgniter.php(351): CodeIgniter\CodeIgniter->handleRequest()
13 FCPATH/index.php(55): CodeIgniter\CodeIgniter->run()
14 SYSTEMPATH/Commands/Server/rewrite.php(43): require_once('FCPATH/index.php')
CRITICAL - 2022-08-23 16:34:19 --> Undefined property: stdClass::$email
in APPPATH/Views/admin/karyawan.php on line 79.
 1 APPPATH/Views/admin/karyawan.php(79): CodeIgniter\Debug\Exceptions->errorHandler()
 2 SYSTEMPATH/View/View.php(213): include('APPPATH/Views/admin/karyawan.php')
 3 SYSTEMPATH/View/View.php(216): CodeIgniter\View\View->CodeIgniter\View\{closure}()
 4 SYSTEMPATH/Common.php(1135): CodeIgniter\View\View->render()
 5 APPPATH/Controllers/Admin.php(33): view()
 6 SYSTEMPATH/CodeIgniter.php(898): App\Controllers\Admin->karyawan()
 7 SYSTEMPATH/CodeIgniter.php(468): CodeIgniter\CodeIgniter->runController()
 8 SYSTEMPATH/CodeIgniter.php(351): CodeIgniter\CodeIgniter->handleRequest()
 9 FCPATH/index.php(55): CodeIgniter\CodeIgniter->run()
10 SYSTEMPATH/Commands/Server/rewrite.php(43): require_once('FCPATH/index.php')
CRITICAL - 2022-08-23 16:34:38 --> Undefined property: stdClass::$email
in APPPATH/Views/admin/karyawan.php on line 79.
 1 APPPATH/Views/admin/karyawan.php(79): CodeIgniter\Debug\Exceptions->errorHandler()
 2 SYSTEMPATH/View/View.php(213): include('APPPATH/Views/admin/karyawan.php')
 3 SYSTEMPATH/View/View.php(216): CodeIgniter\View\View->CodeIgniter\View\{closure}()
 4 SYSTEMPATH/Common.php(1135): CodeIgniter\View\View->render()
 5 APPPATH/Controllers/Admin.php(33): view()
 6 SYSTEMPATH/CodeIgniter.php(898): App\Controllers\Admin->karyawan()
 7 SYSTEMPATH/CodeIgniter.php(468): CodeIgniter\CodeIgniter->runController()
 8 SYSTEMPATH/CodeIgniter.php(351): CodeIgniter\CodeIgniter->handleRequest()
 9 FCPATH/index.php(55): CodeIgniter\CodeIgniter->run()
10 SYSTEMPATH/Commands/Server/rewrite.php(43): require_once('FCPATH/index.php')
CRITICAL - 2022-08-23 16:36:31 --> Undefined array key 1
in VENDORPATH/myth/auth/src/Authentication/Passwords/NothingPersonalValidator.php on line 77.
 1 VENDORPATH/myth/auth/src/Authentication/Passwords/NothingPersonalValidator.php(77): CodeIgniter\Debug\Exceptions->errorHandler()
 2 VENDORPATH/myth/auth/src/Authentication/Passwords/NothingPersonalValidator.php(26): Myth\Auth\Authentication\Passwords\NothingPersonalValidator->isNotPersonal()
 3 VENDORPATH/myth/auth/src/Authentication/Passwords/PasswordValidator.php(46): Myth\Auth\Authentication\Passwords\NothingPersonalValidator->check()
 4 VENDORPATH/myth/auth/src/Authentication/Passwords/ValidationRules.php(42): Myth\Auth\Authentication\Passwords\PasswordValidator->check()
 5 SYSTEMPATH/Validation/Validation.php(305): Myth\Auth\Authentication\Passwords\ValidationRules->strong_password()
 6 SYSTEMPATH/Validation/Validation.php(173): CodeIgniter\Validation\Validation->processRules()
 7 SYSTEMPATH/Controller.php(140): CodeIgniter\Validation\Validation->run()
 8 APPPATH/Controllers/Admin.php(99): CodeIgniter\Controller->validate()
 9 SYSTEMPATH/CodeIgniter.php(898): App\Controllers\Admin->simpanKaryawan()
10 SYSTEMPATH/CodeIgniter.php(468): CodeIgniter\CodeIgniter->runController()
11 SYSTEMPATH/CodeIgniter.php(351): CodeIgniter\CodeIgniter->handleRequest()
12 FCPATH/index.php(55): CodeIgniter\CodeIgniter->run()
13 SYSTEMPATH/Commands/Server/rewrite.php(43): require_once('FCPATH/index.php')
CRITICAL - 2022-08-23 16:42:12 --> Undefined variable $no
in APPPATH/Views/admin/tambah_karyawan.php on line 17.
 1 APPPATH/Views/admin/tambah_karyawan.php(17): CodeIgniter\Debug\Exceptions->errorHandler()
 2 SYSTEMPATH/View/View.php(213): include('APPPATH/Views/admin/tambah_karyawan.php')
 3 SYSTEMPATH/View/View.php(216): CodeIgniter\View\View->CodeIgniter\View\{closure}()
 4 SYSTEMPATH/Common.php(1135): CodeIgniter\View\View->render()
 5 APPPATH/Controllers/Admin.php(43): view()
 6 SYSTEMPATH/CodeIgniter.php(898): App\Controllers\Admin->tambah()
 7 SYSTEMPATH/CodeIgniter.php(468): CodeIgniter\CodeIgniter->runController()
 8 SYSTEMPATH/CodeIgniter.php(351): CodeIgniter\CodeIgniter->handleRequest()
 9 FCPATH/index.php(55): CodeIgniter\CodeIgniter->run()
10 SYSTEMPATH/Commands/Server/rewrite.php(43): require_once('FCPATH/index.php')
CRITICAL - 2022-08-23 16:43:12 --> Undefined variable $hurufrand
in APPPATH/Views/admin/tambah_karyawan.php on line 15.
 1 APPPATH/Views/admin/tambah_karyawan.php(15): CodeIgniter\Debug\Exceptions->errorHandler()
 2 SYSTEMPATH/View/View.php(213): include('APPPATH/Views/admin/tambah_karyawan.php')
 3 SYSTEMPATH/View/View.php(216): CodeIgniter\View\View->CodeIgniter\View\{closure}()
 4 SYSTEMPATH/Common.php(1135): CodeIgniter\View\View->render()
 5 APPPATH/Controllers/Admin.php(43): view()
 6 SYSTEMPATH/CodeIgniter.php(898): App\Controllers\Admin->tambah()
 7 SYSTEMPATH/CodeIgniter.php(468): CodeIgniter\CodeIgniter->runController()
 8 SYSTEMPATH/CodeIgniter.php(351): CodeIgniter\CodeIgniter->handleRequest()
 9 FCPATH/index.php(55): CodeIgniter\CodeIgniter->run()
10 SYSTEMPATH/Commands/Server/rewrite.php(43): require_once('FCPATH/index.php')
