CRITICAL - 2022-10-29 06:12:28 --> Undefined variable $absen
in APPPATH\Views\pdf\laporan_daily_activity.php on line 53.
 1 APPPATH\Views\pdf\laporan_daily_activity.php(53): CodeIgniter\Debug\Exceptions->errorHandler(2, 'Undefined variable $absen', 'APPPATH\\Views\\pdf\\laporan_daily_activity.php', 53)
 2 SYSTEMPATH\View\View.php(213): include('APPPATH\\Views\\pdf\\laporan_daily_activity.php')
 3 SYSTEMPATH\View\View.php(216): CodeIgniter\View\View->CodeIgniter\View\{closure}()
 4 SYSTEMPATH\Common.php(1135): CodeIgniter\View\View->render('/pdf/laporan_daily_activity', [], true)
 5 APPPATH\Controllers\Activity.php(195): view('/pdf/laporan_daily_activity', [...])
 6 SYSTEMPATH\CodeIgniter.php(898): App\Controllers\Activity->exportLaporanToday()
 7 SYSTEMPATH\CodeIgniter.php(468): CodeIgniter\CodeIgniter->runController(Object(App\Controllers\Activity))
 8 SYSTEMPATH\CodeIgniter.php(351): CodeIgniter\CodeIgniter->handleRequest(null, Object(Config\Cache), false)
 9 FCPATH\index.php(55): CodeIgniter\CodeIgniter->run()
10 SYSTEMPATH\Commands\Server\rewrite.php(43): require_once('FCPATH\\index.php')
CRITICAL - 2022-10-29 06:13:39 --> Undefined variable $tanggal
in APPPATH\Views\pdf\laporan_daily_activity.php on line 35.
 1 APPPATH\Views\pdf\laporan_daily_activity.php(35): CodeIgniter\Debug\Exceptions->errorHandler(2, 'Undefined variable $tanggal', 'APPPATH\\Views\\pdf\\laporan_daily_activity.php', 35)
 2 SYSTEMPATH\View\View.php(213): include('APPPATH\\Views\\pdf\\laporan_daily_activity.php')
 3 SYSTEMPATH\View\View.php(216): CodeIgniter\View\View->CodeIgniter\View\{closure}()
 4 SYSTEMPATH\Common.php(1135): CodeIgniter\View\View->render('/pdf/laporan_daily_activity', [], true)
 5 APPPATH\Controllers\Activity.php(195): view('/pdf/laporan_daily_activity', [...])
 6 SYSTEMPATH\CodeIgniter.php(898): App\Controllers\Activity->exportLaporanToday()
 7 SYSTEMPATH\CodeIgniter.php(468): CodeIgniter\CodeIgniter->runController(Object(App\Controllers\Activity))
 8 SYSTEMPATH\CodeIgniter.php(351): CodeIgniter\CodeIgniter->handleRequest(null, Object(Config\Cache), false)
 9 FCPATH\index.php(55): CodeIgniter\CodeIgniter->run()
10 SYSTEMPATH\Commands\Server\rewrite.php(43): require_once('FCPATH\\index.php')
CRITICAL - 2022-10-29 06:13:59 --> Undefined variable $absen
in APPPATH\Views\pdf\laporan_daily_activity.php on line 53.
 1 APPPATH\Views\pdf\laporan_daily_activity.php(53): CodeIgniter\Debug\Exceptions->errorHandler(2, 'Undefined variable $absen', 'APPPATH\\Views\\pdf\\laporan_daily_activity.php', 53)
 2 SYSTEMPATH\View\View.php(213): include('APPPATH\\Views\\pdf\\laporan_daily_activity.php')
 3 SYSTEMPATH\View\View.php(216): CodeIgniter\View\View->CodeIgniter\View\{closure}()
 4 SYSTEMPATH\Common.php(1135): CodeIgniter\View\View->render('/pdf/laporan_daily_activity', [], true)
 5 APPPATH\Controllers\Activity.php(195): view('/pdf/laporan_daily_activity', [...])
 6 SYSTEMPATH\CodeIgniter.php(898): App\Controllers\Activity->exportLaporanToday()
 7 SYSTEMPATH\CodeIgniter.php(468): CodeIgniter\CodeIgniter->runController(Object(App\Controllers\Activity))
 8 SYSTEMPATH\CodeIgniter.php(351): CodeIgniter\CodeIgniter->handleRequest(null, Object(Config\Cache), false)
 9 FCPATH\index.php(55): CodeIgniter\CodeIgniter->run()
10 SYSTEMPATH\Commands\Server\rewrite.php(43): require_once('FCPATH\\index.php')
CRITICAL - 2022-10-29 06:25:27 --> Undefined variable $laporan
in APPPATH\Views\activity\laporan_filter.php on line 57.
 1 APPPATH\Views\activity\laporan_filter.php(57): CodeIgniter\Debug\Exceptions->errorHandler(2, 'Undefined variable $laporan', 'APPPATH\\Views\\activity\\laporan_filter.php', 57)
 2 SYSTEMPATH\View\View.php(213): include('APPPATH\\Views\\activity\\laporan_filter.php')
 3 SYSTEMPATH\View\View.php(216): CodeIgniter\View\View->CodeIgniter\View\{closure}()
 4 SYSTEMPATH\Common.php(1135): CodeIgniter\View\View->render('/activity/laporan_filter.php', [], true)
 5 APPPATH\Controllers\Activity.php(214): view('/activity/laporan_filter.php')
 6 SYSTEMPATH\CodeIgniter.php(898): App\Controllers\Activity->laporanActivityFilter()
 7 SYSTEMPATH\CodeIgniter.php(468): CodeIgniter\CodeIgniter->runController(Object(App\Controllers\Activity))
 8 SYSTEMPATH\CodeIgniter.php(351): CodeIgniter\CodeIgniter->handleRequest(null, Object(Config\Cache), false)
 9 FCPATH\index.php(55): CodeIgniter\CodeIgniter->run()
10 SYSTEMPATH\Commands\Server\rewrite.php(43): require_once('FCPATH\\index.php')
CRITICAL - 2022-10-29 06:32:48 --> Undefined variable $tanggal
in APPPATH\Views\pdf\laporan_activity_filter.php on line 35.
 1 APPPATH\Views\pdf\laporan_activity_filter.php(35): CodeIgniter\Debug\Exceptions->errorHandler(2, 'Undefined variable $tanggal', 'APPPATH\\Views\\pdf\\laporan_activity_filter.php', 35)
 2 SYSTEMPATH\View\View.php(213): include('APPPATH\\Views\\pdf\\laporan_activity_filter.php')
 3 SYSTEMPATH\View\View.php(216): CodeIgniter\View\View->CodeIgniter\View\{closure}()
 4 SYSTEMPATH\Common.php(1135): CodeIgniter\View\View->render('/pdf/laporan_activity_filter', [], true)
 5 APPPATH\Controllers\Activity.php(226): view('/pdf/laporan_activity_filter', [...])
 6 SYSTEMPATH\CodeIgniter.php(898): App\Controllers\Activity->exportLaporanFilter()
 7 SYSTEMPATH\CodeIgniter.php(468): CodeIgniter\CodeIgniter->runController(Object(App\Controllers\Activity))
 8 SYSTEMPATH\CodeIgniter.php(351): CodeIgniter\CodeIgniter->handleRequest(null, Object(Config\Cache), false)
 9 FCPATH\index.php(55): CodeIgniter\CodeIgniter->run()
10 SYSTEMPATH\Commands\Server\rewrite.php(43): require_once('FCPATH\\index.php')
