CRITICAL - 2022-07-31 06:33:37 --> date_format(): Argument #1 ($object) must be of type DateTimeInterface, string given
in APPPATH/Views/user/profile.php on line 32.
 1 APPPATH/Views/user/profile.php(32): date_format()
 2 SYSTEMPATH/View/View.php(213): include('APPPATH/Views/user/profile.php')
 3 SYSTEMPATH/View/View.php(216): CodeIgniter\View\View->CodeIgniter\View\{closure}()
 4 SYSTEMPATH/Common.php(1135): CodeIgniter\View\View->render()
 5 APPPATH/Controllers/User.php(20): view()
 6 SYSTEMPATH/CodeIgniter.php(898): App\Controllers\User->index()
 7 SYSTEMPATH/CodeIgniter.php(468): CodeIgniter\CodeIgniter->runController()
 8 SYSTEMPATH/CodeIgniter.php(351): CodeIgniter\CodeIgniter->handleRequest()
 9 FCPATH/index.php(55): CodeIgniter\CodeIgniter->run()
10 SYSTEMPATH/Commands/Server/rewrite.php(43): require_once('FCPATH/index.php')
CRITICAL - 2022-07-31 06:57:31 --> date_format(): Argument #1 ($object) must be of type DateTimeInterface, string given
in APPPATH/Views/user/profile.php on line 35.
 1 APPPATH/Views/user/profile.php(35): date_format()
 2 SYSTEMPATH/View/View.php(213): include('APPPATH/Views/user/profile.php')
 3 SYSTEMPATH/View/View.php(216): CodeIgniter\View\View->CodeIgniter\View\{closure}()
 4 SYSTEMPATH/Common.php(1135): CodeIgniter\View\View->render()
 5 APPPATH/Controllers/User.php(20): view()
 6 SYSTEMPATH/CodeIgniter.php(898): App\Controllers\User->index()
 7 SYSTEMPATH/CodeIgniter.php(468): CodeIgniter\CodeIgniter->runController()
 8 SYSTEMPATH/CodeIgniter.php(351): CodeIgniter\CodeIgniter->handleRequest()
 9 FCPATH/index.php(55): CodeIgniter\CodeIgniter->run()
10 SYSTEMPATH/Commands/Server/rewrite.php(43): require_once('FCPATH/index.php')
CRITICAL - 2022-07-31 06:57:31 --> date_format(): Argument #1 ($object) must be of type DateTimeInterface, string given
in APPPATH/Views/user/profile.php on line 35.
 1 APPPATH/Views/user/profile.php(35): date_format()
 2 SYSTEMPATH/View/View.php(213): include('APPPATH/Views/user/profile.php')
 3 SYSTEMPATH/View/View.php(216): CodeIgniter\View\View->CodeIgniter\View\{closure}()
 4 SYSTEMPATH/Common.php(1135): CodeIgniter\View\View->render()
 5 APPPATH/Controllers/User.php(20): view()
 6 SYSTEMPATH/CodeIgniter.php(898): App\Controllers\User->index()
 7 SYSTEMPATH/CodeIgniter.php(468): CodeIgniter\CodeIgniter->runController()
 8 SYSTEMPATH/CodeIgniter.php(351): CodeIgniter\CodeIgniter->handleRequest()
 9 FCPATH/index.php(55): CodeIgniter\CodeIgniter->run()
10 SYSTEMPATH/Commands/Server/rewrite.php(43): require_once('FCPATH/index.php')
CRITICAL - 2022-07-31 07:01:24 --> date_format(): Argument #1 ($object) must be of type DateTimeInterface, string given
in APPPATH/Views/user/profile.php on line 36.
 1 APPPATH/Views/user/profile.php(36): date_format()
 2 SYSTEMPATH/View/View.php(213): include('APPPATH/Views/user/profile.php')
 3 SYSTEMPATH/View/View.php(216): CodeIgniter\View\View->CodeIgniter\View\{closure}()
 4 SYSTEMPATH/Common.php(1135): CodeIgniter\View\View->render()
 5 APPPATH/Controllers/User.php(20): view()
 6 SYSTEMPATH/CodeIgniter.php(898): App\Controllers\User->index()
 7 SYSTEMPATH/CodeIgniter.php(468): CodeIgniter\CodeIgniter->runController()
 8 SYSTEMPATH/CodeIgniter.php(351): CodeIgniter\CodeIgniter->handleRequest()
 9 FCPATH/index.php(55): CodeIgniter\CodeIgniter->run()
10 SYSTEMPATH/Commands/Server/rewrite.php(43): require_once('FCPATH/index.php')
CRITICAL - 2022-07-31 15:35:01 --> Undefined property: stdClass::$id
in APPPATH/Views/admin/karyawan.php on line 66.
 1 APPPATH/Views/admin/karyawan.php(66): CodeIgniter\Debug\Exceptions->errorHandler()
 2 SYSTEMPATH/View/View.php(213): include('APPPATH/Views/admin/karyawan.php')
 3 SYSTEMPATH/View/View.php(216): CodeIgniter\View\View->CodeIgniter\View\{closure}()
 4 SYSTEMPATH/Common.php(1135): CodeIgniter\View\View->render()
 5 APPPATH/Controllers/Admin.php(25): view()
 6 SYSTEMPATH/CodeIgniter.php(898): App\Controllers\Admin->karyawan()
 7 SYSTEMPATH/CodeIgniter.php(468): CodeIgniter\CodeIgniter->runController()
 8 SYSTEMPATH/CodeIgniter.php(351): CodeIgniter\CodeIgniter->handleRequest()
 9 FCPATH/index.php(55): CodeIgniter\CodeIgniter->run()
10 SYSTEMPATH/Commands/Server/rewrite.php(43): require_once('FCPATH/index.php')
CRITICAL - 2022-07-31 16:07:05 --> Array to string conversion
in APPPATH/Views/layout/sidebar.php on line 18.
 1 APPPATH/Views/layout/sidebar.php(18): CodeIgniter\Debug\Exceptions->errorHandler()
 2 SYSTEMPATH/View/View.php(213): include('APPPATH/Views/layout/sidebar.php')
 3 SYSTEMPATH/View/View.php(216): CodeIgniter\View\View->CodeIgniter\View\{closure}()
 4 SYSTEMPATH/View/View.php(429): CodeIgniter\View\View->render()
 5 APPPATH/Views/layout/template.php(81): CodeIgniter\View\View->include()
 6 SYSTEMPATH/View/View.php(213): include('APPPATH/Views/layout/template.php')
 7 SYSTEMPATH/View/View.php(216): CodeIgniter\View\View->CodeIgniter\View\{closure}()
 8 SYSTEMPATH/View/View.php(229): CodeIgniter\View\View->render()
 9 SYSTEMPATH/Common.php(1135): CodeIgniter\View\View->render()
10 APPPATH/Controllers/Admin.php(34): view()
11 SYSTEMPATH/CodeIgniter.php(898): App\Controllers\Admin->tambah()
12 SYSTEMPATH/CodeIgniter.php(468): CodeIgniter\CodeIgniter->runController()
13 SYSTEMPATH/CodeIgniter.php(351): CodeIgniter\CodeIgniter->handleRequest()
14 FCPATH/index.php(55): CodeIgniter\CodeIgniter->run()
15 SYSTEMPATH/Commands/Server/rewrite.php(43): require_once('FCPATH/index.php')
CRITICAL - 2022-07-31 16:08:47 --> Array to string conversion
in APPPATH/Views/layout/sidebar.php on line 21.
 1 APPPATH/Views/layout/sidebar.php(21): CodeIgniter\Debug\Exceptions->errorHandler()
 2 SYSTEMPATH/View/View.php(213): include('APPPATH/Views/layout/sidebar.php')
 3 SYSTEMPATH/View/View.php(216): CodeIgniter\View\View->CodeIgniter\View\{closure}()
 4 SYSTEMPATH/View/View.php(429): CodeIgniter\View\View->render()
 5 APPPATH/Views/layout/template.php(81): CodeIgniter\View\View->include()
 6 SYSTEMPATH/View/View.php(213): include('APPPATH/Views/layout/template.php')
 7 SYSTEMPATH/View/View.php(216): CodeIgniter\View\View->CodeIgniter\View\{closure}()
 8 SYSTEMPATH/View/View.php(229): CodeIgniter\View\View->render()
 9 SYSTEMPATH/Common.php(1135): CodeIgniter\View\View->render()
10 APPPATH/Controllers/Admin.php(34): view()
11 SYSTEMPATH/CodeIgniter.php(898): App\Controllers\Admin->tambah()
12 SYSTEMPATH/CodeIgniter.php(468): CodeIgniter\CodeIgniter->runController()
13 SYSTEMPATH/CodeIgniter.php(351): CodeIgniter\CodeIgniter->handleRequest()
14 FCPATH/index.php(55): CodeIgniter\CodeIgniter->run()
15 SYSTEMPATH/Commands/Server/rewrite.php(43): require_once('FCPATH/index.php')
CRITICAL - 2022-07-31 16:11:46 --> Array to string conversion
in APPPATH/Views/layout/sidebar.php on line 22.
 1 APPPATH/Views/layout/sidebar.php(22): CodeIgniter\Debug\Exceptions->errorHandler()
 2 SYSTEMPATH/View/View.php(213): include('APPPATH/Views/layout/sidebar.php')
 3 SYSTEMPATH/View/View.php(216): CodeIgniter\View\View->CodeIgniter\View\{closure}()
 4 SYSTEMPATH/View/View.php(429): CodeIgniter\View\View->render()
 5 APPPATH/Views/layout/template.php(81): CodeIgniter\View\View->include()
 6 SYSTEMPATH/View/View.php(213): include('APPPATH/Views/layout/template.php')
 7 SYSTEMPATH/View/View.php(216): CodeIgniter\View\View->CodeIgniter\View\{closure}()
 8 SYSTEMPATH/View/View.php(229): CodeIgniter\View\View->render()
 9 SYSTEMPATH/Common.php(1135): CodeIgniter\View\View->render()
10 APPPATH/Controllers/Admin.php(34): view()
11 SYSTEMPATH/CodeIgniter.php(898): App\Controllers\Admin->tambah()
12 SYSTEMPATH/CodeIgniter.php(468): CodeIgniter\CodeIgniter->runController()
13 SYSTEMPATH/CodeIgniter.php(351): CodeIgniter\CodeIgniter->handleRequest()
14 FCPATH/index.php(55): CodeIgniter\CodeIgniter->run()
15 SYSTEMPATH/Commands/Server/rewrite.php(43): require_once('FCPATH/index.php')
CRITICAL - 2022-07-31 16:11:51 --> Array to string conversion
in APPPATH/Views/layout/sidebar.php on line 22.
 1 APPPATH/Views/layout/sidebar.php(22): CodeIgniter\Debug\Exceptions->errorHandler()
 2 SYSTEMPATH/View/View.php(213): include('APPPATH/Views/layout/sidebar.php')
 3 SYSTEMPATH/View/View.php(216): CodeIgniter\View\View->CodeIgniter\View\{closure}()
 4 SYSTEMPATH/View/View.php(429): CodeIgniter\View\View->render()
 5 APPPATH/Views/layout/template.php(81): CodeIgniter\View\View->include()
 6 SYSTEMPATH/View/View.php(213): include('APPPATH/Views/layout/template.php')
 7 SYSTEMPATH/View/View.php(216): CodeIgniter\View\View->CodeIgniter\View\{closure}()
 8 SYSTEMPATH/View/View.php(229): CodeIgniter\View\View->render()
 9 SYSTEMPATH/Common.php(1135): CodeIgniter\View\View->render()
10 APPPATH/Controllers/Admin.php(34): view()
11 SYSTEMPATH/CodeIgniter.php(898): App\Controllers\Admin->tambah()
12 SYSTEMPATH/CodeIgniter.php(468): CodeIgniter\CodeIgniter->runController()
13 SYSTEMPATH/CodeIgniter.php(351): CodeIgniter\CodeIgniter->handleRequest()
14 FCPATH/index.php(55): CodeIgniter\CodeIgniter->run()
15 SYSTEMPATH/Commands/Server/rewrite.php(43): require_once('FCPATH/index.php')
CRITICAL - 2022-07-31 16:16:58 --> implode(): Argument #2 ($array) must be of type ?array, string given
in APPPATH/Views/layout/sidebar.php on line 19.
 1 APPPATH/Views/layout/sidebar.php(19): implode()
 2 SYSTEMPATH/View/View.php(213): include('APPPATH/Views/layout/sidebar.php')
 3 SYSTEMPATH/View/View.php(216): CodeIgniter\View\View->CodeIgniter\View\{closure}()
 4 SYSTEMPATH/View/View.php(429): CodeIgniter\View\View->render()
 5 APPPATH/Views/layout/template.php(81): CodeIgniter\View\View->include()
 6 SYSTEMPATH/View/View.php(213): include('APPPATH/Views/layout/template.php')
 7 SYSTEMPATH/View/View.php(216): CodeIgniter\View\View->CodeIgniter\View\{closure}()
 8 SYSTEMPATH/View/View.php(229): CodeIgniter\View\View->render()
 9 SYSTEMPATH/Common.php(1135): CodeIgniter\View\View->render()
10 APPPATH/Controllers/Admin.php(34): view()
11 SYSTEMPATH/CodeIgniter.php(898): App\Controllers\Admin->tambah()
12 SYSTEMPATH/CodeIgniter.php(468): CodeIgniter\CodeIgniter->runController()
13 SYSTEMPATH/CodeIgniter.php(351): CodeIgniter\CodeIgniter->handleRequest()
14 FCPATH/index.php(55): CodeIgniter\CodeIgniter->run()
15 SYSTEMPATH/Commands/Server/rewrite.php(43): require_once('FCPATH/index.php')
CRITICAL - 2022-07-31 16:17:06 --> implode(): Argument #2 ($array) must be of type ?array, string given
in APPPATH/Views/layout/sidebar.php on line 19.
 1 APPPATH/Views/layout/sidebar.php(19): implode()
 2 SYSTEMPATH/View/View.php(213): include('APPPATH/Views/layout/sidebar.php')
 3 SYSTEMPATH/View/View.php(216): CodeIgniter\View\View->CodeIgniter\View\{closure}()
 4 SYSTEMPATH/View/View.php(429): CodeIgniter\View\View->render()
 5 APPPATH/Views/layout/template.php(81): CodeIgniter\View\View->include()
 6 SYSTEMPATH/View/View.php(213): include('APPPATH/Views/layout/template.php')
 7 SYSTEMPATH/View/View.php(216): CodeIgniter\View\View->CodeIgniter\View\{closure}()
 8 SYSTEMPATH/View/View.php(229): CodeIgniter\View\View->render()
 9 SYSTEMPATH/Common.php(1135): CodeIgniter\View\View->render()
10 APPPATH/Controllers/Admin.php(34): view()
11 SYSTEMPATH/CodeIgniter.php(898): App\Controllers\Admin->tambah()
12 SYSTEMPATH/CodeIgniter.php(468): CodeIgniter\CodeIgniter->runController()
13 SYSTEMPATH/CodeIgniter.php(351): CodeIgniter\CodeIgniter->handleRequest()
14 FCPATH/index.php(55): CodeIgniter\CodeIgniter->run()
15 SYSTEMPATH/Commands/Server/rewrite.php(43): require_once('FCPATH/index.php')
CRITICAL - 2022-07-31 16:17:12 --> implode(): Argument #2 ($array) must be of type ?array, string given
in APPPATH/Views/layout/sidebar.php on line 19.
 1 APPPATH/Views/layout/sidebar.php(19): implode()
 2 SYSTEMPATH/View/View.php(213): include('APPPATH/Views/layout/sidebar.php')
 3 SYSTEMPATH/View/View.php(216): CodeIgniter\View\View->CodeIgniter\View\{closure}()
 4 SYSTEMPATH/View/View.php(429): CodeIgniter\View\View->render()
 5 APPPATH/Views/layout/template.php(81): CodeIgniter\View\View->include()
 6 SYSTEMPATH/View/View.php(213): include('APPPATH/Views/layout/template.php')
 7 SYSTEMPATH/View/View.php(216): CodeIgniter\View\View->CodeIgniter\View\{closure}()
 8 SYSTEMPATH/View/View.php(229): CodeIgniter\View\View->render()
 9 SYSTEMPATH/Common.php(1135): CodeIgniter\View\View->render()
10 APPPATH/Controllers/Admin.php(34): view()
11 SYSTEMPATH/CodeIgniter.php(898): App\Controllers\Admin->tambah()
12 SYSTEMPATH/CodeIgniter.php(468): CodeIgniter\CodeIgniter->runController()
13 SYSTEMPATH/CodeIgniter.php(351): CodeIgniter\CodeIgniter->handleRequest()
14 FCPATH/index.php(55): CodeIgniter\CodeIgniter->run()
15 SYSTEMPATH/Commands/Server/rewrite.php(43): require_once('FCPATH/index.php')
CRITICAL - 2022-07-31 16:17:41 --> implode(): Argument #2 ($array) must be of type ?array, string given
in APPPATH/Views/layout/sidebar.php on line 19.
 1 APPPATH/Views/layout/sidebar.php(19): implode()
 2 SYSTEMPATH/View/View.php(213): include('APPPATH/Views/layout/sidebar.php')
 3 SYSTEMPATH/View/View.php(216): CodeIgniter\View\View->CodeIgniter\View\{closure}()
 4 SYSTEMPATH/View/View.php(429): CodeIgniter\View\View->render()
 5 APPPATH/Views/layout/template.php(81): CodeIgniter\View\View->include()
 6 SYSTEMPATH/View/View.php(213): include('APPPATH/Views/layout/template.php')
 7 SYSTEMPATH/View/View.php(216): CodeIgniter\View\View->CodeIgniter\View\{closure}()
 8 SYSTEMPATH/View/View.php(229): CodeIgniter\View\View->render()
 9 SYSTEMPATH/Common.php(1135): CodeIgniter\View\View->render()
10 APPPATH/Controllers/Admin.php(34): view()
11 SYSTEMPATH/CodeIgniter.php(898): App\Controllers\Admin->tambah()
12 SYSTEMPATH/CodeIgniter.php(468): CodeIgniter\CodeIgniter->runController()
13 SYSTEMPATH/CodeIgniter.php(351): CodeIgniter\CodeIgniter->handleRequest()
14 FCPATH/index.php(55): CodeIgniter\CodeIgniter->run()
15 SYSTEMPATH/Commands/Server/rewrite.php(43): require_once('FCPATH/index.php')
CRITICAL - 2022-07-31 16:20:39 --> syntax error, unexpected token ";"
in APPPATH/Views/layout/sidebar.php on line 20.
 1 SYSTEMPATH/View/View.php(216): CodeIgniter\View\View->CodeIgniter\View\{closure}()
 2 SYSTEMPATH/View/View.php(429): CodeIgniter\View\View->render()
 3 APPPATH/Views/layout/template.php(81): CodeIgniter\View\View->include()
 4 SYSTEMPATH/View/View.php(213): include('APPPATH/Views/layout/template.php')
 5 SYSTEMPATH/View/View.php(216): CodeIgniter\View\View->CodeIgniter\View\{closure}()
 6 SYSTEMPATH/View/View.php(229): CodeIgniter\View\View->render()
 7 SYSTEMPATH/Common.php(1135): CodeIgniter\View\View->render()
 8 APPPATH/Controllers/User.php(20): view()
 9 SYSTEMPATH/CodeIgniter.php(898): App\Controllers\User->index()
10 SYSTEMPATH/CodeIgniter.php(468): CodeIgniter\CodeIgniter->runController()
11 SYSTEMPATH/CodeIgniter.php(351): CodeIgniter\CodeIgniter->handleRequest()
12 FCPATH/index.php(55): CodeIgniter\CodeIgniter->run()
13 SYSTEMPATH/Commands/Server/rewrite.php(43): require_once('FCPATH/index.php')
CRITICAL - 2022-07-31 18:48:52 --> Class name must be a valid object or a string
in VENDORPATH/myth/auth/src/Config/Services.php on line 97.
 1 SYSTEMPATH/Config/BaseService.php(251): Myth\Auth\Config\Services::resetter()
 2 SYSTEMPATH/Config/BaseService.php(192): CodeIgniter\Config\BaseService::__callStatic()
 3 VENDORPATH/myth/auth/src/Config/Services.php(90): CodeIgniter\Config\BaseService::getSharedInstance()
 4 SYSTEMPATH/Config/BaseService.php(251): Myth\Auth\Config\Services::resetter()
 5 SYSTEMPATH/Common.php(960): CodeIgniter\Config\BaseService::__callStatic()
 6 VENDORPATH/myth/auth/src/Controllers/AuthController.php(295): service()
 7 SYSTEMPATH/CodeIgniter.php(898): Myth\Auth\Controllers\AuthController->attemptForgot()
 8 SYSTEMPATH/CodeIgniter.php(468): CodeIgniter\CodeIgniter->runController()
 9 SYSTEMPATH/CodeIgniter.php(351): CodeIgniter\CodeIgniter->handleRequest()
10 FCPATH/index.php(55): CodeIgniter\CodeIgniter->run()
11 SYSTEMPATH/Commands/Server/rewrite.php(43): require_once('FCPATH/index.php')
CRITICAL - 2022-07-31 18:48:59 --> Class name must be a valid object or a string
in VENDORPATH/myth/auth/src/Config/Services.php on line 97.
 1 SYSTEMPATH/Config/BaseService.php(251): Myth\Auth\Config\Services::resetter()
 2 SYSTEMPATH/Config/BaseService.php(192): CodeIgniter\Config\BaseService::__callStatic()
 3 VENDORPATH/myth/auth/src/Config/Services.php(90): CodeIgniter\Config\BaseService::getSharedInstance()
 4 SYSTEMPATH/Config/BaseService.php(251): Myth\Auth\Config\Services::resetter()
 5 SYSTEMPATH/Common.php(960): CodeIgniter\Config\BaseService::__callStatic()
 6 VENDORPATH/myth/auth/src/Controllers/AuthController.php(295): service()
 7 SYSTEMPATH/CodeIgniter.php(898): Myth\Auth\Controllers\AuthController->attemptForgot()
 8 SYSTEMPATH/CodeIgniter.php(468): CodeIgniter\CodeIgniter->runController()
 9 SYSTEMPATH/CodeIgniter.php(351): CodeIgniter\CodeIgniter->handleRequest()
10 FCPATH/index.php(55): CodeIgniter\CodeIgniter->run()
11 SYSTEMPATH/Commands/Server/rewrite.php(43): require_once('FCPATH/index.php')
CRITICAL - 2022-07-31 18:49:12 --> Class name must be a valid object or a string
in VENDORPATH/myth/auth/src/Config/Services.php on line 81.
 1 SYSTEMPATH/Config/BaseService.php(251): Myth\Auth\Config\Services::activator()
 2 SYSTEMPATH/Config/BaseService.php(192): CodeIgniter\Config\BaseService::__callStatic()
 3 VENDORPATH/myth/auth/src/Config/Services.php(74): CodeIgniter\Config\BaseService::getSharedInstance()
 4 SYSTEMPATH/Config/BaseService.php(251): Myth\Auth\Config\Services::activator()
 5 SYSTEMPATH/Common.php(960): CodeIgniter\Config\BaseService::__callStatic()
 6 VENDORPATH/myth/auth/src/Controllers/AuthController.php(231): service()
 7 SYSTEMPATH/CodeIgniter.php(898): Myth\Auth\Controllers\AuthController->attemptRegister()
 8 SYSTEMPATH/CodeIgniter.php(468): CodeIgniter\CodeIgniter->runController()
 9 SYSTEMPATH/CodeIgniter.php(351): CodeIgniter\CodeIgniter->handleRequest()
10 FCPATH/index.php(55): CodeIgniter\CodeIgniter->run()
11 SYSTEMPATH/Commands/Server/rewrite.php(43): require_once('FCPATH/index.php')
CRITICAL - 2022-07-31 22:28:26 --> Undefined variable $value
in APPPATH/Views/admin/absen.php on line 15.
 1 APPPATH/Views/admin/absen.php(15): CodeIgniter\Debug\Exceptions->errorHandler()
 2 SYSTEMPATH/View/View.php(213): include('APPPATH/Views/admin/absen.php')
 3 SYSTEMPATH/View/View.php(216): CodeIgniter\View\View->CodeIgniter\View\{closure}()
 4 SYSTEMPATH/Common.php(1135): CodeIgniter\View\View->render()
 5 APPPATH/Controllers/Admin.php(128): view()
 6 SYSTEMPATH/CodeIgniter.php(898): App\Controllers\Admin->absen()
 7 SYSTEMPATH/CodeIgniter.php(468): CodeIgniter\CodeIgniter->runController()
 8 SYSTEMPATH/CodeIgniter.php(351): CodeIgniter\CodeIgniter->handleRequest()
 9 FCPATH/index.php(55): CodeIgniter\CodeIgniter->run()
10 SYSTEMPATH/Commands/Server/rewrite.php(43): require_once('FCPATH/index.php')
CRITICAL - 2022-07-31 23:20:20 --> Class "Dompdf\dompdf" not found
in APPPATH/Controllers/Admin.php on line 135.
 1 SYSTEMPATH/CodeIgniter.php(898): App\Controllers\Admin->printpdf()
 2 SYSTEMPATH/CodeIgniter.php(468): CodeIgniter\CodeIgniter->runController()
 3 SYSTEMPATH/CodeIgniter.php(351): CodeIgniter\CodeIgniter->handleRequest()
 4 FCPATH/index.php(55): CodeIgniter\CodeIgniter->run()
 5 SYSTEMPATH/Commands/Server/rewrite.php(43): require_once('FCPATH/index.php')
CRITICAL - 2022-07-31 23:20:33 --> Class "Dompdf\dompdf" not found
in APPPATH/Controllers/Admin.php on line 135.
 1 SYSTEMPATH/CodeIgniter.php(898): App\Controllers\Admin->printpdf()
 2 SYSTEMPATH/CodeIgniter.php(468): CodeIgniter\CodeIgniter->runController()
 3 SYSTEMPATH/CodeIgniter.php(351): CodeIgniter\CodeIgniter->handleRequest()
 4 FCPATH/index.php(55): CodeIgniter\CodeIgniter->run()
 5 SYSTEMPATH/Commands/Server/rewrite.php(43): require_once('FCPATH/index.php')
CRITICAL - 2022-07-31 23:22:16 --> Class "Dompdf\dompdf" not found
in APPPATH/Controllers/Admin.php on line 16.
 1 SYSTEMPATH/CodeIgniter.php(860): App\Controllers\Admin->__construct()
 2 SYSTEMPATH/CodeIgniter.php(459): CodeIgniter\CodeIgniter->createController()
 3 SYSTEMPATH/CodeIgniter.php(351): CodeIgniter\CodeIgniter->handleRequest()
 4 FCPATH/index.php(55): CodeIgniter\CodeIgniter->run()
 5 SYSTEMPATH/Commands/Server/rewrite.php(43): require_once('FCPATH/index.php')
CRITICAL - 2022-07-31 23:22:17 --> Class "Dompdf\dompdf" not found
in APPPATH/Controllers/Admin.php on line 16.
 1 SYSTEMPATH/CodeIgniter.php(860): App\Controllers\Admin->__construct()
 2 SYSTEMPATH/CodeIgniter.php(459): CodeIgniter\CodeIgniter->createController()
 3 SYSTEMPATH/CodeIgniter.php(351): CodeIgniter\CodeIgniter->handleRequest()
 4 FCPATH/index.php(55): CodeIgniter\CodeIgniter->run()
 5 SYSTEMPATH/Commands/Server/rewrite.php(43): require_once('FCPATH/index.php')
CRITICAL - 2022-07-31 23:22:18 --> Class "Dompdf\dompdf" not found
in APPPATH/Controllers/Admin.php on line 16.
 1 SYSTEMPATH/CodeIgniter.php(860): App\Controllers\Admin->__construct()
 2 SYSTEMPATH/CodeIgniter.php(459): CodeIgniter\CodeIgniter->createController()
 3 SYSTEMPATH/CodeIgniter.php(351): CodeIgniter\CodeIgniter->handleRequest()
 4 FCPATH/index.php(55): CodeIgniter\CodeIgniter->run()
 5 SYSTEMPATH/Commands/Server/rewrite.php(43): require_once('FCPATH/index.php')
CRITICAL - 2022-07-31 23:22:19 --> Class "Dompdf\dompdf" not found
in APPPATH/Controllers/Admin.php on line 16.
 1 SYSTEMPATH/CodeIgniter.php(860): App\Controllers\Admin->__construct()
 2 SYSTEMPATH/CodeIgniter.php(459): CodeIgniter\CodeIgniter->createController()
 3 SYSTEMPATH/CodeIgniter.php(351): CodeIgniter\CodeIgniter->handleRequest()
 4 FCPATH/index.php(55): CodeIgniter\CodeIgniter->run()
 5 SYSTEMPATH/Commands/Server/rewrite.php(43): require_once('FCPATH/index.php')
CRITICAL - 2022-07-31 23:23:16 --> Undefined variable $dompdf
in APPPATH/Controllers/Admin.php on line 144.
 1 APPPATH/Controllers/Admin.php(144): CodeIgniter\Debug\Exceptions->errorHandler()
 2 SYSTEMPATH/CodeIgniter.php(898): App\Controllers\Admin->printpdf()
 3 SYSTEMPATH/CodeIgniter.php(468): CodeIgniter\CodeIgniter->runController()
 4 SYSTEMPATH/CodeIgniter.php(351): CodeIgniter\CodeIgniter->handleRequest()
 5 FCPATH/index.php(55): CodeIgniter\CodeIgniter->run()
 6 SYSTEMPATH/Commands/Server/rewrite.php(43): require_once('FCPATH/index.php')
CRITICAL - 2022-07-31 23:23:45 --> Class "Dompdf\dompdf" not found
in APPPATH/Controllers/Admin.php on line 135.
 1 SYSTEMPATH/CodeIgniter.php(898): App\Controllers\Admin->printpdf()
 2 SYSTEMPATH/CodeIgniter.php(468): CodeIgniter\CodeIgniter->runController()
 3 SYSTEMPATH/CodeIgniter.php(351): CodeIgniter\CodeIgniter->handleRequest()
 4 FCPATH/index.php(55): CodeIgniter\CodeIgniter->run()
 5 SYSTEMPATH/Commands/Server/rewrite.php(43): require_once('FCPATH/index.php')
CRITICAL - 2022-07-31 23:23:47 --> Class "Dompdf\dompdf" not found
in APPPATH/Controllers/Admin.php on line 135.
 1 SYSTEMPATH/CodeIgniter.php(898): App\Controllers\Admin->printpdf()
 2 SYSTEMPATH/CodeIgniter.php(468): CodeIgniter\CodeIgniter->runController()
 3 SYSTEMPATH/CodeIgniter.php(351): CodeIgniter\CodeIgniter->handleRequest()
 4 FCPATH/index.php(55): CodeIgniter\CodeIgniter->run()
 5 SYSTEMPATH/Commands/Server/rewrite.php(43): require_once('FCPATH/index.php')
