CRITICAL - 2022-07-18 09:46:11 --> Call to undefined function CodeIgniter\locale_set_default()
in SYSTEMPATH/CodeIgniter.php on line 193.
 1 ROOTPATH/spark(71): CodeIgniter\CodeIgniter->initialize()
CRITICAL - 2022-07-18 09:50:17 --> Call to undefined function CodeIgniter\locale_set_default()
in SYSTEMPATH/CodeIgniter.php on line 193.
 1 ROOTPATH/spark(71): CodeIgniter\CodeIgniter->initialize()
CRITICAL - 2022-07-18 09:51:34 --> Call to undefined function CodeIgniter\locale_set_default()
in SYSTEMPATH/CodeIgniter.php on line 193.
 1 ROOTPATH/spark(71): CodeIgniter\CodeIgniter->initialize()
CRITICAL - 2022-07-18 09:51:50 --> Call to undefined function CodeIgniter\locale_set_default()
in SYSTEMPATH/CodeIgniter.php on line 193.
 1 ROOTPATH/spark(71): CodeIgniter\CodeIgniter->initialize()
CRITICAL - 2022-07-18 10:15:28 --> Undefined constant "CodeIgniter\Database\MySQLi\MYSQLI_STORE_RESULT"
in SYSTEMPATH/Database/Database.php on line 136.
 1 SYSTEMPATH/Database/Database.php(56): CodeIgniter\Database\Database->initDriver()
 2 SYSTEMPATH/Database/Config.php(78): CodeIgniter\Database\Database->load()
 3 SYSTEMPATH/Model.php(136): CodeIgniter\Database\Config::connect()
 4 APPPATH/Controllers/Scan.php(12): CodeIgniter\Model->__construct()
 5 SYSTEMPATH/CodeIgniter.php(860): App\Controllers\Scan->__construct()
 6 SYSTEMPATH/CodeIgniter.php(459): CodeIgniter\CodeIgniter->createController()
 7 SYSTEMPATH/CodeIgniter.php(351): CodeIgniter\CodeIgniter->handleRequest()
 8 FCPATH/index.php(55): CodeIgniter\CodeIgniter->run()
 9 SYSTEMPATH/Commands/Server/rewrite.php(43): require_once('FCPATH/index.php')
CRITICAL - 2022-07-18 10:16:47 --> Undefined constant "CodeIgniter\Database\MySQLi\MYSQLI_STORE_RESULT"
in SYSTEMPATH/Database/Database.php on line 136.
 1 SYSTEMPATH/Database/Database.php(56): CodeIgniter\Database\Database->initDriver()
 2 SYSTEMPATH/Database/Config.php(78): CodeIgniter\Database\Database->load()
 3 SYSTEMPATH/Model.php(136): CodeIgniter\Database\Config::connect()
 4 APPPATH/Controllers/Scan.php(12): CodeIgniter\Model->__construct()
 5 SYSTEMPATH/CodeIgniter.php(860): App\Controllers\Scan->__construct()
 6 SYSTEMPATH/CodeIgniter.php(459): CodeIgniter\CodeIgniter->createController()
 7 SYSTEMPATH/CodeIgniter.php(351): CodeIgniter\CodeIgniter->handleRequest()
 8 FCPATH/index.php(55): CodeIgniter\CodeIgniter->run()
 9 SYSTEMPATH/Commands/Server/rewrite.php(43): require_once('FCPATH/index.php')
CRITICAL - 2022-07-18 10:16:48 --> Undefined constant "CodeIgniter\Database\MySQLi\MYSQLI_STORE_RESULT"
in SYSTEMPATH/Database/Database.php on line 136.
 1 SYSTEMPATH/Database/Database.php(56): CodeIgniter\Database\Database->initDriver()
 2 SYSTEMPATH/Database/Config.php(78): CodeIgniter\Database\Database->load()
 3 SYSTEMPATH/Model.php(136): CodeIgniter\Database\Config::connect()
 4 APPPATH/Controllers/Scan.php(12): CodeIgniter\Model->__construct()
 5 SYSTEMPATH/CodeIgniter.php(860): App\Controllers\Scan->__construct()
 6 SYSTEMPATH/CodeIgniter.php(459): CodeIgniter\CodeIgniter->createController()
 7 SYSTEMPATH/CodeIgniter.php(351): CodeIgniter\CodeIgniter->handleRequest()
 8 FCPATH/index.php(55): CodeIgniter\CodeIgniter->run()
 9 SYSTEMPATH/Commands/Server/rewrite.php(43): require_once('FCPATH/index.php')
CRITICAL - 2022-07-18 10:18:31 --> Undefined constant "CodeIgniter\Database\MySQLi\MYSQLI_STORE_RESULT"
in SYSTEMPATH/Database/Database.php on line 136.
 1 SYSTEMPATH/Database/Database.php(56): CodeIgniter\Database\Database->initDriver()
 2 SYSTEMPATH/Database/Config.php(78): CodeIgniter\Database\Database->load()
 3 SYSTEMPATH/Model.php(136): CodeIgniter\Database\Config::connect()
 4 APPPATH/Controllers/Admin.php(12): CodeIgniter\Model->__construct()
 5 SYSTEMPATH/CodeIgniter.php(860): App\Controllers\Admin->__construct()
 6 SYSTEMPATH/CodeIgniter.php(459): CodeIgniter\CodeIgniter->createController()
 7 SYSTEMPATH/CodeIgniter.php(351): CodeIgniter\CodeIgniter->handleRequest()
 8 FCPATH/index.php(55): CodeIgniter\CodeIgniter->run()
 9 SYSTEMPATH/Commands/Server/rewrite.php(43): require_once('FCPATH/index.php')
ERROR - 2022-07-18 10:21:36 --> Error connecting to the database: No such file or directory
CRITICAL - 2022-07-18 10:21:36 --> Unable to connect to the database.
Main connection [MySQLi]: No such file or directory
in SYSTEMPATH/Database/BaseConnection.php on line 415.
 1 SYSTEMPATH/Database/BaseConnection.php(585): CodeIgniter\Database\BaseConnection->initialize()
 2 SYSTEMPATH/Database/BaseBuilder.php(1585): CodeIgniter\Database\BaseConnection->query()
 3 SYSTEMPATH/Model.php(222): CodeIgniter\Database\BaseBuilder->get()
 4 SYSTEMPATH/BaseModel.php(584): CodeIgniter\Model->doFindAll()
 5 APPPATH/Controllers/Admin.php(20): CodeIgniter\BaseModel->findAll()
 6 SYSTEMPATH/CodeIgniter.php(898): App\Controllers\Admin->karyawan()
 7 SYSTEMPATH/CodeIgniter.php(468): CodeIgniter\CodeIgniter->runController()
 8 SYSTEMPATH/CodeIgniter.php(351): CodeIgniter\CodeIgniter->handleRequest()
 9 FCPATH/index.php(55): CodeIgniter\CodeIgniter->run()
10 SYSTEMPATH/Commands/Server/rewrite.php(43): require_once('FCPATH/index.php')
ERROR - 2022-07-18 10:21:45 --> Error connecting to the database: No such file or directory
CRITICAL - 2022-07-18 10:21:45 --> Unable to connect to the database.
Main connection [MySQLi]: No such file or directory
in SYSTEMPATH/Database/BaseConnection.php on line 415.
 1 SYSTEMPATH/Database/BaseConnection.php(585): CodeIgniter\Database\BaseConnection->initialize()
 2 SYSTEMPATH/Database/BaseBuilder.php(1585): CodeIgniter\Database\BaseConnection->query()
 3 APPPATH/Models/ModelAbsensi.php(17): CodeIgniter\Database\BaseBuilder->get()
 4 APPPATH/Controllers/Admin.php(115): App\Models\ModelAbsensi->getAll()
 5 SYSTEMPATH/CodeIgniter.php(898): App\Controllers\Admin->absen()
 6 SYSTEMPATH/CodeIgniter.php(468): CodeIgniter\CodeIgniter->runController()
 7 SYSTEMPATH/CodeIgniter.php(351): CodeIgniter\CodeIgniter->handleRequest()
 8 FCPATH/index.php(55): CodeIgniter\CodeIgniter->run()
 9 SYSTEMPATH/Commands/Server/rewrite.php(43): require_once('FCPATH/index.php')
ERROR - 2022-07-18 10:24:57 --> Error connecting to the database: No such file or directory
CRITICAL - 2022-07-18 10:24:57 --> Unable to connect to the database.
Main connection [MySQLi]: No such file or directory
in SYSTEMPATH/Database/BaseConnection.php on line 415.
 1 SYSTEMPATH/Database/BaseConnection.php(585): CodeIgniter\Database\BaseConnection->initialize()
 2 SYSTEMPATH/Database/BaseBuilder.php(1585): CodeIgniter\Database\BaseConnection->query()
 3 APPPATH/Models/ModelAbsensi.php(17): CodeIgniter\Database\BaseBuilder->get()
 4 APPPATH/Controllers/Admin.php(115): App\Models\ModelAbsensi->getAll()
 5 SYSTEMPATH/CodeIgniter.php(898): App\Controllers\Admin->absen()
 6 SYSTEMPATH/CodeIgniter.php(468): CodeIgniter\CodeIgniter->runController()
 7 SYSTEMPATH/CodeIgniter.php(351): CodeIgniter\CodeIgniter->handleRequest()
 8 FCPATH/index.php(55): CodeIgniter\CodeIgniter->run()
 9 SYSTEMPATH/Commands/Server/rewrite.php(43): require_once('FCPATH/index.php')
ERROR - 2022-07-18 10:24:58 --> Error connecting to the database: No such file or directory
CRITICAL - 2022-07-18 10:24:58 --> Unable to connect to the database.
Main connection [MySQLi]: No such file or directory
in SYSTEMPATH/Database/BaseConnection.php on line 415.
 1 SYSTEMPATH/Database/BaseConnection.php(585): CodeIgniter\Database\BaseConnection->initialize()
 2 SYSTEMPATH/Database/BaseBuilder.php(1585): CodeIgniter\Database\BaseConnection->query()
 3 APPPATH/Models/ModelAbsensi.php(17): CodeIgniter\Database\BaseBuilder->get()
 4 APPPATH/Controllers/Admin.php(115): App\Models\ModelAbsensi->getAll()
 5 SYSTEMPATH/CodeIgniter.php(898): App\Controllers\Admin->absen()
 6 SYSTEMPATH/CodeIgniter.php(468): CodeIgniter\CodeIgniter->runController()
 7 SYSTEMPATH/CodeIgniter.php(351): CodeIgniter\CodeIgniter->handleRequest()
 8 FCPATH/index.php(55): CodeIgniter\CodeIgniter->run()
 9 SYSTEMPATH/Commands/Server/rewrite.php(43): require_once('FCPATH/index.php')
ERROR - 2022-07-18 10:25:02 --> Error connecting to the database: No such file or directory
CRITICAL - 2022-07-18 10:25:02 --> Unable to connect to the database.
Main connection [MySQLi]: No such file or directory
in SYSTEMPATH/Database/BaseConnection.php on line 415.
 1 SYSTEMPATH/Database/BaseConnection.php(585): CodeIgniter\Database\BaseConnection->initialize()
 2 SYSTEMPATH/Database/BaseBuilder.php(1585): CodeIgniter\Database\BaseConnection->query()
 3 SYSTEMPATH/Model.php(222): CodeIgniter\Database\BaseBuilder->get()
 4 SYSTEMPATH/BaseModel.php(584): CodeIgniter\Model->doFindAll()
 5 APPPATH/Controllers/Admin.php(20): CodeIgniter\BaseModel->findAll()
 6 SYSTEMPATH/CodeIgniter.php(898): App\Controllers\Admin->karyawan()
 7 SYSTEMPATH/CodeIgniter.php(468): CodeIgniter\CodeIgniter->runController()
 8 SYSTEMPATH/CodeIgniter.php(351): CodeIgniter\CodeIgniter->handleRequest()
 9 FCPATH/index.php(55): CodeIgniter\CodeIgniter->run()
10 SYSTEMPATH/Commands/Server/rewrite.php(43): require_once('FCPATH/index.php')
ERROR - 2022-07-18 10:30:32 --> Error connecting to the database: No such file or directory
CRITICAL - 2022-07-18 10:30:32 --> Unable to connect to the database.
Main connection [MySQLi]: No such file or directory
in SYSTEMPATH/Database/BaseConnection.php on line 415.
 1 SYSTEMPATH/Database/BaseConnection.php(585): CodeIgniter\Database\BaseConnection->initialize()
 2 SYSTEMPATH/Database/BaseBuilder.php(1585): CodeIgniter\Database\BaseConnection->query()
 3 SYSTEMPATH/Model.php(222): CodeIgniter\Database\BaseBuilder->get()
 4 SYSTEMPATH/BaseModel.php(584): CodeIgniter\Model->doFindAll()
 5 APPPATH/Controllers/Admin.php(20): CodeIgniter\BaseModel->findAll()
 6 SYSTEMPATH/CodeIgniter.php(898): App\Controllers\Admin->karyawan()
 7 SYSTEMPATH/CodeIgniter.php(468): CodeIgniter\CodeIgniter->runController()
 8 SYSTEMPATH/CodeIgniter.php(351): CodeIgniter\CodeIgniter->handleRequest()
 9 FCPATH/index.php(55): CodeIgniter\CodeIgniter->run()
10 SYSTEMPATH/Commands/Server/rewrite.php(43): require_once('FCPATH/index.php')
ERROR - 2022-07-18 10:30:44 --> Error connecting to the database: No such file or directory
CRITICAL - 2022-07-18 10:30:44 --> Unable to connect to the database.
Main connection [MySQLi]: No such file or directory
in SYSTEMPATH/Database/BaseConnection.php on line 415.
 1 SYSTEMPATH/Database/BaseConnection.php(585): CodeIgniter\Database\BaseConnection->initialize()
 2 SYSTEMPATH/Database/BaseBuilder.php(1585): CodeIgniter\Database\BaseConnection->query()
 3 SYSTEMPATH/Model.php(222): CodeIgniter\Database\BaseBuilder->get()
 4 SYSTEMPATH/BaseModel.php(584): CodeIgniter\Model->doFindAll()
 5 APPPATH/Controllers/Admin.php(20): CodeIgniter\BaseModel->findAll()
 6 SYSTEMPATH/CodeIgniter.php(898): App\Controllers\Admin->karyawan()
 7 SYSTEMPATH/CodeIgniter.php(468): CodeIgniter\CodeIgniter->runController()
 8 SYSTEMPATH/CodeIgniter.php(351): CodeIgniter\CodeIgniter->handleRequest()
 9 FCPATH/index.php(55): CodeIgniter\CodeIgniter->run()
10 SYSTEMPATH/Commands/Server/rewrite.php(43): require_once('FCPATH/index.php')
ERROR - 2022-07-18 10:34:28 --> Error connecting to the database: No such file or directory
CRITICAL - 2022-07-18 10:34:28 --> Unable to connect to the database.
Main connection [MySQLi]: No such file or directory
in SYSTEMPATH/Database/BaseConnection.php on line 415.
 1 SYSTEMPATH/Database/BaseConnection.php(585): CodeIgniter\Database\BaseConnection->initialize()
 2 SYSTEMPATH/Database/BaseBuilder.php(1585): CodeIgniter\Database\BaseConnection->query()
 3 SYSTEMPATH/Model.php(222): CodeIgniter\Database\BaseBuilder->get()
 4 SYSTEMPATH/BaseModel.php(584): CodeIgniter\Model->doFindAll()
 5 APPPATH/Controllers/Admin.php(20): CodeIgniter\BaseModel->findAll()
 6 SYSTEMPATH/CodeIgniter.php(898): App\Controllers\Admin->karyawan()
 7 SYSTEMPATH/CodeIgniter.php(468): CodeIgniter\CodeIgniter->runController()
 8 SYSTEMPATH/CodeIgniter.php(351): CodeIgniter\CodeIgniter->handleRequest()
 9 FCPATH/index.php(55): CodeIgniter\CodeIgniter->run()
10 SYSTEMPATH/Commands/Server/rewrite.php(43): require_once('FCPATH/index.php')
ERROR - 2022-07-18 10:34:29 --> Error connecting to the database: No such file or directory
CRITICAL - 2022-07-18 10:34:29 --> Unable to connect to the database.
Main connection [MySQLi]: No such file or directory
in SYSTEMPATH/Database/BaseConnection.php on line 415.
 1 SYSTEMPATH/Database/BaseConnection.php(585): CodeIgniter\Database\BaseConnection->initialize()
 2 SYSTEMPATH/Database/BaseBuilder.php(1585): CodeIgniter\Database\BaseConnection->query()
 3 SYSTEMPATH/Model.php(222): CodeIgniter\Database\BaseBuilder->get()
 4 SYSTEMPATH/BaseModel.php(584): CodeIgniter\Model->doFindAll()
 5 APPPATH/Controllers/Admin.php(20): CodeIgniter\BaseModel->findAll()
 6 SYSTEMPATH/CodeIgniter.php(898): App\Controllers\Admin->karyawan()
 7 SYSTEMPATH/CodeIgniter.php(468): CodeIgniter\CodeIgniter->runController()
 8 SYSTEMPATH/CodeIgniter.php(351): CodeIgniter\CodeIgniter->handleRequest()
 9 FCPATH/index.php(55): CodeIgniter\CodeIgniter->run()
10 SYSTEMPATH/Commands/Server/rewrite.php(43): require_once('FCPATH/index.php')
ERROR - 2022-07-18 10:34:29 --> Error connecting to the database: No such file or directory
CRITICAL - 2022-07-18 10:34:29 --> Unable to connect to the database.
Main connection [MySQLi]: No such file or directory
in SYSTEMPATH/Database/BaseConnection.php on line 415.
 1 SYSTEMPATH/Database/BaseConnection.php(585): CodeIgniter\Database\BaseConnection->initialize()
 2 SYSTEMPATH/Database/BaseBuilder.php(1585): CodeIgniter\Database\BaseConnection->query()
 3 SYSTEMPATH/Model.php(222): CodeIgniter\Database\BaseBuilder->get()
 4 SYSTEMPATH/BaseModel.php(584): CodeIgniter\Model->doFindAll()
 5 APPPATH/Controllers/Admin.php(20): CodeIgniter\BaseModel->findAll()
 6 SYSTEMPATH/CodeIgniter.php(898): App\Controllers\Admin->karyawan()
 7 SYSTEMPATH/CodeIgniter.php(468): CodeIgniter\CodeIgniter->runController()
 8 SYSTEMPATH/CodeIgniter.php(351): CodeIgniter\CodeIgniter->handleRequest()
 9 FCPATH/index.php(55): CodeIgniter\CodeIgniter->run()
10 SYSTEMPATH/Commands/Server/rewrite.php(43): require_once('FCPATH/index.php')
ERROR - 2022-07-18 10:34:29 --> Error connecting to the database: No such file or directory
CRITICAL - 2022-07-18 10:34:29 --> Unable to connect to the database.
Main connection [MySQLi]: No such file or directory
in SYSTEMPATH/Database/BaseConnection.php on line 415.
 1 SYSTEMPATH/Database/BaseConnection.php(585): CodeIgniter\Database\BaseConnection->initialize()
 2 SYSTEMPATH/Database/BaseBuilder.php(1585): CodeIgniter\Database\BaseConnection->query()
 3 SYSTEMPATH/Model.php(222): CodeIgniter\Database\BaseBuilder->get()
 4 SYSTEMPATH/BaseModel.php(584): CodeIgniter\Model->doFindAll()
 5 APPPATH/Controllers/Admin.php(20): CodeIgniter\BaseModel->findAll()
 6 SYSTEMPATH/CodeIgniter.php(898): App\Controllers\Admin->karyawan()
 7 SYSTEMPATH/CodeIgniter.php(468): CodeIgniter\CodeIgniter->runController()
 8 SYSTEMPATH/CodeIgniter.php(351): CodeIgniter\CodeIgniter->handleRequest()
 9 FCPATH/index.php(55): CodeIgniter\CodeIgniter->run()
10 SYSTEMPATH/Commands/Server/rewrite.php(43): require_once('FCPATH/index.php')
CRITICAL - 2022-07-18 10:34:31 --> Unable to generate image: check your GD installation
in VENDORPATH/endroid/qr-code/src/Writer/PngWriter.php on line 27.
 1 VENDORPATH/endroid/qr-code/src/Writer/AbstractWriter.php(77): Endroid\QrCode\Writer\PngWriter->writeString()
 2 VENDORPATH/endroid/qr-code/src/QrCode.php(412): Endroid\QrCode\Writer\AbstractWriter->writeFile()
 3 APPPATH/Views/layout/profile.php(14): Endroid\QrCode\QrCode->writeFile()
 4 SYSTEMPATH/View/View.php(213): include('APPPATH/Views/layout/profile.php')
 5 SYSTEMPATH/View/View.php(216): CodeIgniter\View\View->CodeIgniter\View\{closure}()
 6 SYSTEMPATH/Common.php(1135): CodeIgniter\View\View->render()
 7 APPPATH/Controllers/Profile.php(20): view()
 8 SYSTEMPATH/CodeIgniter.php(898): App\Controllers\Profile->index()
 9 SYSTEMPATH/CodeIgniter.php(468): CodeIgniter\CodeIgniter->runController()
10 SYSTEMPATH/CodeIgniter.php(351): CodeIgniter\CodeIgniter->handleRequest()
11 FCPATH/index.php(55): CodeIgniter\CodeIgniter->run()
12 SYSTEMPATH/Commands/Server/rewrite.php(43): require_once('FCPATH/index.php')
ERROR - 2022-07-18 10:34:38 --> Error connecting to the database: No such file or directory
CRITICAL - 2022-07-18 10:34:38 --> Unable to connect to the database.
Main connection [MySQLi]: No such file or directory
in SYSTEMPATH/Database/BaseConnection.php on line 415.
 1 SYSTEMPATH/Database/BaseConnection.php(585): CodeIgniter\Database\BaseConnection->initialize()
 2 SYSTEMPATH/Database/BaseBuilder.php(1585): CodeIgniter\Database\BaseConnection->query()
 3 APPPATH/Models/ModelAbsensi.php(17): CodeIgniter\Database\BaseBuilder->get()
 4 APPPATH/Controllers/Admin.php(115): App\Models\ModelAbsensi->getAll()
 5 SYSTEMPATH/CodeIgniter.php(898): App\Controllers\Admin->absen()
 6 SYSTEMPATH/CodeIgniter.php(468): CodeIgniter\CodeIgniter->runController()
 7 SYSTEMPATH/CodeIgniter.php(351): CodeIgniter\CodeIgniter->handleRequest()
 8 FCPATH/index.php(55): CodeIgniter\CodeIgniter->run()
 9 SYSTEMPATH/Commands/Server/rewrite.php(43): require_once('FCPATH/index.php')
CRITICAL - 2022-07-18 10:37:50 --> Unable to generate image: check your GD installation
in VENDORPATH/endroid/qr-code/src/Writer/PngWriter.php on line 27.
 1 VENDORPATH/endroid/qr-code/src/Writer/AbstractWriter.php(77): Endroid\QrCode\Writer\PngWriter->writeString()
 2 VENDORPATH/endroid/qr-code/src/QrCode.php(412): Endroid\QrCode\Writer\AbstractWriter->writeFile()
 3 APPPATH/Views/layout/profile.php(14): Endroid\QrCode\QrCode->writeFile()
 4 SYSTEMPATH/View/View.php(213): include('APPPATH/Views/layout/profile.php')
 5 SYSTEMPATH/View/View.php(216): CodeIgniter\View\View->CodeIgniter\View\{closure}()
 6 SYSTEMPATH/Common.php(1135): CodeIgniter\View\View->render()
 7 APPPATH/Controllers/Profile.php(20): view()
 8 SYSTEMPATH/CodeIgniter.php(898): App\Controllers\Profile->index()
 9 SYSTEMPATH/CodeIgniter.php(468): CodeIgniter\CodeIgniter->runController()
10 SYSTEMPATH/CodeIgniter.php(351): CodeIgniter\CodeIgniter->handleRequest()
11 FCPATH/index.php(55): CodeIgniter\CodeIgniter->run()
12 SYSTEMPATH/Commands/Server/rewrite.php(43): require_once('FCPATH/index.php')
