ERROR - 2022-07-27 00:40:10 --> Unknown column 'username' in 'where clause'
CRITICAL - 2022-07-27 00:40:10 --> Unknown column 'username' in 'where clause'
in SYSTEMPATH/Database/MySQLi/Connection.php on line 292.
 1 SYSTEMPATH/Database/MySQLi/Connection.php(292): mysqli->query()
 2 SYSTEMPATH/Database/BaseConnection.php(678): CodeIgniter\Database\MySQLi\Connection->execute()
 3 SYSTEMPATH/Database/BaseConnection.php(606): CodeIgniter\Database\BaseConnection->simpleQuery()
 4 SYSTEMPATH/Database/BaseBuilder.php(1585): CodeIgniter\Database\BaseConnection->query()
 5 SYSTEMPATH/Validation/Rules.php(142): CodeIgniter\Database\BaseBuilder->get()
 6 SYSTEMPATH/Validation/Validation.php(306): CodeIgniter\Validation\Rules->is_unique()
 7 SYSTEMPATH/Validation/Validation.php(173): CodeIgniter\Validation\Validation->processRules()
 8 SYSTEMPATH/Controller.php(140): CodeIgniter\Validation\Validation->run()
 9 VENDORPATH/myth/auth/src/Controllers/AuthController.php(154): CodeIgniter\Controller->validate()
10 SYSTEMPATH/CodeIgniter.php(898): Myth\Auth\Controllers\AuthController->attemptRegister()
11 SYSTEMPATH/CodeIgniter.php(468): CodeIgniter\CodeIgniter->runController()
12 SYSTEMPATH/CodeIgniter.php(351): CodeIgniter\CodeIgniter->handleRequest()
13 FCPATH/index.php(55): CodeIgniter\CodeIgniter->run()
14 SYSTEMPATH/Commands/Server/rewrite.php(43): require_once('FCPATH/index.php')
ERROR - 2022-07-27 06:26:19 --> Unknown column 'username' in 'where clause'
CRITICAL - 2022-07-27 06:26:19 --> Unknown column 'username' in 'where clause'
in SYSTEMPATH/Database/MySQLi/Connection.php on line 292.
 1 SYSTEMPATH/Database/MySQLi/Connection.php(292): mysqli->query()
 2 SYSTEMPATH/Database/BaseConnection.php(678): CodeIgniter\Database\MySQLi\Connection->execute()
 3 SYSTEMPATH/Database/BaseConnection.php(606): CodeIgniter\Database\BaseConnection->simpleQuery()
 4 SYSTEMPATH/Database/BaseBuilder.php(1585): CodeIgniter\Database\BaseConnection->query()
 5 SYSTEMPATH/Validation/Rules.php(142): CodeIgniter\Database\BaseBuilder->get()
 6 SYSTEMPATH/Validation/Validation.php(306): CodeIgniter\Validation\Rules->is_unique()
 7 SYSTEMPATH/Validation/Validation.php(173): CodeIgniter\Validation\Validation->processRules()
 8 SYSTEMPATH/Controller.php(140): CodeIgniter\Validation\Validation->run()
 9 VENDORPATH/myth/auth/src/Controllers/AuthController.php(154): CodeIgniter\Controller->validate()
10 SYSTEMPATH/CodeIgniter.php(898): Myth\Auth\Controllers\AuthController->attemptRegister()
11 SYSTEMPATH/CodeIgniter.php(468): CodeIgniter\CodeIgniter->runController()
12 SYSTEMPATH/CodeIgniter.php(351): CodeIgniter\CodeIgniter->handleRequest()
13 FCPATH/index.php(55): CodeIgniter\CodeIgniter->run()
14 SYSTEMPATH/Commands/Server/rewrite.php(43): require_once('FCPATH/index.php')
ERROR - 2022-07-27 06:28:44 --> Unknown column 'username' in 'where clause'
CRITICAL - 2022-07-27 06:28:44 --> Unknown column 'username' in 'where clause'
in SYSTEMPATH/Database/MySQLi/Connection.php on line 292.
 1 SYSTEMPATH/Database/MySQLi/Connection.php(292): mysqli->query()
 2 SYSTEMPATH/Database/BaseConnection.php(678): CodeIgniter\Database\MySQLi\Connection->execute()
 3 SYSTEMPATH/Database/BaseConnection.php(606): CodeIgniter\Database\BaseConnection->simpleQuery()
 4 SYSTEMPATH/Database/BaseBuilder.php(1585): CodeIgniter\Database\BaseConnection->query()
 5 SYSTEMPATH/Validation/Rules.php(142): CodeIgniter\Database\BaseBuilder->get()
 6 SYSTEMPATH/Validation/Validation.php(306): CodeIgniter\Validation\Rules->is_unique()
 7 SYSTEMPATH/Validation/Validation.php(173): CodeIgniter\Validation\Validation->processRules()
 8 SYSTEMPATH/Controller.php(140): CodeIgniter\Validation\Validation->run()
 9 VENDORPATH/myth/auth/src/Controllers/AuthController.php(154): CodeIgniter\Controller->validate()
10 SYSTEMPATH/CodeIgniter.php(898): Myth\Auth\Controllers\AuthController->attemptRegister()
11 SYSTEMPATH/CodeIgniter.php(468): CodeIgniter\CodeIgniter->runController()
12 SYSTEMPATH/CodeIgniter.php(351): CodeIgniter\CodeIgniter->handleRequest()
13 FCPATH/index.php(55): CodeIgniter\CodeIgniter->run()
14 SYSTEMPATH/Commands/Server/rewrite.php(43): require_once('FCPATH/index.php')
ERROR - 2022-07-27 06:29:22 --> Unknown column 'username' in 'where clause'
CRITICAL - 2022-07-27 06:29:22 --> Unknown column 'username' in 'where clause'
in SYSTEMPATH/Database/MySQLi/Connection.php on line 292.
 1 SYSTEMPATH/Database/MySQLi/Connection.php(292): mysqli->query()
 2 SYSTEMPATH/Database/BaseConnection.php(678): CodeIgniter\Database\MySQLi\Connection->execute()
 3 SYSTEMPATH/Database/BaseConnection.php(606): CodeIgniter\Database\BaseConnection->simpleQuery()
 4 SYSTEMPATH/Database/BaseBuilder.php(1585): CodeIgniter\Database\BaseConnection->query()
 5 SYSTEMPATH/Validation/Rules.php(142): CodeIgniter\Database\BaseBuilder->get()
 6 SYSTEMPATH/Validation/Validation.php(306): CodeIgniter\Validation\Rules->is_unique()
 7 SYSTEMPATH/Validation/Validation.php(173): CodeIgniter\Validation\Validation->processRules()
 8 SYSTEMPATH/Controller.php(140): CodeIgniter\Validation\Validation->run()
 9 VENDORPATH/myth/auth/src/Controllers/AuthController.php(154): CodeIgniter\Controller->validate()
10 SYSTEMPATH/CodeIgniter.php(898): Myth\Auth\Controllers\AuthController->attemptRegister()
11 SYSTEMPATH/CodeIgniter.php(468): CodeIgniter\CodeIgniter->runController()
12 SYSTEMPATH/CodeIgniter.php(351): CodeIgniter\CodeIgniter->handleRequest()
13 FCPATH/index.php(55): CodeIgniter\CodeIgniter->run()
14 SYSTEMPATH/Commands/Server/rewrite.php(43): require_once('FCPATH/index.php')
ERROR - 2022-07-27 06:34:53 --> Unknown column 'username' in 'where clause'
CRITICAL - 2022-07-27 06:34:53 --> Unknown column 'username' in 'where clause'
in SYSTEMPATH/Database/MySQLi/Connection.php on line 292.
 1 SYSTEMPATH/Database/MySQLi/Connection.php(292): mysqli->query()
 2 SYSTEMPATH/Database/BaseConnection.php(678): CodeIgniter\Database\MySQLi\Connection->execute()
 3 SYSTEMPATH/Database/BaseConnection.php(606): CodeIgniter\Database\BaseConnection->simpleQuery()
 4 SYSTEMPATH/Database/BaseBuilder.php(1585): CodeIgniter\Database\BaseConnection->query()
 5 SYSTEMPATH/Validation/Rules.php(142): CodeIgniter\Database\BaseBuilder->get()
 6 SYSTEMPATH/Validation/Validation.php(306): CodeIgniter\Validation\Rules->is_unique()
 7 SYSTEMPATH/Validation/Validation.php(173): CodeIgniter\Validation\Validation->processRules()
 8 SYSTEMPATH/Controller.php(140): CodeIgniter\Validation\Validation->run()
 9 VENDORPATH/myth/auth/src/Controllers/AuthController.php(154): CodeIgniter\Controller->validate()
10 SYSTEMPATH/CodeIgniter.php(898): Myth\Auth\Controllers\AuthController->attemptRegister()
11 SYSTEMPATH/CodeIgniter.php(468): CodeIgniter\CodeIgniter->runController()
12 SYSTEMPATH/CodeIgniter.php(351): CodeIgniter\CodeIgniter->handleRequest()
13 FCPATH/index.php(55): CodeIgniter\CodeIgniter->run()
14 SYSTEMPATH/Commands/Server/rewrite.php(43): require_once('FCPATH/index.php')
CRITICAL - 2022-07-27 10:22:39 --> Unable to generate image: check your GD installation
in VENDORPATH/endroid/qr-code/src/Writer/PngWriter.php on line 27.
 1 VENDORPATH/endroid/qr-code/src/Writer/AbstractWriter.php(77): Endroid\QrCode\Writer\PngWriter->writeString()
 2 VENDORPATH/endroid/qr-code/src/QrCode.php(412): Endroid\QrCode\Writer\AbstractWriter->writeFile()
 3 APPPATH/Views/layout/profile.php(14): Endroid\QrCode\QrCode->writeFile()
 4 SYSTEMPATH/View/View.php(213): include('APPPATH/Views/layout/profile.php')
 5 SYSTEMPATH/View/View.php(216): CodeIgniter\View\View->CodeIgniter\View\{closure}()
 6 SYSTEMPATH/Common.php(1135): CodeIgniter\View\View->render()
 7 APPPATH/Controllers/Profile.php(20): view()
 8 SYSTEMPATH/CodeIgniter.php(898): App\Controllers\Profile->index()
 9 SYSTEMPATH/CodeIgniter.php(468): CodeIgniter\CodeIgniter->runController()
10 SYSTEMPATH/CodeIgniter.php(351): CodeIgniter\CodeIgniter->handleRequest()
11 FCPATH/index.php(55): CodeIgniter\CodeIgniter->run()
12 SYSTEMPATH/Commands/Server/rewrite.php(43): require_once('FCPATH/index.php')
CRITICAL - 2022-07-27 11:46:52 --> Undefined array key "reset"
in VENDORPATH/myth/auth/src/Controllers/AuthController.php on line 271.
 1 VENDORPATH/myth/auth/src/Controllers/AuthController.php(271): CodeIgniter\Debug\Exceptions->errorHandler()
 2 SYSTEMPATH/CodeIgniter.php(898): Myth\Auth\Controllers\AuthController->resetPassword()
 3 SYSTEMPATH/CodeIgniter.php(468): CodeIgniter\CodeIgniter->runController()
 4 SYSTEMPATH/CodeIgniter.php(351): CodeIgniter\CodeIgniter->handleRequest()
 5 FCPATH/index.php(55): CodeIgniter\CodeIgniter->run()
 6 SYSTEMPATH/Commands/Server/rewrite.php(43): require_once('FCPATH/index.php')
CRITICAL - 2022-07-27 12:43:54 --> Undefined variable $auth
in APPPATH/Views/layout/sidebar.php on line 17.
 1 APPPATH/Views/layout/sidebar.php(17): CodeIgniter\Debug\Exceptions->errorHandler()
 2 SYSTEMPATH/View/View.php(213): include('APPPATH/Views/layout/sidebar.php')
 3 SYSTEMPATH/View/View.php(216): CodeIgniter\View\View->CodeIgniter\View\{closure}()
 4 SYSTEMPATH/View/View.php(429): CodeIgniter\View\View->render()
 5 APPPATH/Views/layout/template.php(77): CodeIgniter\View\View->include()
 6 SYSTEMPATH/View/View.php(213): include('APPPATH/Views/layout/template.php')
 7 SYSTEMPATH/View/View.php(216): CodeIgniter\View\View->CodeIgniter\View\{closure}()
 8 SYSTEMPATH/View/View.php(229): CodeIgniter\View\View->render()
 9 SYSTEMPATH/Common.php(1135): CodeIgniter\View\View->render()
10 APPPATH/Controllers/Home.php(24): view()
11 SYSTEMPATH/CodeIgniter.php(898): App\Controllers\Home->index()
12 SYSTEMPATH/CodeIgniter.php(468): CodeIgniter\CodeIgniter->runController()
13 SYSTEMPATH/CodeIgniter.php(351): CodeIgniter\CodeIgniter->handleRequest()
14 FCPATH/index.php(55): CodeIgniter\CodeIgniter->run()
15 SYSTEMPATH/Commands/Server/rewrite.php(43): require_once('FCPATH/index.php')
CRITICAL - 2022-07-27 12:57:58 --> Cannot use object of type Myth\Auth\Entities\User as array
in APPPATH/Views/admin/karyawan.php on line 45.
 1 SYSTEMPATH/View/View.php(213): include()
 2 SYSTEMPATH/View/View.php(216): CodeIgniter\View\View->CodeIgniter\View\{closure}()
 3 SYSTEMPATH/Common.php(1135): CodeIgniter\View\View->render()
 4 APPPATH/Controllers/Admin.php(25): view()
 5 SYSTEMPATH/CodeIgniter.php(898): App\Controllers\Admin->karyawan()
 6 SYSTEMPATH/CodeIgniter.php(468): CodeIgniter\CodeIgniter->runController()
 7 SYSTEMPATH/CodeIgniter.php(351): CodeIgniter\CodeIgniter->handleRequest()
 8 FCPATH/index.php(55): CodeIgniter\CodeIgniter->run()
 9 SYSTEMPATH/Commands/Server/rewrite.php(43): require_once('FCPATH/index.php')
CRITICAL - 2022-07-27 13:00:12 --> Cannot use object of type Myth\Auth\Entities\User as array
in APPPATH/Views/admin/karyawan.php on line 62.
 1 SYSTEMPATH/View/View.php(213): include()
 2 SYSTEMPATH/View/View.php(216): CodeIgniter\View\View->CodeIgniter\View\{closure}()
 3 SYSTEMPATH/Common.php(1135): CodeIgniter\View\View->render()
 4 APPPATH/Controllers/Admin.php(25): view()
 5 SYSTEMPATH/CodeIgniter.php(898): App\Controllers\Admin->karyawan()
 6 SYSTEMPATH/CodeIgniter.php(468): CodeIgniter\CodeIgniter->runController()
 7 SYSTEMPATH/CodeIgniter.php(351): CodeIgniter\CodeIgniter->handleRequest()
 8 FCPATH/index.php(55): CodeIgniter\CodeIgniter->run()
 9 SYSTEMPATH/Commands/Server/rewrite.php(43): require_once('FCPATH/index.php')
CRITICAL - 2022-07-27 13:00:13 --> Cannot use object of type Myth\Auth\Entities\User as array
in APPPATH/Views/admin/karyawan.php on line 62.
 1 SYSTEMPATH/View/View.php(213): include()
 2 SYSTEMPATH/View/View.php(216): CodeIgniter\View\View->CodeIgniter\View\{closure}()
 3 SYSTEMPATH/Common.php(1135): CodeIgniter\View\View->render()
 4 APPPATH/Controllers/Admin.php(25): view()
 5 SYSTEMPATH/CodeIgniter.php(898): App\Controllers\Admin->karyawan()
 6 SYSTEMPATH/CodeIgniter.php(468): CodeIgniter\CodeIgniter->runController()
 7 SYSTEMPATH/CodeIgniter.php(351): CodeIgniter\CodeIgniter->handleRequest()
 8 FCPATH/index.php(55): CodeIgniter\CodeIgniter->run()
 9 SYSTEMPATH/Commands/Server/rewrite.php(43): require_once('FCPATH/index.php')
CRITICAL - 2022-07-27 13:00:39 --> Cannot use object of type Myth\Auth\Entities\User as array
in APPPATH/Views/admin/karyawan.php on line 64.
 1 SYSTEMPATH/View/View.php(213): include()
 2 SYSTEMPATH/View/View.php(216): CodeIgniter\View\View->CodeIgniter\View\{closure}()
 3 SYSTEMPATH/Common.php(1135): CodeIgniter\View\View->render()
 4 APPPATH/Controllers/Admin.php(25): view()
 5 SYSTEMPATH/CodeIgniter.php(898): App\Controllers\Admin->karyawan()
 6 SYSTEMPATH/CodeIgniter.php(468): CodeIgniter\CodeIgniter->runController()
 7 SYSTEMPATH/CodeIgniter.php(351): CodeIgniter\CodeIgniter->handleRequest()
 8 FCPATH/index.php(55): CodeIgniter\CodeIgniter->run()
 9 SYSTEMPATH/Commands/Server/rewrite.php(43): require_once('FCPATH/index.php')
CRITICAL - 2022-07-27 13:01:24 --> Cannot use object of type Myth\Auth\Entities\User as array
in APPPATH/Views/admin/karyawan.php on line 83.
 1 SYSTEMPATH/View/View.php(213): include()
 2 SYSTEMPATH/View/View.php(216): CodeIgniter\View\View->CodeIgniter\View\{closure}()
 3 SYSTEMPATH/Common.php(1135): CodeIgniter\View\View->render()
 4 APPPATH/Controllers/Admin.php(25): view()
 5 SYSTEMPATH/CodeIgniter.php(898): App\Controllers\Admin->karyawan()
 6 SYSTEMPATH/CodeIgniter.php(468): CodeIgniter\CodeIgniter->runController()
 7 SYSTEMPATH/CodeIgniter.php(351): CodeIgniter\CodeIgniter->handleRequest()
 8 FCPATH/index.php(55): CodeIgniter\CodeIgniter->run()
 9 SYSTEMPATH/Commands/Server/rewrite.php(43): require_once('FCPATH/index.php')
CRITICAL - 2022-07-27 16:13:50 --> Unable to generate image: check your GD installation
in VENDORPATH/endroid/qr-code/src/Writer/PngWriter.php on line 27.
 1 VENDORPATH/endroid/qr-code/src/Writer/AbstractWriter.php(77): Endroid\QrCode\Writer\PngWriter->writeString()
 2 VENDORPATH/endroid/qr-code/src/QrCode.php(412): Endroid\QrCode\Writer\AbstractWriter->writeFile()
 3 APPPATH/Views/layout/profile.php(14): Endroid\QrCode\QrCode->writeFile()
 4 SYSTEMPATH/View/View.php(213): include('APPPATH/Views/layout/profile.php')
 5 SYSTEMPATH/View/View.php(216): CodeIgniter\View\View->CodeIgniter\View\{closure}()
 6 SYSTEMPATH/Common.php(1135): CodeIgniter\View\View->render()
 7 APPPATH/Controllers/Profile.php(20): view()
 8 SYSTEMPATH/CodeIgniter.php(898): App\Controllers\Profile->index()
 9 SYSTEMPATH/CodeIgniter.php(468): CodeIgniter\CodeIgniter->runController()
10 SYSTEMPATH/CodeIgniter.php(351): CodeIgniter\CodeIgniter->handleRequest()
11 FCPATH/index.php(55): CodeIgniter\CodeIgniter->run()
12 SYSTEMPATH/Commands/Server/rewrite.php(43): require_once('FCPATH/index.php')
CRITICAL - 2022-07-27 20:06:31 --> Unable to generate image: check your GD installation
in VENDORPATH/endroid/qr-code/src/Writer/PngWriter.php on line 27.
 1 VENDORPATH/endroid/qr-code/src/Writer/AbstractWriter.php(77): Endroid\QrCode\Writer\PngWriter->writeString()
 2 VENDORPATH/endroid/qr-code/src/QrCode.php(412): Endroid\QrCode\Writer\AbstractWriter->writeFile()
 3 APPPATH/Views/layout/profile.php(14): Endroid\QrCode\QrCode->writeFile()
 4 SYSTEMPATH/View/View.php(213): include('APPPATH/Views/layout/profile.php')
 5 SYSTEMPATH/View/View.php(216): CodeIgniter\View\View->CodeIgniter\View\{closure}()
 6 SYSTEMPATH/Common.php(1135): CodeIgniter\View\View->render()
 7 APPPATH/Controllers/Profile.php(20): view()
 8 SYSTEMPATH/CodeIgniter.php(898): App\Controllers\Profile->index()
 9 SYSTEMPATH/CodeIgniter.php(468): CodeIgniter\CodeIgniter->runController()
10 SYSTEMPATH/CodeIgniter.php(351): CodeIgniter\CodeIgniter->handleRequest()
11 FCPATH/index.php(55): CodeIgniter\CodeIgniter->run()
12 SYSTEMPATH/Commands/Server/rewrite.php(43): require_once('FCPATH/index.php')
ERROR - 2022-07-27 20:36:35 --> Unknown column 'absensi.nik' in 'on clause'
CRITICAL - 2022-07-27 20:36:35 --> Unknown column 'absensi.nik' in 'on clause'
in SYSTEMPATH/Database/MySQLi/Connection.php on line 292.
 1 SYSTEMPATH/Database/MySQLi/Connection.php(292): mysqli->query()
 2 SYSTEMPATH/Database/BaseConnection.php(678): CodeIgniter\Database\MySQLi\Connection->execute()
 3 SYSTEMPATH/Database/BaseConnection.php(606): CodeIgniter\Database\BaseConnection->simpleQuery()
 4 SYSTEMPATH/Database/BaseBuilder.php(1585): CodeIgniter\Database\BaseConnection->query()
 5 APPPATH/Models/ModelAbsensi.php(17): CodeIgniter\Database\BaseBuilder->get()
 6 APPPATH/Controllers/Dashboard.php(18): App\Models\ModelAbsensi->getAll()
 7 SYSTEMPATH/CodeIgniter.php(898): App\Controllers\Dashboard->index()
 8 SYSTEMPATH/CodeIgniter.php(468): CodeIgniter\CodeIgniter->runController()
 9 SYSTEMPATH/CodeIgniter.php(351): CodeIgniter\CodeIgniter->handleRequest()
10 FCPATH/index.php(55): CodeIgniter\CodeIgniter->run()
11 SYSTEMPATH/Commands/Server/rewrite.php(43): require_once('FCPATH/index.php')
ERROR - 2022-07-27 20:38:21 --> Unknown column 'nik' in 'where clause'
CRITICAL - 2022-07-27 20:38:21 --> Unknown column 'nik' in 'where clause'
in SYSTEMPATH/Database/MySQLi/Connection.php on line 292.
 1 SYSTEMPATH/Database/MySQLi/Connection.php(292): mysqli->query()
 2 SYSTEMPATH/Database/BaseConnection.php(678): CodeIgniter\Database\MySQLi\Connection->execute()
 3 SYSTEMPATH/Database/BaseConnection.php(606): CodeIgniter\Database\BaseConnection->simpleQuery()
 4 SYSTEMPATH/Database/BaseBuilder.php(1585): CodeIgniter\Database\BaseConnection->query()
 5 APPPATH/Models/ModelAbsensi.php(26): CodeIgniter\Database\BaseBuilder->get()
 6 APPPATH/Controllers/Dashboard.php(20): App\Models\ModelAbsensi->getLast()
 7 SYSTEMPATH/CodeIgniter.php(898): App\Controllers\Dashboard->index()
 8 SYSTEMPATH/CodeIgniter.php(468): CodeIgniter\CodeIgniter->runController()
 9 SYSTEMPATH/CodeIgniter.php(351): CodeIgniter\CodeIgniter->handleRequest()
10 FCPATH/index.php(55): CodeIgniter\CodeIgniter->run()
11 SYSTEMPATH/Commands/Server/rewrite.php(43): require_once('FCPATH/index.php')
CRITICAL - 2022-07-27 20:39:24 --> Undefined variable $lastinput
in APPPATH/Views/dashboard.php on line 64.
 1 APPPATH/Views/dashboard.php(64): CodeIgniter\Debug\Exceptions->errorHandler()
 2 SYSTEMPATH/View/View.php(213): include('APPPATH/Views/dashboard.php')
 3 SYSTEMPATH/View/View.php(216): CodeIgniter\View\View->CodeIgniter\View\{closure}()
 4 SYSTEMPATH/Common.php(1135): CodeIgniter\View\View->render()
 5 APPPATH/Controllers/Dashboard.php(23): view()
 6 SYSTEMPATH/CodeIgniter.php(898): App\Controllers\Dashboard->index()
 7 SYSTEMPATH/CodeIgniter.php(468): CodeIgniter\CodeIgniter->runController()
 8 SYSTEMPATH/CodeIgniter.php(351): CodeIgniter\CodeIgniter->handleRequest()
 9 FCPATH/index.php(55): CodeIgniter\CodeIgniter->run()
10 SYSTEMPATH/Commands/Server/rewrite.php(43): require_once('FCPATH/index.php')
CRITICAL - 2022-07-27 20:39:25 --> Undefined variable $lastinput
in APPPATH/Views/dashboard.php on line 64.
 1 APPPATH/Views/dashboard.php(64): CodeIgniter\Debug\Exceptions->errorHandler()
 2 SYSTEMPATH/View/View.php(213): include('APPPATH/Views/dashboard.php')
 3 SYSTEMPATH/View/View.php(216): CodeIgniter\View\View->CodeIgniter\View\{closure}()
 4 SYSTEMPATH/Common.php(1135): CodeIgniter\View\View->render()
 5 APPPATH/Controllers/Dashboard.php(23): view()
 6 SYSTEMPATH/CodeIgniter.php(898): App\Controllers\Dashboard->index()
 7 SYSTEMPATH/CodeIgniter.php(468): CodeIgniter\CodeIgniter->runController()
 8 SYSTEMPATH/CodeIgniter.php(351): CodeIgniter\CodeIgniter->handleRequest()
 9 FCPATH/index.php(55): CodeIgniter\CodeIgniter->run()
10 SYSTEMPATH/Commands/Server/rewrite.php(43): require_once('FCPATH/index.php')
ERROR - 2022-07-27 20:39:28 --> Unknown column 'nik' in 'where clause'
CRITICAL - 2022-07-27 20:39:28 --> Unknown column 'nik' in 'where clause'
in SYSTEMPATH/Database/MySQLi/Connection.php on line 292.
 1 SYSTEMPATH/Database/MySQLi/Connection.php(292): mysqli->query()
 2 SYSTEMPATH/Database/BaseConnection.php(678): CodeIgniter\Database\MySQLi\Connection->execute()
 3 SYSTEMPATH/Database/BaseConnection.php(606): CodeIgniter\Database\BaseConnection->simpleQuery()
 4 SYSTEMPATH/Database/BaseBuilder.php(1585): CodeIgniter\Database\BaseConnection->query()
 5 APPPATH/Models/ModelAbsensi.php(26): CodeIgniter\Database\BaseBuilder->get()
 6 APPPATH/Controllers/Dashboard.php(20): App\Models\ModelAbsensi->getLast()
 7 SYSTEMPATH/CodeIgniter.php(898): App\Controllers\Dashboard->index()
 8 SYSTEMPATH/CodeIgniter.php(468): CodeIgniter\CodeIgniter->runController()
 9 SYSTEMPATH/CodeIgniter.php(351): CodeIgniter\CodeIgniter->handleRequest()
10 FCPATH/index.php(55): CodeIgniter\CodeIgniter->run()
11 SYSTEMPATH/Commands/Server/rewrite.php(43): require_once('FCPATH/index.php')
CRITICAL - 2022-07-27 20:39:32 --> Undefined variable $lastinput
in APPPATH/Views/dashboard.php on line 64.
 1 APPPATH/Views/dashboard.php(64): CodeIgniter\Debug\Exceptions->errorHandler()
 2 SYSTEMPATH/View/View.php(213): include('APPPATH/Views/dashboard.php')
 3 SYSTEMPATH/View/View.php(216): CodeIgniter\View\View->CodeIgniter\View\{closure}()
 4 SYSTEMPATH/Common.php(1135): CodeIgniter\View\View->render()
 5 APPPATH/Controllers/Dashboard.php(23): view()
 6 SYSTEMPATH/CodeIgniter.php(898): App\Controllers\Dashboard->index()
 7 SYSTEMPATH/CodeIgniter.php(468): CodeIgniter\CodeIgniter->runController()
 8 SYSTEMPATH/CodeIgniter.php(351): CodeIgniter\CodeIgniter->handleRequest()
 9 FCPATH/index.php(55): CodeIgniter\CodeIgniter->run()
10 SYSTEMPATH/Commands/Server/rewrite.php(43): require_once('FCPATH/index.php')
CRITICAL - 2022-07-27 20:41:15 --> Undefined variable $lastinput
in APPPATH/Views/dashboard.php on line 71.
 1 APPPATH/Views/dashboard.php(71): CodeIgniter\Debug\Exceptions->errorHandler()
 2 SYSTEMPATH/View/View.php(213): include('APPPATH/Views/dashboard.php')
 3 SYSTEMPATH/View/View.php(216): CodeIgniter\View\View->CodeIgniter\View\{closure}()
 4 SYSTEMPATH/Common.php(1135): CodeIgniter\View\View->render()
 5 APPPATH/Controllers/Dashboard.php(23): view()
 6 SYSTEMPATH/CodeIgniter.php(898): App\Controllers\Dashboard->index()
 7 SYSTEMPATH/CodeIgniter.php(468): CodeIgniter\CodeIgniter->runController()
 8 SYSTEMPATH/CodeIgniter.php(351): CodeIgniter\CodeIgniter->handleRequest()
 9 FCPATH/index.php(55): CodeIgniter\CodeIgniter->run()
10 SYSTEMPATH/Commands/Server/rewrite.php(43): require_once('FCPATH/index.php')
ERROR - 2022-07-27 20:41:41 --> Unknown column 'nik' in 'field list'
CRITICAL - 2022-07-27 20:41:41 --> Unknown column 'nik' in 'field list'
in SYSTEMPATH/Database/MySQLi/Connection.php on line 292.
 1 SYSTEMPATH/Database/MySQLi/Connection.php(292): mysqli->query()
 2 SYSTEMPATH/Database/BaseConnection.php(678): CodeIgniter\Database\MySQLi\Connection->execute()
 3 SYSTEMPATH/Database/BaseConnection.php(606): CodeIgniter\Database\BaseConnection->simpleQuery()
 4 SYSTEMPATH/Database/BaseBuilder.php(1904): CodeIgniter\Database\BaseConnection->query()
 5 SYSTEMPATH/Model.php(278): CodeIgniter\Database\BaseBuilder->insert()
 6 SYSTEMPATH/BaseModel.php(738): CodeIgniter\Model->doInsert()
 7 SYSTEMPATH/Model.php(666): CodeIgniter\BaseModel->insert()
 8 APPPATH/Controllers/Dashboard.php(33): CodeIgniter\Model->insert()
 9 SYSTEMPATH/CodeIgniter.php(898): App\Controllers\Dashboard->checkin()
10 SYSTEMPATH/CodeIgniter.php(468): CodeIgniter\CodeIgniter->runController()
11 SYSTEMPATH/CodeIgniter.php(351): CodeIgniter\CodeIgniter->handleRequest()
12 FCPATH/index.php(55): CodeIgniter\CodeIgniter->run()
13 SYSTEMPATH/Commands/Server/rewrite.php(43): require_once('FCPATH/index.php')
ERROR - 2022-07-27 20:42:29 --> Unknown column 'nik' in 'field list'
CRITICAL - 2022-07-27 20:42:29 --> Unknown column 'nik' in 'field list'
in SYSTEMPATH/Database/MySQLi/Connection.php on line 292.
 1 SYSTEMPATH/Database/MySQLi/Connection.php(292): mysqli->query()
 2 SYSTEMPATH/Database/BaseConnection.php(678): CodeIgniter\Database\MySQLi\Connection->execute()
 3 SYSTEMPATH/Database/BaseConnection.php(606): CodeIgniter\Database\BaseConnection->simpleQuery()
 4 SYSTEMPATH/Database/BaseBuilder.php(1904): CodeIgniter\Database\BaseConnection->query()
 5 SYSTEMPATH/Model.php(278): CodeIgniter\Database\BaseBuilder->insert()
 6 SYSTEMPATH/BaseModel.php(738): CodeIgniter\Model->doInsert()
 7 SYSTEMPATH/Model.php(666): CodeIgniter\BaseModel->insert()
 8 APPPATH/Controllers/Dashboard.php(33): CodeIgniter\Model->insert()
 9 SYSTEMPATH/CodeIgniter.php(898): App\Controllers\Dashboard->checkin()
10 SYSTEMPATH/CodeIgniter.php(468): CodeIgniter\CodeIgniter->runController()
11 SYSTEMPATH/CodeIgniter.php(351): CodeIgniter\CodeIgniter->handleRequest()
12 FCPATH/index.php(55): CodeIgniter\CodeIgniter->run()
13 SYSTEMPATH/Commands/Server/rewrite.php(43): require_once('FCPATH/index.php')
ERROR - 2022-07-27 20:42:54 --> Cannot add or update a child row: a foreign key constraint fails (`centuryprima_absen`.`absensi`, CONSTRAINT `userid` FOREIGN KEY (`userid`) REFERENCES `users` (`id`) ON DELETE CASCADE ON UPDATE CASCADE)
CRITICAL - 2022-07-27 20:42:54 --> Cannot add or update a child row: a foreign key constraint fails (`centuryprima_absen`.`absensi`, CONSTRAINT `userid` FOREIGN KEY (`userid`) REFERENCES `users` (`id`) ON DELETE CASCADE ON UPDATE CASCADE)
in SYSTEMPATH/Database/MySQLi/Connection.php on line 292.
 1 SYSTEMPATH/Database/MySQLi/Connection.php(292): mysqli->query()
 2 SYSTEMPATH/Database/BaseConnection.php(678): CodeIgniter\Database\MySQLi\Connection->execute()
 3 SYSTEMPATH/Database/BaseConnection.php(606): CodeIgniter\Database\BaseConnection->simpleQuery()
 4 SYSTEMPATH/Database/BaseBuilder.php(1904): CodeIgniter\Database\BaseConnection->query()
 5 SYSTEMPATH/Model.php(278): CodeIgniter\Database\BaseBuilder->insert()
 6 SYSTEMPATH/BaseModel.php(738): CodeIgniter\Model->doInsert()
 7 SYSTEMPATH/Model.php(666): CodeIgniter\BaseModel->insert()
 8 APPPATH/Controllers/Dashboard.php(32): CodeIgniter\Model->insert()
 9 SYSTEMPATH/CodeIgniter.php(898): App\Controllers\Dashboard->checkin()
10 SYSTEMPATH/CodeIgniter.php(468): CodeIgniter\CodeIgniter->runController()
11 SYSTEMPATH/CodeIgniter.php(351): CodeIgniter\CodeIgniter->handleRequest()
12 FCPATH/index.php(55): CodeIgniter\CodeIgniter->run()
13 SYSTEMPATH/Commands/Server/rewrite.php(43): require_once('FCPATH/index.php')
ERROR - 2022-07-27 20:44:16 --> Cannot add or update a child row: a foreign key constraint fails (`centuryprima_absen`.`absensi`, CONSTRAINT `userid` FOREIGN KEY (`userid`) REFERENCES `users` (`id`) ON DELETE CASCADE ON UPDATE CASCADE)
CRITICAL - 2022-07-27 20:44:16 --> Cannot add or update a child row: a foreign key constraint fails (`centuryprima_absen`.`absensi`, CONSTRAINT `userid` FOREIGN KEY (`userid`) REFERENCES `users` (`id`) ON DELETE CASCADE ON UPDATE CASCADE)
in SYSTEMPATH/Database/MySQLi/Connection.php on line 292.
 1 SYSTEMPATH/Database/MySQLi/Connection.php(292): mysqli->query()
 2 SYSTEMPATH/Database/BaseConnection.php(678): CodeIgniter\Database\MySQLi\Connection->execute()
 3 SYSTEMPATH/Database/BaseConnection.php(606): CodeIgniter\Database\BaseConnection->simpleQuery()
 4 SYSTEMPATH/Database/BaseBuilder.php(1904): CodeIgniter\Database\BaseConnection->query()
 5 SYSTEMPATH/Model.php(278): CodeIgniter\Database\BaseBuilder->insert()
 6 SYSTEMPATH/BaseModel.php(738): CodeIgniter\Model->doInsert()
 7 SYSTEMPATH/Model.php(666): CodeIgniter\BaseModel->insert()
 8 APPPATH/Controllers/Dashboard.php(33): CodeIgniter\Model->insert()
 9 SYSTEMPATH/CodeIgniter.php(898): App\Controllers\Dashboard->checkin()
10 SYSTEMPATH/CodeIgniter.php(468): CodeIgniter\CodeIgniter->runController()
11 SYSTEMPATH/CodeIgniter.php(351): CodeIgniter\CodeIgniter->handleRequest()
12 FCPATH/index.php(55): CodeIgniter\CodeIgniter->run()
13 SYSTEMPATH/Commands/Server/rewrite.php(43): require_once('FCPATH/index.php')
ERROR - 2022-07-27 20:44:31 --> Cannot add or update a child row: a foreign key constraint fails (`centuryprima_absen`.`absensi`, CONSTRAINT `userid` FOREIGN KEY (`userid`) REFERENCES `users` (`id`) ON DELETE CASCADE ON UPDATE CASCADE)
CRITICAL - 2022-07-27 20:44:31 --> Cannot add or update a child row: a foreign key constraint fails (`centuryprima_absen`.`absensi`, CONSTRAINT `userid` FOREIGN KEY (`userid`) REFERENCES `users` (`id`) ON DELETE CASCADE ON UPDATE CASCADE)
in SYSTEMPATH/Database/MySQLi/Connection.php on line 292.
 1 SYSTEMPATH/Database/MySQLi/Connection.php(292): mysqli->query()
 2 SYSTEMPATH/Database/BaseConnection.php(678): CodeIgniter\Database\MySQLi\Connection->execute()
 3 SYSTEMPATH/Database/BaseConnection.php(606): CodeIgniter\Database\BaseConnection->simpleQuery()
 4 SYSTEMPATH/Database/BaseBuilder.php(1904): CodeIgniter\Database\BaseConnection->query()
 5 SYSTEMPATH/Model.php(278): CodeIgniter\Database\BaseBuilder->insert()
 6 SYSTEMPATH/BaseModel.php(738): CodeIgniter\Model->doInsert()
 7 SYSTEMPATH/Model.php(666): CodeIgniter\BaseModel->insert()
 8 APPPATH/Controllers/Dashboard.php(33): CodeIgniter\Model->insert()
 9 SYSTEMPATH/CodeIgniter.php(898): App\Controllers\Dashboard->checkin()
10 SYSTEMPATH/CodeIgniter.php(468): CodeIgniter\CodeIgniter->runController()
11 SYSTEMPATH/CodeIgniter.php(351): CodeIgniter\CodeIgniter->handleRequest()
12 FCPATH/index.php(55): CodeIgniter\CodeIgniter->run()
13 SYSTEMPATH/Commands/Server/rewrite.php(43): require_once('FCPATH/index.php')
ERROR - 2022-07-27 20:45:44 --> Cannot add or update a child row: a foreign key constraint fails (`centuryprima_absen`.`absensi`, CONSTRAINT `userid` FOREIGN KEY (`userid`) REFERENCES `users` (`id`) ON DELETE CASCADE ON UPDATE CASCADE)
CRITICAL - 2022-07-27 20:45:44 --> Cannot add or update a child row: a foreign key constraint fails (`centuryprima_absen`.`absensi`, CONSTRAINT `userid` FOREIGN KEY (`userid`) REFERENCES `users` (`id`) ON DELETE CASCADE ON UPDATE CASCADE)
in SYSTEMPATH/Database/MySQLi/Connection.php on line 292.
 1 SYSTEMPATH/Database/MySQLi/Connection.php(292): mysqli->query()
 2 SYSTEMPATH/Database/BaseConnection.php(678): CodeIgniter\Database\MySQLi\Connection->execute()
 3 SYSTEMPATH/Database/BaseConnection.php(606): CodeIgniter\Database\BaseConnection->simpleQuery()
 4 SYSTEMPATH/Database/BaseBuilder.php(1904): CodeIgniter\Database\BaseConnection->query()
 5 SYSTEMPATH/Model.php(278): CodeIgniter\Database\BaseBuilder->insert()
 6 SYSTEMPATH/BaseModel.php(738): CodeIgniter\Model->doInsert()
 7 SYSTEMPATH/Model.php(666): CodeIgniter\BaseModel->insert()
 8 APPPATH/Controllers/Dashboard.php(33): CodeIgniter\Model->insert()
 9 SYSTEMPATH/CodeIgniter.php(898): App\Controllers\Dashboard->checkin()
10 SYSTEMPATH/CodeIgniter.php(468): CodeIgniter\CodeIgniter->runController()
11 SYSTEMPATH/CodeIgniter.php(351): CodeIgniter\CodeIgniter->handleRequest()
12 FCPATH/index.php(55): CodeIgniter\CodeIgniter->run()
13 SYSTEMPATH/Commands/Server/rewrite.php(43): require_once('FCPATH/index.php')
ERROR - 2022-07-27 20:45:58 --> Cannot add or update a child row: a foreign key constraint fails (`centuryprima_absen`.`absensi`, CONSTRAINT `userid` FOREIGN KEY (`userid`) REFERENCES `users` (`id`) ON DELETE CASCADE ON UPDATE CASCADE)
CRITICAL - 2022-07-27 20:45:58 --> Cannot add or update a child row: a foreign key constraint fails (`centuryprima_absen`.`absensi`, CONSTRAINT `userid` FOREIGN KEY (`userid`) REFERENCES `users` (`id`) ON DELETE CASCADE ON UPDATE CASCADE)
in SYSTEMPATH/Database/MySQLi/Connection.php on line 292.
 1 SYSTEMPATH/Database/MySQLi/Connection.php(292): mysqli->query()
 2 SYSTEMPATH/Database/BaseConnection.php(678): CodeIgniter\Database\MySQLi\Connection->execute()
 3 SYSTEMPATH/Database/BaseConnection.php(606): CodeIgniter\Database\BaseConnection->simpleQuery()
 4 SYSTEMPATH/Database/BaseBuilder.php(1904): CodeIgniter\Database\BaseConnection->query()
 5 SYSTEMPATH/Model.php(278): CodeIgniter\Database\BaseBuilder->insert()
 6 SYSTEMPATH/BaseModel.php(738): CodeIgniter\Model->doInsert()
 7 SYSTEMPATH/Model.php(666): CodeIgniter\BaseModel->insert()
 8 APPPATH/Controllers/Dashboard.php(33): CodeIgniter\Model->insert()
 9 SYSTEMPATH/CodeIgniter.php(898): App\Controllers\Dashboard->checkin()
10 SYSTEMPATH/CodeIgniter.php(468): CodeIgniter\CodeIgniter->runController()
11 SYSTEMPATH/CodeIgniter.php(351): CodeIgniter\CodeIgniter->handleRequest()
12 FCPATH/index.php(55): CodeIgniter\CodeIgniter->run()
13 SYSTEMPATH/Commands/Server/rewrite.php(43): require_once('FCPATH/index.php')
ERROR - 2022-07-27 20:48:43 --> Cannot add or update a child row: a foreign key constraint fails (`centuryprima_absen`.`absensi`, CONSTRAINT `userid` FOREIGN KEY (`userid`) REFERENCES `users` (`id`) ON DELETE CASCADE ON UPDATE CASCADE)
CRITICAL - 2022-07-27 20:48:43 --> Cannot add or update a child row: a foreign key constraint fails (`centuryprima_absen`.`absensi`, CONSTRAINT `userid` FOREIGN KEY (`userid`) REFERENCES `users` (`id`) ON DELETE CASCADE ON UPDATE CASCADE)
in SYSTEMPATH/Database/MySQLi/Connection.php on line 292.
 1 SYSTEMPATH/Database/MySQLi/Connection.php(292): mysqli->query()
 2 SYSTEMPATH/Database/BaseConnection.php(678): CodeIgniter\Database\MySQLi\Connection->execute()
 3 SYSTEMPATH/Database/BaseConnection.php(606): CodeIgniter\Database\BaseConnection->simpleQuery()
 4 SYSTEMPATH/Database/BaseBuilder.php(1904): CodeIgniter\Database\BaseConnection->query()
 5 SYSTEMPATH/Model.php(278): CodeIgniter\Database\BaseBuilder->insert()
 6 SYSTEMPATH/BaseModel.php(738): CodeIgniter\Model->doInsert()
 7 SYSTEMPATH/Model.php(666): CodeIgniter\BaseModel->insert()
 8 APPPATH/Controllers/Dashboard.php(34): CodeIgniter\Model->insert()
 9 SYSTEMPATH/CodeIgniter.php(898): App\Controllers\Dashboard->checkin()
10 SYSTEMPATH/CodeIgniter.php(468): CodeIgniter\CodeIgniter->runController()
11 SYSTEMPATH/CodeIgniter.php(351): CodeIgniter\CodeIgniter->handleRequest()
12 FCPATH/index.php(55): CodeIgniter\CodeIgniter->run()
13 SYSTEMPATH/Commands/Server/rewrite.php(43): require_once('FCPATH/index.php')
ERROR - 2022-07-27 20:50:33 --> Cannot add or update a child row: a foreign key constraint fails (`centuryprima_absen`.`absensi`, CONSTRAINT `userid` FOREIGN KEY (`userid`) REFERENCES `users` (`id`) ON DELETE CASCADE ON UPDATE CASCADE)
CRITICAL - 2022-07-27 20:50:33 --> Cannot add or update a child row: a foreign key constraint fails (`centuryprima_absen`.`absensi`, CONSTRAINT `userid` FOREIGN KEY (`userid`) REFERENCES `users` (`id`) ON DELETE CASCADE ON UPDATE CASCADE)
in SYSTEMPATH/Database/MySQLi/Connection.php on line 292.
 1 SYSTEMPATH/Database/MySQLi/Connection.php(292): mysqli->query()
 2 SYSTEMPATH/Database/BaseConnection.php(678): CodeIgniter\Database\MySQLi\Connection->execute()
 3 SYSTEMPATH/Database/BaseConnection.php(606): CodeIgniter\Database\BaseConnection->simpleQuery()
 4 SYSTEMPATH/Database/BaseBuilder.php(1904): CodeIgniter\Database\BaseConnection->query()
 5 SYSTEMPATH/Model.php(278): CodeIgniter\Database\BaseBuilder->insert()
 6 SYSTEMPATH/BaseModel.php(738): CodeIgniter\Model->doInsert()
 7 SYSTEMPATH/Model.php(666): CodeIgniter\BaseModel->insert()
 8 APPPATH/Controllers/Dashboard.php(34): CodeIgniter\Model->insert()
 9 SYSTEMPATH/CodeIgniter.php(898): App\Controllers\Dashboard->checkin()
10 SYSTEMPATH/CodeIgniter.php(468): CodeIgniter\CodeIgniter->runController()
11 SYSTEMPATH/CodeIgniter.php(351): CodeIgniter\CodeIgniter->handleRequest()
12 FCPATH/index.php(55): CodeIgniter\CodeIgniter->run()
13 SYSTEMPATH/Commands/Server/rewrite.php(43): require_once('FCPATH/index.php')
ERROR - 2022-07-27 20:50:43 --> Cannot add or update a child row: a foreign key constraint fails (`centuryprima_absen`.`absensi`, CONSTRAINT `userid` FOREIGN KEY (`userid`) REFERENCES `users` (`id`) ON DELETE CASCADE ON UPDATE CASCADE)
CRITICAL - 2022-07-27 20:50:43 --> Cannot add or update a child row: a foreign key constraint fails (`centuryprima_absen`.`absensi`, CONSTRAINT `userid` FOREIGN KEY (`userid`) REFERENCES `users` (`id`) ON DELETE CASCADE ON UPDATE CASCADE)
in SYSTEMPATH/Database/MySQLi/Connection.php on line 292.
 1 SYSTEMPATH/Database/MySQLi/Connection.php(292): mysqli->query()
 2 SYSTEMPATH/Database/BaseConnection.php(678): CodeIgniter\Database\MySQLi\Connection->execute()
 3 SYSTEMPATH/Database/BaseConnection.php(606): CodeIgniter\Database\BaseConnection->simpleQuery()
 4 SYSTEMPATH/Database/BaseBuilder.php(1904): CodeIgniter\Database\BaseConnection->query()
 5 SYSTEMPATH/Model.php(278): CodeIgniter\Database\BaseBuilder->insert()
 6 SYSTEMPATH/BaseModel.php(738): CodeIgniter\Model->doInsert()
 7 SYSTEMPATH/Model.php(666): CodeIgniter\BaseModel->insert()
 8 APPPATH/Controllers/Dashboard.php(34): CodeIgniter\Model->insert()
 9 SYSTEMPATH/CodeIgniter.php(898): App\Controllers\Dashboard->checkin()
10 SYSTEMPATH/CodeIgniter.php(468): CodeIgniter\CodeIgniter->runController()
11 SYSTEMPATH/CodeIgniter.php(351): CodeIgniter\CodeIgniter->handleRequest()
12 FCPATH/index.php(55): CodeIgniter\CodeIgniter->run()
13 SYSTEMPATH/Commands/Server/rewrite.php(43): require_once('FCPATH/index.php')
ERROR - 2022-07-27 20:50:58 --> Cannot add or update a child row: a foreign key constraint fails (`centuryprima_absen`.`absensi`, CONSTRAINT `userid` FOREIGN KEY (`userid`) REFERENCES `users` (`id`) ON DELETE CASCADE ON UPDATE CASCADE)
CRITICAL - 2022-07-27 20:50:58 --> Cannot add or update a child row: a foreign key constraint fails (`centuryprima_absen`.`absensi`, CONSTRAINT `userid` FOREIGN KEY (`userid`) REFERENCES `users` (`id`) ON DELETE CASCADE ON UPDATE CASCADE)
in SYSTEMPATH/Database/MySQLi/Connection.php on line 292.
 1 SYSTEMPATH/Database/MySQLi/Connection.php(292): mysqli->query()
 2 SYSTEMPATH/Database/BaseConnection.php(678): CodeIgniter\Database\MySQLi\Connection->execute()
 3 SYSTEMPATH/Database/BaseConnection.php(606): CodeIgniter\Database\BaseConnection->simpleQuery()
 4 SYSTEMPATH/Database/BaseBuilder.php(1904): CodeIgniter\Database\BaseConnection->query()
 5 SYSTEMPATH/Model.php(278): CodeIgniter\Database\BaseBuilder->insert()
 6 SYSTEMPATH/BaseModel.php(738): CodeIgniter\Model->doInsert()
 7 SYSTEMPATH/Model.php(666): CodeIgniter\BaseModel->insert()
 8 APPPATH/Controllers/Dashboard.php(34): CodeIgniter\Model->insert()
 9 SYSTEMPATH/CodeIgniter.php(898): App\Controllers\Dashboard->checkin()
10 SYSTEMPATH/CodeIgniter.php(468): CodeIgniter\CodeIgniter->runController()
11 SYSTEMPATH/CodeIgniter.php(351): CodeIgniter\CodeIgniter->handleRequest()
12 FCPATH/index.php(55): CodeIgniter\CodeIgniter->run()
13 SYSTEMPATH/Commands/Server/rewrite.php(43): require_once('FCPATH/index.php')
CRITICAL - 2022-07-27 21:05:34 --> Attempt to read property "checkout" on null
in APPPATH/Controllers/Dashboard.php on line 47.
 1 APPPATH/Controllers/Dashboard.php(47): CodeIgniter\Debug\Exceptions->errorHandler()
 2 SYSTEMPATH/CodeIgniter.php(898): App\Controllers\Dashboard->checkout()
 3 SYSTEMPATH/CodeIgniter.php(468): CodeIgniter\CodeIgniter->runController()
 4 SYSTEMPATH/CodeIgniter.php(351): CodeIgniter\CodeIgniter->handleRequest()
 5 FCPATH/index.php(55): CodeIgniter\CodeIgniter->run()
 6 SYSTEMPATH/Commands/Server/rewrite.php(43): require_once('FCPATH/index.php')
CRITICAL - 2022-07-27 21:06:49 --> Attempt to read property "checkout" on null
in APPPATH/Controllers/Dashboard.php on line 47.
 1 APPPATH/Controllers/Dashboard.php(47): CodeIgniter\Debug\Exceptions->errorHandler()
 2 SYSTEMPATH/CodeIgniter.php(898): App\Controllers\Dashboard->checkout()
 3 SYSTEMPATH/CodeIgniter.php(468): CodeIgniter\CodeIgniter->runController()
 4 SYSTEMPATH/CodeIgniter.php(351): CodeIgniter\CodeIgniter->handleRequest()
 5 FCPATH/index.php(55): CodeIgniter\CodeIgniter->run()
 6 SYSTEMPATH/Commands/Server/rewrite.php(43): require_once('FCPATH/index.php')
CRITICAL - 2022-07-27 21:23:00 --> Undefined property: stdClass::$checkout
in APPPATH/Views/dashboard.php on line 57.
 1 APPPATH/Views/dashboard.php(57): CodeIgniter\Debug\Exceptions->errorHandler()
 2 SYSTEMPATH/View/View.php(213): include('APPPATH/Views/dashboard.php')
 3 SYSTEMPATH/View/View.php(216): CodeIgniter\View\View->CodeIgniter\View\{closure}()
 4 SYSTEMPATH/Common.php(1135): CodeIgniter\View\View->render()
 5 APPPATH/Controllers/Dashboard.php(23): view()
 6 SYSTEMPATH/CodeIgniter.php(898): App\Controllers\Dashboard->index()
 7 SYSTEMPATH/CodeIgniter.php(468): CodeIgniter\CodeIgniter->runController()
 8 SYSTEMPATH/CodeIgniter.php(351): CodeIgniter\CodeIgniter->handleRequest()
 9 FCPATH/index.php(55): CodeIgniter\CodeIgniter->run()
10 SYSTEMPATH/Commands/Server/rewrite.php(43): require_once('FCPATH/index.php')
CRITICAL - 2022-07-27 21:36:54 --> The subquery cannot be the same object as the main query object.
in SYSTEMPATH/Database/BaseBuilder.php on line 2908.
 1 SYSTEMPATH/Database/BaseBuilder.php(748): CodeIgniter\Database\BaseBuilder->buildSubquery()
 2 SYSTEMPATH/Database/BaseBuilder.php(674): CodeIgniter\Database\BaseBuilder->whereHaving()
 3 APPPATH/Models/ModelAbsensi.php(27): CodeIgniter\Database\BaseBuilder->where()
 4 APPPATH/Controllers/Dashboard.php(20): App\Models\ModelAbsensi->getLast()
 5 SYSTEMPATH/CodeIgniter.php(898): App\Controllers\Dashboard->index()
 6 SYSTEMPATH/CodeIgniter.php(468): CodeIgniter\CodeIgniter->runController()
 7 SYSTEMPATH/CodeIgniter.php(351): CodeIgniter\CodeIgniter->handleRequest()
 8 FCPATH/index.php(55): CodeIgniter\CodeIgniter->run()
 9 SYSTEMPATH/Commands/Server/rewrite.php(43): require_once('FCPATH/index.php')
CRITICAL - 2022-07-27 21:40:19 --> Undefined property: stdClass::$id
in APPPATH/Views/dashboard.php on line 57.
 1 APPPATH/Views/dashboard.php(57): CodeIgniter\Debug\Exceptions->errorHandler()
 2 SYSTEMPATH/View/View.php(213): include('APPPATH/Views/dashboard.php')
 3 SYSTEMPATH/View/View.php(216): CodeIgniter\View\View->CodeIgniter\View\{closure}()
 4 SYSTEMPATH/Common.php(1135): CodeIgniter\View\View->render()
 5 APPPATH/Controllers/Dashboard.php(23): view()
 6 SYSTEMPATH/CodeIgniter.php(898): App\Controllers\Dashboard->index()
 7 SYSTEMPATH/CodeIgniter.php(468): CodeIgniter\CodeIgniter->runController()
 8 SYSTEMPATH/CodeIgniter.php(351): CodeIgniter\CodeIgniter->handleRequest()
 9 FCPATH/index.php(55): CodeIgniter\CodeIgniter->run()
10 SYSTEMPATH/Commands/Server/rewrite.php(43): require_once('FCPATH/index.php')
CRITICAL - 2022-07-27 21:40:30 --> Undefined property: stdClass::$id
in APPPATH/Views/dashboard.php on line 68.
 1 APPPATH/Views/dashboard.php(68): CodeIgniter\Debug\Exceptions->errorHandler()
 2 SYSTEMPATH/View/View.php(213): include('APPPATH/Views/dashboard.php')
 3 SYSTEMPATH/View/View.php(216): CodeIgniter\View\View->CodeIgniter\View\{closure}()
 4 SYSTEMPATH/Common.php(1135): CodeIgniter\View\View->render()
 5 APPPATH/Controllers/Dashboard.php(23): view()
 6 SYSTEMPATH/CodeIgniter.php(898): App\Controllers\Dashboard->index()
 7 SYSTEMPATH/CodeIgniter.php(468): CodeIgniter\CodeIgniter->runController()
 8 SYSTEMPATH/CodeIgniter.php(351): CodeIgniter\CodeIgniter->handleRequest()
 9 FCPATH/index.php(55): CodeIgniter\CodeIgniter->run()
10 SYSTEMPATH/Commands/Server/rewrite.php(43): require_once('FCPATH/index.php')
CRITICAL - 2022-07-27 21:41:36 --> Undefined property: stdClass::$id
in APPPATH/Views/dashboard.php on line 57.
 1 APPPATH/Views/dashboard.php(57): CodeIgniter\Debug\Exceptions->errorHandler()
 2 SYSTEMPATH/View/View.php(213): include('APPPATH/Views/dashboard.php')
 3 SYSTEMPATH/View/View.php(216): CodeIgniter\View\View->CodeIgniter\View\{closure}()
 4 SYSTEMPATH/Common.php(1135): CodeIgniter\View\View->render()
 5 APPPATH/Controllers/Dashboard.php(23): view()
 6 SYSTEMPATH/CodeIgniter.php(898): App\Controllers\Dashboard->index()
 7 SYSTEMPATH/CodeIgniter.php(468): CodeIgniter\CodeIgniter->runController()
 8 SYSTEMPATH/CodeIgniter.php(351): CodeIgniter\CodeIgniter->handleRequest()
 9 FCPATH/index.php(55): CodeIgniter\CodeIgniter->run()
10 SYSTEMPATH/Commands/Server/rewrite.php(43): require_once('FCPATH/index.php')
CRITICAL - 2022-07-27 22:02:16 --> Object of class CodeIgniter\Database\MySQLi\Result could not be converted to string
in SYSTEMPATH/Database/Query.php on line 335.
 1 SYSTEMPATH/Database/Query.php(335): strtr()
 2 SYSTEMPATH/Database/Query.php(310): CodeIgniter\Database\Query->matchNamedBinds()
 3 SYSTEMPATH/Database/Query.php(159): CodeIgniter\Database\Query->compileBinds()
 4 SYSTEMPATH/Database/BaseConnection.php(606): CodeIgniter\Database\Query->getQuery()
 5 SYSTEMPATH/Database/BaseBuilder.php(1585): CodeIgniter\Database\BaseConnection->query()
 6 APPPATH/Models/ModelAbsensi.php(30): CodeIgniter\Database\BaseBuilder->get()
 7 APPPATH/Controllers/Dashboard.php(20): App\Models\ModelAbsensi->getLast()
 8 SYSTEMPATH/CodeIgniter.php(898): App\Controllers\Dashboard->index()
 9 SYSTEMPATH/CodeIgniter.php(468): CodeIgniter\CodeIgniter->runController()
10 SYSTEMPATH/CodeIgniter.php(351): CodeIgniter\CodeIgniter->handleRequest()
11 FCPATH/index.php(55): CodeIgniter\CodeIgniter->run()
12 SYSTEMPATH/Commands/Server/rewrite.php(43): require_once('FCPATH/index.php')
