CRITICAL - 2022-08-03 00:13:39 --> Undefined property: stdClass::$usersid
in APPPATH/Views/admin/karyawan.php on line 51.
 1 APPPATH/Views/admin/karyawan.php(51): CodeIgniter\Debug\Exceptions->errorHandler()
 2 SYSTEMPATH/View/View.php(213): include('APPPATH/Views/admin/karyawan.php')
 3 SYSTEMPATH/View/View.php(216): CodeIgniter\View\View->CodeIgniter\View\{closure}()
 4 SYSTEMPATH/Common.php(1135): CodeIgniter\View\View->render()
 5 APPPATH/Controllers/Admin.php(27): view()
 6 SYSTEMPATH/CodeIgniter.php(898): App\Controllers\Admin->karyawan()
 7 SYSTEMPATH/CodeIgniter.php(468): CodeIgniter\CodeIgniter->runController()
 8 SYSTEMPATH/CodeIgniter.php(351): CodeIgniter\CodeIgniter->handleRequest()
 9 FCPATH/index.php(55): CodeIgniter\CodeIgniter->run()
10 SYSTEMPATH/Commands/Server/rewrite.php(43): require_once('FCPATH/index.php')
CRITICAL - 2022-08-03 00:19:35 --> Myth\Auth\Models\UserModel::withGroup(): Argument #1 ($groupName) must be of type string, null given, called in /home/ashcii/Documents/Absensi/app/Controllers/Admin.php on line 168
in VENDORPATH/myth/auth/src/Models/UserModel.php on line 86.
 1 APPPATH/Controllers/Admin.php(168): Myth\Auth\Models\UserModel->withGroup()
 2 SYSTEMPATH/CodeIgniter.php(898): App\Controllers\Admin->editKaryawan()
 3 SYSTEMPATH/CodeIgniter.php(468): CodeIgniter\CodeIgniter->runController()
 4 SYSTEMPATH/CodeIgniter.php(351): CodeIgniter\CodeIgniter->handleRequest()
 5 FCPATH/index.php(55): CodeIgniter\CodeIgniter->run()
 6 SYSTEMPATH/Commands/Server/rewrite.php(43): require_once('FCPATH/index.php')
CRITICAL - 2022-08-03 00:19:41 --> Myth\Auth\Models\UserModel::withGroup(): Argument #1 ($groupName) must be of type string, null given, called in /home/ashcii/Documents/Absensi/app/Controllers/Admin.php on line 168
in VENDORPATH/myth/auth/src/Models/UserModel.php on line 86.
 1 APPPATH/Controllers/Admin.php(168): Myth\Auth\Models\UserModel->withGroup()
 2 SYSTEMPATH/CodeIgniter.php(898): App\Controllers\Admin->editKaryawan()
 3 SYSTEMPATH/CodeIgniter.php(468): CodeIgniter\CodeIgniter->runController()
 4 SYSTEMPATH/CodeIgniter.php(351): CodeIgniter\CodeIgniter->handleRequest()
 5 FCPATH/index.php(55): CodeIgniter\CodeIgniter->run()
 6 SYSTEMPATH/Commands/Server/rewrite.php(43): require_once('FCPATH/index.php')
CRITICAL - 2022-08-03 00:19:51 --> Myth\Auth\Models\UserModel::withGroup(): Argument #1 ($groupName) must be of type string, null given, called in /home/ashcii/Documents/Absensi/app/Controllers/Admin.php on line 168
in VENDORPATH/myth/auth/src/Models/UserModel.php on line 86.
 1 APPPATH/Controllers/Admin.php(168): Myth\Auth\Models\UserModel->withGroup()
 2 SYSTEMPATH/CodeIgniter.php(898): App\Controllers\Admin->editKaryawan()
 3 SYSTEMPATH/CodeIgniter.php(468): CodeIgniter\CodeIgniter->runController()
 4 SYSTEMPATH/CodeIgniter.php(351): CodeIgniter\CodeIgniter->handleRequest()
 5 FCPATH/index.php(55): CodeIgniter\CodeIgniter->run()
 6 SYSTEMPATH/Commands/Server/rewrite.php(43): require_once('FCPATH/index.php')
ERROR - 2022-08-03 00:24:40 --> Cannot add or update a child row: a foreign key constraint fails (`centuryprima_absen`.`auth_groups_users`, CONSTRAINT `auth_groups_users_group_id_foreign` FOREIGN KEY (`group_id`) REFERENCES `auth_groups` (`id`) ON DELETE CASCADE)
CRITICAL - 2022-08-03 00:24:40 --> Cannot add or update a child row: a foreign key constraint fails (`centuryprima_absen`.`auth_groups_users`, CONSTRAINT `auth_groups_users_group_id_foreign` FOREIGN KEY (`group_id`) REFERENCES `auth_groups` (`id`) ON DELETE CASCADE)
in SYSTEMPATH/Database/MySQLi/Connection.php on line 292.
 1 SYSTEMPATH/Database/MySQLi/Connection.php(292): mysqli->query()
 2 SYSTEMPATH/Database/BaseConnection.php(678): CodeIgniter\Database\MySQLi\Connection->execute()
 3 SYSTEMPATH/Database/BaseConnection.php(606): CodeIgniter\Database\BaseConnection->simpleQuery()
 4 SYSTEMPATH/Database/BaseBuilder.php(1904): CodeIgniter\Database\BaseConnection->query()
 5 VENDORPATH/myth/auth/src/Models/GroupModel.php(52): CodeIgniter\Database\BaseBuilder->insert()
 6 APPPATH/Controllers/Admin.php(172): Myth\Auth\Models\GroupModel->addUserToGroup()
 7 SYSTEMPATH/CodeIgniter.php(898): App\Controllers\Admin->editKaryawan()
 8 SYSTEMPATH/CodeIgniter.php(468): CodeIgniter\CodeIgniter->runController()
 9 SYSTEMPATH/CodeIgniter.php(351): CodeIgniter\CodeIgniter->handleRequest()
10 FCPATH/index.php(55): CodeIgniter\CodeIgniter->run()
11 SYSTEMPATH/Commands/Server/rewrite.php(43): require_once('FCPATH/index.php')
ERROR - 2022-08-03 00:27:10 --> Cannot add or update a child row: a foreign key constraint fails (`centuryprima_absen`.`auth_groups_users`, CONSTRAINT `auth_groups_users_group_id_foreign` FOREIGN KEY (`group_id`) REFERENCES `auth_groups` (`id`) ON DELETE CASCADE)
CRITICAL - 2022-08-03 00:27:10 --> Cannot add or update a child row: a foreign key constraint fails (`centuryprima_absen`.`auth_groups_users`, CONSTRAINT `auth_groups_users_group_id_foreign` FOREIGN KEY (`group_id`) REFERENCES `auth_groups` (`id`) ON DELETE CASCADE)
in SYSTEMPATH/Database/MySQLi/Connection.php on line 292.
 1 SYSTEMPATH/Database/MySQLi/Connection.php(292): mysqli->query()
 2 SYSTEMPATH/Database/BaseConnection.php(678): CodeIgniter\Database\MySQLi\Connection->execute()
 3 SYSTEMPATH/Database/BaseConnection.php(606): CodeIgniter\Database\BaseConnection->simpleQuery()
 4 SYSTEMPATH/Database/BaseBuilder.php(1904): CodeIgniter\Database\BaseConnection->query()
 5 VENDORPATH/myth/auth/src/Models/GroupModel.php(52): CodeIgniter\Database\BaseBuilder->insert()
 6 APPPATH/Controllers/Admin.php(172): Myth\Auth\Models\GroupModel->addUserToGroup()
 7 SYSTEMPATH/CodeIgniter.php(898): App\Controllers\Admin->editKaryawan()
 8 SYSTEMPATH/CodeIgniter.php(468): CodeIgniter\CodeIgniter->runController()
 9 SYSTEMPATH/CodeIgniter.php(351): CodeIgniter\CodeIgniter->handleRequest()
10 FCPATH/index.php(55): CodeIgniter\CodeIgniter->run()
11 SYSTEMPATH/Commands/Server/rewrite.php(43): require_once('FCPATH/index.php')
CRITICAL - 2022-08-03 00:35:38 --> Myth\Auth\Models\UserModel::withGroup(): Argument #1 ($groupName) must be of type string, null given, called in /home/ashcii/Documents/Absensi/app/Controllers/Admin.php on line 171
in VENDORPATH/myth/auth/src/Models/UserModel.php on line 86.
 1 APPPATH/Controllers/Admin.php(171): Myth\Auth\Models\UserModel->withGroup()
 2 SYSTEMPATH/CodeIgniter.php(898): App\Controllers\Admin->editKaryawan()
 3 SYSTEMPATH/CodeIgniter.php(468): CodeIgniter\CodeIgniter->runController()
 4 SYSTEMPATH/CodeIgniter.php(351): CodeIgniter\CodeIgniter->handleRequest()
 5 FCPATH/index.php(55): CodeIgniter\CodeIgniter->run()
 6 SYSTEMPATH/Commands/Server/rewrite.php(43): require_once('FCPATH/index.php')
CRITICAL - 2022-08-03 00:36:27 --> Myth\Auth\Models\UserModel::withGroup(): Argument #1 ($groupName) must be of type string, null given, called in /home/ashcii/Documents/Absensi/app/Controllers/Admin.php on line 171
in VENDORPATH/myth/auth/src/Models/UserModel.php on line 86.
 1 APPPATH/Controllers/Admin.php(171): Myth\Auth\Models\UserModel->withGroup()
 2 SYSTEMPATH/CodeIgniter.php(898): App\Controllers\Admin->editKaryawan()
 3 SYSTEMPATH/CodeIgniter.php(468): CodeIgniter\CodeIgniter->runController()
 4 SYSTEMPATH/CodeIgniter.php(351): CodeIgniter\CodeIgniter->handleRequest()
 5 FCPATH/index.php(55): CodeIgniter\CodeIgniter->run()
 6 SYSTEMPATH/Commands/Server/rewrite.php(43): require_once('FCPATH/index.php')
CRITICAL - 2022-08-03 00:44:34 --> Too few arguments to function Myth\Auth\Models\GroupModel::getGroupsForUser(), 0 passed in /home/ashcii/Documents/Absensi/app/Controllers/Admin.php on line 26 and exactly 1 expected
in VENDORPATH/myth/auth/src/Models/GroupModel.php on line 95.
 1 APPPATH/Controllers/Admin.php(26): Myth\Auth\Models\GroupModel->getGroupsForUser()
 2 SYSTEMPATH/CodeIgniter.php(898): App\Controllers\Admin->karyawan()
 3 SYSTEMPATH/CodeIgniter.php(468): CodeIgniter\CodeIgniter->runController()
 4 SYSTEMPATH/CodeIgniter.php(351): CodeIgniter\CodeIgniter->handleRequest()
 5 FCPATH/index.php(55): CodeIgniter\CodeIgniter->run()
 6 SYSTEMPATH/Commands/Server/rewrite.php(43): require_once('FCPATH/index.php')
CRITICAL - 2022-08-03 00:45:31 --> Attempt to read property "id" on array
in APPPATH/Views/admin/karyawan.php on line 93.
 1 APPPATH/Views/admin/karyawan.php(93): CodeIgniter\Debug\Exceptions->errorHandler()
 2 SYSTEMPATH/View/View.php(213): include('APPPATH/Views/admin/karyawan.php')
 3 SYSTEMPATH/View/View.php(216): CodeIgniter\View\View->CodeIgniter\View\{closure}()
 4 SYSTEMPATH/Common.php(1135): CodeIgniter\View\View->render()
 5 APPPATH/Controllers/Admin.php(30): view()
 6 SYSTEMPATH/CodeIgniter.php(898): App\Controllers\Admin->karyawan()
 7 SYSTEMPATH/CodeIgniter.php(468): CodeIgniter\CodeIgniter->runController()
 8 SYSTEMPATH/CodeIgniter.php(351): CodeIgniter\CodeIgniter->handleRequest()
 9 FCPATH/index.php(55): CodeIgniter\CodeIgniter->run()
10 SYSTEMPATH/Commands/Server/rewrite.php(43): require_once('FCPATH/index.php')
CRITICAL - 2022-08-03 09:18:42 --> Undefined variable $group
in APPPATH/Views/admin/karyawan.php on line 34.
 1 APPPATH/Views/admin/karyawan.php(34): CodeIgniter\Debug\Exceptions->errorHandler()
 2 SYSTEMPATH/View/View.php(213): include('APPPATH/Views/admin/karyawan.php')
 3 SYSTEMPATH/View/View.php(216): CodeIgniter\View\View->CodeIgniter\View\{closure}()
 4 SYSTEMPATH/Common.php(1135): CodeIgniter\View\View->render()
 5 APPPATH/Controllers/Admin.php(30): view()
 6 SYSTEMPATH/CodeIgniter.php(898): App\Controllers\Admin->karyawan()
 7 SYSTEMPATH/CodeIgniter.php(468): CodeIgniter\CodeIgniter->runController()
 8 SYSTEMPATH/CodeIgniter.php(351): CodeIgniter\CodeIgniter->handleRequest()
 9 FCPATH/index.php(55): CodeIgniter\CodeIgniter->run()
10 SYSTEMPATH/Commands/Server/rewrite.php(43): require_once('FCPATH/index.php')
CRITICAL - 2022-08-03 09:21:57 --> Attempt to read property "id" on array
in APPPATH/Views/admin/karyawan.php on line 36.
 1 APPPATH/Views/admin/karyawan.php(36): CodeIgniter\Debug\Exceptions->errorHandler()
 2 SYSTEMPATH/View/View.php(213): include('APPPATH/Views/admin/karyawan.php')
 3 SYSTEMPATH/View/View.php(216): CodeIgniter\View\View->CodeIgniter\View\{closure}()
 4 SYSTEMPATH/Common.php(1135): CodeIgniter\View\View->render()
 5 APPPATH/Controllers/Admin.php(30): view()
 6 SYSTEMPATH/CodeIgniter.php(898): App\Controllers\Admin->karyawan()
 7 SYSTEMPATH/CodeIgniter.php(468): CodeIgniter\CodeIgniter->runController()
 8 SYSTEMPATH/CodeIgniter.php(351): CodeIgniter\CodeIgniter->handleRequest()
 9 FCPATH/index.php(55): CodeIgniter\CodeIgniter->run()
10 SYSTEMPATH/Commands/Server/rewrite.php(43): require_once('FCPATH/index.php')
CRITICAL - 2022-08-03 09:22:05 --> Attempt to read property "name" on array
in APPPATH/Views/admin/karyawan.php on line 36.
 1 APPPATH/Views/admin/karyawan.php(36): CodeIgniter\Debug\Exceptions->errorHandler()
 2 SYSTEMPATH/View/View.php(213): include('APPPATH/Views/admin/karyawan.php')
 3 SYSTEMPATH/View/View.php(216): CodeIgniter\View\View->CodeIgniter\View\{closure}()
 4 SYSTEMPATH/Common.php(1135): CodeIgniter\View\View->render()
 5 APPPATH/Controllers/Admin.php(30): view()
 6 SYSTEMPATH/CodeIgniter.php(898): App\Controllers\Admin->karyawan()
 7 SYSTEMPATH/CodeIgniter.php(468): CodeIgniter\CodeIgniter->runController()
 8 SYSTEMPATH/CodeIgniter.php(351): CodeIgniter\CodeIgniter->handleRequest()
 9 FCPATH/index.php(55): CodeIgniter\CodeIgniter->run()
10 SYSTEMPATH/Commands/Server/rewrite.php(43): require_once('FCPATH/index.php')
CRITICAL - 2022-08-03 09:22:06 --> Attempt to read property "name" on array
in APPPATH/Views/admin/karyawan.php on line 36.
 1 APPPATH/Views/admin/karyawan.php(36): CodeIgniter\Debug\Exceptions->errorHandler()
 2 SYSTEMPATH/View/View.php(213): include('APPPATH/Views/admin/karyawan.php')
 3 SYSTEMPATH/View/View.php(216): CodeIgniter\View\View->CodeIgniter\View\{closure}()
 4 SYSTEMPATH/Common.php(1135): CodeIgniter\View\View->render()
 5 APPPATH/Controllers/Admin.php(30): view()
 6 SYSTEMPATH/CodeIgniter.php(898): App\Controllers\Admin->karyawan()
 7 SYSTEMPATH/CodeIgniter.php(468): CodeIgniter\CodeIgniter->runController()
 8 SYSTEMPATH/CodeIgniter.php(351): CodeIgniter\CodeIgniter->handleRequest()
 9 FCPATH/index.php(55): CodeIgniter\CodeIgniter->run()
10 SYSTEMPATH/Commands/Server/rewrite.php(43): require_once('FCPATH/index.php')
CRITICAL - 2022-08-03 09:37:23 --> Undefined property: App\Controllers\Admin::$modelKaryawan
in APPPATH/Controllers/Admin.php on line 180.
 1 APPPATH/Controllers/Admin.php(180): CodeIgniter\Debug\Exceptions->errorHandler()
 2 SYSTEMPATH/CodeIgniter.php(898): App\Controllers\Admin->deleteKaryawan()
 3 SYSTEMPATH/CodeIgniter.php(468): CodeIgniter\CodeIgniter->runController()
 4 SYSTEMPATH/CodeIgniter.php(351): CodeIgniter\CodeIgniter->handleRequest()
 5 FCPATH/index.php(55): CodeIgniter\CodeIgniter->run()
 6 SYSTEMPATH/Commands/Server/rewrite.php(43): require_once('FCPATH/index.php')
CRITICAL - 2022-08-03 12:23:58 --> Call to undefined method Myth\Auth\Models\UserModel::addUserToGroup
in SYSTEMPATH/Model.php on line 773.
 1 APPPATH/Controllers/Admin.php(171): CodeIgniter\Model->__call()
 2 SYSTEMPATH/CodeIgniter.php(898): App\Controllers\Admin->editKaryawan()
 3 SYSTEMPATH/CodeIgniter.php(468): CodeIgniter\CodeIgniter->runController()
 4 SYSTEMPATH/CodeIgniter.php(351): CodeIgniter\CodeIgniter->handleRequest()
 5 FCPATH/index.php(55): CodeIgniter\CodeIgniter->run()
 6 SYSTEMPATH/Commands/Server/rewrite.php(43): require_once('FCPATH/index.php')
