CRITICAL - 2022-08-09 10:38:14 --> Undefined variable $karyawan
in APPPATH/Views/admin/absenFilter.php on line 27.
 1 APPPATH/Views/admin/absenFilter.php(27): CodeIgniter\Debug\Exceptions->errorHandler()
 2 SYSTEMPATH/View/View.php(213): include('APPPATH/Views/admin/absenFilter.php')
 3 SYSTEMPATH/View/View.php(216): CodeIgniter\View\View->CodeIgniter\View\{closure}()
 4 SYSTEMPATH/Common.php(1135): CodeIgniter\View\View->render()
 5 APPPATH/Controllers/Admin.php(213): view()
 6 SYSTEMPATH/CodeIgniter.php(898): App\Controllers\Admin->filter()
 7 SYSTEMPATH/CodeIgniter.php(468): CodeIgniter\CodeIgniter->runController()
 8 SYSTEMPATH/CodeIgniter.php(351): CodeIgniter\CodeIgniter->handleRequest()
 9 FCPATH/index.php(55): CodeIgniter\CodeIgniter->run()
10 SYSTEMPATH/Commands/Server/rewrite.php(43): require_once('FCPATH/index.php')
CRITICAL - 2022-08-09 10:41:32 --> Undefined property: stdClass::$nama
in APPPATH/Views/admin/absenFilter.php on line 63.
 1 APPPATH/Views/admin/absenFilter.php(63): CodeIgniter\Debug\Exceptions->errorHandler()
 2 SYSTEMPATH/View/View.php(213): include('APPPATH/Views/admin/absenFilter.php')
 3 SYSTEMPATH/View/View.php(216): CodeIgniter\View\View->CodeIgniter\View\{closure}()
 4 SYSTEMPATH/Common.php(1135): CodeIgniter\View\View->render()
 5 APPPATH/Controllers/Admin.php(214): view()
 6 SYSTEMPATH/CodeIgniter.php(898): App\Controllers\Admin->filter()
 7 SYSTEMPATH/CodeIgniter.php(468): CodeIgniter\CodeIgniter->runController()
 8 SYSTEMPATH/CodeIgniter.php(351): CodeIgniter\CodeIgniter->handleRequest()
 9 FCPATH/index.php(55): CodeIgniter\CodeIgniter->run()
10 SYSTEMPATH/Commands/Server/rewrite.php(43): require_once('FCPATH/index.php')
CRITICAL - 2022-08-09 10:41:53 --> Undefined property: stdClass::$jabatan
in APPPATH/Views/admin/absenFilter.php on line 64.
 1 APPPATH/Views/admin/absenFilter.php(64): CodeIgniter\Debug\Exceptions->errorHandler()
 2 SYSTEMPATH/View/View.php(213): include('APPPATH/Views/admin/absenFilter.php')
 3 SYSTEMPATH/View/View.php(216): CodeIgniter\View\View->CodeIgniter\View\{closure}()
 4 SYSTEMPATH/Common.php(1135): CodeIgniter\View\View->render()
 5 APPPATH/Controllers/Admin.php(214): view()
 6 SYSTEMPATH/CodeIgniter.php(898): App\Controllers\Admin->filter()
 7 SYSTEMPATH/CodeIgniter.php(468): CodeIgniter\CodeIgniter->runController()
 8 SYSTEMPATH/CodeIgniter.php(351): CodeIgniter\CodeIgniter->handleRequest()
 9 FCPATH/index.php(55): CodeIgniter\CodeIgniter->run()
10 SYSTEMPATH/Commands/Server/rewrite.php(43): require_once('FCPATH/index.php')
CRITICAL - 2022-08-09 10:41:57 --> Undefined property: stdClass::$nama
in APPPATH/Views/admin/absenFilter.php on line 63.
 1 APPPATH/Views/admin/absenFilter.php(63): CodeIgniter\Debug\Exceptions->errorHandler()
 2 SYSTEMPATH/View/View.php(213): include('APPPATH/Views/admin/absenFilter.php')
 3 SYSTEMPATH/View/View.php(216): CodeIgniter\View\View->CodeIgniter\View\{closure}()
 4 SYSTEMPATH/Common.php(1135): CodeIgniter\View\View->render()
 5 APPPATH/Controllers/Admin.php(214): view()
 6 SYSTEMPATH/CodeIgniter.php(898): App\Controllers\Admin->filter()
 7 SYSTEMPATH/CodeIgniter.php(468): CodeIgniter\CodeIgniter->runController()
 8 SYSTEMPATH/CodeIgniter.php(351): CodeIgniter\CodeIgniter->handleRequest()
 9 FCPATH/index.php(55): CodeIgniter\CodeIgniter->run()
10 SYSTEMPATH/Commands/Server/rewrite.php(43): require_once('FCPATH/index.php')
CRITICAL - 2022-08-09 10:42:29 --> Undefined property: stdClass::$nama
in APPPATH/Views/admin/absenFilter.php on line 63.
 1 APPPATH/Views/admin/absenFilter.php(63): CodeIgniter\Debug\Exceptions->errorHandler()
 2 SYSTEMPATH/View/View.php(213): include('APPPATH/Views/admin/absenFilter.php')
 3 SYSTEMPATH/View/View.php(216): CodeIgniter\View\View->CodeIgniter\View\{closure}()
 4 SYSTEMPATH/Common.php(1135): CodeIgniter\View\View->render()
 5 APPPATH/Controllers/Admin.php(214): view()
 6 SYSTEMPATH/CodeIgniter.php(898): App\Controllers\Admin->filter()
 7 SYSTEMPATH/CodeIgniter.php(468): CodeIgniter\CodeIgniter->runController()
 8 SYSTEMPATH/CodeIgniter.php(351): CodeIgniter\CodeIgniter->handleRequest()
 9 FCPATH/index.php(55): CodeIgniter\CodeIgniter->run()
10 SYSTEMPATH/Commands/Server/rewrite.php(43): require_once('FCPATH/index.php')
CRITICAL - 2022-08-09 10:42:45 --> Undefined property: stdClass::$nama
in APPPATH/Views/admin/absenFilter.php on line 63.
 1 APPPATH/Views/admin/absenFilter.php(63): CodeIgniter\Debug\Exceptions->errorHandler()
 2 SYSTEMPATH/View/View.php(213): include('APPPATH/Views/admin/absenFilter.php')
 3 SYSTEMPATH/View/View.php(216): CodeIgniter\View\View->CodeIgniter\View\{closure}()
 4 SYSTEMPATH/Common.php(1135): CodeIgniter\View\View->render()
 5 APPPATH/Controllers/Admin.php(214): view()
 6 SYSTEMPATH/CodeIgniter.php(898): App\Controllers\Admin->filter()
 7 SYSTEMPATH/CodeIgniter.php(468): CodeIgniter\CodeIgniter->runController()
 8 SYSTEMPATH/CodeIgniter.php(351): CodeIgniter\CodeIgniter->handleRequest()
 9 FCPATH/index.php(55): CodeIgniter\CodeIgniter->run()
10 SYSTEMPATH/Commands/Server/rewrite.php(43): require_once('FCPATH/index.php')
CRITICAL - 2022-08-09 10:44:00 --> Undefined property: stdClass::$nama
in APPPATH/Views/admin/absenFilter.php on line 63.
 1 APPPATH/Views/admin/absenFilter.php(63): CodeIgniter\Debug\Exceptions->errorHandler()
 2 SYSTEMPATH/View/View.php(213): include('APPPATH/Views/admin/absenFilter.php')
 3 SYSTEMPATH/View/View.php(216): CodeIgniter\View\View->CodeIgniter\View\{closure}()
 4 SYSTEMPATH/Common.php(1135): CodeIgniter\View\View->render()
 5 APPPATH/Controllers/Admin.php(214): view()
 6 SYSTEMPATH/CodeIgniter.php(898): App\Controllers\Admin->filter()
 7 SYSTEMPATH/CodeIgniter.php(468): CodeIgniter\CodeIgniter->runController()
 8 SYSTEMPATH/CodeIgniter.php(351): CodeIgniter\CodeIgniter->handleRequest()
 9 FCPATH/index.php(55): CodeIgniter\CodeIgniter->run()
10 SYSTEMPATH/Commands/Server/rewrite.php(43): require_once('FCPATH/index.php')
CRITICAL - 2022-08-09 10:44:50 --> Undefined property: stdClass::$nama
in APPPATH/Views/admin/absenFilter.php on line 63.
 1 APPPATH/Views/admin/absenFilter.php(63): CodeIgniter\Debug\Exceptions->errorHandler()
 2 SYSTEMPATH/View/View.php(213): include('APPPATH/Views/admin/absenFilter.php')
 3 SYSTEMPATH/View/View.php(216): CodeIgniter\View\View->CodeIgniter\View\{closure}()
 4 SYSTEMPATH/Common.php(1135): CodeIgniter\View\View->render()
 5 APPPATH/Controllers/Admin.php(214): view()
 6 SYSTEMPATH/CodeIgniter.php(898): App\Controllers\Admin->filter()
 7 SYSTEMPATH/CodeIgniter.php(468): CodeIgniter\CodeIgniter->runController()
 8 SYSTEMPATH/CodeIgniter.php(351): CodeIgniter\CodeIgniter->handleRequest()
 9 FCPATH/index.php(55): CodeIgniter\CodeIgniter->run()
10 SYSTEMPATH/Commands/Server/rewrite.php(43): require_once('FCPATH/index.php')
CRITICAL - 2022-08-09 10:45:54 --> Undefined property: stdClass::$nama
in APPPATH/Views/admin/absenFilter.php on line 63.
 1 APPPATH/Views/admin/absenFilter.php(63): CodeIgniter\Debug\Exceptions->errorHandler()
 2 SYSTEMPATH/View/View.php(213): include('APPPATH/Views/admin/absenFilter.php')
 3 SYSTEMPATH/View/View.php(216): CodeIgniter\View\View->CodeIgniter\View\{closure}()
 4 SYSTEMPATH/Common.php(1135): CodeIgniter\View\View->render()
 5 APPPATH/Controllers/Admin.php(214): view()
 6 SYSTEMPATH/CodeIgniter.php(898): App\Controllers\Admin->filter()
 7 SYSTEMPATH/CodeIgniter.php(468): CodeIgniter\CodeIgniter->runController()
 8 SYSTEMPATH/CodeIgniter.php(351): CodeIgniter\CodeIgniter->handleRequest()
 9 FCPATH/index.php(55): CodeIgniter\CodeIgniter->run()
10 SYSTEMPATH/Commands/Server/rewrite.php(43): require_once('FCPATH/index.php')
CRITICAL - 2022-08-09 10:46:06 --> Undefined property: stdClass::$nama
in APPPATH/Views/admin/absenFilter.php on line 63.
 1 APPPATH/Views/admin/absenFilter.php(63): CodeIgniter\Debug\Exceptions->errorHandler()
 2 SYSTEMPATH/View/View.php(213): include('APPPATH/Views/admin/absenFilter.php')
 3 SYSTEMPATH/View/View.php(216): CodeIgniter\View\View->CodeIgniter\View\{closure}()
 4 SYSTEMPATH/Common.php(1135): CodeIgniter\View\View->render()
 5 APPPATH/Controllers/Admin.php(214): view()
 6 SYSTEMPATH/CodeIgniter.php(898): App\Controllers\Admin->filter()
 7 SYSTEMPATH/CodeIgniter.php(468): CodeIgniter\CodeIgniter->runController()
 8 SYSTEMPATH/CodeIgniter.php(351): CodeIgniter\CodeIgniter->handleRequest()
 9 FCPATH/index.php(55): CodeIgniter\CodeIgniter->run()
10 SYSTEMPATH/Commands/Server/rewrite.php(43): require_once('FCPATH/index.php')
CRITICAL - 2022-08-09 10:46:17 --> Undefined property: stdClass::$nama
in APPPATH/Views/admin/absenFilter.php on line 63.
 1 APPPATH/Views/admin/absenFilter.php(63): CodeIgniter\Debug\Exceptions->errorHandler()
 2 SYSTEMPATH/View/View.php(213): include('APPPATH/Views/admin/absenFilter.php')
 3 SYSTEMPATH/View/View.php(216): CodeIgniter\View\View->CodeIgniter\View\{closure}()
 4 SYSTEMPATH/Common.php(1135): CodeIgniter\View\View->render()
 5 APPPATH/Controllers/Admin.php(214): view()
 6 SYSTEMPATH/CodeIgniter.php(898): App\Controllers\Admin->filter()
 7 SYSTEMPATH/CodeIgniter.php(468): CodeIgniter\CodeIgniter->runController()
 8 SYSTEMPATH/CodeIgniter.php(351): CodeIgniter\CodeIgniter->handleRequest()
 9 FCPATH/index.php(55): CodeIgniter\CodeIgniter->run()
10 SYSTEMPATH/Commands/Server/rewrite.php(43): require_once('FCPATH/index.php')
CRITICAL - 2022-08-09 12:04:15 --> CodeIgniter\Database\BaseBuilder::like(): Argument #2 ($match) must be of type string, null given, called in /home/ashcii/Documents/Absensi/app/Models/ModelAbsensi.php on line 30
in SYSTEMPATH/Database/BaseBuilder.php on line 954.
 1 APPPATH/Models/ModelAbsensi.php(30): CodeIgniter\Database\BaseBuilder->like()
 2 APPPATH/Controllers/Admin.php(212): App\Models\ModelAbsensi->getDate()
 3 SYSTEMPATH/CodeIgniter.php(898): App\Controllers\Admin->filter()
 4 SYSTEMPATH/CodeIgniter.php(468): CodeIgniter\CodeIgniter->runController()
 5 SYSTEMPATH/CodeIgniter.php(351): CodeIgniter\CodeIgniter->handleRequest()
 6 FCPATH/index.php(55): CodeIgniter\CodeIgniter->run()
 7 SYSTEMPATH/Commands/Server/rewrite.php(43): require_once('FCPATH/index.php')
CRITICAL - 2022-08-09 12:04:32 --> CodeIgniter\Database\BaseBuilder::like(): Argument #2 ($match) must be of type string, null given, called in /home/ashcii/Documents/Absensi/app/Models/ModelAbsensi.php on line 30
in SYSTEMPATH/Database/BaseBuilder.php on line 954.
 1 APPPATH/Models/ModelAbsensi.php(30): CodeIgniter\Database\BaseBuilder->like()
 2 APPPATH/Controllers/Admin.php(212): App\Models\ModelAbsensi->getDate()
 3 SYSTEMPATH/CodeIgniter.php(898): App\Controllers\Admin->filter()
 4 SYSTEMPATH/CodeIgniter.php(468): CodeIgniter\CodeIgniter->runController()
 5 SYSTEMPATH/CodeIgniter.php(351): CodeIgniter\CodeIgniter->handleRequest()
 6 FCPATH/index.php(55): CodeIgniter\CodeIgniter->run()
 7 SYSTEMPATH/Commands/Server/rewrite.php(43): require_once('FCPATH/index.php')
CRITICAL - 2022-08-09 12:05:17 --> CodeIgniter\Database\BaseBuilder::like(): Argument #2 ($match) must be of type string, null given, called in /home/ashcii/Documents/Absensi/app/Models/ModelAbsensi.php on line 30
in SYSTEMPATH/Database/BaseBuilder.php on line 954.
 1 APPPATH/Models/ModelAbsensi.php(30): CodeIgniter\Database\BaseBuilder->like()
 2 APPPATH/Controllers/Admin.php(212): App\Models\ModelAbsensi->getDate()
 3 SYSTEMPATH/CodeIgniter.php(898): App\Controllers\Admin->filter()
 4 SYSTEMPATH/CodeIgniter.php(468): CodeIgniter\CodeIgniter->runController()
 5 SYSTEMPATH/CodeIgniter.php(351): CodeIgniter\CodeIgniter->handleRequest()
 6 FCPATH/index.php(55): CodeIgniter\CodeIgniter->run()
 7 SYSTEMPATH/Commands/Server/rewrite.php(43): require_once('FCPATH/index.php')
CRITICAL - 2022-08-09 12:05:46 --> CodeIgniter\Database\BaseBuilder::like(): Argument #2 ($match) must be of type string, null given, called in /home/ashcii/Documents/Absensi/app/Models/ModelAbsensi.php on line 30
in SYSTEMPATH/Database/BaseBuilder.php on line 954.
 1 APPPATH/Models/ModelAbsensi.php(30): CodeIgniter\Database\BaseBuilder->like()
 2 APPPATH/Controllers/Admin.php(212): App\Models\ModelAbsensi->getDate()
 3 SYSTEMPATH/CodeIgniter.php(898): App\Controllers\Admin->filter()
 4 SYSTEMPATH/CodeIgniter.php(468): CodeIgniter\CodeIgniter->runController()
 5 SYSTEMPATH/CodeIgniter.php(351): CodeIgniter\CodeIgniter->handleRequest()
 6 FCPATH/index.php(55): CodeIgniter\CodeIgniter->run()
 7 SYSTEMPATH/Commands/Server/rewrite.php(43): require_once('FCPATH/index.php')
CRITICAL - 2022-08-09 12:06:08 --> CodeIgniter\Database\BaseBuilder::like(): Argument #2 ($match) must be of type string, null given, called in /home/ashcii/Documents/Absensi/app/Models/ModelAbsensi.php on line 30
in SYSTEMPATH/Database/BaseBuilder.php on line 954.
 1 APPPATH/Models/ModelAbsensi.php(30): CodeIgniter\Database\BaseBuilder->like()
 2 APPPATH/Controllers/Admin.php(212): App\Models\ModelAbsensi->getDate()
 3 SYSTEMPATH/CodeIgniter.php(898): App\Controllers\Admin->filter()
 4 SYSTEMPATH/CodeIgniter.php(468): CodeIgniter\CodeIgniter->runController()
 5 SYSTEMPATH/CodeIgniter.php(351): CodeIgniter\CodeIgniter->handleRequest()
 6 FCPATH/index.php(55): CodeIgniter\CodeIgniter->run()
 7 SYSTEMPATH/Commands/Server/rewrite.php(43): require_once('FCPATH/index.php')
CRITICAL - 2022-08-09 12:14:33 --> Too few arguments to function old(), 0 passed in /home/ashcii/Documents/Absensi/app/Views/admin/absenFilter.php on line 22 and at least 1 expected
in SYSTEMPATH/Common.php on line 825.
 1 APPPATH/Views/admin/absenFilter.php(22): old()
 2 SYSTEMPATH/View/View.php(213): include('APPPATH/Views/admin/absenFilter.php')
 3 SYSTEMPATH/View/View.php(216): CodeIgniter\View\View->CodeIgniter\View\{closure}()
 4 SYSTEMPATH/Common.php(1135): CodeIgniter\View\View->render()
 5 APPPATH/Controllers/Admin.php(217): view()
 6 SYSTEMPATH/CodeIgniter.php(898): App\Controllers\Admin->filter()
 7 SYSTEMPATH/CodeIgniter.php(468): CodeIgniter\CodeIgniter->runController()
 8 SYSTEMPATH/CodeIgniter.php(351): CodeIgniter\CodeIgniter->handleRequest()
 9 FCPATH/index.php(55): CodeIgniter\CodeIgniter->run()
10 SYSTEMPATH/Commands/Server/rewrite.php(43): require_once('FCPATH/index.php')
CRITICAL - 2022-08-09 12:38:06 --> Undefined property: stdClass::$statusabsen
in APPPATH/Views/dashboard/staff.php on line 54.
 1 APPPATH/Views/dashboard/staff.php(54): CodeIgniter\Debug\Exceptions->errorHandler()
 2 SYSTEMPATH/View/View.php(213): include('APPPATH/Views/dashboard/staff.php')
 3 SYSTEMPATH/View/View.php(216): CodeIgniter\View\View->CodeIgniter\View\{closure}()
 4 SYSTEMPATH/View/View.php(429): CodeIgniter\View\View->render()
 5 APPPATH/Views/dashboard.php(12): CodeIgniter\View\View->include()
 6 SYSTEMPATH/View/View.php(213): include('APPPATH/Views/dashboard.php')
 7 SYSTEMPATH/View/View.php(216): CodeIgniter\View\View->CodeIgniter\View\{closure}()
 8 SYSTEMPATH/Common.php(1135): CodeIgniter\View\View->render()
 9 APPPATH/Controllers/Dashboard.php(23): view()
10 SYSTEMPATH/CodeIgniter.php(898): App\Controllers\Dashboard->index()
11 SYSTEMPATH/CodeIgniter.php(468): CodeIgniter\CodeIgniter->runController()
12 SYSTEMPATH/CodeIgniter.php(351): CodeIgniter\CodeIgniter->handleRequest()
13 FCPATH/index.php(55): CodeIgniter\CodeIgniter->run()
14 SYSTEMPATH/Commands/Server/rewrite.php(43): require_once('FCPATH/index.php')
CRITICAL - 2022-08-09 15:03:16 --> Call to undefined function countData()
in APPPATH/Views/dashboard/admin.php on line 38.
 1 SYSTEMPATH/View/View.php(213): include()
 2 SYSTEMPATH/View/View.php(216): CodeIgniter\View\View->CodeIgniter\View\{closure}()
 3 SYSTEMPATH/View/View.php(429): CodeIgniter\View\View->render()
 4 APPPATH/Views/dashboard.php(5): CodeIgniter\View\View->include()
 5 SYSTEMPATH/View/View.php(213): include('APPPATH/Views/dashboard.php')
 6 SYSTEMPATH/View/View.php(216): CodeIgniter\View\View->CodeIgniter\View\{closure}()
 7 SYSTEMPATH/Common.php(1135): CodeIgniter\View\View->render()
 8 APPPATH/Controllers/Dashboard.php(23): view()
 9 SYSTEMPATH/CodeIgniter.php(898): App\Controllers\Dashboard->index()
10 SYSTEMPATH/CodeIgniter.php(468): CodeIgniter\CodeIgniter->runController()
11 SYSTEMPATH/CodeIgniter.php(351): CodeIgniter\CodeIgniter->handleRequest()
12 FCPATH/index.php(55): CodeIgniter\CodeIgniter->run()
13 SYSTEMPATH/Commands/Server/rewrite.php(43): require_once('FCPATH/index.php')
