ERROR - 2022-08-22 00:04:11 --> Column 'status' cannot be null
CRITICAL - 2022-08-22 00:04:11 --> Column 'status' cannot be null
in SYSTEMPATH/Database/MySQLi/Connection.php on line 292.
 1 SYSTEMPATH/Database/MySQLi/Connection.php(292): mysqli->query()
 2 SYSTEMPATH/Database/BaseConnection.php(678): CodeIgniter\Database\MySQLi\Connection->execute()
 3 SYSTEMPATH/Database/BaseConnection.php(606): CodeIgniter\Database\BaseConnection->simpleQuery()
 4 SYSTEMPATH/Database/BaseBuilder.php(1904): CodeIgniter\Database\BaseConnection->query()
 5 SYSTEMPATH/Model.php(278): CodeIgniter\Database\BaseBuilder->insert()
 6 SYSTEMPATH/BaseModel.php(738): CodeIgniter\Model->doInsert()
 7 SYSTEMPATH/Model.php(666): CodeIgniter\BaseModel->insert()
 8 APPPATH/Controllers/Dashboard.php(199): CodeIgniter\Model->insert()
 9 SYSTEMPATH/CodeIgniter.php(898): App\Controllers\Dashboard->konfirmasi()
10 SYSTEMPATH/CodeIgniter.php(468): CodeIgniter\CodeIgniter->runController()
11 SYSTEMPATH/CodeIgniter.php(351): CodeIgniter\CodeIgniter->handleRequest()
12 FCPATH/index.php(55): CodeIgniter\CodeIgniter->run()
13 SYSTEMPATH/Commands/Server/rewrite.php(43): require_once('FCPATH/index.php')
ERROR - 2022-08-22 00:04:19 --> Column 'status' cannot be null
CRITICAL - 2022-08-22 00:04:19 --> Column 'status' cannot be null
in SYSTEMPATH/Database/MySQLi/Connection.php on line 292.
 1 SYSTEMPATH/Database/MySQLi/Connection.php(292): mysqli->query()
 2 SYSTEMPATH/Database/BaseConnection.php(678): CodeIgniter\Database\MySQLi\Connection->execute()
 3 SYSTEMPATH/Database/BaseConnection.php(606): CodeIgniter\Database\BaseConnection->simpleQuery()
 4 SYSTEMPATH/Database/BaseBuilder.php(1904): CodeIgniter\Database\BaseConnection->query()
 5 SYSTEMPATH/Model.php(278): CodeIgniter\Database\BaseBuilder->insert()
 6 SYSTEMPATH/BaseModel.php(738): CodeIgniter\Model->doInsert()
 7 SYSTEMPATH/Model.php(666): CodeIgniter\BaseModel->insert()
 8 APPPATH/Controllers/Dashboard.php(199): CodeIgniter\Model->insert()
 9 SYSTEMPATH/CodeIgniter.php(898): App\Controllers\Dashboard->konfirmasi()
10 SYSTEMPATH/CodeIgniter.php(468): CodeIgniter\CodeIgniter->runController()
11 SYSTEMPATH/CodeIgniter.php(351): CodeIgniter\CodeIgniter->handleRequest()
12 FCPATH/index.php(55): CodeIgniter\CodeIgniter->run()
13 SYSTEMPATH/Commands/Server/rewrite.php(43): require_once('FCPATH/index.php')
ERROR - 2022-08-22 00:04:24 --> Column 'status' cannot be null
CRITICAL - 2022-08-22 00:04:24 --> Column 'status' cannot be null
in SYSTEMPATH/Database/MySQLi/Connection.php on line 292.
 1 SYSTEMPATH/Database/MySQLi/Connection.php(292): mysqli->query()
 2 SYSTEMPATH/Database/BaseConnection.php(678): CodeIgniter\Database\MySQLi\Connection->execute()
 3 SYSTEMPATH/Database/BaseConnection.php(606): CodeIgniter\Database\BaseConnection->simpleQuery()
 4 SYSTEMPATH/Database/BaseBuilder.php(1904): CodeIgniter\Database\BaseConnection->query()
 5 SYSTEMPATH/Model.php(278): CodeIgniter\Database\BaseBuilder->insert()
 6 SYSTEMPATH/BaseModel.php(738): CodeIgniter\Model->doInsert()
 7 SYSTEMPATH/Model.php(666): CodeIgniter\BaseModel->insert()
 8 APPPATH/Controllers/Dashboard.php(199): CodeIgniter\Model->insert()
 9 SYSTEMPATH/CodeIgniter.php(898): App\Controllers\Dashboard->konfirmasi()
10 SYSTEMPATH/CodeIgniter.php(468): CodeIgniter\CodeIgniter->runController()
11 SYSTEMPATH/CodeIgniter.php(351): CodeIgniter\CodeIgniter->handleRequest()
12 FCPATH/index.php(55): CodeIgniter\CodeIgniter->run()
13 SYSTEMPATH/Commands/Server/rewrite.php(43): require_once('FCPATH/index.php')
ERROR - 2022-08-22 00:04:36 --> Column 'status' cannot be null
CRITICAL - 2022-08-22 00:04:36 --> Column 'status' cannot be null
in SYSTEMPATH/Database/MySQLi/Connection.php on line 292.
 1 SYSTEMPATH/Database/MySQLi/Connection.php(292): mysqli->query()
 2 SYSTEMPATH/Database/BaseConnection.php(678): CodeIgniter\Database\MySQLi\Connection->execute()
 3 SYSTEMPATH/Database/BaseConnection.php(606): CodeIgniter\Database\BaseConnection->simpleQuery()
 4 SYSTEMPATH/Database/BaseBuilder.php(1904): CodeIgniter\Database\BaseConnection->query()
 5 SYSTEMPATH/Model.php(278): CodeIgniter\Database\BaseBuilder->insert()
 6 SYSTEMPATH/BaseModel.php(738): CodeIgniter\Model->doInsert()
 7 SYSTEMPATH/Model.php(666): CodeIgniter\BaseModel->insert()
 8 APPPATH/Controllers/Dashboard.php(190): CodeIgniter\Model->insert()
 9 SYSTEMPATH/CodeIgniter.php(898): App\Controllers\Dashboard->konfirmasi()
10 SYSTEMPATH/CodeIgniter.php(468): CodeIgniter\CodeIgniter->runController()
11 SYSTEMPATH/CodeIgniter.php(351): CodeIgniter\CodeIgniter->handleRequest()
12 FCPATH/index.php(55): CodeIgniter\CodeIgniter->run()
13 SYSTEMPATH/Commands/Server/rewrite.php(43): require_once('FCPATH/index.php')
ERROR - 2022-08-22 00:05:02 --> Column 'status' cannot be null
CRITICAL - 2022-08-22 00:05:02 --> Column 'status' cannot be null
in SYSTEMPATH/Database/MySQLi/Connection.php on line 292.
 1 SYSTEMPATH/Database/MySQLi/Connection.php(292): mysqli->query()
 2 SYSTEMPATH/Database/BaseConnection.php(678): CodeIgniter\Database\MySQLi\Connection->execute()
 3 SYSTEMPATH/Database/BaseConnection.php(606): CodeIgniter\Database\BaseConnection->simpleQuery()
 4 SYSTEMPATH/Database/BaseBuilder.php(1904): CodeIgniter\Database\BaseConnection->query()
 5 SYSTEMPATH/Model.php(278): CodeIgniter\Database\BaseBuilder->insert()
 6 SYSTEMPATH/BaseModel.php(738): CodeIgniter\Model->doInsert()
 7 SYSTEMPATH/Model.php(666): CodeIgniter\BaseModel->insert()
 8 APPPATH/Controllers/Dashboard.php(199): CodeIgniter\Model->insert()
 9 SYSTEMPATH/CodeIgniter.php(898): App\Controllers\Dashboard->konfirmasi()
10 SYSTEMPATH/CodeIgniter.php(468): CodeIgniter\CodeIgniter->runController()
11 SYSTEMPATH/CodeIgniter.php(351): CodeIgniter\CodeIgniter->handleRequest()
12 FCPATH/index.php(55): CodeIgniter\CodeIgniter->run()
13 SYSTEMPATH/Commands/Server/rewrite.php(43): require_once('FCPATH/index.php')
ERROR - 2022-08-22 00:05:10 --> Column 'status' cannot be null
CRITICAL - 2022-08-22 00:05:10 --> Column 'status' cannot be null
in SYSTEMPATH/Database/MySQLi/Connection.php on line 292.
 1 SYSTEMPATH/Database/MySQLi/Connection.php(292): mysqli->query()
 2 SYSTEMPATH/Database/BaseConnection.php(678): CodeIgniter\Database\MySQLi\Connection->execute()
 3 SYSTEMPATH/Database/BaseConnection.php(606): CodeIgniter\Database\BaseConnection->simpleQuery()
 4 SYSTEMPATH/Database/BaseBuilder.php(1904): CodeIgniter\Database\BaseConnection->query()
 5 SYSTEMPATH/Model.php(278): CodeIgniter\Database\BaseBuilder->insert()
 6 SYSTEMPATH/BaseModel.php(738): CodeIgniter\Model->doInsert()
 7 SYSTEMPATH/Model.php(666): CodeIgniter\BaseModel->insert()
 8 APPPATH/Controllers/Dashboard.php(190): CodeIgniter\Model->insert()
 9 SYSTEMPATH/CodeIgniter.php(898): App\Controllers\Dashboard->konfirmasi()
10 SYSTEMPATH/CodeIgniter.php(468): CodeIgniter\CodeIgniter->runController()
11 SYSTEMPATH/CodeIgniter.php(351): CodeIgniter\CodeIgniter->handleRequest()
12 FCPATH/index.php(55): CodeIgniter\CodeIgniter->run()
13 SYSTEMPATH/Commands/Server/rewrite.php(43): require_once('FCPATH/index.php')
ERROR - 2022-08-22 00:06:04 --> Column 'status' cannot be null
CRITICAL - 2022-08-22 00:06:04 --> Column 'status' cannot be null
in SYSTEMPATH/Database/MySQLi/Connection.php on line 292.
 1 SYSTEMPATH/Database/MySQLi/Connection.php(292): mysqli->query()
 2 SYSTEMPATH/Database/BaseConnection.php(678): CodeIgniter\Database\MySQLi\Connection->execute()
 3 SYSTEMPATH/Database/BaseConnection.php(606): CodeIgniter\Database\BaseConnection->simpleQuery()
 4 SYSTEMPATH/Database/BaseBuilder.php(1904): CodeIgniter\Database\BaseConnection->query()
 5 SYSTEMPATH/Model.php(278): CodeIgniter\Database\BaseBuilder->insert()
 6 SYSTEMPATH/BaseModel.php(738): CodeIgniter\Model->doInsert()
 7 SYSTEMPATH/Model.php(666): CodeIgniter\BaseModel->insert()
 8 APPPATH/Controllers/Dashboard.php(188): CodeIgniter\Model->insert()
 9 SYSTEMPATH/CodeIgniter.php(898): App\Controllers\Dashboard->konfirmasi()
10 SYSTEMPATH/CodeIgniter.php(468): CodeIgniter\CodeIgniter->runController()
11 SYSTEMPATH/CodeIgniter.php(351): CodeIgniter\CodeIgniter->handleRequest()
12 FCPATH/index.php(55): CodeIgniter\CodeIgniter->run()
13 SYSTEMPATH/Commands/Server/rewrite.php(43): require_once('FCPATH/index.php')
ERROR - 2022-08-22 00:06:42 --> Column 'status' cannot be null
CRITICAL - 2022-08-22 00:06:42 --> Column 'status' cannot be null
in SYSTEMPATH/Database/MySQLi/Connection.php on line 292.
 1 SYSTEMPATH/Database/MySQLi/Connection.php(292): mysqli->query()
 2 SYSTEMPATH/Database/BaseConnection.php(678): CodeIgniter\Database\MySQLi\Connection->execute()
 3 SYSTEMPATH/Database/BaseConnection.php(606): CodeIgniter\Database\BaseConnection->simpleQuery()
 4 SYSTEMPATH/Database/BaseBuilder.php(1904): CodeIgniter\Database\BaseConnection->query()
 5 SYSTEMPATH/Model.php(278): CodeIgniter\Database\BaseBuilder->insert()
 6 SYSTEMPATH/BaseModel.php(738): CodeIgniter\Model->doInsert()
 7 SYSTEMPATH/Model.php(666): CodeIgniter\BaseModel->insert()
 8 APPPATH/Controllers/Dashboard.php(188): CodeIgniter\Model->insert()
 9 SYSTEMPATH/CodeIgniter.php(898): App\Controllers\Dashboard->konfirmasi()
10 SYSTEMPATH/CodeIgniter.php(468): CodeIgniter\CodeIgniter->runController()
11 SYSTEMPATH/CodeIgniter.php(351): CodeIgniter\CodeIgniter->handleRequest()
12 FCPATH/index.php(55): CodeIgniter\CodeIgniter->run()
13 SYSTEMPATH/Commands/Server/rewrite.php(43): require_once('FCPATH/index.php')
ERROR - 2022-08-22 00:06:48 --> Column 'status' cannot be null
CRITICAL - 2022-08-22 00:06:48 --> Column 'status' cannot be null
in SYSTEMPATH/Database/MySQLi/Connection.php on line 292.
 1 SYSTEMPATH/Database/MySQLi/Connection.php(292): mysqli->query()
 2 SYSTEMPATH/Database/BaseConnection.php(678): CodeIgniter\Database\MySQLi\Connection->execute()
 3 SYSTEMPATH/Database/BaseConnection.php(606): CodeIgniter\Database\BaseConnection->simpleQuery()
 4 SYSTEMPATH/Database/BaseBuilder.php(1904): CodeIgniter\Database\BaseConnection->query()
 5 SYSTEMPATH/Model.php(278): CodeIgniter\Database\BaseBuilder->insert()
 6 SYSTEMPATH/BaseModel.php(738): CodeIgniter\Model->doInsert()
 7 SYSTEMPATH/Model.php(666): CodeIgniter\BaseModel->insert()
 8 APPPATH/Controllers/Dashboard.php(188): CodeIgniter\Model->insert()
 9 SYSTEMPATH/CodeIgniter.php(898): App\Controllers\Dashboard->konfirmasi()
10 SYSTEMPATH/CodeIgniter.php(468): CodeIgniter\CodeIgniter->runController()
11 SYSTEMPATH/CodeIgniter.php(351): CodeIgniter\CodeIgniter->handleRequest()
12 FCPATH/index.php(55): CodeIgniter\CodeIgniter->run()
13 SYSTEMPATH/Commands/Server/rewrite.php(43): require_once('FCPATH/index.php')
ERROR - 2022-08-22 00:07:57 --> Column 'status' cannot be null
CRITICAL - 2022-08-22 00:07:57 --> Column 'status' cannot be null
in SYSTEMPATH/Database/MySQLi/Connection.php on line 292.
 1 SYSTEMPATH/Database/MySQLi/Connection.php(292): mysqli->query()
 2 SYSTEMPATH/Database/BaseConnection.php(678): CodeIgniter\Database\MySQLi\Connection->execute()
 3 SYSTEMPATH/Database/BaseConnection.php(606): CodeIgniter\Database\BaseConnection->simpleQuery()
 4 SYSTEMPATH/Database/BaseBuilder.php(1904): CodeIgniter\Database\BaseConnection->query()
 5 SYSTEMPATH/Model.php(278): CodeIgniter\Database\BaseBuilder->insert()
 6 SYSTEMPATH/BaseModel.php(738): CodeIgniter\Model->doInsert()
 7 SYSTEMPATH/Model.php(666): CodeIgniter\BaseModel->insert()
 8 APPPATH/Controllers/Dashboard.php(188): CodeIgniter\Model->insert()
 9 SYSTEMPATH/CodeIgniter.php(898): App\Controllers\Dashboard->konfirmasi()
10 SYSTEMPATH/CodeIgniter.php(468): CodeIgniter\CodeIgniter->runController()
11 SYSTEMPATH/CodeIgniter.php(351): CodeIgniter\CodeIgniter->handleRequest()
12 FCPATH/index.php(55): CodeIgniter\CodeIgniter->run()
13 SYSTEMPATH/Commands/Server/rewrite.php(43): require_once('FCPATH/index.php')
ERROR - 2022-08-22 00:08:00 --> Column 'status' cannot be null
CRITICAL - 2022-08-22 00:08:00 --> Column 'status' cannot be null
in SYSTEMPATH/Database/MySQLi/Connection.php on line 292.
 1 SYSTEMPATH/Database/MySQLi/Connection.php(292): mysqli->query()
 2 SYSTEMPATH/Database/BaseConnection.php(678): CodeIgniter\Database\MySQLi\Connection->execute()
 3 SYSTEMPATH/Database/BaseConnection.php(606): CodeIgniter\Database\BaseConnection->simpleQuery()
 4 SYSTEMPATH/Database/BaseBuilder.php(1904): CodeIgniter\Database\BaseConnection->query()
 5 SYSTEMPATH/Model.php(278): CodeIgniter\Database\BaseBuilder->insert()
 6 SYSTEMPATH/BaseModel.php(738): CodeIgniter\Model->doInsert()
 7 SYSTEMPATH/Model.php(666): CodeIgniter\BaseModel->insert()
 8 APPPATH/Controllers/Dashboard.php(188): CodeIgniter\Model->insert()
 9 SYSTEMPATH/CodeIgniter.php(898): App\Controllers\Dashboard->konfirmasi()
10 SYSTEMPATH/CodeIgniter.php(468): CodeIgniter\CodeIgniter->runController()
11 SYSTEMPATH/CodeIgniter.php(351): CodeIgniter\CodeIgniter->handleRequest()
12 FCPATH/index.php(55): CodeIgniter\CodeIgniter->run()
13 SYSTEMPATH/Commands/Server/rewrite.php(43): require_once('FCPATH/index.php')
ERROR - 2022-08-22 00:08:16 --> Column 'status' cannot be null
CRITICAL - 2022-08-22 00:08:16 --> Column 'status' cannot be null
in SYSTEMPATH/Database/MySQLi/Connection.php on line 292.
 1 SYSTEMPATH/Database/MySQLi/Connection.php(292): mysqli->query()
 2 SYSTEMPATH/Database/BaseConnection.php(678): CodeIgniter\Database\MySQLi\Connection->execute()
 3 SYSTEMPATH/Database/BaseConnection.php(606): CodeIgniter\Database\BaseConnection->simpleQuery()
 4 SYSTEMPATH/Database/BaseBuilder.php(1904): CodeIgniter\Database\BaseConnection->query()
 5 SYSTEMPATH/Model.php(278): CodeIgniter\Database\BaseBuilder->insert()
 6 SYSTEMPATH/BaseModel.php(738): CodeIgniter\Model->doInsert()
 7 SYSTEMPATH/Model.php(666): CodeIgniter\BaseModel->insert()
 8 APPPATH/Controllers/Dashboard.php(188): CodeIgniter\Model->insert()
 9 SYSTEMPATH/CodeIgniter.php(898): App\Controllers\Dashboard->konfirmasi()
10 SYSTEMPATH/CodeIgniter.php(468): CodeIgniter\CodeIgniter->runController()
11 SYSTEMPATH/CodeIgniter.php(351): CodeIgniter\CodeIgniter->handleRequest()
12 FCPATH/index.php(55): CodeIgniter\CodeIgniter->run()
13 SYSTEMPATH/Commands/Server/rewrite.php(43): require_once('FCPATH/index.php')
CRITICAL - 2022-08-22 11:08:31 --> Undefined variable $summary
in APPPATH/Views/pdf/laporan.php on line 74.
 1 APPPATH/Views/pdf/laporan.php(74): CodeIgniter\Debug\Exceptions->errorHandler()
 2 SYSTEMPATH/View/View.php(213): include('APPPATH/Views/pdf/laporan.php')
 3 SYSTEMPATH/View/View.php(216): CodeIgniter\View\View->CodeIgniter\View\{closure}()
 4 SYSTEMPATH/Common.php(1135): CodeIgniter\View\View->render()
 5 APPPATH/Controllers/Admin.php(261): view()
 6 SYSTEMPATH/CodeIgniter.php(898): App\Controllers\Admin->laporan()
 7 SYSTEMPATH/CodeIgniter.php(468): CodeIgniter\CodeIgniter->runController()
 8 SYSTEMPATH/CodeIgniter.php(351): CodeIgniter\CodeIgniter->handleRequest()
 9 FCPATH/index.php(55): CodeIgniter\CodeIgniter->run()
10 SYSTEMPATH/Commands/Server/rewrite.php(43): require_once('FCPATH/index.php')
CRITICAL - 2022-08-22 11:08:49 --> Undefined variable $userid
in APPPATH/Views/pdf/laporan.php on line 74.
 1 APPPATH/Views/pdf/laporan.php(74): CodeIgniter\Debug\Exceptions->errorHandler()
 2 SYSTEMPATH/View/View.php(213): include('APPPATH/Views/pdf/laporan.php')
 3 SYSTEMPATH/View/View.php(216): CodeIgniter\View\View->CodeIgniter\View\{closure}()
 4 SYSTEMPATH/Common.php(1135): CodeIgniter\View\View->render()
 5 APPPATH/Controllers/Admin.php(261): view()
 6 SYSTEMPATH/CodeIgniter.php(898): App\Controllers\Admin->laporan()
 7 SYSTEMPATH/CodeIgniter.php(468): CodeIgniter\CodeIgniter->runController()
 8 SYSTEMPATH/CodeIgniter.php(351): CodeIgniter\CodeIgniter->handleRequest()
 9 FCPATH/index.php(55): CodeIgniter\CodeIgniter->run()
10 SYSTEMPATH/Commands/Server/rewrite.php(43): require_once('FCPATH/index.php')
CRITICAL - 2022-08-22 11:09:04 --> Call to undefined method App\Models\ModelAbsensi::countSummary
in SYSTEMPATH/Model.php on line 773.
 1 APPPATH/Views/pdf/laporan.php(74): CodeIgniter\Model->__call()
 2 SYSTEMPATH/View/View.php(213): include('APPPATH/Views/pdf/laporan.php')
 3 SYSTEMPATH/View/View.php(216): CodeIgniter\View\View->CodeIgniter\View\{closure}()
 4 SYSTEMPATH/Common.php(1135): CodeIgniter\View\View->render()
 5 APPPATH/Controllers/Admin.php(261): view()
 6 SYSTEMPATH/CodeIgniter.php(898): App\Controllers\Admin->laporan()
 7 SYSTEMPATH/CodeIgniter.php(468): CodeIgniter\CodeIgniter->runController()
 8 SYSTEMPATH/CodeIgniter.php(351): CodeIgniter\CodeIgniter->handleRequest()
 9 FCPATH/index.php(55): CodeIgniter\CodeIgniter->run()
10 SYSTEMPATH/Commands/Server/rewrite.php(43): require_once('FCPATH/index.php')
CRITICAL - 2022-08-22 11:10:21 --> Undefined variable $userid
in APPPATH/Views/pdf/laporan.php on line 74.
 1 APPPATH/Views/pdf/laporan.php(74): CodeIgniter\Debug\Exceptions->errorHandler()
 2 SYSTEMPATH/View/View.php(213): include('APPPATH/Views/pdf/laporan.php')
 3 SYSTEMPATH/View/View.php(216): CodeIgniter\View\View->CodeIgniter\View\{closure}()
 4 SYSTEMPATH/Common.php(1135): CodeIgniter\View\View->render()
 5 APPPATH/Controllers/Admin.php(261): view()
 6 SYSTEMPATH/CodeIgniter.php(898): App\Controllers\Admin->laporan()
 7 SYSTEMPATH/CodeIgniter.php(468): CodeIgniter\CodeIgniter->runController()
 8 SYSTEMPATH/CodeIgniter.php(351): CodeIgniter\CodeIgniter->handleRequest()
 9 FCPATH/index.php(55): CodeIgniter\CodeIgniter->run()
10 SYSTEMPATH/Commands/Server/rewrite.php(43): require_once('FCPATH/index.php')
CRITICAL - 2022-08-22 11:18:47 --> Too few arguments to function App\Models\ModelAbsensi::countSumarry(), 3 passed in /home/ashcii/Documents/Absensi/app/Views/pdf/summary.php on line 48 and exactly 4 expected
in APPPATH/Models/ModelAbsensi.php on line 53.
 1 APPPATH/Views/pdf/summary.php(48): App\Models\ModelAbsensi->countSumarry()
 2 SYSTEMPATH/View/View.php(213): include('APPPATH/Views/pdf/summary.php')
 3 SYSTEMPATH/View/View.php(216): CodeIgniter\View\View->CodeIgniter\View\{closure}()
 4 SYSTEMPATH/Common.php(1135): CodeIgniter\View\View->render()
 5 APPPATH/Controllers/Admin.php(309): view()
 6 SYSTEMPATH/CodeIgniter.php(898): App\Controllers\Admin->summarypdf()
 7 SYSTEMPATH/CodeIgniter.php(468): CodeIgniter\CodeIgniter->runController()
 8 SYSTEMPATH/CodeIgniter.php(351): CodeIgniter\CodeIgniter->handleRequest()
 9 FCPATH/index.php(55): CodeIgniter\CodeIgniter->run()
10 SYSTEMPATH/Commands/Server/rewrite.php(43): require_once('FCPATH/index.php')
CRITICAL - 2022-08-22 11:57:09 --> Call to undefined function format_id()
in APPPATH/Views/user/profile.php on line 47.
 1 SYSTEMPATH/View/View.php(213): include()
 2 SYSTEMPATH/View/View.php(216): CodeIgniter\View\View->CodeIgniter\View\{closure}()
 3 SYSTEMPATH/Common.php(1135): CodeIgniter\View\View->render()
 4 APPPATH/Controllers/User.php(24): view()
 5 SYSTEMPATH/CodeIgniter.php(898): App\Controllers\User->index()
 6 SYSTEMPATH/CodeIgniter.php(468): CodeIgniter\CodeIgniter->runController()
 7 SYSTEMPATH/CodeIgniter.php(351): CodeIgniter\CodeIgniter->handleRequest()
 8 FCPATH/index.php(55): CodeIgniter\CodeIgniter->run()
 9 SYSTEMPATH/Commands/Server/rewrite.php(43): require_once('FCPATH/index.php')
CRITICAL - 2022-08-22 12:03:27 --> Call to undefined function format_id()
in APPPATH/Views/user/profile.php on line 47.
 1 SYSTEMPATH/View/View.php(213): include()
 2 SYSTEMPATH/View/View.php(216): CodeIgniter\View\View->CodeIgniter\View\{closure}()
 3 SYSTEMPATH/Common.php(1135): CodeIgniter\View\View->render()
 4 APPPATH/Controllers/User.php(23): view()
 5 SYSTEMPATH/CodeIgniter.php(898): App\Controllers\User->index()
 6 SYSTEMPATH/CodeIgniter.php(468): CodeIgniter\CodeIgniter->runController()
 7 SYSTEMPATH/CodeIgniter.php(351): CodeIgniter\CodeIgniter->handleRequest()
 8 FCPATH/index.php(55): CodeIgniter\CodeIgniter->run()
 9 SYSTEMPATH/Commands/Server/rewrite.php(43): require_once('FCPATH/index.php')
CRITICAL - 2022-08-22 12:03:41 --> Undefined array key -1
in APPPATH/Helpers/format_tanggal_helper.php on line 19.
 1 APPPATH/Helpers/format_tanggal_helper.php(19): CodeIgniter\Debug\Exceptions->errorHandler()
 2 APPPATH/Views/user/profile.php(47): format_id()
 3 SYSTEMPATH/View/View.php(213): include('APPPATH/Views/user/profile.php')
 4 SYSTEMPATH/View/View.php(216): CodeIgniter\View\View->CodeIgniter\View\{closure}()
 5 SYSTEMPATH/Common.php(1135): CodeIgniter\View\View->render()
 6 APPPATH/Controllers/User.php(23): view()
 7 SYSTEMPATH/CodeIgniter.php(898): App\Controllers\User->index()
 8 SYSTEMPATH/CodeIgniter.php(468): CodeIgniter\CodeIgniter->runController()
 9 SYSTEMPATH/CodeIgniter.php(351): CodeIgniter\CodeIgniter->handleRequest()
10 FCPATH/index.php(55): CodeIgniter\CodeIgniter->run()
11 SYSTEMPATH/Commands/Server/rewrite.php(43): require_once('FCPATH/index.php')
CRITICAL - 2022-08-22 12:03:49 --> Undefined array key -1
in APPPATH/Helpers/format_tanggal_helper.php on line 19.
 1 APPPATH/Helpers/format_tanggal_helper.php(19): CodeIgniter\Debug\Exceptions->errorHandler()
 2 APPPATH/Views/user/profile.php(47): format_id()
 3 SYSTEMPATH/View/View.php(213): include('APPPATH/Views/user/profile.php')
 4 SYSTEMPATH/View/View.php(216): CodeIgniter\View\View->CodeIgniter\View\{closure}()
 5 SYSTEMPATH/Common.php(1135): CodeIgniter\View\View->render()
 6 APPPATH/Controllers/User.php(23): view()
 7 SYSTEMPATH/CodeIgniter.php(898): App\Controllers\User->index()
 8 SYSTEMPATH/CodeIgniter.php(468): CodeIgniter\CodeIgniter->runController()
 9 SYSTEMPATH/CodeIgniter.php(351): CodeIgniter\CodeIgniter->handleRequest()
10 FCPATH/index.php(55): CodeIgniter\CodeIgniter->run()
11 SYSTEMPATH/Commands/Server/rewrite.php(43): require_once('FCPATH/index.php')
CRITICAL - 2022-08-22 12:04:21 --> Undefined array key -1
in APPPATH/Helpers/format_tanggal_helper.php on line 19.
 1 APPPATH/Helpers/format_tanggal_helper.php(19): CodeIgniter\Debug\Exceptions->errorHandler()
 2 APPPATH/Views/user/profile.php(47): format_id()
 3 SYSTEMPATH/View/View.php(213): include('APPPATH/Views/user/profile.php')
 4 SYSTEMPATH/View/View.php(216): CodeIgniter\View\View->CodeIgniter\View\{closure}()
 5 SYSTEMPATH/Common.php(1135): CodeIgniter\View\View->render()
 6 APPPATH/Controllers/User.php(23): view()
 7 SYSTEMPATH/CodeIgniter.php(898): App\Controllers\User->index()
 8 SYSTEMPATH/CodeIgniter.php(468): CodeIgniter\CodeIgniter->runController()
 9 SYSTEMPATH/CodeIgniter.php(351): CodeIgniter\CodeIgniter->handleRequest()
10 FCPATH/index.php(55): CodeIgniter\CodeIgniter->run()
11 SYSTEMPATH/Commands/Server/rewrite.php(43): require_once('FCPATH/index.php')
CRITICAL - 2022-08-22 12:04:46 --> Undefined array key -1
in APPPATH/Helpers/format_tanggal_helper.php on line 19.
 1 APPPATH/Helpers/format_tanggal_helper.php(19): CodeIgniter\Debug\Exceptions->errorHandler()
 2 APPPATH/Views/user/profile.php(47): format_id()
 3 SYSTEMPATH/View/View.php(213): include('APPPATH/Views/user/profile.php')
 4 SYSTEMPATH/View/View.php(216): CodeIgniter\View\View->CodeIgniter\View\{closure}()
 5 SYSTEMPATH/Common.php(1135): CodeIgniter\View\View->render()
 6 APPPATH/Controllers/User.php(23): view()
 7 SYSTEMPATH/CodeIgniter.php(898): App\Controllers\User->index()
 8 SYSTEMPATH/CodeIgniter.php(468): CodeIgniter\CodeIgniter->runController()
 9 SYSTEMPATH/CodeIgniter.php(351): CodeIgniter\CodeIgniter->handleRequest()
10 FCPATH/index.php(55): CodeIgniter\CodeIgniter->run()
11 SYSTEMPATH/Commands/Server/rewrite.php(43): require_once('FCPATH/index.php')
CRITICAL - 2022-08-22 12:05:34 --> Undefined array key -1
in APPPATH/Helpers/format_tanggal_helper.php on line 16.
 1 APPPATH/Helpers/format_tanggal_helper.php(16): CodeIgniter\Debug\Exceptions->errorHandler()
 2 APPPATH/Views/user/profile.php(47): format_id()
 3 SYSTEMPATH/View/View.php(213): include('APPPATH/Views/user/profile.php')
 4 SYSTEMPATH/View/View.php(216): CodeIgniter\View\View->CodeIgniter\View\{closure}()
 5 SYSTEMPATH/Common.php(1135): CodeIgniter\View\View->render()
 6 APPPATH/Controllers/User.php(23): view()
 7 SYSTEMPATH/CodeIgniter.php(898): App\Controllers\User->index()
 8 SYSTEMPATH/CodeIgniter.php(468): CodeIgniter\CodeIgniter->runController()
 9 SYSTEMPATH/CodeIgniter.php(351): CodeIgniter\CodeIgniter->handleRequest()
10 FCPATH/index.php(55): CodeIgniter\CodeIgniter->run()
11 SYSTEMPATH/Commands/Server/rewrite.php(43): require_once('FCPATH/index.php')
CRITICAL - 2022-08-22 12:05:35 --> Undefined array key -1
in APPPATH/Helpers/format_tanggal_helper.php on line 16.
 1 APPPATH/Helpers/format_tanggal_helper.php(16): CodeIgniter\Debug\Exceptions->errorHandler()
 2 APPPATH/Views/user/profile.php(47): format_id()
 3 SYSTEMPATH/View/View.php(213): include('APPPATH/Views/user/profile.php')
 4 SYSTEMPATH/View/View.php(216): CodeIgniter\View\View->CodeIgniter\View\{closure}()
 5 SYSTEMPATH/Common.php(1135): CodeIgniter\View\View->render()
 6 APPPATH/Controllers/User.php(23): view()
 7 SYSTEMPATH/CodeIgniter.php(898): App\Controllers\User->index()
 8 SYSTEMPATH/CodeIgniter.php(468): CodeIgniter\CodeIgniter->runController()
 9 SYSTEMPATH/CodeIgniter.php(351): CodeIgniter\CodeIgniter->handleRequest()
10 FCPATH/index.php(55): CodeIgniter\CodeIgniter->run()
11 SYSTEMPATH/Commands/Server/rewrite.php(43): require_once('FCPATH/index.php')
CRITICAL - 2022-08-22 12:05:35 --> Undefined array key -1
in APPPATH/Helpers/format_tanggal_helper.php on line 16.
 1 APPPATH/Helpers/format_tanggal_helper.php(16): CodeIgniter\Debug\Exceptions->errorHandler()
 2 APPPATH/Views/user/profile.php(47): format_id()
 3 SYSTEMPATH/View/View.php(213): include('APPPATH/Views/user/profile.php')
 4 SYSTEMPATH/View/View.php(216): CodeIgniter\View\View->CodeIgniter\View\{closure}()
 5 SYSTEMPATH/Common.php(1135): CodeIgniter\View\View->render()
 6 APPPATH/Controllers/User.php(23): view()
 7 SYSTEMPATH/CodeIgniter.php(898): App\Controllers\User->index()
 8 SYSTEMPATH/CodeIgniter.php(468): CodeIgniter\CodeIgniter->runController()
 9 SYSTEMPATH/CodeIgniter.php(351): CodeIgniter\CodeIgniter->handleRequest()
10 FCPATH/index.php(55): CodeIgniter\CodeIgniter->run()
11 SYSTEMPATH/Commands/Server/rewrite.php(43): require_once('FCPATH/index.php')
CRITICAL - 2022-08-22 12:05:48 --> syntax error, unexpected integer "1", expecting "]"
in APPPATH/Helpers/format_tanggal_helper.php on line 16.
 1 SYSTEMPATH/Controller.php(85): helper()
 2 APPPATH/Controllers/BaseController.php(46): CodeIgniter\Controller->initController()
 3 SYSTEMPATH/CodeIgniter.php(861): App\Controllers\BaseController->initController()
 4 SYSTEMPATH/CodeIgniter.php(459): CodeIgniter\CodeIgniter->createController()
 5 SYSTEMPATH/CodeIgniter.php(351): CodeIgniter\CodeIgniter->handleRequest()
 6 FCPATH/index.php(55): CodeIgniter\CodeIgniter->run()
 7 SYSTEMPATH/Commands/Server/rewrite.php(43): require_once('FCPATH/index.php')
CRITICAL - 2022-08-22 12:05:58 --> Undefined array key -1
in APPPATH/Helpers/format_tanggal_helper.php on line 16.
 1 APPPATH/Helpers/format_tanggal_helper.php(16): CodeIgniter\Debug\Exceptions->errorHandler()
 2 APPPATH/Views/user/profile.php(47): format_id()
 3 SYSTEMPATH/View/View.php(213): include('APPPATH/Views/user/profile.php')
 4 SYSTEMPATH/View/View.php(216): CodeIgniter\View\View->CodeIgniter\View\{closure}()
 5 SYSTEMPATH/Common.php(1135): CodeIgniter\View\View->render()
 6 APPPATH/Controllers/User.php(23): view()
 7 SYSTEMPATH/CodeIgniter.php(898): App\Controllers\User->index()
 8 SYSTEMPATH/CodeIgniter.php(468): CodeIgniter\CodeIgniter->runController()
 9 SYSTEMPATH/CodeIgniter.php(351): CodeIgniter\CodeIgniter->handleRequest()
10 FCPATH/index.php(55): CodeIgniter\CodeIgniter->run()
11 SYSTEMPATH/Commands/Server/rewrite.php(43): require_once('FCPATH/index.php')
CRITICAL - 2022-08-22 12:06:39 --> Undefined array key -1
in APPPATH/Helpers/format_tanggal_helper.php on line 16.
 1 APPPATH/Helpers/format_tanggal_helper.php(16): CodeIgniter\Debug\Exceptions->errorHandler()
 2 APPPATH/Views/user/profile.php(47): format_id()
 3 SYSTEMPATH/View/View.php(213): include('APPPATH/Views/user/profile.php')
 4 SYSTEMPATH/View/View.php(216): CodeIgniter\View\View->CodeIgniter\View\{closure}()
 5 SYSTEMPATH/Common.php(1135): CodeIgniter\View\View->render()
 6 APPPATH/Controllers/User.php(23): view()
 7 SYSTEMPATH/CodeIgniter.php(898): App\Controllers\User->index()
 8 SYSTEMPATH/CodeIgniter.php(468): CodeIgniter\CodeIgniter->runController()
 9 SYSTEMPATH/CodeIgniter.php(351): CodeIgniter\CodeIgniter->handleRequest()
10 FCPATH/index.php(55): CodeIgniter\CodeIgniter->run()
11 SYSTEMPATH/Commands/Server/rewrite.php(43): require_once('FCPATH/index.php')
CRITICAL - 2022-08-22 12:06:39 --> Undefined array key -1
in APPPATH/Helpers/format_tanggal_helper.php on line 16.
 1 APPPATH/Helpers/format_tanggal_helper.php(16): CodeIgniter\Debug\Exceptions->errorHandler()
 2 APPPATH/Views/user/profile.php(47): format_id()
 3 SYSTEMPATH/View/View.php(213): include('APPPATH/Views/user/profile.php')
 4 SYSTEMPATH/View/View.php(216): CodeIgniter\View\View->CodeIgniter\View\{closure}()
 5 SYSTEMPATH/Common.php(1135): CodeIgniter\View\View->render()
 6 APPPATH/Controllers/User.php(23): view()
 7 SYSTEMPATH/CodeIgniter.php(898): App\Controllers\User->index()
 8 SYSTEMPATH/CodeIgniter.php(468): CodeIgniter\CodeIgniter->runController()
 9 SYSTEMPATH/CodeIgniter.php(351): CodeIgniter\CodeIgniter->handleRequest()
10 FCPATH/index.php(55): CodeIgniter\CodeIgniter->run()
11 SYSTEMPATH/Commands/Server/rewrite.php(43): require_once('FCPATH/index.php')
CRITICAL - 2022-08-22 12:06:40 --> Undefined array key -1
in APPPATH/Helpers/format_tanggal_helper.php on line 16.
 1 APPPATH/Helpers/format_tanggal_helper.php(16): CodeIgniter\Debug\Exceptions->errorHandler()
 2 APPPATH/Views/user/profile.php(47): format_id()
 3 SYSTEMPATH/View/View.php(213): include('APPPATH/Views/user/profile.php')
 4 SYSTEMPATH/View/View.php(216): CodeIgniter\View\View->CodeIgniter\View\{closure}()
 5 SYSTEMPATH/Common.php(1135): CodeIgniter\View\View->render()
 6 APPPATH/Controllers/User.php(23): view()
 7 SYSTEMPATH/CodeIgniter.php(898): App\Controllers\User->index()
 8 SYSTEMPATH/CodeIgniter.php(468): CodeIgniter\CodeIgniter->runController()
 9 SYSTEMPATH/CodeIgniter.php(351): CodeIgniter\CodeIgniter->handleRequest()
10 FCPATH/index.php(55): CodeIgniter\CodeIgniter->run()
11 SYSTEMPATH/Commands/Server/rewrite.php(43): require_once('FCPATH/index.php')
CRITICAL - 2022-08-22 12:06:40 --> Undefined array key -1
in APPPATH/Helpers/format_tanggal_helper.php on line 16.
 1 APPPATH/Helpers/format_tanggal_helper.php(16): CodeIgniter\Debug\Exceptions->errorHandler()
 2 APPPATH/Views/user/profile.php(47): format_id()
 3 SYSTEMPATH/View/View.php(213): include('APPPATH/Views/user/profile.php')
 4 SYSTEMPATH/View/View.php(216): CodeIgniter\View\View->CodeIgniter\View\{closure}()
 5 SYSTEMPATH/Common.php(1135): CodeIgniter\View\View->render()
 6 APPPATH/Controllers/User.php(23): view()
 7 SYSTEMPATH/CodeIgniter.php(898): App\Controllers\User->index()
 8 SYSTEMPATH/CodeIgniter.php(468): CodeIgniter\CodeIgniter->runController()
 9 SYSTEMPATH/CodeIgniter.php(351): CodeIgniter\CodeIgniter->handleRequest()
10 FCPATH/index.php(55): CodeIgniter\CodeIgniter->run()
11 SYSTEMPATH/Commands/Server/rewrite.php(43): require_once('FCPATH/index.php')
CRITICAL - 2022-08-22 12:07:58 --> Call to undefined function format_id()
in APPPATH/Views/user/profile.php on line 47.
 1 SYSTEMPATH/View/View.php(213): include()
 2 SYSTEMPATH/View/View.php(216): CodeIgniter\View\View->CodeIgniter\View\{closure}()
 3 SYSTEMPATH/Common.php(1135): CodeIgniter\View\View->render()
 4 APPPATH/Controllers/User.php(23): view()
 5 SYSTEMPATH/CodeIgniter.php(898): App\Controllers\User->index()
 6 SYSTEMPATH/CodeIgniter.php(468): CodeIgniter\CodeIgniter->runController()
 7 SYSTEMPATH/CodeIgniter.php(351): CodeIgniter\CodeIgniter->handleRequest()
 8 FCPATH/index.php(55): CodeIgniter\CodeIgniter->run()
 9 SYSTEMPATH/Commands/Server/rewrite.php(43): require_once('FCPATH/index.php')
CRITICAL - 2022-08-22 12:08:16 --> Undefined array key -1
in APPPATH/Helpers/format_tanggal_helper.php on line 14.
 1 APPPATH/Helpers/format_tanggal_helper.php(14): CodeIgniter\Debug\Exceptions->errorHandler()
 2 APPPATH/Views/user/profile.php(47): format_id()
 3 SYSTEMPATH/View/View.php(213): include('APPPATH/Views/user/profile.php')
 4 SYSTEMPATH/View/View.php(216): CodeIgniter\View\View->CodeIgniter\View\{closure}()
 5 SYSTEMPATH/Common.php(1135): CodeIgniter\View\View->render()
 6 APPPATH/Controllers/User.php(23): view()
 7 SYSTEMPATH/CodeIgniter.php(898): App\Controllers\User->index()
 8 SYSTEMPATH/CodeIgniter.php(468): CodeIgniter\CodeIgniter->runController()
 9 SYSTEMPATH/CodeIgniter.php(351): CodeIgniter\CodeIgniter->handleRequest()
10 FCPATH/index.php(55): CodeIgniter\CodeIgniter->run()
11 SYSTEMPATH/Commands/Server/rewrite.php(43): require_once('FCPATH/index.php')
CRITICAL - 2022-08-22 12:08:28 --> Undefined array key -3
in APPPATH/Helpers/format_tanggal_helper.php on line 14.
 1 APPPATH/Helpers/format_tanggal_helper.php(14): CodeIgniter\Debug\Exceptions->errorHandler()
 2 APPPATH/Views/user/profile.php(47): format_id()
 3 SYSTEMPATH/View/View.php(213): include('APPPATH/Views/user/profile.php')
 4 SYSTEMPATH/View/View.php(216): CodeIgniter\View\View->CodeIgniter\View\{closure}()
 5 SYSTEMPATH/Common.php(1135): CodeIgniter\View\View->render()
 6 APPPATH/Controllers/User.php(23): view()
 7 SYSTEMPATH/CodeIgniter.php(898): App\Controllers\User->index()
 8 SYSTEMPATH/CodeIgniter.php(468): CodeIgniter\CodeIgniter->runController()
 9 SYSTEMPATH/CodeIgniter.php(351): CodeIgniter\CodeIgniter->handleRequest()
10 FCPATH/index.php(55): CodeIgniter\CodeIgniter->run()
11 SYSTEMPATH/Commands/Server/rewrite.php(43): require_once('FCPATH/index.php')
ERROR - 2022-08-22 12:17:28 --> Column 'status' in where clause is ambiguous
CRITICAL - 2022-08-22 12:17:28 --> Column 'status' in where clause is ambiguous
in SYSTEMPATH/Database/MySQLi/Connection.php on line 292.
 1 SYSTEMPATH/Database/MySQLi/Connection.php(292): mysqli->query()
 2 SYSTEMPATH/Database/BaseConnection.php(678): CodeIgniter\Database\MySQLi\Connection->execute()
 3 SYSTEMPATH/Database/BaseConnection.php(606): CodeIgniter\Database\BaseConnection->simpleQuery()
 4 SYSTEMPATH/Database/BaseBuilder.php(1669): CodeIgniter\Database\BaseConnection->query()
 5 APPPATH/Models/ModelAbsensi.php(63): CodeIgniter\Database\BaseBuilder->countAllResults()
 6 APPPATH/Views/pdf/laporan.php(79): App\Models\ModelAbsensi->countSumarry()
 7 SYSTEMPATH/View/View.php(213): include('APPPATH/Views/pdf/laporan.php')
 8 SYSTEMPATH/View/View.php(216): CodeIgniter\View\View->CodeIgniter\View\{closure}()
 9 SYSTEMPATH/Common.php(1135): CodeIgniter\View\View->render()
10 APPPATH/Controllers/Admin.php(261): view()
11 SYSTEMPATH/CodeIgniter.php(898): App\Controllers\Admin->laporan()
12 SYSTEMPATH/CodeIgniter.php(468): CodeIgniter\CodeIgniter->runController()
13 SYSTEMPATH/CodeIgniter.php(351): CodeIgniter\CodeIgniter->handleRequest()
14 FCPATH/index.php(55): CodeIgniter\CodeIgniter->run()
15 SYSTEMPATH/Commands/Server/rewrite.php(43): require_once('FCPATH/index.php')
CRITICAL - 2022-08-22 12:32:42 --> Call to undefined method App\Models\ModelAbsensi::getAllToday
in SYSTEMPATH/Model.php on line 773.
 1 APPPATH/Controllers/Admin.php(202): CodeIgniter\Model->__call()
 2 SYSTEMPATH/CodeIgniter.php(898): App\Controllers\Admin->absen()
 3 SYSTEMPATH/CodeIgniter.php(468): CodeIgniter\CodeIgniter->runController()
 4 SYSTEMPATH/CodeIgniter.php(351): CodeIgniter\CodeIgniter->handleRequest()
 5 FCPATH/index.php(55): CodeIgniter\CodeIgniter->run()
 6 SYSTEMPATH/Commands/Server/rewrite.php(43): require_once('FCPATH/index.php')
CRITICAL - 2022-08-22 12:32:49 --> Call to undefined method App\Models\ModelAbsensi::getAllToday
in SYSTEMPATH/Model.php on line 773.
 1 APPPATH/Controllers/Admin.php(202): CodeIgniter\Model->__call()
 2 SYSTEMPATH/CodeIgniter.php(898): App\Controllers\Admin->absen()
 3 SYSTEMPATH/CodeIgniter.php(468): CodeIgniter\CodeIgniter->runController()
 4 SYSTEMPATH/CodeIgniter.php(351): CodeIgniter\CodeIgniter->handleRequest()
 5 FCPATH/index.php(55): CodeIgniter\CodeIgniter->run()
 6 SYSTEMPATH/Commands/Server/rewrite.php(43): require_once('FCPATH/index.php')
CRITICAL - 2022-08-22 12:32:54 --> Call to undefined method App\Models\ModelAbsensi::getAllToday
in SYSTEMPATH/Model.php on line 773.
 1 APPPATH/Controllers/Admin.php(202): CodeIgniter\Model->__call()
 2 SYSTEMPATH/CodeIgniter.php(898): App\Controllers\Admin->absen()
 3 SYSTEMPATH/CodeIgniter.php(468): CodeIgniter\CodeIgniter->runController()
 4 SYSTEMPATH/CodeIgniter.php(351): CodeIgniter\CodeIgniter->handleRequest()
 5 FCPATH/index.php(55): CodeIgniter\CodeIgniter->run()
 6 SYSTEMPATH/Commands/Server/rewrite.php(43): require_once('FCPATH/index.php')
CRITICAL - 2022-08-22 12:32:55 --> Call to undefined method App\Models\ModelAbsensi::getAllToday
in SYSTEMPATH/Model.php on line 773.
 1 APPPATH/Controllers/Admin.php(202): CodeIgniter\Model->__call()
 2 SYSTEMPATH/CodeIgniter.php(898): App\Controllers\Admin->absen()
 3 SYSTEMPATH/CodeIgniter.php(468): CodeIgniter\CodeIgniter->runController()
 4 SYSTEMPATH/CodeIgniter.php(351): CodeIgniter\CodeIgniter->handleRequest()
 5 FCPATH/index.php(55): CodeIgniter\CodeIgniter->run()
 6 SYSTEMPATH/Commands/Server/rewrite.php(43): require_once('FCPATH/index.php')
CRITICAL - 2022-08-22 12:33:03 --> Call to undefined method App\Models\ModelAbsensi::getAllToday
in SYSTEMPATH/Model.php on line 773.
 1 APPPATH/Controllers/Admin.php(202): CodeIgniter\Model->__call()
 2 SYSTEMPATH/CodeIgniter.php(898): App\Controllers\Admin->absen()
 3 SYSTEMPATH/CodeIgniter.php(468): CodeIgniter\CodeIgniter->runController()
 4 SYSTEMPATH/CodeIgniter.php(351): CodeIgniter\CodeIgniter->handleRequest()
 5 FCPATH/index.php(55): CodeIgniter\CodeIgniter->run()
 6 SYSTEMPATH/Commands/Server/rewrite.php(43): require_once('FCPATH/index.php')
CRITICAL - 2022-08-22 12:33:04 --> Call to undefined method App\Models\ModelAbsensi::getAllToday
in SYSTEMPATH/Model.php on line 773.
 1 APPPATH/Controllers/Admin.php(202): CodeIgniter\Model->__call()
 2 SYSTEMPATH/CodeIgniter.php(898): App\Controllers\Admin->absen()
 3 SYSTEMPATH/CodeIgniter.php(468): CodeIgniter\CodeIgniter->runController()
 4 SYSTEMPATH/CodeIgniter.php(351): CodeIgniter\CodeIgniter->handleRequest()
 5 FCPATH/index.php(55): CodeIgniter\CodeIgniter->run()
 6 SYSTEMPATH/Commands/Server/rewrite.php(43): require_once('FCPATH/index.php')
CRITICAL - 2022-08-22 12:34:44 --> Call to undefined method App\Models\ModelAbsensi::getAllToday
in SYSTEMPATH/Model.php on line 773.
 1 APPPATH/Controllers/Admin.php(214): CodeIgniter\Model->__call()
 2 SYSTEMPATH/CodeIgniter.php(898): App\Controllers\Admin->laporanSekarang()
 3 SYSTEMPATH/CodeIgniter.php(468): CodeIgniter\CodeIgniter->runController()
 4 SYSTEMPATH/CodeIgniter.php(351): CodeIgniter\CodeIgniter->handleRequest()
 5 FCPATH/index.php(55): CodeIgniter\CodeIgniter->run()
 6 SYSTEMPATH/Commands/Server/rewrite.php(43): require_once('FCPATH/index.php')
CRITICAL - 2022-08-22 12:35:18 --> Call to undefined method Myth\Auth\Models\UserModel::getAllStaff
in SYSTEMPATH/Model.php on line 773.
 1 APPPATH/Controllers/Admin.php(237): CodeIgniter\Model->__call()
 2 SYSTEMPATH/CodeIgniter.php(898): App\Controllers\Admin->filter()
 3 SYSTEMPATH/CodeIgniter.php(468): CodeIgniter\CodeIgniter->runController()
 4 SYSTEMPATH/CodeIgniter.php(351): CodeIgniter\CodeIgniter->handleRequest()
 5 FCPATH/index.php(55): CodeIgniter\CodeIgniter->run()
 6 SYSTEMPATH/Commands/Server/rewrite.php(43): require_once('FCPATH/index.php')
CRITICAL - 2022-08-22 12:35:55 --> Call to undefined method Myth\Auth\Models\UserModel::getAllStaff
in SYSTEMPATH/Model.php on line 773.
 1 APPPATH/Controllers/Admin.php(237): CodeIgniter\Model->__call()
 2 SYSTEMPATH/CodeIgniter.php(898): App\Controllers\Admin->filter()
 3 SYSTEMPATH/CodeIgniter.php(468): CodeIgniter\CodeIgniter->runController()
 4 SYSTEMPATH/CodeIgniter.php(351): CodeIgniter\CodeIgniter->handleRequest()
 5 FCPATH/index.php(55): CodeIgniter\CodeIgniter->run()
 6 SYSTEMPATH/Commands/Server/rewrite.php(43): require_once('FCPATH/index.php')
CRITICAL - 2022-08-22 13:28:39 --> Array to string conversion
in APPPATH/Controllers/Dashboard.php on line 145.
 1 APPPATH/Controllers/Dashboard.php(145): CodeIgniter\Debug\Exceptions->errorHandler()
 2 SYSTEMPATH/CodeIgniter.php(898): App\Controllers\Dashboard->marketingTanpaKeterangan()
 3 SYSTEMPATH/CodeIgniter.php(468): CodeIgniter\CodeIgniter->runController()
 4 SYSTEMPATH/CodeIgniter.php(351): CodeIgniter\CodeIgniter->handleRequest()
 5 FCPATH/index.php(55): CodeIgniter\CodeIgniter->run()
 6 SYSTEMPATH/Commands/Server/rewrite.php(43): require_once('FCPATH/index.php')
CRITICAL - 2022-08-22 13:29:15 --> Undefined property: stdClass::$usersid
in APPPATH/Controllers/Dashboard.php on line 146.
 1 APPPATH/Controllers/Dashboard.php(146): CodeIgniter\Debug\Exceptions->errorHandler()
 2 SYSTEMPATH/CodeIgniter.php(898): App\Controllers\Dashboard->marketingTanpaKeterangan()
 3 SYSTEMPATH/CodeIgniter.php(468): CodeIgniter\CodeIgniter->runController()
 4 SYSTEMPATH/CodeIgniter.php(351): CodeIgniter\CodeIgniter->handleRequest()
 5 FCPATH/index.php(55): CodeIgniter\CodeIgniter->run()
 6 SYSTEMPATH/Commands/Server/rewrite.php(43): require_once('FCPATH/index.php')
CRITICAL - 2022-08-22 13:30:01 --> Undefined property: stdClass::$usersid
in APPPATH/Controllers/Dashboard.php on line 146.
 1 APPPATH/Controllers/Dashboard.php(146): CodeIgniter\Debug\Exceptions->errorHandler()
 2 SYSTEMPATH/CodeIgniter.php(898): App\Controllers\Dashboard->marketingTanpaKeterangan()
 3 SYSTEMPATH/CodeIgniter.php(468): CodeIgniter\CodeIgniter->runController()
 4 SYSTEMPATH/CodeIgniter.php(351): CodeIgniter\CodeIgniter->handleRequest()
 5 FCPATH/index.php(55): CodeIgniter\CodeIgniter->run()
 6 SYSTEMPATH/Commands/Server/rewrite.php(43): require_once('FCPATH/index.php')
CRITICAL - 2022-08-22 14:52:51 --> You do not have sufficient permissions to access that page.
in VENDORPATH/myth/auth/src/Filters/RoleFilter.php on line 45.
 1 SYSTEMPATH/Filters/Filters.php(173): Myth\Auth\Filters\RoleFilter->before()
 2 SYSTEMPATH/CodeIgniter.php(442): CodeIgniter\Filters\Filters->run()
 3 SYSTEMPATH/CodeIgniter.php(351): CodeIgniter\CodeIgniter->handleRequest()
 4 FCPATH/index.php(55): CodeIgniter\CodeIgniter->run()
 5 SYSTEMPATH/Commands/Server/rewrite.php(43): require_once('FCPATH/index.php')
CRITICAL - 2022-08-22 14:58:44 --> Undefined variable $absen
in APPPATH/Views/pdf/laporan_sekarang_ma.php on line 47.
 1 APPPATH/Views/pdf/laporan_sekarang_ma.php(47): CodeIgniter\Debug\Exceptions->errorHandler()
 2 SYSTEMPATH/View/View.php(213): include('APPPATH/Views/pdf/laporan_sekarang_ma.php')
 3 SYSTEMPATH/View/View.php(216): CodeIgniter\View\View->CodeIgniter\View\{closure}()
 4 SYSTEMPATH/Common.php(1135): CodeIgniter\View\View->render()
 5 APPPATH/Controllers/Admin.php(336): view()
 6 SYSTEMPATH/CodeIgniter.php(898): App\Controllers\Admin->laporanMarketingToday()
 7 SYSTEMPATH/CodeIgniter.php(468): CodeIgniter\CodeIgniter->runController()
 8 SYSTEMPATH/CodeIgniter.php(351): CodeIgniter\CodeIgniter->handleRequest()
 9 FCPATH/index.php(55): CodeIgniter\CodeIgniter->run()
10 SYSTEMPATH/Commands/Server/rewrite.php(43): require_once('FCPATH/index.php')
CRITICAL - 2022-08-22 16:12:37 --> Invalid file: /pdf/summary_ma.php
in SYSTEMPATH/Exceptions/FrameworkException.php on line 33.
 1 SYSTEMPATH/View/View.php(201): CodeIgniter\Exceptions\FrameworkException::forInvalidFile()
 2 SYSTEMPATH/Common.php(1135): CodeIgniter\View\View->render()
 3 APPPATH/Controllers/Admin.php(400): view()
 4 SYSTEMPATH/CodeIgniter.php(898): App\Controllers\Admin->sumarrypdfMA()
 5 SYSTEMPATH/CodeIgniter.php(468): CodeIgniter\CodeIgniter->runController()
 6 SYSTEMPATH/CodeIgniter.php(351): CodeIgniter\CodeIgniter->handleRequest()
 7 FCPATH/index.php(55): CodeIgniter\CodeIgniter->run()
 8 SYSTEMPATH/Commands/Server/rewrite.php(43): require_once('FCPATH/index.php')
