CRITICAL - 2022-08-10 15:54:46 --> explode(): Passing null to parameter #2 ($string) of type string is deprecated
in APPPATH/Controllers/User.php on line 26.
 1 [internal function]: CodeIgniter\Debug\Exceptions->errorHandler()
 2 APPPATH/Controllers/User.php(26): explode()
 3 SYSTEMPATH/CodeIgniter.php(898): App\Controllers\User->saveFoto()
 4 SYSTEMPATH/CodeIgniter.php(468): CodeIgniter\CodeIgniter->runController()
 5 SYSTEMPATH/CodeIgniter.php(351): CodeIgniter\CodeIgniter->handleRequest()
 6 FCPATH/index.php(55): CodeIgniter\CodeIgniter->run()
 7 SYSTEMPATH/Commands/Server/rewrite.php(43): require_once('FCPATH/index.php')
CRITICAL - 2022-08-10 15:56:56 --> explode(): Passing null to parameter #2 ($string) of type string is deprecated
in APPPATH/Controllers/User.php on line 26.
 1 [internal function]: CodeIgniter\Debug\Exceptions->errorHandler()
 2 APPPATH/Controllers/User.php(26): explode()
 3 SYSTEMPATH/CodeIgniter.php(898): App\Controllers\User->saveFoto()
 4 SYSTEMPATH/CodeIgniter.php(468): CodeIgniter\CodeIgniter->runController()
 5 SYSTEMPATH/CodeIgniter.php(351): CodeIgniter\CodeIgniter->handleRequest()
 6 FCPATH/index.php(55): CodeIgniter\CodeIgniter->run()
 7 SYSTEMPATH/Commands/Server/rewrite.php(43): require_once('FCPATH/index.php')
CRITICAL - 2022-08-10 15:57:34 --> explode(): Passing null to parameter #2 ($string) of type string is deprecated
in APPPATH/Controllers/User.php on line 26.
 1 [internal function]: CodeIgniter\Debug\Exceptions->errorHandler()
 2 APPPATH/Controllers/User.php(26): explode()
 3 SYSTEMPATH/CodeIgniter.php(898): App\Controllers\User->saveFoto()
 4 SYSTEMPATH/CodeIgniter.php(468): CodeIgniter\CodeIgniter->runController()
 5 SYSTEMPATH/CodeIgniter.php(351): CodeIgniter\CodeIgniter->handleRequest()
 6 FCPATH/index.php(55): CodeIgniter\CodeIgniter->run()
 7 SYSTEMPATH/Commands/Server/rewrite.php(43): require_once('FCPATH/index.php')
CRITICAL - 2022-08-10 15:58:23 --> explode(): Passing null to parameter #2 ($string) of type string is deprecated
in APPPATH/Controllers/User.php on line 26.
 1 [internal function]: CodeIgniter\Debug\Exceptions->errorHandler()
 2 APPPATH/Controllers/User.php(26): explode()
 3 SYSTEMPATH/CodeIgniter.php(898): App\Controllers\User->saveFoto()
 4 SYSTEMPATH/CodeIgniter.php(468): CodeIgniter\CodeIgniter->runController()
 5 SYSTEMPATH/CodeIgniter.php(351): CodeIgniter\CodeIgniter->handleRequest()
 6 FCPATH/index.php(55): CodeIgniter\CodeIgniter->run()
 7 SYSTEMPATH/Commands/Server/rewrite.php(43): require_once('FCPATH/index.php')
CRITICAL - 2022-08-10 15:59:10 --> explode(): Passing null to parameter #2 ($string) of type string is deprecated
in APPPATH/Controllers/User.php on line 26.
 1 [internal function]: CodeIgniter\Debug\Exceptions->errorHandler()
 2 APPPATH/Controllers/User.php(26): explode()
 3 SYSTEMPATH/CodeIgniter.php(898): App\Controllers\User->saveFoto()
 4 SYSTEMPATH/CodeIgniter.php(468): CodeIgniter\CodeIgniter->runController()
 5 SYSTEMPATH/CodeIgniter.php(351): CodeIgniter\CodeIgniter->handleRequest()
 6 FCPATH/index.php(55): CodeIgniter\CodeIgniter->run()
 7 SYSTEMPATH/Commands/Server/rewrite.php(43): require_once('FCPATH/index.php')
CRITICAL - 2022-08-10 15:59:22 --> explode(): Passing null to parameter #2 ($string) of type string is deprecated
in APPPATH/Controllers/User.php on line 26.
 1 [internal function]: CodeIgniter\Debug\Exceptions->errorHandler()
 2 APPPATH/Controllers/User.php(26): explode()
 3 SYSTEMPATH/CodeIgniter.php(898): App\Controllers\User->saveFoto()
 4 SYSTEMPATH/CodeIgniter.php(468): CodeIgniter\CodeIgniter->runController()
 5 SYSTEMPATH/CodeIgniter.php(351): CodeIgniter\CodeIgniter->handleRequest()
 6 FCPATH/index.php(55): CodeIgniter\CodeIgniter->run()
 7 SYSTEMPATH/Commands/Server/rewrite.php(43): require_once('FCPATH/index.php')
CRITICAL - 2022-08-10 15:59:33 --> explode(): Passing null to parameter #2 ($string) of type string is deprecated
in APPPATH/Controllers/User.php on line 26.
 1 [internal function]: CodeIgniter\Debug\Exceptions->errorHandler()
 2 APPPATH/Controllers/User.php(26): explode()
 3 SYSTEMPATH/CodeIgniter.php(898): App\Controllers\User->saveFoto()
 4 SYSTEMPATH/CodeIgniter.php(468): CodeIgniter\CodeIgniter->runController()
 5 SYSTEMPATH/CodeIgniter.php(351): CodeIgniter\CodeIgniter->handleRequest()
 6 FCPATH/index.php(55): CodeIgniter\CodeIgniter->run()
 7 SYSTEMPATH/Commands/Server/rewrite.php(43): require_once('FCPATH/index.php')
CRITICAL - 2022-08-10 16:01:00 --> explode(): Passing null to parameter #2 ($string) of type string is deprecated
in APPPATH/Controllers/User.php on line 26.
 1 [internal function]: CodeIgniter\Debug\Exceptions->errorHandler()
 2 APPPATH/Controllers/User.php(26): explode()
 3 SYSTEMPATH/CodeIgniter.php(898): App\Controllers\User->saveFoto()
 4 SYSTEMPATH/CodeIgniter.php(468): CodeIgniter\CodeIgniter->runController()
 5 SYSTEMPATH/CodeIgniter.php(351): CodeIgniter\CodeIgniter->handleRequest()
 6 FCPATH/index.php(55): CodeIgniter\CodeIgniter->run()
 7 SYSTEMPATH/Commands/Server/rewrite.php(43): require_once('FCPATH/index.php')
CRITICAL - 2022-08-10 16:44:03 --> There is no data to update.
in SYSTEMPATH/BaseModel.php on line 846.
 1 SYSTEMPATH/BaseModel.php(846): CodeIgniter\Database\Exceptions\DataException::forEmptyDataset()
 2 SYSTEMPATH/Model.php(692): CodeIgniter\BaseModel->update()
 3 SYSTEMPATH/BaseModel.php(656): CodeIgniter\Model->update()
 4 APPPATH/Controllers/User.php(29): CodeIgniter\BaseModel->save()
 5 SYSTEMPATH/CodeIgniter.php(898): App\Controllers\User->saveFoto()
 6 SYSTEMPATH/CodeIgniter.php(468): CodeIgniter\CodeIgniter->runController()
 7 SYSTEMPATH/CodeIgniter.php(351): CodeIgniter\CodeIgniter->handleRequest()
 8 FCPATH/index.php(55): CodeIgniter\CodeIgniter->run()
 9 SYSTEMPATH/Commands/Server/rewrite.php(43): require_once('FCPATH/index.php')
CRITICAL - 2022-08-10 16:45:11 --> There is no data to update.
in SYSTEMPATH/BaseModel.php on line 846.
 1 SYSTEMPATH/BaseModel.php(846): CodeIgniter\Database\Exceptions\DataException::forEmptyDataset()
 2 SYSTEMPATH/Model.php(692): CodeIgniter\BaseModel->update()
 3 SYSTEMPATH/BaseModel.php(656): CodeIgniter\Model->update()
 4 APPPATH/Controllers/User.php(32): CodeIgniter\BaseModel->save()
 5 SYSTEMPATH/CodeIgniter.php(898): App\Controllers\User->saveFoto()
 6 SYSTEMPATH/CodeIgniter.php(468): CodeIgniter\CodeIgniter->runController()
 7 SYSTEMPATH/CodeIgniter.php(351): CodeIgniter\CodeIgniter->handleRequest()
 8 FCPATH/index.php(55): CodeIgniter\CodeIgniter->run()
 9 SYSTEMPATH/Commands/Server/rewrite.php(43): require_once('FCPATH/index.php')
CRITICAL - 2022-08-10 16:45:19 --> There is no data to update.
in SYSTEMPATH/BaseModel.php on line 846.
 1 SYSTEMPATH/BaseModel.php(846): CodeIgniter\Database\Exceptions\DataException::forEmptyDataset()
 2 SYSTEMPATH/Model.php(692): CodeIgniter\BaseModel->update()
 3 SYSTEMPATH/BaseModel.php(656): CodeIgniter\Model->update()
 4 APPPATH/Controllers/User.php(32): CodeIgniter\BaseModel->save()
 5 SYSTEMPATH/CodeIgniter.php(898): App\Controllers\User->saveFoto()
 6 SYSTEMPATH/CodeIgniter.php(468): CodeIgniter\CodeIgniter->runController()
 7 SYSTEMPATH/CodeIgniter.php(351): CodeIgniter\CodeIgniter->handleRequest()
 8 FCPATH/index.php(55): CodeIgniter\CodeIgniter->run()
 9 SYSTEMPATH/Commands/Server/rewrite.php(43): require_once('FCPATH/index.php')
