CRITICAL - 2022-10-15 13:38:45 --> You do not have sufficient permissions to access that page.
in VENDORPATH\myth\auth\src\Filters\RoleFilter.php on line 45.
 1 SYSTEMPATH\Filters\Filters.php(173): Myth\Auth\Filters\RoleFilter->before(Object(CodeIgniter\HTTP\IncomingRequest), [...])
 2 SYSTEMPATH\CodeIgniter.php(442): CodeIgniter\Filters\Filters->run('absen-marketing', 'before')
 3 SYSTEMPATH\CodeIgniter.php(351): CodeIgniter\CodeIgniter->handleRequest(null, Object(Config\Cache), false)
 4 FCPATH\index.php(55): CodeIgniter\CodeIgniter->run()
 5 SYSTEMPATH\Commands\Server\rewrite.php(43): require_once('FCPATH\\index.php')
CRITICAL - 2022-10-15 13:38:48 --> You do not have sufficient permissions to access that page.
in VENDORPATH\myth\auth\src\Filters\RoleFilter.php on line 45.
 1 SYSTEMPATH\Filters\Filters.php(173): Myth\Auth\Filters\RoleFilter->before(Object(CodeIgniter\HTTP\IncomingRequest), [...])
 2 SYSTEMPATH\CodeIgniter.php(442): CodeIgniter\Filters\Filters->run('absen-marketing', 'before')
 3 SYSTEMPATH\CodeIgniter.php(351): CodeIgniter\CodeIgniter->handleRequest(null, Object(Config\Cache), false)
 4 FCPATH\index.php(55): CodeIgniter\CodeIgniter->run()
 5 SYSTEMPATH\Commands\Server\rewrite.php(43): require_once('FCPATH\\index.php')
CRITICAL - 2022-10-15 15:18:55 --> Undefined property: stdClass::$activity
in APPPATH\Views\activity\input_filter.php on line 79.
 1 APPPATH\Views\activity\input_filter.php(79): CodeIgniter\Debug\Exceptions->errorHandler(2, 'Undefined property: stdClass::$activity', 'APPPATH\\Views\\activity\\input_filter.php', 79)
 2 SYSTEMPATH\View\View.php(213): include('APPPATH\\Views\\activity\\input_filter.php')
 3 SYSTEMPATH\View\View.php(216): CodeIgniter\View\View->CodeIgniter\View\{closure}()
 4 SYSTEMPATH\Common.php(1135): CodeIgniter\View\View->render('/activity/input_filter', [], true)
 5 APPPATH\Controllers\Activity.php(36): view('/activity/input_filter', [...])
 6 SYSTEMPATH\CodeIgniter.php(898): App\Controllers\Activity->filterActivity()
 7 SYSTEMPATH\CodeIgniter.php(468): CodeIgniter\CodeIgniter->runController(Object(App\Controllers\Activity))
 8 SYSTEMPATH\CodeIgniter.php(351): CodeIgniter\CodeIgniter->handleRequest(null, Object(Config\Cache), false)
 9 FCPATH\index.php(55): CodeIgniter\CodeIgniter->run()
10 SYSTEMPATH\Commands\Server\rewrite.php(43): require_once('FCPATH\\index.php')
CRITICAL - 2022-10-15 15:26:34 --> Undefined property: stdClass::$activityid
in APPPATH\Views\activity\input_filter.php on line 78.
 1 APPPATH\Views\activity\input_filter.php(78): CodeIgniter\Debug\Exceptions->errorHandler(2, 'Undefined property: stdClass::$activityid', 'APPPATH\\Views\\activity\\input_filter.php', 78)
 2 SYSTEMPATH\View\View.php(213): include('APPPATH\\Views\\activity\\input_filter.php')
 3 SYSTEMPATH\View\View.php(216): CodeIgniter\View\View->CodeIgniter\View\{closure}()
 4 SYSTEMPATH\Common.php(1135): CodeIgniter\View\View->render('/activity/input_filter', [], true)
 5 APPPATH\Controllers\Activity.php(36): view('/activity/input_filter', [...])
 6 SYSTEMPATH\CodeIgniter.php(898): App\Controllers\Activity->filterActivity()
 7 SYSTEMPATH\CodeIgniter.php(468): CodeIgniter\CodeIgniter->runController(Object(App\Controllers\Activity))
 8 SYSTEMPATH\CodeIgniter.php(351): CodeIgniter\CodeIgniter->handleRequest(null, Object(Config\Cache), false)
 9 FCPATH\index.php(55): CodeIgniter\CodeIgniter->run()
10 SYSTEMPATH\Commands\Server\rewrite.php(43): require_once('FCPATH\\index.php')
CRITICAL - 2022-10-15 21:05:43 --> Undefined array key -2
in APPPATH\Helpers\format_tanggal_helper.php on line 14.
 1 APPPATH\Helpers\format_tanggal_helper.php(14): CodeIgniter\Debug\Exceptions->errorHandler(2, 'Undefined array key -2', 'APPPATH\\Helpers\\format_tanggal_helper.php', 14)
 2 APPPATH\Views\activity\input_filter.php(45): format_id('-0001-11-30')
 3 SYSTEMPATH\View\View.php(213): include('APPPATH\\Views\\activity\\input_filter.php')
 4 SYSTEMPATH\View\View.php(216): CodeIgniter\View\View->CodeIgniter\View\{closure}()
 5 SYSTEMPATH\Common.php(1135): CodeIgniter\View\View->render('/activity/input_filter', [], true)
 6 APPPATH\Controllers\Activity.php(36): view('/activity/input_filter', [...])
 7 SYSTEMPATH\CodeIgniter.php(898): App\Controllers\Activity->filterActivity()
 8 SYSTEMPATH\CodeIgniter.php(468): CodeIgniter\CodeIgniter->runController(Object(App\Controllers\Activity))
 9 SYSTEMPATH\CodeIgniter.php(351): CodeIgniter\CodeIgniter->handleRequest(null, Object(Config\Cache), false)
10 FCPATH\index.php(55): CodeIgniter\CodeIgniter->run()
11 SYSTEMPATH\Commands\Server\rewrite.php(43): require_once('FCPATH\\index.php')
