ERROR - 2022-08-29 14:57:57 --> Error connecting to the database: Connection refused
CRITICAL - 2022-08-29 14:57:57 --> Unable to connect to the database.
Main connection [MySQLi]: Connection refused
in SYSTEMPATH/Database/BaseConnection.php on line 415.
 1 SYSTEMPATH/Database/BaseConnection.php(585): CodeIgniter\Database\BaseConnection->initialize()
 2 SYSTEMPATH/Database/BaseBuilder.php(1585): CodeIgniter\Database\BaseConnection->query()
 3 VENDORPATH/myth/auth/src/Models/LoginModel.php(53): CodeIgniter\Database\BaseBuilder->get()
 4 VENDORPATH/myth/auth/src/Authentication/LocalAuthenticator.php(87): Myth\Auth\Models\LoginModel->getRememberToken()
 5 VENDORPATH/myth/auth/src/Filters/LoginFilter.php(33): Myth\Auth\Authentication\LocalAuthenticator->check()
 6 SYSTEMPATH/Filters/Filters.php(173): Myth\Auth\Filters\LoginFilter->before()
 7 SYSTEMPATH/CodeIgniter.php(442): CodeIgniter\Filters\Filters->run()
 8 SYSTEMPATH/CodeIgniter.php(351): CodeIgniter\CodeIgniter->handleRequest()
 9 FCPATH/index.php(55): CodeIgniter\CodeIgniter->run()
10 SYSTEMPATH/Commands/Server/rewrite.php(43): require_once('FCPATH/index.php')
CRITICAL - 2022-08-29 15:34:07 --> Too few arguments to function CodeIgniter\BaseModel::save(), 0 passed in /home/ashcii/Documents/Absensi/app/Controllers/Admin.php on line 223 and exactly 1 expected
in SYSTEMPATH/BaseModel.php on line 649.
 1 APPPATH/Controllers/Admin.php(223): CodeIgniter\BaseModel->save()
 2 SYSTEMPATH/CodeIgniter.php(898): App\Controllers\Admin->editAbsen()
 3 SYSTEMPATH/CodeIgniter.php(468): CodeIgniter\CodeIgniter->runController()
 4 SYSTEMPATH/CodeIgniter.php(351): CodeIgniter\CodeIgniter->handleRequest()
 5 FCPATH/index.php(55): CodeIgniter\CodeIgniter->run()
 6 SYSTEMPATH/Commands/Server/rewrite.php(43): require_once('FCPATH/index.php')
CRITICAL - 2022-08-29 15:34:13 --> Too few arguments to function CodeIgniter\BaseModel::save(), 0 passed in /home/ashcii/Documents/Absensi/app/Controllers/Admin.php on line 223 and exactly 1 expected
in SYSTEMPATH/BaseModel.php on line 649.
 1 APPPATH/Controllers/Admin.php(223): CodeIgniter\BaseModel->save()
 2 SYSTEMPATH/CodeIgniter.php(898): App\Controllers\Admin->editAbsen()
 3 SYSTEMPATH/CodeIgniter.php(468): CodeIgniter\CodeIgniter->runController()
 4 SYSTEMPATH/CodeIgniter.php(351): CodeIgniter\CodeIgniter->handleRequest()
 5 FCPATH/index.php(55): CodeIgniter\CodeIgniter->run()
 6 SYSTEMPATH/Commands/Server/rewrite.php(43): require_once('FCPATH/index.php')
CRITICAL - 2022-08-29 15:35:18 --> Too few arguments to function CodeIgniter\BaseModel::save(), 0 passed in /home/ashcii/Documents/Absensi/app/Controllers/Admin.php on line 223 and exactly 1 expected
in SYSTEMPATH/BaseModel.php on line 649.
 1 APPPATH/Controllers/Admin.php(223): CodeIgniter\BaseModel->save()
 2 SYSTEMPATH/CodeIgniter.php(898): App\Controllers\Admin->editAbsen()
 3 SYSTEMPATH/CodeIgniter.php(468): CodeIgniter\CodeIgniter->runController()
 4 SYSTEMPATH/CodeIgniter.php(351): CodeIgniter\CodeIgniter->handleRequest()
 5 FCPATH/index.php(55): CodeIgniter\CodeIgniter->run()
 6 SYSTEMPATH/Commands/Server/rewrite.php(43): require_once('FCPATH/index.php')
CRITICAL - 2022-08-29 15:35:23 --> Too few arguments to function CodeIgniter\BaseModel::save(), 0 passed in /home/ashcii/Documents/Absensi/app/Controllers/Admin.php on line 223 and exactly 1 expected
in SYSTEMPATH/BaseModel.php on line 649.
 1 APPPATH/Controllers/Admin.php(223): CodeIgniter\BaseModel->save()
 2 SYSTEMPATH/CodeIgniter.php(898): App\Controllers\Admin->editAbsen()
 3 SYSTEMPATH/CodeIgniter.php(468): CodeIgniter\CodeIgniter->runController()
 4 SYSTEMPATH/CodeIgniter.php(351): CodeIgniter\CodeIgniter->handleRequest()
 5 FCPATH/index.php(55): CodeIgniter\CodeIgniter->run()
 6 SYSTEMPATH/Commands/Server/rewrite.php(43): require_once('FCPATH/index.php')
