ERROR - 2022-10-14 11:37:41 --> Column 'tanggal' cannot be null
CRITICAL - 2022-10-14 11:37:41 --> Column 'tanggal' cannot be null
in SYSTEMPATH\Database\MySQLi\Connection.php on line 292.
 1 SYSTEMPATH\Database\MySQLi\Connection.php(292): mysqli->query('INSERT INTO `daily_activity` (`tanggal`, `aktifitas`, `last_update`) VALUES (NULL, \'\', \'2022-10-14\')', 0)
 2 SYSTEMPATH\Database\BaseConnection.php(678): CodeIgniter\Database\MySQLi\Connection->execute('INSERT INTO `daily_activity` (`tanggal`, `aktifitas`, `last_update`) VALUES (NULL, \'\', \'2022-10-14\')')
 3 SYSTEMPATH\Database\BaseConnection.php(606): CodeIgniter\Database\BaseConnection->simpleQuery('INSERT INTO `daily_activity` (`tanggal`, `aktifitas`, `last_update`) VALUES (NULL, \'\', \'2022-10-14\')')
 4 SYSTEMPATH\Database\BaseBuilder.php(1904): CodeIgniter\Database\BaseConnection->query('INSERT INTO `daily_activity` (`tanggal`, `aktifitas`, `last_update`) VALUES (:tanggal:, :aktifitas:, :last_update:)', [...], false)
 5 SYSTEMPATH\Model.php(278): CodeIgniter\Database\BaseBuilder->insert()
 6 SYSTEMPATH\BaseModel.php(738): CodeIgniter\Model->doInsert([...])
 7 SYSTEMPATH\Model.php(666): CodeIgniter\BaseModel->insert([...], true)
 8 APPPATH\Controllers\Activity.php(48): CodeIgniter\Model->insert([...])
 9 SYSTEMPATH\CodeIgniter.php(898): App\Controllers\Activity->tambahActivity()
10 SYSTEMPATH\CodeIgniter.php(468): CodeIgniter\CodeIgniter->runController(Object(App\Controllers\Activity))
11 SYSTEMPATH\CodeIgniter.php(351): CodeIgniter\CodeIgniter->handleRequest(null, Object(Config\Cache), false)
12 FCPATH\index.php(55): CodeIgniter\CodeIgniter->run()
13 SYSTEMPATH\Commands\Server\rewrite.php(43): require_once('FCPATH\\index.php')
ERROR - 2022-10-14 11:37:54 --> Cannot add or update a child row: a foreign key constraint fails (`centuryarcade_absen`.`daily_activity`, CONSTRAINT `iduser` FOREIGN KEY (`userid`) REFERENCES `users` (`id`) ON DELETE CASCADE ON UPDATE CASCADE)
CRITICAL - 2022-10-14 11:37:54 --> Cannot add or update a child row: a foreign key constraint fails (`centuryarcade_absen`.`daily_activity`, CONSTRAINT `iduser` FOREIGN KEY (`userid`) REFERENCES `users` (`id`) ON DELETE CASCADE ON UPDATE CASCADE)
in SYSTEMPATH\Database\MySQLi\Connection.php on line 292.
 1 SYSTEMPATH\Database\MySQLi\Connection.php(292): mysqli->query('INSERT INTO `daily_activity` (`tanggal`, `aktifitas`, `last_update`) VALUES (\'2022-10-14\', \'ffdasfdafada\', \'2022-10-14\')', 0)
 2 SYSTEMPATH\Database\BaseConnection.php(678): CodeIgniter\Database\MySQLi\Connection->execute('INSERT INTO `daily_activity` (`tanggal`, `aktifitas`, `last_update`) VALUES (\'2022-10-14\', \'ffdasfdafada\', \'2022-10-14\')')
 3 SYSTEMPATH\Database\BaseConnection.php(606): CodeIgniter\Database\BaseConnection->simpleQuery('INSERT INTO `daily_activity` (`tanggal`, `aktifitas`, `last_update`) VALUES (\'2022-10-14\', \'ffdasfdafada\', \'2022-10-14\')')
 4 SYSTEMPATH\Database\BaseBuilder.php(1904): CodeIgniter\Database\BaseConnection->query('INSERT INTO `daily_activity` (`tanggal`, `aktifitas`, `last_update`) VALUES (:tanggal:, :aktifitas:, :last_update:)', [...], false)
 5 SYSTEMPATH\Model.php(278): CodeIgniter\Database\BaseBuilder->insert()
 6 SYSTEMPATH\BaseModel.php(738): CodeIgniter\Model->doInsert([...])
 7 SYSTEMPATH\Model.php(666): CodeIgniter\BaseModel->insert([...], true)
 8 APPPATH\Controllers\Activity.php(48): CodeIgniter\Model->insert([...])
 9 SYSTEMPATH\CodeIgniter.php(898): App\Controllers\Activity->tambahActivity()
10 SYSTEMPATH\CodeIgniter.php(468): CodeIgniter\CodeIgniter->runController(Object(App\Controllers\Activity))
11 SYSTEMPATH\CodeIgniter.php(351): CodeIgniter\CodeIgniter->handleRequest(null, Object(Config\Cache), false)
12 FCPATH\index.php(55): CodeIgniter\CodeIgniter->run()
13 SYSTEMPATH\Commands\Server\rewrite.php(43): require_once('FCPATH\\index.php')
ERROR - 2022-10-14 11:39:44 --> Cannot add or update a child row: a foreign key constraint fails (`centuryarcade_absen`.`daily_activity`, CONSTRAINT `iduser` FOREIGN KEY (`userid`) REFERENCES `users` (`id`) ON DELETE CASCADE ON UPDATE CASCADE)
CRITICAL - 2022-10-14 11:39:44 --> Cannot add or update a child row: a foreign key constraint fails (`centuryarcade_absen`.`daily_activity`, CONSTRAINT `iduser` FOREIGN KEY (`userid`) REFERENCES `users` (`id`) ON DELETE CASCADE ON UPDATE CASCADE)
in SYSTEMPATH\Database\MySQLi\Connection.php on line 292.
 1 SYSTEMPATH\Database\MySQLi\Connection.php(292): mysqli->query('INSERT INTO `daily_activity` (`tanggal`, `aktifitas`, `last_update`) VALUES (\'2022-10-14\', \'dsadasda\', \'2022-10-14\')', 0)
 2 SYSTEMPATH\Database\BaseConnection.php(678): CodeIgniter\Database\MySQLi\Connection->execute('INSERT INTO `daily_activity` (`tanggal`, `aktifitas`, `last_update`) VALUES (\'2022-10-14\', \'dsadasda\', \'2022-10-14\')')
 3 SYSTEMPATH\Database\BaseConnection.php(606): CodeIgniter\Database\BaseConnection->simpleQuery('INSERT INTO `daily_activity` (`tanggal`, `aktifitas`, `last_update`) VALUES (\'2022-10-14\', \'dsadasda\', \'2022-10-14\')')
 4 SYSTEMPATH\Database\BaseBuilder.php(1904): CodeIgniter\Database\BaseConnection->query('INSERT INTO `daily_activity` (`tanggal`, `aktifitas`, `last_update`) VALUES (:tanggal:, :aktifitas:, :last_update:)', [...], false)
 5 SYSTEMPATH\Model.php(278): CodeIgniter\Database\BaseBuilder->insert()
 6 SYSTEMPATH\BaseModel.php(738): CodeIgniter\Model->doInsert([...])
 7 SYSTEMPATH\Model.php(666): CodeIgniter\BaseModel->insert([...], true)
 8 APPPATH\Controllers\Activity.php(48): CodeIgniter\Model->insert([...])
 9 SYSTEMPATH\CodeIgniter.php(898): App\Controllers\Activity->tambahActivity()
10 SYSTEMPATH\CodeIgniter.php(468): CodeIgniter\CodeIgniter->runController(Object(App\Controllers\Activity))
11 SYSTEMPATH\CodeIgniter.php(351): CodeIgniter\CodeIgniter->handleRequest(null, Object(Config\Cache), false)
12 FCPATH\index.php(55): CodeIgniter\CodeIgniter->run()
13 SYSTEMPATH\Commands\Server\rewrite.php(43): require_once('FCPATH\\index.php')
