CRITICAL - 2022-09-26 14:21:49 --> Undefined variable $totalstaff
in APPPATH\Views\dashboard\admin.php on line 19.
 1 APPPATH\Views\dashboard\admin.php(19): CodeIgniter\Debug\Exceptions->errorHandler(2, 'Undefined variable $totalstaff', 'APPPATH\\Views\\dashboard\\admin.php', 19)
 2 SYSTEMPATH\View\View.php(213): include('APPPATH\\Views\\dashboard\\admin.php')
 3 SYSTEMPATH\View\View.php(216): CodeIgniter\View\View->CodeIgniter\View\{closure}()
 4 SYSTEMPATH\View\View.php(429): CodeIgniter\View\View->render('dashboard/admin', null, true)
 5 APPPATH\Views\dashboard.php(5): CodeIgniter\View\View->include('dashboard/admin')
 6 SYSTEMPATH\View\View.php(213): include('APPPATH\\Views\\dashboard.php')
 7 SYSTEMPATH\View\View.php(216): CodeIgniter\View\View->CodeIgniter\View\{closure}()
 8 SYSTEMPATH\Common.php(1135): CodeIgniter\View\View->render('dashboard', [], true)
 9 APPPATH\Controllers\Dashboard.php(52): view('dashboard', [...])
10 SYSTEMPATH\CodeIgniter.php(898): App\Controllers\Dashboard->index()
11 SYSTEMPATH\CodeIgniter.php(468): CodeIgniter\CodeIgniter->runController(Object(App\Controllers\Dashboard))
12 SYSTEMPATH\CodeIgniter.php(351): CodeIgniter\CodeIgniter->handleRequest(null, Object(Config\Cache), false)
13 FCPATH\index.php(55): CodeIgniter\CodeIgniter->run()
14 SYSTEMPATH\Commands\Server\rewrite.php(43): require_once('FCPATH\\index.php')
CRITICAL - 2022-09-26 14:21:58 --> Undefined variable $totalstaff
in APPPATH\Views\dashboard\admin.php on line 19.
 1 APPPATH\Views\dashboard\admin.php(19): CodeIgniter\Debug\Exceptions->errorHandler(2, 'Undefined variable $totalstaff', 'APPPATH\\Views\\dashboard\\admin.php', 19)
 2 SYSTEMPATH\View\View.php(213): include('APPPATH\\Views\\dashboard\\admin.php')
 3 SYSTEMPATH\View\View.php(216): CodeIgniter\View\View->CodeIgniter\View\{closure}()
 4 SYSTEMPATH\View\View.php(429): CodeIgniter\View\View->render('dashboard/admin', null, true)
 5 APPPATH\Views\dashboard.php(5): CodeIgniter\View\View->include('dashboard/admin')
 6 SYSTEMPATH\View\View.php(213): include('APPPATH\\Views\\dashboard.php')
 7 SYSTEMPATH\View\View.php(216): CodeIgniter\View\View->CodeIgniter\View\{closure}()
 8 SYSTEMPATH\Common.php(1135): CodeIgniter\View\View->render('dashboard', [], true)
 9 APPPATH\Controllers\Dashboard.php(52): view('dashboard', [...])
10 SYSTEMPATH\CodeIgniter.php(898): App\Controllers\Dashboard->index()
11 SYSTEMPATH\CodeIgniter.php(468): CodeIgniter\CodeIgniter->runController(Object(App\Controllers\Dashboard))
12 SYSTEMPATH\CodeIgniter.php(351): CodeIgniter\CodeIgniter->handleRequest(null, Object(Config\Cache), false)
13 FCPATH\index.php(55): CodeIgniter\CodeIgniter->run()
14 SYSTEMPATH\Commands\Server\rewrite.php(43): require_once('FCPATH\\index.php')
