ERROR - 2022-07-30 10:13:11 --> Error connecting to the database: Connection refused
CRITICAL - 2022-07-30 10:13:11 --> Unable to connect to the database.
Main connection [MySQLi]: Connection refused
in SYSTEMPATH/Database/BaseConnection.php on line 415.
 1 SYSTEMPATH/Database/BaseConnection.php(585): CodeIgniter\Database\BaseConnection->initialize()
 2 SYSTEMPATH/Database/BaseBuilder.php(1585): CodeIgniter\Database\BaseConnection->query()
 3 SYSTEMPATH/Model.php(249): CodeIgniter\Database\BaseBuilder->get()
 4 SYSTEMPATH/BaseModel.php(622): CodeIgniter\Model->doFirst()
 5 VENDORPATH/myth/auth/src/Authentication/LocalAuthenticator.php(140): CodeIgniter\BaseModel->first()
 6 VENDORPATH/myth/auth/src/Authentication/LocalAuthenticator.php(19): Myth\Auth\Authentication\LocalAuthenticator->validate()
 7 VENDORPATH/myth/auth/src/Controllers/AuthController.php(97): Myth\Auth\Authentication\LocalAuthenticator->attempt()
 8 SYSTEMPATH/CodeIgniter.php(898): Myth\Auth\Controllers\AuthController->attemptLogin()
 9 SYSTEMPATH/CodeIgniter.php(468): CodeIgniter\CodeIgniter->runController()
10 SYSTEMPATH/CodeIgniter.php(351): CodeIgniter\CodeIgniter->handleRequest()
11 FCPATH/index.php(55): CodeIgniter\CodeIgniter->run()
12 SYSTEMPATH/Commands/Server/rewrite.php(43): require_once('FCPATH/index.php')
CRITICAL - 2022-07-30 20:25:22 --> Undefined variable $user
in APPPATH/Views/user/profile.php on line 18.
 1 APPPATH/Views/user/profile.php(18): CodeIgniter\Debug\Exceptions->errorHandler()
 2 SYSTEMPATH/View/View.php(213): include('APPPATH/Views/user/profile.php')
 3 SYSTEMPATH/View/View.php(216): CodeIgniter\View\View->CodeIgniter\View\{closure}()
 4 SYSTEMPATH/Common.php(1135): CodeIgniter\View\View->render()
 5 APPPATH/Controllers/User.php(20): view()
 6 SYSTEMPATH/CodeIgniter.php(898): App\Controllers\User->index()
 7 SYSTEMPATH/CodeIgniter.php(468): CodeIgniter\CodeIgniter->runController()
 8 SYSTEMPATH/CodeIgniter.php(351): CodeIgniter\CodeIgniter->handleRequest()
 9 FCPATH/index.php(55): CodeIgniter\CodeIgniter->run()
10 SYSTEMPATH/Commands/Server/rewrite.php(43): require_once('FCPATH/index.php')
CRITICAL - 2022-07-30 22:54:00 --> Undefined variable $user
in APPPATH/Views/user/profile.php on line 18.
 1 APPPATH/Views/user/profile.php(18): CodeIgniter\Debug\Exceptions->errorHandler()
 2 SYSTEMPATH/View/View.php(213): include('APPPATH/Views/user/profile.php')
 3 SYSTEMPATH/View/View.php(216): CodeIgniter\View\View->CodeIgniter\View\{closure}()
 4 SYSTEMPATH/Common.php(1135): CodeIgniter\View\View->render()
 5 APPPATH/Controllers/User.php(20): view()
 6 SYSTEMPATH/CodeIgniter.php(898): App\Controllers\User->index()
 7 SYSTEMPATH/CodeIgniter.php(468): CodeIgniter\CodeIgniter->runController()
 8 SYSTEMPATH/CodeIgniter.php(351): CodeIgniter\CodeIgniter->handleRequest()
 9 FCPATH/index.php(55): CodeIgniter\CodeIgniter->run()
10 SYSTEMPATH/Commands/Server/rewrite.php(43): require_once('FCPATH/index.php')
