ERROR - 2022-10-24 11:13:37 --> Column 'tanggal' in where clause is ambiguous
CRITICAL - 2022-10-24 11:13:37 --> Column 'tanggal' in where clause is ambiguous
in SYSTEMPATH\Database\MySQLi\Connection.php on line 292.
 1 SYSTEMPATH\Database\MySQLi\Connection.php(292): mysqli->query('SELECT *
FROM `Absensi`
JOIN `users` ON `users`.`id` = `absensi`.`userid`
JOIN `daily_activity` ON `daily_activity`.`userid` = `absensi`.`userid`
WHERE `tanggal` = \'2022-10-17\'', 0)
 2 SYSTEMPATH\Database\BaseConnection.php(678): CodeIgniter\Database\MySQLi\Connection->execute('SELECT *
FROM `Absensi`
JOIN `users` ON `users`.`id` = `absensi`.`userid`
JOIN `daily_activity` ON `daily_activity`.`userid` = `absensi`.`userid`
WHERE `tanggal` = \'2022-10-17\'')
 3 SYSTEMPATH\Database\BaseConnection.php(606): CodeIgniter\Database\BaseConnection->simpleQuery('SELECT *
FROM `Absensi`
JOIN `users` ON `users`.`id` = `absensi`.`userid`
JOIN `daily_activity` ON `daily_activity`.`userid` = `absensi`.`userid`
WHERE `tanggal` = \'2022-10-17\'')
 4 SYSTEMPATH\Database\BaseBuilder.php(1585): CodeIgniter\Database\BaseConnection->query('SELECT *
FROM `Absensi`
JOIN `users` ON `users`.`id` = `absensi`.`userid`
JOIN `daily_activity` ON `daily_activity`.`userid` = `absensi`.`userid`
WHERE `tanggal` = :tanggal:', [...], false)
 5 APPPATH\Models\ModelAbsensi.php(418): CodeIgniter\Database\BaseBuilder->get()
 6 APPPATH\Controllers\Activity.php(176): App\Models\ModelAbsensi->activityReport('2022-10-17')
 7 SYSTEMPATH\CodeIgniter.php(898): App\Controllers\Activity->laporanActivity()
 8 SYSTEMPATH\CodeIgniter.php(468): CodeIgniter\CodeIgniter->runController(Object(App\Controllers\Activity))
 9 SYSTEMPATH\CodeIgniter.php(351): CodeIgniter\CodeIgniter->handleRequest(null, Object(Config\Cache), false)
10 FCPATH\index.php(55): CodeIgniter\CodeIgniter->run()
11 SYSTEMPATH\Commands\Server\rewrite.php(43): require_once('FCPATH\\index.php')
