CRITICAL - 2022-08-27 14:19:43 --> Undefined variable $row
in APPPATH/Views/pdf/laporan.php on line 2.
 1 APPPATH/Views/pdf/laporan.php(2): CodeIgniter\Debug\Exceptions->errorHandler()
 2 SYSTEMPATH/View/View.php(213): include('APPPATH/Views/pdf/laporan.php')
 3 SYSTEMPATH/View/View.php(216): CodeIgniter\View\View->CodeIgniter\View\{closure}()
 4 SYSTEMPATH/Common.php(1135): CodeIgniter\View\View->render()
 5 APPPATH/Controllers/Admin.php(261): view()
 6 SYSTEMPATH/CodeIgniter.php(898): App\Controllers\Admin->laporan()
 7 SYSTEMPATH/CodeIgniter.php(468): CodeIgniter\CodeIgniter->runController()
 8 SYSTEMPATH/CodeIgniter.php(351): CodeIgniter\CodeIgniter->handleRequest()
 9 FCPATH/index.php(55): CodeIgniter\CodeIgniter->run()
10 SYSTEMPATH/Commands/Server/rewrite.php(43): require_once('FCPATH/index.php')
CRITICAL - 2022-08-27 14:22:00 --> Undefined variable $row
in APPPATH/Views/pdf/laporan_ma.php on line 2.
 1 APPPATH/Views/pdf/laporan_ma.php(2): CodeIgniter\Debug\Exceptions->errorHandler()
 2 SYSTEMPATH/View/View.php(213): include('APPPATH/Views/pdf/laporan_ma.php')
 3 SYSTEMPATH/View/View.php(216): CodeIgniter\View\View->CodeIgniter\View\{closure}()
 4 SYSTEMPATH/Common.php(1135): CodeIgniter\View\View->render()
 5 APPPATH/Controllers/Admin.php(391): view()
 6 SYSTEMPATH/CodeIgniter.php(898): App\Controllers\Admin->laporanMA()
 7 SYSTEMPATH/CodeIgniter.php(468): CodeIgniter\CodeIgniter->runController()
 8 SYSTEMPATH/CodeIgniter.php(351): CodeIgniter\CodeIgniter->handleRequest()
 9 FCPATH/index.php(55): CodeIgniter\CodeIgniter->run()
10 SYSTEMPATH/Commands/Server/rewrite.php(43): require_once('FCPATH/index.php')
CRITICAL - 2022-08-27 14:32:49 --> View themes, no current section.
in SYSTEMPATH/View/View.php on line 392.
 1 APPPATH/Views/admin/kelola_absen.php(4): CodeIgniter\View\View->endSection()
 2 SYSTEMPATH/View/View.php(213): include('APPPATH/Views/admin/kelola_absen.php')
 3 SYSTEMPATH/View/View.php(216): CodeIgniter\View\View->CodeIgniter\View\{closure}()
 4 SYSTEMPATH/Common.php(1135): CodeIgniter\View\View->render()
 5 APPPATH/Controllers/Admin.php(200): view()
 6 SYSTEMPATH/CodeIgniter.php(898): App\Controllers\Admin->dataAbsen()
 7 SYSTEMPATH/CodeIgniter.php(468): CodeIgniter\CodeIgniter->runController()
 8 SYSTEMPATH/CodeIgniter.php(351): CodeIgniter\CodeIgniter->handleRequest()
 9 FCPATH/index.php(55): CodeIgniter\CodeIgniter->run()
10 SYSTEMPATH/Commands/Server/rewrite.php(43): require_once('FCPATH/index.php')
CRITICAL - 2022-08-27 14:32:49 --> View themes, no current section.
in SYSTEMPATH/View/View.php on line 392.
 1 APPPATH/Views/admin/kelola_absen.php(4): CodeIgniter\View\View->endSection()
 2 SYSTEMPATH/View/View.php(213): include('APPPATH/Views/admin/kelola_absen.php')
 3 SYSTEMPATH/View/View.php(216): CodeIgniter\View\View->CodeIgniter\View\{closure}()
 4 SYSTEMPATH/Common.php(1135): CodeIgniter\View\View->render()
 5 APPPATH/Controllers/Admin.php(200): view()
 6 SYSTEMPATH/CodeIgniter.php(898): App\Controllers\Admin->dataAbsen()
 7 SYSTEMPATH/CodeIgniter.php(468): CodeIgniter\CodeIgniter->runController()
 8 SYSTEMPATH/CodeIgniter.php(351): CodeIgniter\CodeIgniter->handleRequest()
 9 FCPATH/index.php(55): CodeIgniter\CodeIgniter->run()
10 SYSTEMPATH/Commands/Server/rewrite.php(43): require_once('FCPATH/index.php')
CRITICAL - 2022-08-27 14:33:09 --> Undefined variable $title
in APPPATH/Views/layout/template.php on line 7.
 1 APPPATH/Views/layout/template.php(7): CodeIgniter\Debug\Exceptions->errorHandler()
 2 SYSTEMPATH/View/View.php(213): include('APPPATH/Views/layout/template.php')
 3 SYSTEMPATH/View/View.php(216): CodeIgniter\View\View->CodeIgniter\View\{closure}()
 4 SYSTEMPATH/View/View.php(229): CodeIgniter\View\View->render()
 5 SYSTEMPATH/Common.php(1135): CodeIgniter\View\View->render()
 6 APPPATH/Controllers/Admin.php(200): view()
 7 SYSTEMPATH/CodeIgniter.php(898): App\Controllers\Admin->dataAbsen()
 8 SYSTEMPATH/CodeIgniter.php(468): CodeIgniter\CodeIgniter->runController()
 9 SYSTEMPATH/CodeIgniter.php(351): CodeIgniter\CodeIgniter->handleRequest()
10 FCPATH/index.php(55): CodeIgniter\CodeIgniter->run()
11 SYSTEMPATH/Commands/Server/rewrite.php(43): require_once('FCPATH/index.php')
CRITICAL - 2022-08-27 14:33:19 --> Undefined variable $segment
in APPPATH/Views/layout/sidebar.php on line 30.
 1 APPPATH/Views/layout/sidebar.php(30): CodeIgniter\Debug\Exceptions->errorHandler()
 2 SYSTEMPATH/View/View.php(213): include('APPPATH/Views/layout/sidebar.php')
 3 SYSTEMPATH/View/View.php(216): CodeIgniter\View\View->CodeIgniter\View\{closure}()
 4 SYSTEMPATH/View/View.php(429): CodeIgniter\View\View->render()
 5 APPPATH/Views/layout/template.php(102): CodeIgniter\View\View->include()
 6 SYSTEMPATH/View/View.php(213): include('APPPATH/Views/layout/template.php')
 7 SYSTEMPATH/View/View.php(216): CodeIgniter\View\View->CodeIgniter\View\{closure}()
 8 SYSTEMPATH/View/View.php(229): CodeIgniter\View\View->render()
 9 SYSTEMPATH/Common.php(1135): CodeIgniter\View\View->render()
10 APPPATH/Controllers/Admin.php(200): view()
11 SYSTEMPATH/CodeIgniter.php(898): App\Controllers\Admin->dataAbsen()
12 SYSTEMPATH/CodeIgniter.php(468): CodeIgniter\CodeIgniter->runController()
13 SYSTEMPATH/CodeIgniter.php(351): CodeIgniter\CodeIgniter->handleRequest()
14 FCPATH/index.php(55): CodeIgniter\CodeIgniter->run()
15 SYSTEMPATH/Commands/Server/rewrite.php(43): require_once('FCPATH/index.php')
CRITICAL - 2022-08-27 14:33:20 --> Undefined variable $segment
in APPPATH/Views/layout/sidebar.php on line 30.
 1 APPPATH/Views/layout/sidebar.php(30): CodeIgniter\Debug\Exceptions->errorHandler()
 2 SYSTEMPATH/View/View.php(213): include('APPPATH/Views/layout/sidebar.php')
 3 SYSTEMPATH/View/View.php(216): CodeIgniter\View\View->CodeIgniter\View\{closure}()
 4 SYSTEMPATH/View/View.php(429): CodeIgniter\View\View->render()
 5 APPPATH/Views/layout/template.php(102): CodeIgniter\View\View->include()
 6 SYSTEMPATH/View/View.php(213): include('APPPATH/Views/layout/template.php')
 7 SYSTEMPATH/View/View.php(216): CodeIgniter\View\View->CodeIgniter\View\{closure}()
 8 SYSTEMPATH/View/View.php(229): CodeIgniter\View\View->render()
 9 SYSTEMPATH/Common.php(1135): CodeIgniter\View\View->render()
10 APPPATH/Controllers/Admin.php(200): view()
11 SYSTEMPATH/CodeIgniter.php(898): App\Controllers\Admin->dataAbsen()
12 SYSTEMPATH/CodeIgniter.php(468): CodeIgniter\CodeIgniter->runController()
13 SYSTEMPATH/CodeIgniter.php(351): CodeIgniter\CodeIgniter->handleRequest()
14 FCPATH/index.php(55): CodeIgniter\CodeIgniter->run()
15 SYSTEMPATH/Commands/Server/rewrite.php(43): require_once('FCPATH/index.php')
CRITICAL - 2022-08-27 15:06:58 --> CodeIgniter\Database\BaseBuilder::like(): Argument #2 ($match) must be of type string, null given, called in /home/ashcii/Documents/Absensi/app/Models/ModelAbsensi.php on line 51
in SYSTEMPATH/Database/BaseBuilder.php on line 954.
 1 APPPATH/Models/ModelAbsensi.php(51): CodeIgniter\Database\BaseBuilder->like()
 2 APPPATH/Controllers/User.php(103): App\Models\ModelAbsensi->getDate()
 3 SYSTEMPATH/CodeIgniter.php(898): App\Controllers\User->filterAbsen()
 4 SYSTEMPATH/CodeIgniter.php(468): CodeIgniter\CodeIgniter->runController()
 5 SYSTEMPATH/CodeIgniter.php(351): CodeIgniter\CodeIgniter->handleRequest()
 6 FCPATH/index.php(55): CodeIgniter\CodeIgniter->run()
 7 SYSTEMPATH/Commands/Server/rewrite.php(43): require_once('FCPATH/index.php')
CRITICAL - 2022-08-27 15:21:55 --> CodeIgniter\Database\BaseBuilder::like(): Argument #2 ($match) must be of type string, null given, called in /home/ashcii/Documents/Absensi/app/Models/ModelAbsensi.php on line 51
in SYSTEMPATH/Database/BaseBuilder.php on line 954.
 1 APPPATH/Models/ModelAbsensi.php(51): CodeIgniter\Database\BaseBuilder->like()
 2 APPPATH/Controllers/User.php(103): App\Models\ModelAbsensi->getDate()
 3 SYSTEMPATH/CodeIgniter.php(898): App\Controllers\User->filterAbsen()
 4 SYSTEMPATH/CodeIgniter.php(468): CodeIgniter\CodeIgniter->runController()
 5 SYSTEMPATH/CodeIgniter.php(351): CodeIgniter\CodeIgniter->handleRequest()
 6 FCPATH/index.php(55): CodeIgniter\CodeIgniter->run()
 7 SYSTEMPATH/Commands/Server/rewrite.php(43): require_once('FCPATH/index.php')
CRITICAL - 2022-08-27 15:34:13 --> Undefined variable $no
in APPPATH/Views/admin/kelola_absen.php on line 55.
 1 APPPATH/Views/admin/kelola_absen.php(55): CodeIgniter\Debug\Exceptions->errorHandler()
 2 SYSTEMPATH/View/View.php(213): include('APPPATH/Views/admin/kelola_absen.php')
 3 SYSTEMPATH/View/View.php(216): CodeIgniter\View\View->CodeIgniter\View\{closure}()
 4 SYSTEMPATH/Common.php(1135): CodeIgniter\View\View->render()
 5 APPPATH/Controllers/Admin.php(214): view()
 6 SYSTEMPATH/CodeIgniter.php(898): App\Controllers\Admin->dataAbsenFilter()
 7 SYSTEMPATH/CodeIgniter.php(468): CodeIgniter\CodeIgniter->runController()
 8 SYSTEMPATH/CodeIgniter.php(351): CodeIgniter\CodeIgniter->handleRequest()
 9 FCPATH/index.php(55): CodeIgniter\CodeIgniter->run()
10 SYSTEMPATH/Commands/Server/rewrite.php(43): require_once('FCPATH/index.php')
CRITICAL - 2022-08-27 15:38:40 --> Undefined variable $no
in APPPATH/Views/admin/kelola_absen.php on line 55.
 1 APPPATH/Views/admin/kelola_absen.php(55): CodeIgniter\Debug\Exceptions->errorHandler()
 2 SYSTEMPATH/View/View.php(213): include('APPPATH/Views/admin/kelola_absen.php')
 3 SYSTEMPATH/View/View.php(216): CodeIgniter\View\View->CodeIgniter\View\{closure}()
 4 SYSTEMPATH/Common.php(1135): CodeIgniter\View\View->render()
 5 APPPATH/Controllers/Admin.php(214): view()
 6 SYSTEMPATH/CodeIgniter.php(898): App\Controllers\Admin->dataAbsenFilter()
 7 SYSTEMPATH/CodeIgniter.php(468): CodeIgniter\CodeIgniter->runController()
 8 SYSTEMPATH/CodeIgniter.php(351): CodeIgniter\CodeIgniter->handleRequest()
 9 FCPATH/index.php(55): CodeIgniter\CodeIgniter->run()
10 SYSTEMPATH/Commands/Server/rewrite.php(43): require_once('FCPATH/index.php')
